sysbench 1.1.0-f698960 (using bundled LuaJIT 2.1.0-beta3)

Running the test with following options:
Number of threads: 6
Report intermediate results every 1.000000 second(s)
Initializing random number generator from current time


Initializing worker threads...

Threads started!

[ 1.0s ] thds: 6 tps: 11.91 qps: 337.41 (r/w/o: 250.08/57.56/29.77) lat (ms,95%): 196.89 err/s: 0.00 reconn/s: 0.00
[ 2.0s ] thds: 6 tps: 4.01 qps: 78.29 (r/w/o: 56.21/14.05/8.03) lat (ms,95%): 1708.63 err/s: 0.00 reconn/s: 0.00
[ 3.0s ] thds: 6 tps: 5.98 qps: 112.71 (r/w/o: 81.79/18.95/11.97) lat (ms,95%): 2778.39 err/s: 0.00 reconn/s: 0.00
[ 4.0s ] thds: 6 tps: 13.00 qps: 265.00 (r/w/o: 184.00/55.00/26.00) lat (ms,95%): 121.08 err/s: 0.00 reconn/s: 0.00
[ 5.0s ] thds: 6 tps: 12.03 qps: 232.61 (r/w/o: 160.42/48.13/24.06) lat (ms,95%): 1708.63 err/s: 0.00 reconn/s: 0.00
[ 6.0s ] thds: 6 tps: 46.00 qps: 926.01 (r/w/o: 649.00/185.00/92.00) lat (ms,95%): 2009.23 err/s: 0.00 reconn/s: 0.00
[ 7.0s ] thds: 6 tps: 57.89 qps: 1139.85 (r/w/o: 791.51/232.56/115.78) lat (ms,95%): 282.25 err/s: 0.00 reconn/s: 0.00
[ 8.0s ] thds: 6 tps: 68.96 qps: 1368.17 (r/w/o: 956.42/273.83/137.92) lat (ms,95%): 344.08 err/s: 0.00 reconn/s: 0.00
[ 9.0s ] thds: 6 tps: 67.14 qps: 1370.91 (r/w/o: 962.04/274.58/134.29) lat (ms,95%): 320.17 err/s: 0.00 reconn/s: 0.00
[ 10.0s ] thds: 6 tps: 99.14 qps: 1989.88 (r/w/o: 1397.02/394.57/198.29) lat (ms,95%): 112.67 err/s: 0.00 reconn/s: 0.00
[ 11.0s ] thds: 6 tps: 61.88 qps: 1234.55 (r/w/o: 866.28/244.52/123.75) lat (ms,95%): 320.17 err/s: 0.00 reconn/s: 0.00
[ 12.0s ] thds: 6 tps: 91.85 qps: 1821.93 (r/w/o: 1271.85/366.38/183.69) lat (ms,95%): 186.54 err/s: 0.00 reconn/s: 0.00
[ 13.0s ] thds: 6 tps: 58.04 qps: 1179.86 (r/w/o: 826.60/237.17/116.08) lat (ms,95%): 227.40 err/s: 0.00 reconn/s: 0.00
[ 14.0s ] thds: 6 tps: 64.10 qps: 1258.98 (r/w/o: 883.39/248.39/127.20) lat (ms,95%): 204.11 err/s: 0.00 reconn/s: 0.00
[ 15.0s ] thds: 6 tps: 69.93 qps: 1408.59 (r/w/o: 980.02/287.71/140.86) lat (ms,95%): 223.34 err/s: 0.00 reconn/s: 0.00
[ 16.0s ] thds: 6 tps: 76.17 qps: 1518.42 (r/w/o: 1069.41/296.67/152.34) lat (ms,95%): 189.93 err/s: 0.00 reconn/s: 0.00
[ 17.0s ] thds: 6 tps: 76.73 qps: 1533.60 (r/w/o: 1068.24/311.90/153.46) lat (ms,95%): 142.39 err/s: 0.00 reconn/s: 0.00
[ 18.0s ] thds: 6 tps: 88.05 qps: 1766.06 (r/w/o: 1238.75/351.21/176.11) lat (ms,95%): 173.58 err/s: 0.00 reconn/s: 0.00
[ 19.0s ] thds: 6 tps: 86.21 qps: 1737.17 (r/w/o: 1214.92/349.84/172.41) lat (ms,95%): 132.49 err/s: 0.00 reconn/s: 0.00
[ 20.0s ] thds: 6 tps: 76.87 qps: 1536.37 (r/w/o: 1074.16/308.47/153.74) lat (ms,95%): 147.61 err/s: 0.00 reconn/s: 0.00
[ 21.0s ] thds: 6 tps: 74.94 qps: 1498.88 (r/w/o: 1050.21/298.78/149.89) lat (ms,95%): 132.49 err/s: 0.00 reconn/s: 0.00
[ 22.0s ] thds: 6 tps: 79.12 qps: 1572.34 (r/w/o: 1101.64/312.47/158.24) lat (ms,95%): 137.35 err/s: 0.00 reconn/s: 0.00
[ 23.0s ] thds: 6 tps: 85.88 qps: 1689.64 (r/w/o: 1179.35/338.53/171.76) lat (ms,95%): 134.90 err/s: 0.00 reconn/s: 0.00
[ 24.0s ] thds: 6 tps: 76.04 qps: 1552.83 (r/w/o: 1092.58/308.16/152.08) lat (ms,95%): 137.35 err/s: 0.00 reconn/s: 0.00
[ 25.0s ] thds: 6 tps: 76.15 qps: 1517.02 (r/w/o: 1063.12/301.60/152.30) lat (ms,95%): 173.58 err/s: 0.00 reconn/s: 0.00
[ 26.0s ] thds: 6 tps: 82.05 qps: 1621.02 (r/w/o: 1126.71/330.21/164.10) lat (ms,95%): 170.48 err/s: 0.00 reconn/s: 0.00
[ 27.0s ] thds: 6 tps: 83.00 qps: 1687.97 (r/w/o: 1184.98/336.99/166.00) lat (ms,95%): 142.39 err/s: 0.00 reconn/s: 0.00
[ 28.0s ] thds: 6 tps: 56.94 qps: 1129.75 (r/w/o: 795.12/220.76/113.87) lat (ms,95%): 292.60 err/s: 0.00 reconn/s: 0.00
[ 29.0s ] thds: 6 tps: 72.94 qps: 1418.93 (r/w/o: 977.26/295.78/145.89) lat (ms,95%): 142.39 err/s: 0.00 reconn/s: 0.00
[ 30.0s ] thds: 6 tps: 76.09 qps: 1554.82 (r/w/o: 1096.29/306.36/152.18) lat (ms,95%): 158.63 err/s: 0.00 reconn/s: 0.00
[ 31.0s ] thds: 6 tps: 72.03 qps: 1441.65 (r/w/o: 1016.46/281.13/144.07) lat (ms,95%): 164.45 err/s: 0.00 reconn/s: 0.00
[ 32.0s ] thds: 6 tps: 93.03 qps: 1865.62 (r/w/o: 1303.43/376.13/186.06) lat (ms,95%): 127.81 err/s: 0.00 reconn/s: 0.00
[ 33.0s ] thds: 6 tps: 85.74 qps: 1717.72 (r/w/o: 1203.30/342.95/171.47) lat (ms,95%): 144.97 err/s: 0.00 reconn/s: 0.00
[ 34.0s ] thds: 6 tps: 83.25 qps: 1671.98 (r/w/o: 1170.49/335.00/166.50) lat (ms,95%): 161.51 err/s: 0.00 reconn/s: 0.00
[ 35.0s ] thds: 6 tps: 57.00 qps: 1117.01 (r/w/o: 784.01/219.00/114.00) lat (ms,95%): 383.33 err/s: 0.00 reconn/s: 0.00
[ 36.0s ] thds: 6 tps: 39.99 qps: 809.77 (r/w/o: 565.84/163.95/79.98) lat (ms,95%): 179.94 err/s: 0.00 reconn/s: 0.00
[ 37.0s ] thds: 6 tps: 60.02 qps: 1209.34 (r/w/o: 842.24/247.07/120.03) lat (ms,95%): 634.66 err/s: 0.00 reconn/s: 0.00
[ 38.0s ] thds: 6 tps: 74.01 qps: 1480.12 (r/w/o: 1040.08/292.02/148.01) lat (ms,95%): 147.61 err/s: 0.00 reconn/s: 0.00
[ 39.0s ] thds: 6 tps: 77.00 qps: 1529.03 (r/w/o: 1066.02/309.01/154.00) lat (ms,95%): 153.02 err/s: 0.00 reconn/s: 0.00
[ 40.0s ] thds: 6 tps: 85.94 qps: 1716.76 (r/w/o: 1203.13/341.75/171.88) lat (ms,95%): 164.45 err/s: 0.00 reconn/s: 0.00
[ 41.0s ] thds: 6 tps: 82.72 qps: 1674.25 (r/w/o: 1174.96/333.85/165.43) lat (ms,95%): 137.35 err/s: 0.00 reconn/s: 0.00
[ 42.0s ] thds: 6 tps: 78.06 qps: 1539.15 (r/w/o: 1079.81/303.23/156.12) lat (ms,95%): 164.45 err/s: 0.00 reconn/s: 0.00
[ 43.0s ] thds: 6 tps: 63.21 qps: 1280.21 (r/w/o: 895.95/257.85/126.42) lat (ms,95%): 411.96 err/s: 0.00 reconn/s: 0.00
[ 44.0s ] thds: 6 tps: 74.78 qps: 1489.63 (r/w/o: 1038.95/301.12/149.56) lat (ms,95%): 170.48 err/s: 0.00 reconn/s: 0.00
[ 45.0s ] thds: 6 tps: 70.94 qps: 1414.73 (r/w/o: 994.11/278.75/141.87) lat (ms,95%): 337.94 err/s: 0.00 reconn/s: 0.00
[ 46.0s ] thds: 6 tps: 88.31 qps: 1774.17 (r/w/o: 1240.32/357.24/176.61) lat (ms,95%): 142.39 err/s: 0.00 reconn/s: 0.00
[ 47.0s ] thds: 6 tps: 80.92 qps: 1623.34 (r/w/o: 1138.84/322.67/161.83) lat (ms,95%): 132.49 err/s: 0.00 reconn/s: 0.00
[ 48.0s ] thds: 6 tps: 86.07 qps: 1722.36 (r/w/o: 1199.95/350.28/172.14) lat (ms,95%): 142.39 err/s: 0.00 reconn/s: 0.00
[ 49.0s ] thds: 6 tps: 91.69 qps: 1844.72 (r/w/o: 1288.61/372.73/183.38) lat (ms,95%): 134.90 err/s: 0.00 reconn/s: 0.00
[ 50.0s ] thds: 6 tps: 71.27 qps: 1336.09 (r/w/o: 925.53/268.02/142.54) lat (ms,95%): 142.39 err/s: 0.00 reconn/s: 0.00
[ 51.0s ] thds: 6 tps: 61.99 qps: 1316.77 (r/w/o: 935.84/256.95/123.98) lat (ms,95%): 325.98 err/s: 0.00 reconn/s: 0.00
[ 52.0s ] thds: 6 tps: 65.02 qps: 1277.47 (r/w/o: 895.33/252.09/130.05) lat (ms,95%): 153.02 err/s: 0.00 reconn/s: 0.00
[ 53.0s ] thds: 6 tps: 39.87 qps: 822.30 (r/w/o: 576.11/166.45/79.74) lat (ms,95%): 303.33 err/s: 0.00 reconn/s: 0.00
[ 54.0s ] thds: 6 tps: 84.26 qps: 1658.08 (r/w/o: 1158.55/331.01/168.52) lat (ms,95%): 125.52 err/s: 0.00 reconn/s: 0.00
[ 55.0s ] thds: 6 tps: 61.96 qps: 1245.16 (r/w/o: 862.42/258.82/123.92) lat (ms,95%): 176.73 err/s: 0.00 reconn/s: 0.00
[ 56.0s ] thds: 6 tps: 78.06 qps: 1548.16 (r/w/o: 1087.81/304.23/156.12) lat (ms,95%): 127.81 err/s: 0.00 reconn/s: 0.00
[ 57.0s ] thds: 6 tps: 47.82 qps: 971.43 (r/w/o: 678.51/197.27/95.65) lat (ms,95%): 211.60 err/s: 0.00 reconn/s: 0.00
[ 58.0s ] thds: 6 tps: 34.02 qps: 693.36 (r/w/o: 491.25/134.07/68.04) lat (ms,95%): 350.33 err/s: 0.00 reconn/s: 0.00
[ 59.0s ] thds: 6 tps: 66.21 qps: 1297.09 (r/w/o: 908.86/255.81/132.42) lat (ms,95%): 170.48 err/s: 0.00 reconn/s: 0.00
[ 60.0s ] thds: 6 tps: 71.01 qps: 1438.18 (r/w/o: 1006.13/290.04/142.02) lat (ms,95%): 142.39 err/s: 0.00 reconn/s: 0.00
[ 61.0s ] thds: 6 tps: 51.00 qps: 1045.04 (r/w/o: 728.03/215.01/102.00) lat (ms,95%): 308.84 err/s: 0.00 reconn/s: 0.00
[ 62.0s ] thds: 6 tps: 61.87 qps: 1207.54 (r/w/o: 847.27/236.52/123.75) lat (ms,95%): 227.40 err/s: 0.00 reconn/s: 0.00
[ 63.0s ] thds: 6 tps: 63.89 qps: 1258.80 (r/w/o: 881.46/249.56/127.78) lat (ms,95%): 179.94 err/s: 0.00 reconn/s: 0.00
[ 64.0s ] thds: 6 tps: 67.00 qps: 1371.00 (r/w/o: 962.00/275.00/134.00) lat (ms,95%): 173.58 err/s: 0.00 reconn/s: 0.00
[ 65.0s ] thds: 6 tps: 60.23 qps: 1191.52 (r/w/o: 835.17/235.90/120.46) lat (ms,95%): 164.45 err/s: 0.00 reconn/s: 0.00
[ 66.0s ] thds: 6 tps: 46.00 qps: 947.01 (r/w/o: 659.01/196.00/92.00) lat (ms,95%): 267.41 err/s: 0.00 reconn/s: 0.00
[ 67.0s ] thds: 6 tps: 33.98 qps: 652.53 (r/w/o: 460.67/123.91/67.95) lat (ms,95%): 419.45 err/s: 0.00 reconn/s: 0.00
[ 68.0s ] thds: 6 tps: 76.04 qps: 1526.84 (r/w/o: 1068.59/306.17/152.08) lat (ms,95%): 142.39 err/s: 0.00 reconn/s: 0.00
[ 69.0s ] thds: 6 tps: 57.99 qps: 1167.71 (r/w/o: 815.80/235.94/115.97) lat (ms,95%): 176.73 err/s: 0.00 reconn/s: 0.00
[ 70.0s ] thds: 6 tps: 59.00 qps: 1184.91 (r/w/o: 829.94/236.98/117.99) lat (ms,95%): 176.73 err/s: 0.00 reconn/s: 0.00
[ 71.0s ] thds: 6 tps: 59.97 qps: 1207.35 (r/w/o: 841.55/245.87/119.94) lat (ms,95%): 167.44 err/s: 0.00 reconn/s: 0.00
[ 72.0s ] thds: 6 tps: 80.06 qps: 1569.21 (r/w/o: 1103.85/305.23/160.12) lat (ms,95%): 164.45 err/s: 0.00 reconn/s: 0.00
[ 73.0s ] thds: 6 tps: 59.01 qps: 1196.25 (r/w/o: 835.17/243.05/118.02) lat (ms,95%): 155.80 err/s: 0.00 reconn/s: 0.00
[ 74.0s ] thds: 6 tps: 69.97 qps: 1411.34 (r/w/o: 989.54/281.87/139.93) lat (ms,95%): 127.81 err/s: 0.00 reconn/s: 0.00
[ 75.0s ] thds: 6 tps: 58.84 qps: 1141.88 (r/w/o: 797.82/226.38/117.68) lat (ms,95%): 186.54 err/s: 0.00 reconn/s: 0.00
[ 76.0s ] thds: 6 tps: 61.14 qps: 1251.86 (r/w/o: 871.99/257.59/122.28) lat (ms,95%): 186.54 err/s: 0.00 reconn/s: 0.00
[ 77.0s ] thds: 6 tps: 57.98 qps: 1176.62 (r/w/o: 821.73/238.92/115.96) lat (ms,95%): 161.51 err/s: 0.00 reconn/s: 0.00
[ 78.0s ] thds: 6 tps: 51.04 qps: 972.68 (r/w/o: 682.47/188.13/102.07) lat (ms,95%): 231.53 err/s: 0.00 reconn/s: 0.00
[ 79.0s ] thds: 6 tps: 81.95 qps: 1684.87 (r/w/o: 1179.21/341.77/163.89) lat (ms,95%): 155.80 err/s: 0.00 reconn/s: 0.00
[ 80.0s ] thds: 6 tps: 62.00 qps: 1216.93 (r/w/o: 857.95/234.99/123.99) lat (ms,95%): 196.89 err/s: 0.00 reconn/s: 0.00
[ 81.0s ] thds: 6 tps: 74.10 qps: 1510.01 (r/w/o: 1047.40/314.42/148.20) lat (ms,95%): 196.89 err/s: 0.00 reconn/s: 0.00
[ 82.0s ] thds: 6 tps: 49.80 qps: 906.44 (r/w/o: 630.52/176.31/99.61) lat (ms,95%): 350.33 err/s: 0.00 reconn/s: 0.00
[ 83.0s ] thds: 6 tps: 71.05 qps: 1478.06 (r/w/o: 1048.75/287.21/142.10) lat (ms,95%): 248.83 err/s: 0.00 reconn/s: 0.00
[ 84.0s ] thds: 6 tps: 56.19 qps: 1128.74 (r/w/o: 787.61/228.76/112.37) lat (ms,95%): 200.47 err/s: 0.00 reconn/s: 0.00
[ 85.0s ] thds: 6 tps: 64.89 qps: 1309.82 (r/w/o: 918.47/261.56/129.78) lat (ms,95%): 183.21 err/s: 0.00 reconn/s: 0.00
[ 86.0s ] thds: 6 tps: 62.10 qps: 1255.09 (r/w/o: 871.45/259.43/124.21) lat (ms,95%): 161.51 err/s: 0.00 reconn/s: 0.00
[ 87.0s ] thds: 6 tps: 58.93 qps: 1150.58 (r/w/o: 814.99/217.73/117.85) lat (ms,95%): 320.17 err/s: 0.00 reconn/s: 0.00
[ 88.0s ] thds: 6 tps: 68.00 qps: 1379.96 (r/w/o: 961.97/281.99/136.00) lat (ms,95%): 158.63 err/s: 0.00 reconn/s: 0.00
[ 89.0s ] thds: 6 tps: 65.87 qps: 1306.38 (r/w/o: 909.18/265.47/131.74) lat (ms,95%): 176.73 err/s: 0.00 reconn/s: 0.00
[ 90.0s ] thds: 6 tps: 41.98 qps: 862.52 (r/w/o: 600.66/177.90/83.95) lat (ms,95%): 155.80 err/s: 0.00 reconn/s: 0.00
[ 91.0s ] thds: 6 tps: 71.27 qps: 1363.10 (r/w/o: 955.58/264.99/142.53) lat (ms,95%): 612.21 err/s: 0.00 reconn/s: 0.00
[ 92.0s ] thds: 6 tps: 60.81 qps: 1259.03 (r/w/o: 893.18/244.23/121.62) lat (ms,95%): 170.48 err/s: 0.00 reconn/s: 0.00
[ 93.0s ] thds: 6 tps: 78.95 qps: 1575.93 (r/w/o: 1102.25/315.79/157.89) lat (ms,95%): 142.39 err/s: 0.00 reconn/s: 0.00
[ 94.0s ] thds: 6 tps: 66.23 qps: 1330.66 (r/w/o: 929.26/268.94/132.46) lat (ms,95%): 161.51 err/s: 0.00 reconn/s: 0.00
[ 95.0s ] thds: 6 tps: 60.02 qps: 1185.37 (r/w/o: 825.26/240.07/120.04) lat (ms,95%): 193.38 err/s: 0.00 reconn/s: 0.00
[ 96.0s ] thds: 6 tps: 49.00 qps: 992.08 (r/w/o: 692.06/202.02/98.01) lat (ms,95%): 292.60 err/s: 0.00 reconn/s: 0.00
[ 97.0s ] thds: 6 tps: 73.76 qps: 1465.28 (r/w/o: 1033.67/284.09/147.53) lat (ms,95%): 142.39 err/s: 0.00 reconn/s: 0.00
[ 98.0s ] thds: 6 tps: 59.13 qps: 1162.54 (r/w/o: 807.77/236.52/118.26) lat (ms,95%): 235.74 err/s: 0.00 reconn/s: 0.00
[ 99.0s ] thds: 6 tps: 55.04 qps: 1132.76 (r/w/o: 797.53/225.15/110.07) lat (ms,95%): 303.33 err/s: 0.00 reconn/s: 0.00
[ 100.0s ] thds: 6 tps: 85.86 qps: 1672.23 (r/w/o: 1166.07/334.45/171.72) lat (ms,95%): 125.52 err/s: 0.00 reconn/s: 0.00
[ 101.0s ] thds: 6 tps: 57.01 qps: 1182.23 (r/w/o: 836.16/232.05/114.02) lat (ms,95%): 164.45 err/s: 0.00 reconn/s: 0.00
[ 102.0s ] thds: 6 tps: 72.12 qps: 1426.42 (r/w/o: 989.68/292.50/144.24) lat (ms,95%): 158.63 err/s: 0.00 reconn/s: 0.00
[ 103.0s ] thds: 6 tps: 63.91 qps: 1306.16 (r/w/o: 914.71/263.63/127.82) lat (ms,95%): 134.90 err/s: 0.00 reconn/s: 0.00
[ 104.0s ] thds: 6 tps: 81.00 qps: 1602.99 (r/w/o: 1118.99/322.00/162.00) lat (ms,95%): 170.48 err/s: 0.00 reconn/s: 0.00
[ 105.0s ] thds: 6 tps: 67.09 qps: 1343.87 (r/w/o: 946.32/263.37/134.19) lat (ms,95%): 167.44 err/s: 0.00 reconn/s: 0.00
[ 106.0s ] thds: 6 tps: 80.92 qps: 1641.31 (r/w/o: 1140.82/338.65/161.83) lat (ms,95%): 127.81 err/s: 0.00 reconn/s: 0.00
[ 107.0s ] thds: 6 tps: 66.07 qps: 1283.29 (r/w/o: 906.91/244.24/132.13) lat (ms,95%): 331.91 err/s: 0.00 reconn/s: 0.00
[ 108.0s ] thds: 6 tps: 83.01 qps: 1683.23 (r/w/o: 1180.16/337.05/166.02) lat (ms,95%): 139.85 err/s: 0.00 reconn/s: 0.00
[ 109.0s ] thds: 6 tps: 71.00 qps: 1410.03 (r/w/o: 985.02/283.01/142.00) lat (ms,95%): 153.02 err/s: 0.00 reconn/s: 0.00
[ 110.0s ] thds: 6 tps: 64.92 qps: 1288.35 (r/w/o: 904.84/253.67/129.83) lat (ms,95%): 176.73 err/s: 0.00 reconn/s: 0.00
[ 111.0s ] thds: 6 tps: 59.02 qps: 1209.32 (r/w/o: 839.22/252.07/118.03) lat (ms,95%): 215.44 err/s: 0.00 reconn/s: 0.00
[ 112.0s ] thds: 6 tps: 49.94 qps: 974.88 (r/w/o: 693.20/181.79/99.88) lat (ms,95%): 467.30 err/s: 0.00 reconn/s: 0.00
[ 113.0s ] thds: 6 tps: 66.01 qps: 1321.16 (r/w/o: 915.11/274.03/132.02) lat (ms,95%): 134.90 err/s: 0.00 reconn/s: 0.00
[ 114.0s ] thds: 6 tps: 55.02 qps: 1113.41 (r/w/o: 785.29/218.08/110.04) lat (ms,95%): 204.11 err/s: 0.00 reconn/s: 0.00
[ 115.0s ] thds: 6 tps: 74.99 qps: 1483.77 (r/w/o: 1035.84/297.95/149.98) lat (ms,95%): 170.48 err/s: 0.00 reconn/s: 0.00
[ 116.0s ] thds: 6 tps: 60.92 qps: 1227.36 (r/w/o: 860.85/244.67/121.84) lat (ms,95%): 308.84 err/s: 0.00 reconn/s: 0.00
[ 117.0s ] thds: 6 tps: 76.24 qps: 1525.76 (r/w/o: 1066.33/306.96/152.48) lat (ms,95%): 142.39 err/s: 0.00 reconn/s: 0.00
[ 118.0s ] thds: 6 tps: 77.70 qps: 1487.35 (r/w/o: 1030.09/301.85/155.41) lat (ms,95%): 155.80 err/s: 0.00 reconn/s: 0.00
[ 119.0s ] thds: 6 tps: 55.06 qps: 1153.32 (r/w/o: 817.93/225.26/110.13) lat (ms,95%): 219.36 err/s: 0.00 reconn/s: 0.00
[ 120.0s ] thds: 6 tps: 80.11 qps: 1615.22 (r/w/o: 1133.56/321.44/160.22) lat (ms,95%): 137.35 err/s: 0.00 reconn/s: 0.00
SQL statistics:
    queries performed:
        read:                            110390
        write:                           31540
        other:                           15770
        total:                           157700
    transactions:                        7885   (65.67 per sec.)
    queries:                             157700 (1313.41 per sec.)
    ignored errors:                      0      (0.00 per sec.)
    reconnects:                          0      (0.00 per sec.)

Throughput:
    events/s (eps):                      65.6704
    time elapsed:                        120.0693s
    total number of events:              7885

Latency (ms):
         min:                                   19.19
         avg:                                   91.34
         max:                                 5186.42
         95th percentile:                      186.54
         sum:                               720209.73

Threads fairness:
    events (avg/stddev):           1314.1667/14.67
    execution time (avg/stddev):   120.0350/0.02

