sysbench 1.1.0-f698960 (using bundled LuaJIT 2.1.0-beta3)

Running the test with following options:
Number of threads: 6
Report intermediate results every 1.000000 second(s)
Initializing random number generator from current time


Initializing worker threads...

Threads started!

[ 1.0s ] thds: 6 tps: 12.90 qps: 353.27 (r/w/o: 263.96/57.55/31.75) lat (ms,95%): 106.75 err/s: 0.00 reconn/s: 0.00
[ 2.0s ] thds: 6 tps: 5.01 qps: 98.10 (r/w/o: 70.07/18.02/10.01) lat (ms,95%): 1453.01 err/s: 0.00 reconn/s: 0.00
[ 3.0s ] thds: 6 tps: 15.02 qps: 294.40 (r/w/o: 206.28/58.08/30.04) lat (ms,95%): 2778.39 err/s: 0.00 reconn/s: 0.00
[ 4.0s ] thds: 6 tps: 17.04 qps: 344.87 (r/w/o: 242.61/68.17/34.09) lat (ms,95%): 350.33 err/s: 0.00 reconn/s: 0.00
[ 5.0s ] thds: 6 tps: 9.97 qps: 197.39 (r/w/o: 135.58/41.87/19.94) lat (ms,95%): 2120.76 err/s: 0.00 reconn/s: 0.00
[ 6.0s ] thds: 6 tps: 53.14 qps: 1050.75 (r/w/o: 731.91/212.56/106.28) lat (ms,95%): 1479.41 err/s: 0.00 reconn/s: 0.00
[ 7.0s ] thds: 6 tps: 85.05 qps: 1714.96 (r/w/o: 1196.67/348.20/170.10) lat (ms,95%): 170.48 err/s: 0.00 reconn/s: 0.00
[ 8.0s ] thds: 6 tps: 111.69 qps: 2238.71 (r/w/o: 1566.60/448.74/223.37) lat (ms,95%): 89.16 err/s: 0.00 reconn/s: 0.00
[ 9.0s ] thds: 6 tps: 75.10 qps: 1482.90 (r/w/o: 1046.34/286.37/150.19) lat (ms,95%): 144.97 err/s: 0.00 reconn/s: 0.00
[ 10.0s ] thds: 6 tps: 52.08 qps: 1067.57 (r/w/o: 741.09/222.33/104.15) lat (ms,95%): 227.40 err/s: 0.00 reconn/s: 0.00
[ 11.0s ] thds: 6 tps: 51.81 qps: 1028.13 (r/w/o: 725.27/199.25/103.61) lat (ms,95%): 248.83 err/s: 0.00 reconn/s: 0.00
[ 12.0s ] thds: 6 tps: 72.17 qps: 1432.32 (r/w/o: 999.31/288.67/144.33) lat (ms,95%): 235.74 err/s: 0.00 reconn/s: 0.00
[ 13.0s ] thds: 6 tps: 96.90 qps: 1937.05 (r/w/o: 1357.63/385.61/193.80) lat (ms,95%): 132.49 err/s: 0.00 reconn/s: 0.00
[ 14.0s ] thds: 6 tps: 89.23 qps: 1778.51 (r/w/o: 1245.16/354.90/178.45) lat (ms,95%): 142.39 err/s: 0.00 reconn/s: 0.00
[ 15.0s ] thds: 6 tps: 79.99 qps: 1611.80 (r/w/o: 1129.86/321.96/159.98) lat (ms,95%): 183.21 err/s: 0.00 reconn/s: 0.00
[ 16.0s ] thds: 6 tps: 87.00 qps: 1731.06 (r/w/o: 1213.04/344.01/174.01) lat (ms,95%): 139.85 err/s: 0.00 reconn/s: 0.00
[ 17.0s ] thds: 6 tps: 73.73 qps: 1472.56 (r/w/o: 1023.22/302.88/146.46) lat (ms,95%): 253.35 err/s: 0.00 reconn/s: 0.00
[ 18.0s ] thds: 6 tps: 92.20 qps: 1842.08 (r/w/o: 1290.86/365.81/185.41) lat (ms,95%): 142.39 err/s: 0.00 reconn/s: 0.00
[ 19.0s ] thds: 6 tps: 55.87 qps: 1125.46 (r/w/o: 788.22/225.49/111.75) lat (ms,95%): 235.74 err/s: 0.00 reconn/s: 0.00
[ 20.0s ] thds: 6 tps: 76.27 qps: 1535.39 (r/w/o: 1079.79/303.06/152.54) lat (ms,95%): 150.29 err/s: 0.00 reconn/s: 0.00
[ 21.0s ] thds: 6 tps: 73.95 qps: 1465.94 (r/w/o: 1025.26/292.79/147.89) lat (ms,95%): 215.44 err/s: 0.00 reconn/s: 0.00
[ 22.0s ] thds: 6 tps: 76.93 qps: 1553.67 (r/w/o: 1087.07/312.73/153.87) lat (ms,95%): 183.21 err/s: 0.00 reconn/s: 0.00
[ 23.0s ] thds: 6 tps: 76.03 qps: 1508.50 (r/w/o: 1054.35/302.10/152.05) lat (ms,95%): 207.82 err/s: 0.00 reconn/s: 0.00
[ 24.0s ] thds: 6 tps: 74.12 qps: 1493.35 (r/w/o: 1047.65/297.47/148.23) lat (ms,95%): 139.85 err/s: 0.00 reconn/s: 0.00
[ 25.0s ] thds: 6 tps: 59.92 qps: 1202.34 (r/w/o: 838.84/243.66/119.83) lat (ms,95%): 227.40 err/s: 0.00 reconn/s: 0.00
[ 26.0s ] thds: 6 tps: 93.13 qps: 1855.57 (r/w/o: 1299.80/369.51/186.26) lat (ms,95%): 127.81 err/s: 0.00 reconn/s: 0.00
[ 27.0s ] thds: 6 tps: 64.99 qps: 1291.81 (r/w/o: 899.87/261.96/129.98) lat (ms,95%): 147.61 err/s: 0.00 reconn/s: 0.00
[ 28.0s ] thds: 6 tps: 91.92 qps: 1842.34 (r/w/o: 1296.83/361.67/183.83) lat (ms,95%): 142.39 err/s: 0.00 reconn/s: 0.00
[ 29.0s ] thds: 6 tps: 75.96 qps: 1532.11 (r/w/o: 1067.38/312.82/151.91) lat (ms,95%): 125.52 err/s: 0.00 reconn/s: 0.00
[ 30.0s ] thds: 6 tps: 90.78 qps: 1801.70 (r/w/o: 1266.98/353.16/181.57) lat (ms,95%): 153.02 err/s: 0.00 reconn/s: 0.00
[ 31.0s ] thds: 6 tps: 84.12 qps: 1685.34 (r/w/o: 1177.64/339.47/168.23) lat (ms,95%): 155.80 err/s: 0.00 reconn/s: 0.00
[ 32.0s ] thds: 6 tps: 73.95 qps: 1482.04 (r/w/o: 1039.33/294.81/147.90) lat (ms,95%): 248.83 err/s: 0.00 reconn/s: 0.00
[ 33.0s ] thds: 6 tps: 78.25 qps: 1562.90 (r/w/o: 1094.43/311.98/156.49) lat (ms,95%): 147.61 err/s: 0.00 reconn/s: 0.00
[ 34.0s ] thds: 6 tps: 71.72 qps: 1427.47 (r/w/o: 997.13/286.89/143.44) lat (ms,95%): 147.61 err/s: 0.00 reconn/s: 0.00
[ 35.0s ] thds: 6 tps: 80.30 qps: 1605.91 (r/w/o: 1117.11/328.21/160.59) lat (ms,95%): 161.51 err/s: 0.00 reconn/s: 0.00
[ 36.0s ] thds: 6 tps: 76.72 qps: 1541.44 (r/w/o: 1085.09/302.91/153.45) lat (ms,95%): 142.39 err/s: 0.00 reconn/s: 0.00
[ 37.0s ] thds: 6 tps: 31.07 qps: 609.33 (r/w/o: 419.92/127.28/62.14) lat (ms,95%): 646.19 err/s: 0.00 reconn/s: 0.00
[ 38.0s ] thds: 6 tps: 95.95 qps: 1927.00 (r/w/o: 1354.30/380.80/191.90) lat (ms,95%): 134.90 err/s: 0.00 reconn/s: 0.00
[ 39.0s ] thds: 6 tps: 84.87 qps: 1699.34 (r/w/o: 1190.14/339.47/169.73) lat (ms,95%): 127.81 err/s: 0.00 reconn/s: 0.00
[ 40.0s ] thds: 6 tps: 77.22 qps: 1537.32 (r/w/o: 1076.03/306.86/154.43) lat (ms,95%): 125.52 err/s: 0.00 reconn/s: 0.00
[ 41.0s ] thds: 6 tps: 85.08 qps: 1693.55 (r/w/o: 1182.08/341.31/170.16) lat (ms,95%): 142.39 err/s: 0.00 reconn/s: 0.00
[ 42.0s ] thds: 6 tps: 64.75 qps: 1288.97 (r/w/o: 897.50/261.98/129.49) lat (ms,95%): 147.61 err/s: 0.00 reconn/s: 0.00
[ 43.0s ] thds: 6 tps: 96.21 qps: 1924.13 (r/w/o: 1347.89/383.82/192.41) lat (ms,95%): 253.35 err/s: 0.00 reconn/s: 0.00
[ 44.0s ] thds: 6 tps: 77.96 qps: 1566.16 (r/w/o: 1101.41/308.84/155.92) lat (ms,95%): 158.63 err/s: 0.00 reconn/s: 0.00
[ 45.0s ] thds: 6 tps: 94.16 qps: 1872.19 (r/w/o: 1311.24/372.64/188.32) lat (ms,95%): 179.94 err/s: 0.00 reconn/s: 0.00
[ 46.0s ] thds: 6 tps: 89.81 qps: 1841.17 (r/w/o: 1282.33/379.21/179.63) lat (ms,95%): 134.90 err/s: 0.00 reconn/s: 0.00
[ 47.0s ] thds: 6 tps: 72.15 qps: 1412.02 (r/w/o: 999.13/268.57/144.31) lat (ms,95%): 161.51 err/s: 0.00 reconn/s: 0.00
[ 48.0s ] thds: 6 tps: 84.72 qps: 1687.47 (r/w/o: 1177.14/340.88/169.44) lat (ms,95%): 147.61 err/s: 0.00 reconn/s: 0.00
[ 49.0s ] thds: 6 tps: 75.09 qps: 1536.91 (r/w/o: 1068.33/318.40/150.19) lat (ms,95%): 134.90 err/s: 0.00 reconn/s: 0.00
[ 50.0s ] thds: 6 tps: 89.23 qps: 1763.59 (r/w/o: 1239.23/345.90/178.46) lat (ms,95%): 139.85 err/s: 0.00 reconn/s: 0.00
[ 51.0s ] thds: 6 tps: 66.00 qps: 1292.06 (r/w/o: 902.04/258.01/132.01) lat (ms,95%): 176.73 err/s: 0.00 reconn/s: 0.00
[ 52.0s ] thds: 6 tps: 44.84 qps: 926.67 (r/w/o: 649.67/187.33/89.68) lat (ms,95%): 219.36 err/s: 0.00 reconn/s: 0.00
[ 53.0s ] thds: 6 tps: 75.17 qps: 1493.32 (r/w/o: 1053.34/289.64/150.33) lat (ms,95%): 137.35 err/s: 0.00 reconn/s: 0.00
[ 54.0s ] thds: 6 tps: 43.98 qps: 898.66 (r/w/o: 625.77/184.93/87.97) lat (ms,95%): 292.60 err/s: 0.00 reconn/s: 0.00
[ 55.0s ] thds: 6 tps: 83.15 qps: 1640.89 (r/w/o: 1151.02/323.57/166.29) lat (ms,95%): 153.02 err/s: 0.00 reconn/s: 0.00
[ 56.0s ] thds: 6 tps: 62.00 qps: 1260.97 (r/w/o: 878.98/257.99/124.00) lat (ms,95%): 176.73 err/s: 0.00 reconn/s: 0.00
[ 57.0s ] thds: 6 tps: 62.75 qps: 1237.08 (r/w/o: 864.56/247.02/125.50) lat (ms,95%): 144.97 err/s: 0.00 reconn/s: 0.00
[ 58.0s ] thds: 6 tps: 64.22 qps: 1283.35 (r/w/o: 890.02/264.90/128.44) lat (ms,95%): 308.84 err/s: 0.00 reconn/s: 0.00
[ 59.0s ] thds: 6 tps: 73.83 qps: 1475.62 (r/w/o: 1043.61/284.35/147.66) lat (ms,95%): 144.97 err/s: 0.00 reconn/s: 0.00
[ 60.0s ] thds: 6 tps: 52.08 qps: 1070.58 (r/w/o: 746.10/220.32/104.15) lat (ms,95%): 186.54 err/s: 0.00 reconn/s: 0.00
[ 61.0s ] thds: 6 tps: 71.03 qps: 1362.55 (r/w/o: 947.38/273.11/142.06) lat (ms,95%): 244.38 err/s: 0.00 reconn/s: 0.00
[ 62.0s ] thds: 6 tps: 51.05 qps: 1074.03 (r/w/o: 761.73/210.20/102.10) lat (ms,95%): 200.47 err/s: 0.00 reconn/s: 0.00
[ 63.0s ] thds: 6 tps: 70.81 qps: 1395.27 (r/w/o: 975.39/278.26/141.62) lat (ms,95%): 173.58 err/s: 0.00 reconn/s: 0.00
[ 64.0s ] thds: 6 tps: 69.05 qps: 1378.06 (r/w/o: 966.74/273.21/138.11) lat (ms,95%): 155.80 err/s: 0.00 reconn/s: 0.00
[ 65.0s ] thds: 6 tps: 73.85 qps: 1489.99 (r/w/o: 1040.90/301.39/147.70) lat (ms,95%): 150.29 err/s: 0.00 reconn/s: 0.00
[ 66.0s ] thds: 6 tps: 55.22 qps: 1109.33 (r/w/o: 781.05/217.85/110.43) lat (ms,95%): 215.44 err/s: 0.00 reconn/s: 0.00
[ 67.0s ] thds: 6 tps: 35.88 qps: 698.68 (r/w/o: 484.39/142.53/71.76) lat (ms,95%): 475.79 err/s: 0.00 reconn/s: 0.00
[ 68.0s ] thds: 6 tps: 49.15 qps: 1011.12 (r/w/o: 707.18/205.63/98.30) lat (ms,95%): 219.36 err/s: 0.00 reconn/s: 0.00
[ 69.0s ] thds: 6 tps: 67.00 qps: 1337.97 (r/w/o: 933.98/269.99/134.00) lat (ms,95%): 164.45 err/s: 0.00 reconn/s: 0.00
[ 70.0s ] thds: 6 tps: 51.93 qps: 1029.63 (r/w/o: 731.03/194.74/103.86) lat (ms,95%): 262.64 err/s: 0.00 reconn/s: 0.00
[ 71.0s ] thds: 6 tps: 71.00 qps: 1430.02 (r/w/o: 993.01/295.00/142.00) lat (ms,95%): 123.28 err/s: 0.00 reconn/s: 0.00
[ 72.0s ] thds: 6 tps: 65.03 qps: 1293.64 (r/w/o: 911.45/252.12/130.06) lat (ms,95%): 170.48 err/s: 0.00 reconn/s: 0.00
[ 73.0s ] thds: 6 tps: 64.88 qps: 1289.59 (r/w/o: 902.31/257.52/129.76) lat (ms,95%): 227.40 err/s: 0.00 reconn/s: 0.00
[ 74.0s ] thds: 6 tps: 48.12 qps: 975.47 (r/w/o: 675.71/203.52/96.24) lat (ms,95%): 267.41 err/s: 0.00 reconn/s: 0.00
[ 75.0s ] thds: 6 tps: 79.87 qps: 1572.42 (r/w/o: 1101.19/311.49/159.74) lat (ms,95%): 142.39 err/s: 0.00 reconn/s: 0.00
[ 76.0s ] thds: 6 tps: 71.15 qps: 1433.08 (r/w/o: 1012.17/278.60/142.31) lat (ms,95%): 186.54 err/s: 0.00 reconn/s: 0.00
[ 77.0s ] thds: 6 tps: 62.00 qps: 1235.98 (r/w/o: 860.99/251.00/124.00) lat (ms,95%): 207.82 err/s: 0.00 reconn/s: 0.00
[ 78.0s ] thds: 6 tps: 57.94 qps: 1166.75 (r/w/o: 814.13/236.75/115.88) lat (ms,95%): 344.08 err/s: 0.00 reconn/s: 0.00
[ 79.0s ] thds: 6 tps: 66.86 qps: 1342.23 (r/w/o: 939.06/269.44/133.72) lat (ms,95%): 235.74 err/s: 0.00 reconn/s: 0.00
[ 80.0s ] thds: 6 tps: 71.22 qps: 1418.44 (r/w/o: 998.13/277.87/142.45) lat (ms,95%): 167.44 err/s: 0.00 reconn/s: 0.00
[ 81.0s ] thds: 6 tps: 66.95 qps: 1342.04 (r/w/o: 942.32/265.81/133.90) lat (ms,95%): 142.39 err/s: 0.00 reconn/s: 0.00
[ 82.0s ] thds: 6 tps: 58.87 qps: 1160.41 (r/w/o: 797.22/245.45/117.74) lat (ms,95%): 173.58 err/s: 0.00 reconn/s: 0.00
[ 83.0s ] thds: 6 tps: 55.12 qps: 1112.49 (r/w/o: 786.76/215.48/110.25) lat (ms,95%): 244.38 err/s: 0.00 reconn/s: 0.00
[ 84.0s ] thds: 6 tps: 73.00 qps: 1433.92 (r/w/o: 997.94/289.98/145.99) lat (ms,95%): 144.97 err/s: 0.00 reconn/s: 0.00
[ 85.0s ] thds: 6 tps: 61.05 qps: 1266.95 (r/w/o: 890.67/254.19/122.09) lat (ms,95%): 153.02 err/s: 0.00 reconn/s: 0.00
[ 86.0s ] thds: 6 tps: 64.77 qps: 1250.64 (r/w/o: 866.98/254.11/129.55) lat (ms,95%): 167.44 err/s: 0.00 reconn/s: 0.00
[ 87.0s ] thds: 6 tps: 69.23 qps: 1398.67 (r/w/o: 992.31/267.89/138.46) lat (ms,95%): 161.51 err/s: 0.00 reconn/s: 0.00
[ 88.0s ] thds: 6 tps: 69.99 qps: 1416.79 (r/w/o: 994.85/281.96/139.98) lat (ms,95%): 200.47 err/s: 0.00 reconn/s: 0.00
[ 89.0s ] thds: 6 tps: 74.83 qps: 1486.54 (r/w/o: 1029.60/307.28/149.65) lat (ms,95%): 147.61 err/s: 0.00 reconn/s: 0.00
[ 90.0s ] thds: 6 tps: 63.02 qps: 1243.38 (r/w/o: 875.26/242.07/126.04) lat (ms,95%): 176.73 err/s: 0.00 reconn/s: 0.00
[ 91.0s ] thds: 6 tps: 60.92 qps: 1243.30 (r/w/o: 869.81/251.66/121.83) lat (ms,95%): 272.27 err/s: 0.00 reconn/s: 0.00
[ 92.0s ] thds: 6 tps: 67.24 qps: 1325.76 (r/w/o: 928.33/262.94/134.48) lat (ms,95%): 204.11 err/s: 0.00 reconn/s: 0.00
[ 93.0s ] thds: 6 tps: 38.85 qps: 798.89 (r/w/o: 553.84/167.35/77.70) lat (ms,95%): 170.48 err/s: 0.00 reconn/s: 0.00
[ 94.0s ] thds: 6 tps: 41.03 qps: 827.57 (r/w/o: 583.40/162.11/82.06) lat (ms,95%): 646.19 err/s: 0.00 reconn/s: 0.00
[ 95.0s ] thds: 6 tps: 72.21 qps: 1432.25 (r/w/o: 1005.98/281.84/144.43) lat (ms,95%): 134.90 err/s: 0.00 reconn/s: 0.00
[ 96.0s ] thds: 6 tps: 67.99 qps: 1356.76 (r/w/o: 949.83/270.95/135.98) lat (ms,95%): 147.61 err/s: 0.00 reconn/s: 0.00
[ 97.0s ] thds: 6 tps: 69.94 qps: 1413.82 (r/w/o: 988.18/285.76/139.88) lat (ms,95%): 161.51 err/s: 0.00 reconn/s: 0.00
[ 98.0s ] thds: 6 tps: 59.08 qps: 1160.61 (r/w/o: 816.13/226.31/118.16) lat (ms,95%): 147.61 err/s: 0.00 reconn/s: 0.00
[ 99.0s ] thds: 6 tps: 81.78 qps: 1614.68 (r/w/o: 1121.00/330.12/163.56) lat (ms,95%): 153.02 err/s: 0.00 reconn/s: 0.00
[ 100.0s ] thds: 6 tps: 56.04 qps: 1148.85 (r/w/o: 807.60/229.17/112.08) lat (ms,95%): 277.21 err/s: 0.00 reconn/s: 0.00
[ 101.0s ] thds: 6 tps: 68.87 qps: 1358.47 (r/w/o: 946.24/274.49/137.74) lat (ms,95%): 282.25 err/s: 0.00 reconn/s: 0.00
[ 102.0s ] thds: 6 tps: 69.16 qps: 1422.23 (r/w/o: 1000.27/283.64/138.31) lat (ms,95%): 132.49 err/s: 0.00 reconn/s: 0.00
[ 103.0s ] thds: 6 tps: 48.89 qps: 960.91 (r/w/o: 673.54/189.59/97.79) lat (ms,95%): 580.02 err/s: 0.00 reconn/s: 0.00
[ 104.0s ] thds: 6 tps: 72.18 qps: 1418.52 (r/w/o: 985.45/288.72/144.36) lat (ms,95%): 125.52 err/s: 0.00 reconn/s: 0.00
[ 105.0s ] thds: 6 tps: 63.00 qps: 1285.95 (r/w/o: 912.96/246.99/125.99) lat (ms,95%): 132.49 err/s: 0.00 reconn/s: 0.00
[ 106.0s ] thds: 6 tps: 75.79 qps: 1495.94 (r/w/o: 1040.18/304.18/151.59) lat (ms,95%): 137.35 err/s: 0.00 reconn/s: 0.00
[ 107.0s ] thds: 6 tps: 60.03 qps: 1234.62 (r/w/o: 866.43/248.12/120.06) lat (ms,95%): 200.47 err/s: 0.00 reconn/s: 0.00
[ 108.0s ] thds: 6 tps: 79.27 qps: 1558.24 (r/w/o: 1089.66/310.04/158.53) lat (ms,95%): 134.90 err/s: 0.00 reconn/s: 0.00
[ 109.0s ] thds: 6 tps: 42.96 qps: 875.26 (r/w/o: 616.48/172.85/85.93) lat (ms,95%): 350.33 err/s: 0.00 reconn/s: 0.00
[ 110.0s ] thds: 6 tps: 82.03 qps: 1639.60 (r/w/o: 1145.42/330.12/164.06) lat (ms,95%): 179.94 err/s: 0.00 reconn/s: 0.00
[ 111.0s ] thds: 6 tps: 40.02 qps: 781.37 (r/w/o: 544.26/157.07/80.04) lat (ms,95%): 257.95 err/s: 0.00 reconn/s: 0.00
[ 112.0s ] thds: 6 tps: 69.00 qps: 1405.99 (r/w/o: 989.00/279.00/138.00) lat (ms,95%): 219.36 err/s: 0.00 reconn/s: 0.00
[ 113.0s ] thds: 6 tps: 67.83 qps: 1357.66 (r/w/o: 947.67/274.33/135.67) lat (ms,95%): 235.74 err/s: 0.00 reconn/s: 0.00
[ 114.0s ] thds: 6 tps: 68.91 qps: 1338.18 (r/w/o: 932.73/267.64/137.81) lat (ms,95%): 153.02 err/s: 0.00 reconn/s: 0.00
[ 115.0s ] thds: 6 tps: 57.00 qps: 1172.91 (r/w/o: 821.93/236.98/113.99) lat (ms,95%): 176.73 err/s: 0.00 reconn/s: 0.00
[ 116.0s ] thds: 6 tps: 39.11 qps: 781.19 (r/w/o: 549.54/153.43/78.22) lat (ms,95%): 682.06 err/s: 0.00 reconn/s: 0.00
[ 117.0s ] thds: 6 tps: 74.93 qps: 1491.53 (r/w/o: 1044.97/296.71/149.85) lat (ms,95%): 125.52 err/s: 0.00 reconn/s: 0.00
[ 118.0s ] thds: 6 tps: 48.94 qps: 971.89 (r/w/o: 682.22/191.78/97.89) lat (ms,95%): 176.73 err/s: 0.00 reconn/s: 0.00
[ 119.0s ] thds: 6 tps: 62.96 qps: 1274.21 (r/w/o: 890.44/257.84/125.92) lat (ms,95%): 204.11 err/s: 0.00 reconn/s: 0.00
[ 120.0s ] thds: 6 tps: 78.24 qps: 1536.74 (r/w/o: 1073.31/306.95/156.48) lat (ms,95%): 130.13 err/s: 0.00 reconn/s: 0.00
SQL statistics:
    queries performed:
        read:                            112014
        write:                           32004
        other:                           16002
        total:                           160020
    transactions:                        8001   (66.57 per sec.)
    queries:                             160020 (1331.41 per sec.)
    ignored errors:                      0      (0.00 per sec.)
    reconnects:                          0      (0.00 per sec.)

Throughput:
    events/s (eps):                      66.5707
    time elapsed:                        120.1880s
    total number of events:              8001

Latency (ms):
         min:                                   19.33
         avg:                                   90.07
         max:                                 2953.73
         95th percentile:                      189.93
         sum:                               720689.95

Threads fairness:
    events (avg/stddev):           1333.5000/11.50
    execution time (avg/stddev):   120.1150/0.05

