sysbench 1.1.0-f698960 (using bundled LuaJIT 2.1.0-beta3)

Running the test with following options:
Number of threads: 6
Report intermediate results every 1.000000 second(s)
Initializing random number generator from current time


Initializing worker threads...

Threads started!

[ 1.0s ] thds: 6 tps: 16.87 qps: 432.67 (r/w/o: 319.54/73.43/39.69) lat (ms,95%): 125.52 err/s: 0.00 reconn/s: 0.00
[ 2.0s ] thds: 6 tps: 4.00 qps: 80.09 (r/w/o: 56.06/16.02/8.01) lat (ms,95%): 1453.01 err/s: 0.00 reconn/s: 0.00
[ 3.0s ] thds: 6 tps: 8.00 qps: 157.01 (r/w/o: 112.01/29.00/16.00) lat (ms,95%): 2632.28 err/s: 0.00 reconn/s: 0.00
[ 4.0s ] thds: 6 tps: 23.00 qps: 464.96 (r/w/o: 321.97/96.99/46.00) lat (ms,95%): 106.75 err/s: 0.00 reconn/s: 0.00
[ 5.0s ] thds: 6 tps: 34.00 qps: 666.94 (r/w/o: 461.96/136.99/67.99) lat (ms,95%): 943.16 err/s: 0.00 reconn/s: 0.00
[ 6.0s ] thds: 6 tps: 31.01 qps: 622.16 (r/w/o: 443.11/117.03/62.02) lat (ms,95%): 2045.74 err/s: 0.00 reconn/s: 0.00
[ 7.0s ] thds: 6 tps: 79.29 qps: 1603.95 (r/w/o: 1115.13/330.22/158.59) lat (ms,95%): 161.51 err/s: 0.00 reconn/s: 0.00
[ 8.0s ] thds: 6 tps: 62.88 qps: 1246.55 (r/w/o: 872.29/248.51/125.75) lat (ms,95%): 287.38 err/s: 0.00 reconn/s: 0.00
[ 9.0s ] thds: 6 tps: 115.07 qps: 2294.42 (r/w/o: 1612.00/452.28/230.14) lat (ms,95%): 112.67 err/s: 0.00 reconn/s: 0.00
[ 10.0s ] thds: 6 tps: 85.05 qps: 1688.92 (r/w/o: 1177.64/341.19/170.09) lat (ms,95%): 161.51 err/s: 0.00 reconn/s: 0.00
[ 11.0s ] thds: 6 tps: 90.97 qps: 1837.49 (r/w/o: 1291.64/363.90/181.95) lat (ms,95%): 139.85 err/s: 0.00 reconn/s: 0.00
[ 12.0s ] thds: 6 tps: 84.83 qps: 1701.52 (r/w/o: 1189.57/342.30/169.65) lat (ms,95%): 127.81 err/s: 0.00 reconn/s: 0.00
[ 13.0s ] thds: 6 tps: 57.96 qps: 1161.14 (r/w/o: 811.40/233.83/115.91) lat (ms,95%): 369.77 err/s: 0.00 reconn/s: 0.00
[ 14.0s ] thds: 6 tps: 83.32 qps: 1654.38 (r/w/o: 1158.47/329.27/166.64) lat (ms,95%): 215.44 err/s: 0.00 reconn/s: 0.00
[ 15.0s ] thds: 6 tps: 72.73 qps: 1467.48 (r/w/o: 1025.14/296.88/145.45) lat (ms,95%): 139.85 err/s: 0.00 reconn/s: 0.00
[ 16.0s ] thds: 6 tps: 48.00 qps: 954.90 (r/w/o: 672.93/185.98/95.99) lat (ms,95%): 223.34 err/s: 0.00 reconn/s: 0.00
[ 17.0s ] thds: 6 tps: 76.29 qps: 1519.83 (r/w/o: 1064.08/303.16/152.58) lat (ms,95%): 580.02 err/s: 0.00 reconn/s: 0.00
[ 18.0s ] thds: 6 tps: 55.79 qps: 1122.71 (r/w/o: 785.00/226.14/111.57) lat (ms,95%): 211.60 err/s: 0.00 reconn/s: 0.00
[ 19.0s ] thds: 6 tps: 64.25 qps: 1246.94 (r/w/o: 868.44/249.99/128.51) lat (ms,95%): 297.92 err/s: 0.00 reconn/s: 0.00
[ 20.0s ] thds: 6 tps: 93.74 qps: 1910.64 (r/w/o: 1340.24/382.93/187.47) lat (ms,95%): 130.13 err/s: 0.00 reconn/s: 0.00
[ 21.0s ] thds: 6 tps: 64.08 qps: 1211.50 (r/w/o: 833.03/250.31/128.16) lat (ms,95%): 292.60 err/s: 0.00 reconn/s: 0.00
[ 22.0s ] thds: 6 tps: 37.04 qps: 813.91 (r/w/o: 585.65/154.17/74.08) lat (ms,95%): 196.89 err/s: 0.00 reconn/s: 0.00
[ 23.0s ] thds: 6 tps: 73.99 qps: 1464.75 (r/w/o: 1025.83/290.95/147.98) lat (ms,95%): 612.21 err/s: 0.00 reconn/s: 0.00
[ 24.0s ] thds: 6 tps: 80.05 qps: 1621.99 (r/w/o: 1130.69/331.20/160.10) lat (ms,95%): 132.49 err/s: 0.00 reconn/s: 0.00
[ 25.0s ] thds: 6 tps: 86.99 qps: 1726.89 (r/w/o: 1208.92/343.98/173.99) lat (ms,95%): 121.08 err/s: 0.00 reconn/s: 0.00
[ 26.0s ] thds: 6 tps: 90.85 qps: 1795.04 (r/w/o: 1253.93/359.41/181.70) lat (ms,95%): 150.29 err/s: 0.00 reconn/s: 0.00
[ 27.0s ] thds: 6 tps: 71.84 qps: 1454.82 (r/w/o: 1020.77/290.36/143.69) lat (ms,95%): 142.39 err/s: 0.00 reconn/s: 0.00
[ 28.0s ] thds: 6 tps: 94.99 qps: 1887.81 (r/w/o: 1326.87/370.96/189.98) lat (ms,95%): 118.92 err/s: 0.00 reconn/s: 0.00
[ 29.0s ] thds: 6 tps: 65.25 qps: 1331.16 (r/w/o: 928.60/272.06/130.51) lat (ms,95%): 325.98 err/s: 0.00 reconn/s: 0.00
[ 30.0s ] thds: 6 tps: 81.76 qps: 1628.15 (r/w/o: 1138.61/326.03/163.51) lat (ms,95%): 170.48 err/s: 0.00 reconn/s: 0.00
[ 31.0s ] thds: 6 tps: 97.30 qps: 1933.00 (r/w/o: 1350.19/388.21/194.60) lat (ms,95%): 121.08 err/s: 0.00 reconn/s: 0.00
[ 32.0s ] thds: 6 tps: 76.98 qps: 1563.63 (r/w/o: 1092.74/316.92/153.96) lat (ms,95%): 164.45 err/s: 0.00 reconn/s: 0.00
[ 33.0s ] thds: 6 tps: 67.86 qps: 1347.26 (r/w/o: 952.06/259.47/135.72) lat (ms,95%): 161.51 err/s: 0.00 reconn/s: 0.00
[ 34.0s ] thds: 6 tps: 76.88 qps: 1516.65 (r/w/o: 1057.37/305.53/153.76) lat (ms,95%): 207.82 err/s: 0.00 reconn/s: 0.00
[ 35.0s ] thds: 6 tps: 58.02 qps: 1200.36 (r/w/o: 832.25/252.08/116.03) lat (ms,95%): 75.82 err/s: 0.00 reconn/s: 0.00
[ 36.0s ] thds: 6 tps: 77.97 qps: 1542.50 (r/w/o: 1090.65/295.90/155.95) lat (ms,95%): 549.52 err/s: 0.00 reconn/s: 0.00
[ 37.0s ] thds: 6 tps: 78.29 qps: 1556.67 (r/w/o: 1081.94/318.16/156.57) lat (ms,95%): 137.35 err/s: 0.00 reconn/s: 0.00
[ 38.0s ] thds: 6 tps: 82.78 qps: 1650.70 (r/w/o: 1160.98/324.16/165.57) lat (ms,95%): 139.85 err/s: 0.00 reconn/s: 0.00
[ 39.0s ] thds: 6 tps: 89.24 qps: 1793.83 (r/w/o: 1259.39/355.96/178.48) lat (ms,95%): 170.48 err/s: 0.00 reconn/s: 0.00
[ 40.0s ] thds: 6 tps: 78.70 qps: 1556.08 (r/w/o: 1086.86/311.81/157.40) lat (ms,95%): 158.63 err/s: 0.00 reconn/s: 0.00
[ 41.0s ] thds: 6 tps: 65.00 qps: 1323.05 (r/w/o: 924.04/269.01/130.01) lat (ms,95%): 253.35 err/s: 0.00 reconn/s: 0.00
[ 42.0s ] thds: 6 tps: 76.99 qps: 1525.87 (r/w/o: 1068.91/302.98/153.99) lat (ms,95%): 155.80 err/s: 0.00 reconn/s: 0.00
[ 43.0s ] thds: 6 tps: 96.34 qps: 1923.76 (r/w/o: 1349.74/381.34/192.68) lat (ms,95%): 137.35 err/s: 0.00 reconn/s: 0.00
[ 44.0s ] thds: 6 tps: 79.83 qps: 1563.75 (r/w/o: 1083.75/320.33/159.67) lat (ms,95%): 153.02 err/s: 0.00 reconn/s: 0.00
[ 45.0s ] thds: 6 tps: 83.21 qps: 1716.33 (r/w/o: 1211.06/338.86/166.42) lat (ms,95%): 161.51 err/s: 0.00 reconn/s: 0.00
[ 46.0s ] thds: 6 tps: 81.99 qps: 1628.84 (r/w/o: 1135.89/328.97/163.98) lat (ms,95%): 147.61 err/s: 0.00 reconn/s: 0.00
[ 47.0s ] thds: 6 tps: 62.84 qps: 1277.68 (r/w/o: 891.68/260.32/125.67) lat (ms,95%): 196.89 err/s: 0.00 reconn/s: 0.00
[ 48.0s ] thds: 6 tps: 78.12 qps: 1555.47 (r/w/o: 1093.74/305.49/156.25) lat (ms,95%): 150.29 err/s: 0.00 reconn/s: 0.00
[ 49.0s ] thds: 6 tps: 84.01 qps: 1680.28 (r/w/o: 1176.20/336.06/168.03) lat (ms,95%): 137.35 err/s: 0.00 reconn/s: 0.00
[ 50.0s ] thds: 6 tps: 86.08 qps: 1708.59 (r/w/o: 1201.12/335.31/172.16) lat (ms,95%): 134.90 err/s: 0.00 reconn/s: 0.00
[ 51.0s ] thds: 6 tps: 47.85 qps: 948.98 (r/w/o: 663.88/189.40/95.69) lat (ms,95%): 344.08 err/s: 0.00 reconn/s: 0.00
[ 52.0s ] thds: 6 tps: 72.22 qps: 1469.47 (r/w/o: 1021.11/303.92/144.44) lat (ms,95%): 179.94 err/s: 0.00 reconn/s: 0.00
[ 53.0s ] thds: 6 tps: 64.01 qps: 1258.15 (r/w/o: 884.11/246.03/128.02) lat (ms,95%): 183.21 err/s: 0.00 reconn/s: 0.00
[ 54.0s ] thds: 6 tps: 45.96 qps: 933.18 (r/w/o: 655.42/185.84/91.92) lat (ms,95%): 204.11 err/s: 0.00 reconn/s: 0.00
[ 55.0s ] thds: 6 tps: 78.03 qps: 1564.68 (r/w/o: 1092.47/316.14/156.07) lat (ms,95%): 142.39 err/s: 0.00 reconn/s: 0.00
[ 56.0s ] thds: 6 tps: 38.01 qps: 746.12 (r/w/o: 521.08/149.02/76.01) lat (ms,95%): 344.08 err/s: 0.00 reconn/s: 0.00
[ 57.0s ] thds: 6 tps: 79.88 qps: 1604.65 (r/w/o: 1120.36/324.52/159.77) lat (ms,95%): 139.85 err/s: 0.00 reconn/s: 0.00
[ 58.0s ] thds: 6 tps: 59.10 qps: 1179.09 (r/w/o: 828.47/232.41/118.21) lat (ms,95%): 155.80 err/s: 0.00 reconn/s: 0.00
[ 59.0s ] thds: 6 tps: 72.93 qps: 1436.71 (r/w/o: 1001.10/289.74/145.87) lat (ms,95%): 127.81 err/s: 0.00 reconn/s: 0.00
[ 60.0s ] thds: 6 tps: 54.05 qps: 1099.99 (r/w/o: 778.70/213.19/108.10) lat (ms,95%): 196.89 err/s: 0.00 reconn/s: 0.00
[ 61.0s ] thds: 6 tps: 95.82 qps: 1883.52 (r/w/o: 1313.57/378.30/191.65) lat (ms,95%): 110.66 err/s: 0.00 reconn/s: 0.00
[ 62.0s ] thds: 6 tps: 46.02 qps: 962.42 (r/w/o: 678.30/192.08/92.04) lat (ms,95%): 204.11 err/s: 0.00 reconn/s: 0.00
[ 63.0s ] thds: 6 tps: 73.10 qps: 1446.91 (r/w/o: 1008.33/292.39/146.19) lat (ms,95%): 189.93 err/s: 0.00 reconn/s: 0.00
[ 64.0s ] thds: 6 tps: 22.91 qps: 392.46 (r/w/o: 262.97/83.67/45.82) lat (ms,95%): 549.52 err/s: 0.00 reconn/s: 0.00
[ 65.0s ] thds: 6 tps: 65.24 qps: 1384.15 (r/w/o: 981.65/272.01/130.49) lat (ms,95%): 450.77 err/s: 0.00 reconn/s: 0.00
[ 66.0s ] thds: 6 tps: 61.01 qps: 1217.22 (r/w/o: 853.15/242.04/122.02) lat (ms,95%): 167.44 err/s: 0.00 reconn/s: 0.00
[ 67.0s ] thds: 6 tps: 67.88 qps: 1353.64 (r/w/o: 948.35/269.53/135.76) lat (ms,95%): 167.44 err/s: 0.00 reconn/s: 0.00
[ 68.0s ] thds: 6 tps: 63.03 qps: 1269.59 (r/w/o: 886.41/257.12/126.06) lat (ms,95%): 158.63 err/s: 0.00 reconn/s: 0.00
[ 69.0s ] thds: 6 tps: 85.10 qps: 1686.93 (r/w/o: 1185.35/331.38/170.19) lat (ms,95%): 147.61 err/s: 0.00 reconn/s: 0.00
[ 70.0s ] thds: 6 tps: 65.01 qps: 1296.12 (r/w/o: 907.08/259.02/130.01) lat (ms,95%): 158.63 err/s: 0.00 reconn/s: 0.00
[ 71.0s ] thds: 6 tps: 77.01 qps: 1554.22 (r/w/o: 1087.15/313.04/154.02) lat (ms,95%): 130.13 err/s: 0.00 reconn/s: 0.00
[ 72.0s ] thds: 6 tps: 64.77 qps: 1309.38 (r/w/o: 908.80/271.04/129.54) lat (ms,95%): 155.80 err/s: 0.00 reconn/s: 0.00
[ 73.0s ] thds: 6 tps: 70.01 qps: 1378.21 (r/w/o: 970.15/268.04/140.02) lat (ms,95%): 164.45 err/s: 0.00 reconn/s: 0.00
[ 74.0s ] thds: 6 tps: 60.97 qps: 1235.40 (r/w/o: 862.58/250.88/121.94) lat (ms,95%): 155.80 err/s: 0.00 reconn/s: 0.00
[ 75.0s ] thds: 6 tps: 56.00 qps: 1103.93 (r/w/o: 778.95/212.99/111.99) lat (ms,95%): 404.61 err/s: 0.00 reconn/s: 0.00
[ 76.0s ] thds: 6 tps: 79.07 qps: 1603.42 (r/w/o: 1114.99/330.29/158.14) lat (ms,95%): 118.92 err/s: 0.00 reconn/s: 0.00
[ 77.0s ] thds: 6 tps: 56.08 qps: 1113.63 (r/w/o: 784.15/217.32/112.16) lat (ms,95%): 170.48 err/s: 0.00 reconn/s: 0.00
[ 78.0s ] thds: 6 tps: 62.04 qps: 1214.73 (r/w/o: 850.51/240.14/124.07) lat (ms,95%): 235.74 err/s: 0.00 reconn/s: 0.00
[ 79.0s ] thds: 6 tps: 65.06 qps: 1311.28 (r/w/o: 918.90/262.26/130.13) lat (ms,95%): 153.02 err/s: 0.00 reconn/s: 0.00
[ 80.0s ] thds: 6 tps: 76.76 qps: 1545.15 (r/w/o: 1083.60/308.03/153.52) lat (ms,95%): 179.94 err/s: 0.00 reconn/s: 0.00
[ 81.0s ] thds: 6 tps: 45.14 qps: 901.76 (r/w/o: 629.93/181.56/90.28) lat (ms,95%): 363.18 err/s: 0.00 reconn/s: 0.00
[ 82.0s ] thds: 6 tps: 72.88 qps: 1462.65 (r/w/o: 1024.36/292.53/145.77) lat (ms,95%): 144.97 err/s: 0.00 reconn/s: 0.00
[ 83.0s ] thds: 6 tps: 57.02 qps: 1109.37 (r/w/o: 771.26/224.08/114.04) lat (ms,95%): 207.82 err/s: 0.00 reconn/s: 0.00
[ 84.0s ] thds: 6 tps: 62.08 qps: 1266.61 (r/w/o: 895.14/247.31/124.16) lat (ms,95%): 200.47 err/s: 0.00 reconn/s: 0.00
[ 85.0s ] thds: 6 tps: 71.01 qps: 1419.12 (r/w/o: 984.08/293.02/142.01) lat (ms,95%): 176.73 err/s: 0.00 reconn/s: 0.00
[ 86.0s ] thds: 6 tps: 69.00 qps: 1370.91 (r/w/o: 961.94/270.98/137.99) lat (ms,95%): 196.89 err/s: 0.00 reconn/s: 0.00
[ 87.0s ] thds: 6 tps: 60.99 qps: 1215.71 (r/w/o: 849.79/243.94/121.97) lat (ms,95%): 161.51 err/s: 0.00 reconn/s: 0.00
[ 88.0s ] thds: 6 tps: 67.76 qps: 1362.20 (r/w/o: 959.62/267.06/135.52) lat (ms,95%): 176.73 err/s: 0.00 reconn/s: 0.00
[ 89.0s ] thds: 6 tps: 77.19 qps: 1520.65 (r/w/o: 1049.52/316.76/154.37) lat (ms,95%): 139.85 err/s: 0.00 reconn/s: 0.00
[ 90.0s ] thds: 6 tps: 49.88 qps: 1028.51 (r/w/o: 736.22/192.53/99.76) lat (ms,95%): 155.80 err/s: 0.00 reconn/s: 0.00
[ 91.0s ] thds: 6 tps: 44.10 qps: 871.94 (r/w/o: 600.33/183.41/88.20) lat (ms,95%): 337.94 err/s: 0.00 reconn/s: 0.00
[ 92.0s ] thds: 6 tps: 29.04 qps: 591.91 (r/w/o: 424.65/109.17/58.09) lat (ms,95%): 493.24 err/s: 0.00 reconn/s: 0.00
[ 93.0s ] thds: 6 tps: 66.94 qps: 1337.71 (r/w/o: 937.10/266.74/133.87) lat (ms,95%): 196.89 err/s: 0.00 reconn/s: 0.00
[ 94.0s ] thds: 6 tps: 71.97 qps: 1429.41 (r/w/o: 990.59/294.88/143.94) lat (ms,95%): 173.58 err/s: 0.00 reconn/s: 0.00
[ 95.0s ] thds: 6 tps: 72.10 qps: 1444.04 (r/w/o: 1012.43/287.41/144.20) lat (ms,95%): 147.61 err/s: 0.00 reconn/s: 0.00
[ 96.0s ] thds: 6 tps: 58.85 qps: 1191.03 (r/w/o: 837.91/235.41/117.71) lat (ms,95%): 176.73 err/s: 0.00 reconn/s: 0.00
[ 97.0s ] thds: 6 tps: 52.02 qps: 1024.47 (r/w/o: 718.33/202.09/104.05) lat (ms,95%): 244.38 err/s: 0.00 reconn/s: 0.00
[ 98.0s ] thds: 6 tps: 68.87 qps: 1383.47 (r/w/o: 970.23/275.50/137.75) lat (ms,95%): 176.73 err/s: 0.00 reconn/s: 0.00
[ 99.0s ] thds: 6 tps: 84.00 qps: 1692.09 (r/w/o: 1180.06/344.02/168.01) lat (ms,95%): 125.52 err/s: 0.00 reconn/s: 0.00
[ 100.0s ] thds: 6 tps: 56.00 qps: 1079.99 (r/w/o: 745.99/222.00/112.00) lat (ms,95%): 282.25 err/s: 0.00 reconn/s: 0.00
[ 101.0s ] thds: 6 tps: 66.20 qps: 1359.20 (r/w/o: 964.98/261.81/132.41) lat (ms,95%): 137.35 err/s: 0.00 reconn/s: 0.00
[ 102.0s ] thds: 6 tps: 71.03 qps: 1405.66 (r/w/o: 981.46/282.13/142.07) lat (ms,95%): 207.82 err/s: 0.00 reconn/s: 0.00
[ 103.0s ] thds: 6 tps: 60.02 qps: 1205.30 (r/w/o: 845.21/240.06/120.03) lat (ms,95%): 183.21 err/s: 0.00 reconn/s: 0.00
[ 104.0s ] thds: 6 tps: 76.93 qps: 1528.66 (r/w/o: 1067.06/307.73/153.86) lat (ms,95%): 164.45 err/s: 0.00 reconn/s: 0.00
[ 105.0s ] thds: 6 tps: 60.95 qps: 1218.05 (r/w/o: 850.34/245.81/121.90) lat (ms,95%): 150.29 err/s: 0.00 reconn/s: 0.00
[ 106.0s ] thds: 6 tps: 80.11 qps: 1619.22 (r/w/o: 1136.56/322.44/160.22) lat (ms,95%): 183.21 err/s: 0.00 reconn/s: 0.00
[ 107.0s ] thds: 6 tps: 55.00 qps: 1090.05 (r/w/o: 761.04/219.01/110.01) lat (ms,95%): 337.94 err/s: 0.00 reconn/s: 0.00
[ 108.0s ] thds: 6 tps: 79.96 qps: 1570.24 (r/w/o: 1096.47/313.85/159.92) lat (ms,95%): 147.61 err/s: 0.00 reconn/s: 0.00
[ 109.0s ] thds: 6 tps: 57.04 qps: 1160.78 (r/w/o: 808.54/238.16/114.08) lat (ms,95%): 183.21 err/s: 0.00 reconn/s: 0.00
[ 110.0s ] thds: 6 tps: 60.86 qps: 1230.23 (r/w/o: 869.04/239.46/121.73) lat (ms,95%): 170.48 err/s: 0.00 reconn/s: 0.00
[ 111.0s ] thds: 6 tps: 75.12 qps: 1460.37 (r/w/o: 1015.65/294.48/150.24) lat (ms,95%): 142.39 err/s: 0.00 reconn/s: 0.00
[ 112.0s ] thds: 6 tps: 57.03 qps: 1173.52 (r/w/o: 830.37/229.10/114.05) lat (ms,95%): 176.73 err/s: 0.00 reconn/s: 0.00
[ 113.0s ] thds: 6 tps: 74.73 qps: 1509.57 (r/w/o: 1060.19/299.92/149.46) lat (ms,95%): 179.94 err/s: 0.00 reconn/s: 0.00
[ 114.0s ] thds: 6 tps: 50.13 qps: 970.59 (r/w/o: 667.78/202.54/100.27) lat (ms,95%): 277.21 err/s: 0.00 reconn/s: 0.00
[ 115.0s ] thds: 6 tps: 29.03 qps: 612.64 (r/w/o: 430.45/124.13/58.06) lat (ms,95%): 196.89 err/s: 0.00 reconn/s: 0.00
[ 116.0s ] thds: 6 tps: 43.00 qps: 869.96 (r/w/o: 611.97/171.99/86.00) lat (ms,95%): 646.19 err/s: 0.00 reconn/s: 0.00
[ 117.0s ] thds: 6 tps: 70.81 qps: 1385.25 (r/w/o: 965.39/278.25/141.62) lat (ms,95%): 144.97 err/s: 0.00 reconn/s: 0.00
[ 118.0s ] thds: 6 tps: 72.94 qps: 1461.76 (r/w/o: 1027.13/288.75/145.88) lat (ms,95%): 130.13 err/s: 0.00 reconn/s: 0.00
[ 119.0s ] thds: 6 tps: 72.27 qps: 1473.50 (r/w/o: 1031.85/297.11/144.54) lat (ms,95%): 144.97 err/s: 0.00 reconn/s: 0.00
[ 120.0s ] thds: 6 tps: 69.93 qps: 1375.63 (r/w/o: 966.04/269.73/139.86) lat (ms,95%): 183.21 err/s: 0.00 reconn/s: 0.00
SQL statistics:
    queries performed:
        read:                            111482
        write:                           31852
        other:                           15926
        total:                           159260
    transactions:                        7963   (66.32 per sec.)
    queries:                             159260 (1326.46 per sec.)
    ignored errors:                      0      (0.00 per sec.)
    reconnects:                          0      (0.00 per sec.)

Throughput:
    events/s (eps):                      66.3228
    time elapsed:                        120.0643s
    total number of events:              7963

Latency (ms):
         min:                                   21.09
         avg:                                   90.45
         max:                                 5454.78
         95th percentile:                      183.21
         sum:                               720241.46

Threads fairness:
    events (avg/stddev):           1327.1667/35.26
    execution time (avg/stddev):   120.0402/0.01

