sysbench 1.1.0-f698960 (using bundled LuaJIT 2.1.0-beta3)

Running the test with following options:
Number of threads: 6
Report intermediate results every 1.000000 second(s)
Initializing random number generator from current time


Initializing worker threads...

Threads started!

[ 1.0s ] thds: 6 tps: 34.83 qps: 799.12 (r/w/o: 571.23/152.26/75.63) lat (ms,95%): 125.52 err/s: 0.00 reconn/s: 0.00
[ 2.0s ] thds: 6 tps: 17.99 qps: 356.77 (r/w/o: 251.84/68.96/35.98) lat (ms,95%): 746.32 err/s: 0.00 reconn/s: 0.00
[ 3.0s ] thds: 6 tps: 0.00 qps: 5.99 (r/w/o: 0.00/5.99/0.00) lat (ms,95%): 0.00 err/s: 0.00 reconn/s: 0.00
[ 4.0s ] thds: 6 tps: 3.00 qps: 57.00 (r/w/o: 42.00/9.00/6.00) lat (ms,95%): 1903.57 err/s: 0.00 reconn/s: 0.00
[ 5.0s ] thds: 6 tps: 30.01 qps: 598.27 (r/w/o: 420.19/118.05/60.03) lat (ms,95%): 3511.19 err/s: 0.00 reconn/s: 0.00
[ 6.0s ] thds: 6 tps: 50.17 qps: 992.34 (r/w/o: 699.36/192.65/100.34) lat (ms,95%): 694.45 err/s: 0.00 reconn/s: 0.00
[ 7.0s ] thds: 6 tps: 83.89 qps: 1679.79 (r/w/o: 1177.45/334.56/167.78) lat (ms,95%): 158.63 err/s: 0.00 reconn/s: 0.00
[ 8.0s ] thds: 6 tps: 94.12 qps: 1865.35 (r/w/o: 1298.64/378.48/188.24) lat (ms,95%): 161.51 err/s: 0.00 reconn/s: 0.00
[ 9.0s ] thds: 6 tps: 105.97 qps: 2122.44 (r/w/o: 1489.61/420.89/211.94) lat (ms,95%): 110.66 err/s: 0.00 reconn/s: 0.00
[ 10.0s ] thds: 6 tps: 63.78 qps: 1290.49 (r/w/o: 903.84/259.09/127.55) lat (ms,95%): 240.02 err/s: 0.00 reconn/s: 0.00
[ 11.0s ] thds: 6 tps: 81.31 qps: 1603.20 (r/w/o: 1115.31/325.26/162.63) lat (ms,95%): 193.38 err/s: 0.00 reconn/s: 0.00
[ 12.0s ] thds: 6 tps: 89.66 qps: 1826.09 (r/w/o: 1280.15/366.61/179.32) lat (ms,95%): 125.52 err/s: 0.00 reconn/s: 0.00
[ 13.0s ] thds: 6 tps: 98.34 qps: 1953.70 (r/w/o: 1371.71/385.32/196.67) lat (ms,95%): 164.45 err/s: 0.00 reconn/s: 0.00
[ 14.0s ] thds: 6 tps: 82.76 qps: 1659.28 (r/w/o: 1163.69/330.06/165.53) lat (ms,95%): 161.51 err/s: 0.00 reconn/s: 0.00
[ 15.0s ] thds: 6 tps: 57.97 qps: 1159.38 (r/w/o: 809.56/233.87/115.94) lat (ms,95%): 292.60 err/s: 0.00 reconn/s: 0.00
[ 16.0s ] thds: 6 tps: 90.08 qps: 1776.49 (r/w/o: 1240.04/356.30/180.15) lat (ms,95%): 155.80 err/s: 0.00 reconn/s: 0.00
[ 17.0s ] thds: 6 tps: 86.22 qps: 1726.37 (r/w/o: 1209.06/344.87/172.44) lat (ms,95%): 139.85 err/s: 0.00 reconn/s: 0.00
[ 18.0s ] thds: 6 tps: 87.80 qps: 1773.87 (r/w/o: 1243.10/355.17/175.59) lat (ms,95%): 137.35 err/s: 0.00 reconn/s: 0.00
[ 19.0s ] thds: 6 tps: 81.15 qps: 1626.00 (r/w/o: 1140.10/323.60/162.30) lat (ms,95%): 155.80 err/s: 0.00 reconn/s: 0.00
[ 20.0s ] thds: 6 tps: 88.07 qps: 1764.32 (r/w/o: 1230.92/357.27/176.13) lat (ms,95%): 142.39 err/s: 0.00 reconn/s: 0.00
[ 21.0s ] thds: 6 tps: 71.80 qps: 1429.00 (r/w/o: 995.22/290.19/143.60) lat (ms,95%): 144.97 err/s: 0.00 reconn/s: 0.00
[ 22.0s ] thds: 6 tps: 62.97 qps: 1271.40 (r/w/o: 892.58/252.88/125.94) lat (ms,95%): 287.38 err/s: 0.00 reconn/s: 0.00
[ 23.0s ] thds: 6 tps: 46.16 qps: 902.13 (r/w/o: 632.19/177.62/92.32) lat (ms,95%): 530.08 err/s: 0.00 reconn/s: 0.00
[ 24.0s ] thds: 6 tps: 96.88 qps: 1955.49 (r/w/o: 1374.24/387.50/193.75) lat (ms,95%): 101.13 err/s: 0.00 reconn/s: 0.00
[ 25.0s ] thds: 6 tps: 78.10 qps: 1535.97 (r/w/o: 1072.38/307.40/156.20) lat (ms,95%): 130.13 err/s: 0.00 reconn/s: 0.00
[ 26.0s ] thds: 6 tps: 85.86 qps: 1747.07 (r/w/o: 1222.95/352.41/171.71) lat (ms,95%): 142.39 err/s: 0.00 reconn/s: 0.00
[ 27.0s ] thds: 6 tps: 65.86 qps: 1301.17 (r/w/o: 910.02/259.44/131.71) lat (ms,95%): 219.36 err/s: 0.00 reconn/s: 0.00
[ 28.0s ] thds: 6 tps: 93.04 qps: 1871.83 (r/w/o: 1313.58/372.16/186.08) lat (ms,95%): 123.28 err/s: 0.00 reconn/s: 0.00
[ 29.0s ] thds: 6 tps: 75.96 qps: 1516.13 (r/w/o: 1064.39/299.83/151.91) lat (ms,95%): 142.39 err/s: 0.00 reconn/s: 0.00
[ 30.0s ] thds: 6 tps: 52.19 qps: 1045.76 (r/w/o: 726.61/214.77/104.38) lat (ms,95%): 308.84 err/s: 0.00 reconn/s: 0.00
[ 31.0s ] thds: 6 tps: 74.92 qps: 1500.32 (r/w/o: 1050.82/299.66/149.83) lat (ms,95%): 132.49 err/s: 0.00 reconn/s: 0.00
[ 32.0s ] thds: 6 tps: 70.11 qps: 1395.13 (r/w/o: 977.49/277.42/140.21) lat (ms,95%): 153.02 err/s: 0.00 reconn/s: 0.00
[ 33.0s ] thds: 6 tps: 84.99 qps: 1700.83 (r/w/o: 1191.88/338.97/169.98) lat (ms,95%): 173.58 err/s: 0.00 reconn/s: 0.00
[ 34.0s ] thds: 6 tps: 79.01 qps: 1557.13 (r/w/o: 1085.09/315.03/157.01) lat (ms,95%): 248.83 err/s: 0.00 reconn/s: 0.00
[ 35.0s ] thds: 6 tps: 74.96 qps: 1514.14 (r/w/o: 1064.39/298.83/150.91) lat (ms,95%): 153.02 err/s: 0.00 reconn/s: 0.00
[ 36.0s ] thds: 6 tps: 83.01 qps: 1678.11 (r/w/o: 1172.08/340.02/166.01) lat (ms,95%): 153.02 err/s: 0.00 reconn/s: 0.00
[ 37.0s ] thds: 6 tps: 70.85 qps: 1416.94 (r/w/o: 991.86/283.39/141.69) lat (ms,95%): 193.38 err/s: 0.00 reconn/s: 0.00
[ 38.0s ] thds: 6 tps: 75.18 qps: 1491.65 (r/w/o: 1038.54/302.74/150.37) lat (ms,95%): 164.45 err/s: 0.00 reconn/s: 0.00
[ 39.0s ] thds: 6 tps: 77.72 qps: 1542.42 (r/w/o: 1086.07/300.91/155.44) lat (ms,95%): 193.38 err/s: 0.00 reconn/s: 0.00
[ 40.0s ] thds: 6 tps: 79.06 qps: 1601.27 (r/w/o: 1121.89/321.26/158.13) lat (ms,95%): 167.44 err/s: 0.00 reconn/s: 0.00
[ 41.0s ] thds: 6 tps: 74.99 qps: 1490.78 (r/w/o: 1037.85/302.96/149.98) lat (ms,95%): 186.54 err/s: 0.00 reconn/s: 0.00
[ 42.0s ] thds: 6 tps: 78.24 qps: 1565.85 (r/w/o: 1099.40/309.96/156.48) lat (ms,95%): 139.85 err/s: 0.00 reconn/s: 0.00
[ 43.0s ] thds: 6 tps: 92.98 qps: 1862.66 (r/w/o: 1301.76/374.93/185.97) lat (ms,95%): 137.35 err/s: 0.00 reconn/s: 0.00
[ 44.0s ] thds: 6 tps: 86.75 qps: 1734.01 (r/w/o: 1214.50/346.00/173.50) lat (ms,95%): 137.35 err/s: 0.00 reconn/s: 0.00
[ 45.0s ] thds: 6 tps: 55.15 qps: 1097.08 (r/w/o: 772.16/214.60/110.31) lat (ms,95%): 262.64 err/s: 0.00 reconn/s: 0.00
[ 46.0s ] thds: 6 tps: 92.03 qps: 1831.51 (r/w/o: 1275.36/372.10/184.05) lat (ms,95%): 123.28 err/s: 0.00 reconn/s: 0.00
[ 47.0s ] thds: 6 tps: 86.95 qps: 1758.01 (r/w/o: 1236.30/347.80/173.90) lat (ms,95%): 144.97 err/s: 0.00 reconn/s: 0.00
[ 48.0s ] thds: 6 tps: 80.79 qps: 1603.92 (r/w/o: 1122.15/320.19/161.59) lat (ms,95%): 155.80 err/s: 0.00 reconn/s: 0.00
[ 49.0s ] thds: 6 tps: 92.94 qps: 1859.75 (r/w/o: 1298.13/375.75/185.87) lat (ms,95%): 130.13 err/s: 0.00 reconn/s: 0.00
[ 50.0s ] thds: 6 tps: 91.15 qps: 1833.03 (r/w/o: 1289.13/361.60/182.30) lat (ms,95%): 147.61 err/s: 0.00 reconn/s: 0.00
[ 51.0s ] thds: 6 tps: 70.04 qps: 1372.84 (r/w/o: 952.58/280.17/140.09) lat (ms,95%): 161.51 err/s: 0.00 reconn/s: 0.00
[ 52.0s ] thds: 6 tps: 44.01 qps: 903.16 (r/w/o: 640.12/175.03/88.02) lat (ms,95%): 383.33 err/s: 0.00 reconn/s: 0.00
[ 53.0s ] thds: 6 tps: 61.01 qps: 1215.16 (r/w/o: 848.11/245.03/122.02) lat (ms,95%): 161.51 err/s: 0.00 reconn/s: 0.00
[ 54.0s ] thds: 6 tps: 60.89 qps: 1237.85 (r/w/o: 864.50/251.56/121.79) lat (ms,95%): 155.80 err/s: 0.00 reconn/s: 0.00
[ 55.0s ] thds: 6 tps: 67.07 qps: 1287.25 (r/w/o: 895.87/257.25/134.13) lat (ms,95%): 193.38 err/s: 0.00 reconn/s: 0.00
[ 56.0s ] thds: 6 tps: 70.11 qps: 1449.26 (r/w/o: 1023.60/285.45/140.22) lat (ms,95%): 176.73 err/s: 0.00 reconn/s: 0.00
[ 57.0s ] thds: 6 tps: 73.97 qps: 1486.41 (r/w/o: 1035.59/302.88/147.94) lat (ms,95%): 150.29 err/s: 0.00 reconn/s: 0.00
[ 58.0s ] thds: 6 tps: 27.01 qps: 517.19 (r/w/o: 366.14/97.04/54.02) lat (ms,95%): 442.73 err/s: 0.00 reconn/s: 0.00
[ 59.0s ] thds: 6 tps: 84.92 qps: 1711.35 (r/w/o: 1200.84/340.67/169.84) lat (ms,95%): 125.52 err/s: 0.00 reconn/s: 0.00
[ 60.0s ] thds: 6 tps: 40.95 qps: 800.06 (r/w/o: 556.34/161.81/81.90) lat (ms,95%): 390.30 err/s: 0.00 reconn/s: 0.00
[ 61.0s ] thds: 6 tps: 68.15 qps: 1376.05 (r/w/o: 964.14/275.61/136.30) lat (ms,95%): 167.44 err/s: 0.00 reconn/s: 0.00
[ 62.0s ] thds: 6 tps: 53.89 qps: 1081.87 (r/w/o: 750.52/223.56/107.79) lat (ms,95%): 170.48 err/s: 0.00 reconn/s: 0.00
[ 63.0s ] thds: 6 tps: 84.18 qps: 1668.57 (r/w/o: 1172.51/327.70/168.36) lat (ms,95%): 139.85 err/s: 0.00 reconn/s: 0.00
[ 64.0s ] thds: 6 tps: 42.95 qps: 865.93 (r/w/o: 606.25/173.79/85.89) lat (ms,95%): 356.70 err/s: 0.00 reconn/s: 0.00
[ 65.0s ] thds: 6 tps: 82.84 qps: 1663.85 (r/w/o: 1170.78/327.38/165.69) lat (ms,95%): 139.85 err/s: 0.00 reconn/s: 0.00
[ 66.0s ] thds: 6 tps: 60.04 qps: 1199.77 (r/w/o: 833.54/246.16/120.08) lat (ms,95%): 161.51 err/s: 0.00 reconn/s: 0.00
[ 67.0s ] thds: 6 tps: 61.93 qps: 1250.63 (r/w/o: 876.04/250.73/123.86) lat (ms,95%): 161.51 err/s: 0.00 reconn/s: 0.00
[ 68.0s ] thds: 6 tps: 56.17 qps: 1094.22 (r/w/o: 769.26/212.63/112.33) lat (ms,95%): 303.33 err/s: 0.00 reconn/s: 0.00
[ 69.0s ] thds: 6 tps: 61.82 qps: 1265.25 (r/w/o: 882.38/259.23/123.63) lat (ms,95%): 161.51 err/s: 0.00 reconn/s: 0.00
[ 70.0s ] thds: 6 tps: 78.16 qps: 1509.11 (r/w/o: 1048.16/304.63/156.32) lat (ms,95%): 164.45 err/s: 0.00 reconn/s: 0.00
[ 71.0s ] thds: 6 tps: 66.12 qps: 1344.37 (r/w/o: 949.67/262.46/132.23) lat (ms,95%): 176.73 err/s: 0.00 reconn/s: 0.00
[ 72.0s ] thds: 6 tps: 67.99 qps: 1382.78 (r/w/o: 973.85/272.96/135.98) lat (ms,95%): 173.58 err/s: 0.00 reconn/s: 0.00
[ 73.0s ] thds: 6 tps: 61.77 qps: 1234.31 (r/w/o: 859.73/251.05/123.53) lat (ms,95%): 211.60 err/s: 0.00 reconn/s: 0.00
[ 74.0s ] thds: 6 tps: 77.31 qps: 1555.19 (r/w/o: 1087.33/313.25/154.62) lat (ms,95%): 123.28 err/s: 0.00 reconn/s: 0.00
[ 75.0s ] thds: 6 tps: 59.79 qps: 1180.87 (r/w/o: 826.11/235.18/119.58) lat (ms,95%): 144.97 err/s: 0.00 reconn/s: 0.00
[ 76.0s ] thds: 6 tps: 65.10 qps: 1309.07 (r/w/o: 917.45/261.41/130.21) lat (ms,95%): 193.38 err/s: 0.00 reconn/s: 0.00
[ 77.0s ] thds: 6 tps: 51.92 qps: 1037.50 (r/w/o: 731.94/201.71/103.85) lat (ms,95%): 186.54 err/s: 0.00 reconn/s: 0.00
[ 78.0s ] thds: 6 tps: 55.15 qps: 1091.96 (r/w/o: 759.06/222.60/110.30) lat (ms,95%): 320.17 err/s: 0.00 reconn/s: 0.00
[ 79.0s ] thds: 6 tps: 84.05 qps: 1684.97 (r/w/o: 1176.67/340.19/168.10) lat (ms,95%): 108.68 err/s: 0.00 reconn/s: 0.00
[ 80.0s ] thds: 6 tps: 50.91 qps: 1037.16 (r/w/o: 725.71/209.63/101.82) lat (ms,95%): 186.54 err/s: 0.00 reconn/s: 0.00
[ 81.0s ] thds: 6 tps: 77.84 qps: 1518.79 (r/w/o: 1060.76/302.36/155.67) lat (ms,95%): 173.58 err/s: 0.00 reconn/s: 0.00
[ 82.0s ] thds: 6 tps: 69.15 qps: 1368.96 (r/w/o: 959.07/271.59/138.30) lat (ms,95%): 183.21 err/s: 0.00 reconn/s: 0.00
[ 83.0s ] thds: 6 tps: 73.99 qps: 1541.70 (r/w/o: 1073.79/319.94/147.97) lat (ms,95%): 125.52 err/s: 0.00 reconn/s: 0.00
[ 84.0s ] thds: 6 tps: 66.88 qps: 1320.64 (r/w/o: 936.32/250.55/133.76) lat (ms,95%): 179.94 err/s: 0.00 reconn/s: 0.00
[ 85.0s ] thds: 6 tps: 77.28 qps: 1526.50 (r/w/o: 1063.84/308.11/154.56) lat (ms,95%): 153.02 err/s: 0.00 reconn/s: 0.00
[ 86.0s ] thds: 6 tps: 54.83 qps: 1109.63 (r/w/o: 782.62/217.34/109.67) lat (ms,95%): 186.54 err/s: 0.00 reconn/s: 0.00
[ 87.0s ] thds: 6 tps: 42.12 qps: 834.30 (r/w/o: 585.61/164.45/84.23) lat (ms,95%): 308.84 err/s: 0.00 reconn/s: 0.00
[ 88.0s ] thds: 6 tps: 54.01 qps: 1075.30 (r/w/o: 749.21/218.06/108.03) lat (ms,95%): 204.11 err/s: 0.00 reconn/s: 0.00
[ 89.0s ] thds: 6 tps: 97.01 qps: 1935.16 (r/w/o: 1352.11/389.03/194.02) lat (ms,95%): 125.52 err/s: 0.00 reconn/s: 0.00
[ 90.0s ] thds: 6 tps: 62.91 qps: 1282.17 (r/w/o: 900.71/255.63/125.82) lat (ms,95%): 147.61 err/s: 0.00 reconn/s: 0.00
[ 91.0s ] thds: 6 tps: 61.85 qps: 1233.02 (r/w/o: 865.91/243.41/123.70) lat (ms,95%): 147.61 err/s: 0.00 reconn/s: 0.00
[ 92.0s ] thds: 6 tps: 56.21 qps: 1126.18 (r/w/o: 781.90/231.86/112.42) lat (ms,95%): 350.33 err/s: 0.00 reconn/s: 0.00
[ 93.0s ] thds: 6 tps: 58.01 qps: 1160.10 (r/w/o: 806.07/238.02/116.01) lat (ms,95%): 164.45 err/s: 0.00 reconn/s: 0.00
[ 94.0s ] thds: 6 tps: 68.95 qps: 1351.04 (r/w/o: 950.33/262.81/137.90) lat (ms,95%): 211.60 err/s: 0.00 reconn/s: 0.00
[ 95.0s ] thds: 6 tps: 49.94 qps: 1009.73 (r/w/o: 709.11/200.75/99.87) lat (ms,95%): 308.84 err/s: 0.00 reconn/s: 0.00
[ 96.0s ] thds: 6 tps: 76.16 qps: 1545.25 (r/w/o: 1082.27/310.65/152.32) lat (ms,95%): 139.85 err/s: 0.00 reconn/s: 0.00
[ 97.0s ] thds: 6 tps: 71.92 qps: 1425.40 (r/w/o: 999.88/281.68/143.84) lat (ms,95%): 155.80 err/s: 0.00 reconn/s: 0.00
[ 98.0s ] thds: 6 tps: 70.08 qps: 1402.52 (r/w/o: 980.06/282.31/140.15) lat (ms,95%): 176.73 err/s: 0.00 reconn/s: 0.00
[ 99.0s ] thds: 6 tps: 76.73 qps: 1541.68 (r/w/o: 1071.30/316.91/153.47) lat (ms,95%): 144.97 err/s: 0.00 reconn/s: 0.00
[ 100.0s ] thds: 6 tps: 44.15 qps: 833.79 (r/w/o: 584.96/160.54/88.30) lat (ms,95%): 404.61 err/s: 0.00 reconn/s: 0.00
[ 101.0s ] thds: 6 tps: 65.01 qps: 1354.16 (r/w/o: 954.12/270.03/130.02) lat (ms,95%): 164.45 err/s: 0.00 reconn/s: 0.00
[ 102.0s ] thds: 6 tps: 79.80 qps: 1576.96 (r/w/o: 1105.17/312.20/159.59) lat (ms,95%): 158.63 err/s: 0.00 reconn/s: 0.00
[ 103.0s ] thds: 6 tps: 67.88 qps: 1343.72 (r/w/o: 932.42/275.53/135.77) lat (ms,95%): 173.58 err/s: 0.00 reconn/s: 0.00
[ 104.0s ] thds: 6 tps: 78.15 qps: 1591.01 (r/w/o: 1121.12/313.59/156.30) lat (ms,95%): 139.85 err/s: 0.00 reconn/s: 0.00
[ 105.0s ] thds: 6 tps: 83.97 qps: 1654.37 (r/w/o: 1154.56/331.87/167.94) lat (ms,95%): 125.52 err/s: 0.00 reconn/s: 0.00
[ 106.0s ] thds: 6 tps: 72.16 qps: 1467.23 (r/w/o: 1034.28/288.64/144.32) lat (ms,95%): 193.38 err/s: 0.00 reconn/s: 0.00
[ 107.0s ] thds: 6 tps: 36.02 qps: 703.37 (r/w/o: 489.26/142.08/72.04) lat (ms,95%): 344.08 err/s: 0.00 reconn/s: 0.00
[ 108.0s ] thds: 6 tps: 47.96 qps: 952.20 (r/w/o: 662.44/193.84/95.92) lat (ms,95%): 303.33 err/s: 0.00 reconn/s: 0.00
[ 109.0s ] thds: 6 tps: 74.06 qps: 1511.22 (r/w/o: 1053.85/309.25/148.12) lat (ms,95%): 176.73 err/s: 0.00 reconn/s: 0.00
[ 110.0s ] thds: 6 tps: 65.99 qps: 1310.87 (r/w/o: 928.91/249.98/131.99) lat (ms,95%): 215.44 err/s: 0.00 reconn/s: 0.00
[ 111.0s ] thds: 6 tps: 65.01 qps: 1307.25 (r/w/o: 912.18/265.05/130.03) lat (ms,95%): 155.80 err/s: 0.00 reconn/s: 0.00
[ 112.0s ] thds: 6 tps: 46.89 qps: 907.93 (r/w/o: 626.57/187.57/93.79) lat (ms,95%): 257.95 err/s: 0.00 reconn/s: 0.00
[ 113.0s ] thds: 6 tps: 71.90 qps: 1448.91 (r/w/o: 1022.52/282.59/143.79) lat (ms,95%): 186.54 err/s: 0.00 reconn/s: 0.00
[ 114.0s ] thds: 6 tps: 63.08 qps: 1263.56 (r/w/o: 880.09/257.32/126.16) lat (ms,95%): 147.61 err/s: 0.00 reconn/s: 0.00
[ 115.0s ] thds: 6 tps: 80.14 qps: 1604.90 (r/w/o: 1125.03/319.58/160.29) lat (ms,95%): 139.85 err/s: 0.00 reconn/s: 0.00
[ 116.0s ] thds: 6 tps: 48.91 qps: 976.14 (r/w/o: 686.69/191.64/97.81) lat (ms,95%): 248.83 err/s: 0.00 reconn/s: 0.00
[ 117.0s ] thds: 6 tps: 68.16 qps: 1358.13 (r/w/o: 952.20/269.62/136.31) lat (ms,95%): 204.11 err/s: 0.00 reconn/s: 0.00
[ 118.0s ] thds: 6 tps: 52.85 qps: 1063.96 (r/w/o: 737.89/220.37/105.70) lat (ms,95%): 219.36 err/s: 0.00 reconn/s: 0.00
[ 119.0s ] thds: 6 tps: 77.14 qps: 1551.83 (r/w/o: 1089.99/307.56/154.28) lat (ms,95%): 147.61 err/s: 0.00 reconn/s: 0.00
[ 120.0s ] thds: 6 tps: 60.88 qps: 1203.72 (r/w/o: 840.41/241.54/121.77) lat (ms,95%): 170.48 err/s: 0.00 reconn/s: 0.00
SQL statistics:
    queries performed:
        read:                            114380
        write:                           32680
        other:                           16340
        total:                           163400
    transactions:                        8170   (68.01 per sec.)
    queries:                             163400 (1360.27 per sec.)
    ignored errors:                      0      (0.00 per sec.)
    reconnects:                          0      (0.00 per sec.)

Throughput:
    events/s (eps):                      68.0134
    time elapsed:                        120.1234s
    total number of events:              8170

Latency (ms):
         min:                                   18.69
         avg:                                   88.18
         max:                                 5351.81
         95th percentile:                      183.21
         sum:                               720398.12

Threads fairness:
    events (avg/stddev):           1361.6667/13.37
    execution time (avg/stddev):   120.0664/0.04

