This is ApacheBench, Version 2.3 <$Revision: 1843412 $>
Copyright 1996 Adam Twiss, Zeus Technology Ltd, http://www.zeustech.net/
Licensed to The Apache Software Foundation, http://www.apache.org/

Benchmarking 127.0.0.1 (be patient)
Finished 36076 requests


Server Software:        Apache/2.4.38
Server Hostname:        127.0.0.1
Server Port:            8080

Document Path:          /index.html
Document Length:        72615 bytes

Concurrency Level:      1
Time taken for tests:   90.001 seconds
Complete requests:      36076
Failed requests:        3763
   (Connect: 0, Receive: 0, Length: 3763, Exceptions: 0)
Keep-Alive requests:    0
Total transferred:      2626220377 bytes
HTML transferred:       2619654545 bytes
Requests per second:    400.84 [#/sec] (mean)
Time per request:       2.495 [ms] (mean)
Time per request:       2.495 [ms] (mean, across all concurrent requests)
Transfer rate:          28495.84 [Kbytes/sec] received

Connection Times (ms)
              min  mean[+/-sd] median   max
Connect:        0    0   0.0      0       0
Processing:     1    2 156.6      2   29740
Waiting:        1    2 156.6      1   29740
Total:          1    2 156.6      2   29740

Percentage of the requests served within a certain time (ms)
  50%   1.669
  66%   1.735
  75%   1.856
  80%   1.916
  90%   2.091
  95%   2.170
  98%   2.339
  99%   2.367
 100%  29740.122 (longest request)
