This is ApacheBench, Version 2.3 <$Revision: 1843412 $>
Copyright 1996 Adam Twiss, Zeus Technology Ltd, http://www.zeustech.net/
Licensed to The Apache Software Foundation, http://www.apache.org/

Benchmarking 127.0.0.1 (be patient)
Finished 36884 requests


Server Software:        Apache/2.4.38
Server Hostname:        127.0.0.1
Server Port:            8080

Document Path:          /index.html
Document Length:        72615 bytes

Concurrency Level:      1
Time taken for tests:   90.000 seconds
Complete requests:      36884
Failed requests:        3758
   (Connect: 0, Receive: 0, Length: 3758, Exceptions: 0)
Keep-Alive requests:    0
Total transferred:      2685040350 bytes
HTML transferred:       2678327462 bytes
Requests per second:    409.82 [#/sec] (mean)
Time per request:       2.440 [ms] (mean)
Time per request:       2.440 [ms] (mean, across all concurrent requests)
Transfer rate:          29134.47 [Kbytes/sec] received

Connection Times (ms)
              min  mean[+/-sd] median   max
Connect:        0    0   0.0      0       1
Processing:     1    2 154.9      1   29743
Waiting:        1    2 154.9      1   29743
Total:          1    2 154.9      1   29743

Percentage of the requests served within a certain time (ms)
  50%   1.471
  66%   1.789
  75%   1.937
  80%   1.986
  90%   2.111
  95%   2.198
  98%   2.354
  99%   2.380
 100%  29743.465 (longest request)
