This is ApacheBench, Version 2.3 <$Revision: 1843412 $>
Copyright 1996 Adam Twiss, Zeus Technology Ltd, http://www.zeustech.net/
Licensed to The Apache Software Foundation, http://www.apache.org/

Benchmarking 127.0.0.1 (be patient)
Finished 35286 requests


Server Software:        Apache/2.4.38
Server Hostname:        127.0.0.1
Server Port:            8080

Document Path:          /index.html
Document Length:        72615 bytes

Concurrency Level:      1
Time taken for tests:   90.001 seconds
Complete requests:      35286
Failed requests:        3592
   (Connect: 0, Receive: 0, Length: 3592, Exceptions: 0)
Keep-Alive requests:    0
Total transferred:      2568710948 bytes
HTML transferred:       2562288896 bytes
Requests per second:    392.06 [#/sec] (mean)
Time per request:       2.551 [ms] (mean)
Time per request:       2.551 [ms] (mean, across all concurrent requests)
Transfer rate:          27871.99 [Kbytes/sec] received

Connection Times (ms)
              min  mean[+/-sd] median   max
Connect:        0    0   0.0      0       1
Processing:     1    2 158.5      2   29780
Waiting:        1    2 158.5      1   29780
Total:          1    2 158.5      2   29780

Percentage of the requests served within a certain time (ms)
  50%   1.670
  66%   1.718
  75%   1.829
  80%   1.904
  90%   2.158
  95%   2.219
  98%   2.267
  99%   2.341
 100%  29779.774 (longest request)
