This is ApacheBench, Version 2.3 <$Revision: 1843412 $>
Copyright 1996 Adam Twiss, Zeus Technology Ltd, http://www.zeustech.net/
Licensed to The Apache Software Foundation, http://www.apache.org/

Benchmarking 127.0.0.1 (be patient)
Finished 37025 requests


Server Software:        Apache/2.4.38
Server Hostname:        127.0.0.1
Server Port:            8080

Document Path:          /index.html
Document Length:        72615 bytes

Concurrency Level:      1
Time taken for tests:   90.001 seconds
Complete requests:      37025
Failed requests:        3659
   (Connect: 0, Receive: 0, Length: 3659, Exceptions: 0)
Keep-Alive requests:    0
Total transferred:      2695304893 bytes
HTML transferred:       2688566343 bytes
Requests per second:    411.39 [#/sec] (mean)
Time per request:       2.431 [ms] (mean)
Time per request:       2.431 [ms] (mean, across all concurrent requests)
Transfer rate:          29245.67 [Kbytes/sec] received

Connection Times (ms)
              min  mean[+/-sd] median   max
Connect:        0    0   0.0      0       0
Processing:     1    2 154.7      1   29775
Waiting:        1    2 154.7      1   29775
Total:          1    2 154.7      2   29775

Percentage of the requests served within a certain time (ms)
  50%   1.557
  66%   1.599
  75%   1.776
  80%   1.890
  90%   2.080
  95%   2.154
  98%   2.334
  99%   2.362
 100%  29775.181 (longest request)
