sysbench 1.1.0-f698960 (using bundled LuaJIT 2.1.0-beta3)

Running the test with following options:
Number of threads: 4
Report intermediate results every 1.000000 second(s)
Initializing random number generator from current time


Initializing worker threads...

Threads started!

[ 1.0s ] thds: 4 tps: 108.64 qps: 2205.69 (r/w/o: 1549.86/434.56/221.27) lat (ms,95%): 51.02 err/s: 0.00 reconn/s: 0.00
[ 2.0s ] thds: 4 tps: 91.79 qps: 1858.71 (r/w/o: 1298.00/377.13/183.58) lat (ms,95%): 57.87 err/s: 0.00 reconn/s: 0.00
[ 3.0s ] thds: 4 tps: 50.11 qps: 1004.24 (r/w/o: 710.58/193.43/100.22) lat (ms,95%): 150.29 err/s: 0.00 reconn/s: 0.00
[ 4.0s ] thds: 4 tps: 43.85 qps: 876.08 (r/w/o: 613.95/174.42/87.71) lat (ms,95%): 147.61 err/s: 0.00 reconn/s: 0.00
[ 5.0s ] thds: 4 tps: 35.01 qps: 670.10 (r/w/o: 462.07/138.02/70.01) lat (ms,95%): 303.33 err/s: 0.00 reconn/s: 0.00
[ 6.0s ] thds: 4 tps: 51.00 qps: 1058.99 (r/w/o: 745.99/211.00/102.00) lat (ms,95%): 173.58 err/s: 0.00 reconn/s: 0.00
[ 7.0s ] thds: 4 tps: 46.04 qps: 926.76 (r/w/o: 645.53/189.15/92.08) lat (ms,95%): 179.94 err/s: 0.00 reconn/s: 0.00
[ 8.0s ] thds: 4 tps: 56.07 qps: 1112.33 (r/w/o: 782.94/217.26/112.13) lat (ms,95%): 158.63 err/s: 0.00 reconn/s: 0.00
[ 9.0s ] thds: 4 tps: 71.85 qps: 1425.99 (r/w/o: 999.89/282.40/143.70) lat (ms,95%): 110.66 err/s: 0.00 reconn/s: 0.00
[ 10.0s ] thds: 4 tps: 60.01 qps: 1204.16 (r/w/o: 841.11/243.03/120.02) lat (ms,95%): 161.51 err/s: 0.00 reconn/s: 0.00
[ 11.0s ] thds: 4 tps: 57.01 qps: 1145.15 (r/w/o: 798.10/233.03/114.01) lat (ms,95%): 207.82 err/s: 0.00 reconn/s: 0.00
[ 12.0s ] thds: 4 tps: 58.99 qps: 1185.77 (r/w/o: 832.84/234.95/117.98) lat (ms,95%): 183.21 err/s: 0.00 reconn/s: 0.00
[ 13.0s ] thds: 4 tps: 53.17 qps: 1043.28 (r/w/o: 729.29/207.65/106.33) lat (ms,95%): 176.73 err/s: 0.00 reconn/s: 0.00
[ 14.0s ] thds: 4 tps: 51.03 qps: 1030.66 (r/w/o: 724.46/204.13/102.07) lat (ms,95%): 153.02 err/s: 0.00 reconn/s: 0.00
[ 15.0s ] thds: 4 tps: 58.92 qps: 1169.39 (r/w/o: 813.88/237.67/117.84) lat (ms,95%): 130.13 err/s: 0.00 reconn/s: 0.00
[ 16.0s ] thds: 4 tps: 61.85 qps: 1251.87 (r/w/o: 878.80/249.38/123.69) lat (ms,95%): 147.61 err/s: 0.00 reconn/s: 0.00
[ 17.0s ] thds: 4 tps: 40.00 qps: 796.00 (r/w/o: 556.00/160.00/80.00) lat (ms,95%): 287.38 err/s: 0.00 reconn/s: 0.00
[ 18.0s ] thds: 4 tps: 50.10 qps: 986.97 (r/w/o: 692.38/194.39/100.20) lat (ms,95%): 173.58 err/s: 0.00 reconn/s: 0.00
[ 19.0s ] thds: 4 tps: 45.08 qps: 908.70 (r/w/o: 634.18/184.34/90.17) lat (ms,95%): 170.48 err/s: 0.00 reconn/s: 0.00
[ 20.0s ] thds: 4 tps: 61.00 qps: 1238.02 (r/w/o: 867.01/249.00/122.00) lat (ms,95%): 142.39 err/s: 0.00 reconn/s: 0.00
[ 21.0s ] thds: 4 tps: 61.99 qps: 1229.73 (r/w/o: 866.81/238.95/123.97) lat (ms,95%): 130.13 err/s: 0.00 reconn/s: 0.00
[ 22.0s ] thds: 4 tps: 55.01 qps: 1093.21 (r/w/o: 758.15/225.04/110.02) lat (ms,95%): 147.61 err/s: 0.00 reconn/s: 0.00
[ 23.0s ] thds: 4 tps: 58.83 qps: 1189.49 (r/w/o: 835.53/236.30/117.65) lat (ms,95%): 142.39 err/s: 0.00 reconn/s: 0.00
[ 24.0s ] thds: 4 tps: 46.99 qps: 901.82 (r/w/o: 621.87/185.96/93.98) lat (ms,95%): 350.33 err/s: 0.00 reconn/s: 0.00
[ 25.0s ] thds: 4 tps: 60.16 qps: 1232.23 (r/w/o: 869.28/242.64/120.32) lat (ms,95%): 132.49 err/s: 0.00 reconn/s: 0.00
[ 26.0s ] thds: 4 tps: 53.04 qps: 1064.72 (r/w/o: 747.51/211.14/106.07) lat (ms,95%): 123.28 err/s: 0.00 reconn/s: 0.00
[ 27.0s ] thds: 4 tps: 43.83 qps: 879.65 (r/w/o: 614.66/177.32/87.67) lat (ms,95%): 257.95 err/s: 0.00 reconn/s: 0.00
[ 28.0s ] thds: 4 tps: 44.01 qps: 873.18 (r/w/o: 616.13/169.04/88.02) lat (ms,95%): 200.47 err/s: 0.00 reconn/s: 0.00
[ 29.0s ] thds: 4 tps: 34.06 qps: 672.22 (r/w/o: 463.84/140.25/68.12) lat (ms,95%): 211.60 err/s: 0.00 reconn/s: 0.00
[ 30.0s ] thds: 4 tps: 43.90 qps: 897.04 (r/w/o: 629.62/179.61/87.81) lat (ms,95%): 173.58 err/s: 0.00 reconn/s: 0.00
[ 31.0s ] thds: 4 tps: 45.09 qps: 884.67 (r/w/o: 619.17/175.33/90.17) lat (ms,95%): 155.80 err/s: 0.00 reconn/s: 0.00
[ 32.0s ] thds: 4 tps: 44.04 qps: 895.72 (r/w/o: 628.50/179.14/88.07) lat (ms,95%): 161.51 err/s: 0.00 reconn/s: 0.00
[ 33.0s ] thds: 4 tps: 43.04 qps: 858.72 (r/w/o: 602.50/170.14/86.07) lat (ms,95%): 196.89 err/s: 0.00 reconn/s: 0.00
[ 34.0s ] thds: 4 tps: 35.93 qps: 676.70 (r/w/o: 465.10/139.73/71.86) lat (ms,95%): 325.98 err/s: 0.00 reconn/s: 0.00
[ 35.0s ] thds: 4 tps: 38.02 qps: 788.40 (r/w/o: 558.28/154.08/76.04) lat (ms,95%): 235.74 err/s: 0.00 reconn/s: 0.00
[ 36.0s ] thds: 4 tps: 40.06 qps: 807.30 (r/w/o: 564.91/162.26/80.13) lat (ms,95%): 244.38 err/s: 0.00 reconn/s: 0.00
[ 37.0s ] thds: 4 tps: 41.84 qps: 826.93 (r/w/o: 576.86/166.38/83.69) lat (ms,95%): 267.41 err/s: 0.00 reconn/s: 0.00
[ 38.0s ] thds: 4 tps: 43.14 qps: 878.84 (r/w/o: 617.00/175.57/86.28) lat (ms,95%): 173.58 err/s: 0.00 reconn/s: 0.00
[ 39.0s ] thds: 4 tps: 49.92 qps: 979.49 (r/w/o: 685.94/193.70/99.85) lat (ms,95%): 150.29 err/s: 0.00 reconn/s: 0.00
[ 40.0s ] thds: 4 tps: 42.93 qps: 861.51 (r/w/o: 603.95/171.70/85.85) lat (ms,95%): 176.73 err/s: 0.00 reconn/s: 0.00
[ 41.0s ] thds: 4 tps: 39.00 qps: 785.00 (r/w/o: 550.00/157.00/78.00) lat (ms,95%): 186.54 err/s: 0.00 reconn/s: 0.00
[ 42.0s ] thds: 4 tps: 34.00 qps: 684.00 (r/w/o: 476.00/140.00/68.00) lat (ms,95%): 669.89 err/s: 0.00 reconn/s: 0.00
[ 43.0s ] thds: 4 tps: 47.07 qps: 942.40 (r/w/o: 661.98/186.28/94.14) lat (ms,95%): 189.93 err/s: 0.00 reconn/s: 0.00
[ 44.0s ] thds: 4 tps: 27.07 qps: 541.35 (r/w/o: 378.95/108.27/54.14) lat (ms,95%): 337.94 err/s: 0.00 reconn/s: 0.00
[ 45.0s ] thds: 4 tps: 48.00 qps: 965.01 (r/w/o: 676.00/193.00/96.00) lat (ms,95%): 248.83 err/s: 0.00 reconn/s: 0.00
[ 46.0s ] thds: 4 tps: 35.88 qps: 710.72 (r/w/o: 497.40/141.55/71.77) lat (ms,95%): 219.36 err/s: 0.00 reconn/s: 0.00
[ 47.0s ] thds: 4 tps: 51.16 qps: 1021.12 (r/w/o: 714.18/204.63/102.31) lat (ms,95%): 153.02 err/s: 0.00 reconn/s: 0.00
[ 48.0s ] thds: 4 tps: 42.84 qps: 870.71 (r/w/o: 609.70/175.34/85.68) lat (ms,95%): 200.47 err/s: 0.00 reconn/s: 0.00
[ 49.0s ] thds: 4 tps: 44.00 qps: 869.95 (r/w/o: 606.97/174.99/88.00) lat (ms,95%): 207.82 err/s: 0.00 reconn/s: 0.00
[ 50.0s ] thds: 4 tps: 40.09 qps: 808.85 (r/w/o: 572.31/156.36/80.18) lat (ms,95%): 183.21 err/s: 0.00 reconn/s: 0.00
[ 51.0s ] thds: 4 tps: 44.03 qps: 860.66 (r/w/o: 594.45/178.14/88.07) lat (ms,95%): 287.38 err/s: 0.00 reconn/s: 0.00
[ 52.0s ] thds: 4 tps: 37.03 qps: 761.61 (r/w/o: 537.43/150.12/74.06) lat (ms,95%): 170.48 err/s: 0.00 reconn/s: 0.00
[ 53.0s ] thds: 4 tps: 46.00 qps: 902.01 (r/w/o: 628.01/182.00/92.00) lat (ms,95%): 200.47 err/s: 0.00 reconn/s: 0.00
[ 54.0s ] thds: 4 tps: 38.00 qps: 765.97 (r/w/o: 536.98/152.99/76.00) lat (ms,95%): 282.25 err/s: 0.00 reconn/s: 0.00
[ 55.0s ] thds: 4 tps: 42.94 qps: 861.78 (r/w/o: 608.14/167.76/85.88) lat (ms,95%): 204.11 err/s: 0.00 reconn/s: 0.00
[ 56.0s ] thds: 4 tps: 45.07 qps: 906.35 (r/w/o: 627.94/188.28/90.13) lat (ms,95%): 150.29 err/s: 0.00 reconn/s: 0.00
[ 57.0s ] thds: 4 tps: 44.92 qps: 907.34 (r/w/o: 638.83/178.67/89.84) lat (ms,95%): 142.39 err/s: 0.00 reconn/s: 0.00
[ 58.0s ] thds: 4 tps: 37.05 qps: 744.02 (r/w/o: 517.71/152.21/74.10) lat (ms,95%): 161.51 err/s: 0.00 reconn/s: 0.00
[ 59.0s ] thds: 4 tps: 40.86 qps: 794.31 (r/w/o: 554.12/158.46/81.72) lat (ms,95%): 186.54 err/s: 0.00 reconn/s: 0.00
[ 60.0s ] thds: 4 tps: 42.02 qps: 850.42 (r/w/o: 602.30/164.08/84.04) lat (ms,95%): 196.89 err/s: 0.00 reconn/s: 0.00
[ 61.0s ] thds: 4 tps: 39.98 qps: 781.57 (r/w/o: 541.70/159.91/79.96) lat (ms,95%): 164.45 err/s: 0.00 reconn/s: 0.00
[ 62.0s ] thds: 4 tps: 45.16 qps: 921.17 (r/w/o: 645.22/185.64/90.31) lat (ms,95%): 173.58 err/s: 0.00 reconn/s: 0.00
[ 63.0s ] thds: 4 tps: 46.94 qps: 942.75 (r/w/o: 666.12/182.76/93.88) lat (ms,95%): 176.73 err/s: 0.00 reconn/s: 0.00
[ 64.0s ] thds: 4 tps: 42.08 qps: 839.54 (r/w/o: 585.07/170.31/84.15) lat (ms,95%): 167.44 err/s: 0.00 reconn/s: 0.00
[ 65.0s ] thds: 4 tps: 43.83 qps: 862.69 (r/w/o: 603.68/171.34/87.66) lat (ms,95%): 170.48 err/s: 0.00 reconn/s: 0.00
[ 66.0s ] thds: 4 tps: 41.00 qps: 838.95 (r/w/o: 587.97/168.99/82.00) lat (ms,95%): 173.58 err/s: 0.00 reconn/s: 0.00
[ 67.0s ] thds: 4 tps: 53.19 qps: 1053.70 (r/w/o: 739.60/207.73/106.37) lat (ms,95%): 158.63 err/s: 0.00 reconn/s: 0.00
[ 68.0s ] thds: 4 tps: 42.99 qps: 854.86 (r/w/o: 596.90/171.97/85.99) lat (ms,95%): 176.73 err/s: 0.00 reconn/s: 0.00
[ 69.0s ] thds: 4 tps: 40.00 qps: 792.03 (r/w/o: 550.02/162.01/80.00) lat (ms,95%): 183.21 err/s: 0.00 reconn/s: 0.00
[ 70.0s ] thds: 4 tps: 48.92 qps: 981.32 (r/w/o: 686.82/196.66/97.83) lat (ms,95%): 189.93 err/s: 0.00 reconn/s: 0.00
[ 71.0s ] thds: 4 tps: 42.93 qps: 876.56 (r/w/o: 611.00/179.70/85.86) lat (ms,95%): 189.93 err/s: 0.00 reconn/s: 0.00
[ 72.0s ] thds: 4 tps: 49.13 qps: 971.54 (r/w/o: 681.78/191.50/98.26) lat (ms,95%): 170.48 err/s: 0.00 reconn/s: 0.00
[ 73.0s ] thds: 4 tps: 43.02 qps: 869.39 (r/w/o: 617.28/166.07/86.04) lat (ms,95%): 267.41 err/s: 0.00 reconn/s: 0.00
[ 74.0s ] thds: 4 tps: 46.02 qps: 903.48 (r/w/o: 623.33/188.10/92.05) lat (ms,95%): 193.38 err/s: 0.00 reconn/s: 0.00
[ 75.0s ] thds: 4 tps: 43.01 qps: 885.19 (r/w/o: 621.13/178.04/86.02) lat (ms,95%): 150.29 err/s: 0.00 reconn/s: 0.00
[ 76.0s ] thds: 4 tps: 45.99 qps: 904.84 (r/w/o: 631.89/180.97/91.98) lat (ms,95%): 223.34 err/s: 0.00 reconn/s: 0.00
[ 77.0s ] thds: 4 tps: 47.83 qps: 952.69 (r/w/o: 668.68/188.35/95.67) lat (ms,95%): 200.47 err/s: 0.00 reconn/s: 0.00
[ 78.0s ] thds: 4 tps: 45.13 qps: 921.58 (r/w/o: 646.81/184.52/90.25) lat (ms,95%): 125.52 err/s: 0.00 reconn/s: 0.00
[ 79.0s ] thds: 4 tps: 37.03 qps: 729.68 (r/w/o: 512.48/143.13/74.07) lat (ms,95%): 189.93 err/s: 0.00 reconn/s: 0.00
[ 80.0s ] thds: 4 tps: 41.90 qps: 842.99 (r/w/o: 590.59/168.60/83.80) lat (ms,95%): 196.89 err/s: 0.00 reconn/s: 0.00
[ 81.0s ] thds: 4 tps: 40.94 qps: 825.77 (r/w/o: 575.15/168.75/81.88) lat (ms,95%): 179.94 err/s: 0.00 reconn/s: 0.00
[ 82.0s ] thds: 4 tps: 42.13 qps: 830.65 (r/w/o: 585.87/160.51/84.27) lat (ms,95%): 155.80 err/s: 0.00 reconn/s: 0.00
[ 83.0s ] thds: 4 tps: 36.88 qps: 684.73 (r/w/o: 464.46/146.52/73.76) lat (ms,95%): 248.83 err/s: 0.00 reconn/s: 0.00
[ 84.0s ] thds: 4 tps: 25.00 qps: 506.98 (r/w/o: 356.99/100.00/50.00) lat (ms,95%): 350.33 err/s: 0.00 reconn/s: 0.00
[ 85.0s ] thds: 4 tps: 32.11 qps: 694.36 (r/w/o: 495.69/134.46/64.22) lat (ms,95%): 569.67 err/s: 0.00 reconn/s: 0.00
[ 86.0s ] thds: 4 tps: 46.88 qps: 882.83 (r/w/o: 607.51/181.55/93.77) lat (ms,95%): 153.02 err/s: 0.00 reconn/s: 0.00
[ 87.0s ] thds: 4 tps: 39.97 qps: 855.28 (r/w/o: 610.49/164.86/79.93) lat (ms,95%): 193.38 err/s: 0.00 reconn/s: 0.00
[ 88.0s ] thds: 4 tps: 41.00 qps: 809.00 (r/w/o: 565.00/162.00/82.00) lat (ms,95%): 204.11 err/s: 0.00 reconn/s: 0.00
[ 89.0s ] thds: 4 tps: 48.01 qps: 938.27 (r/w/o: 653.19/189.05/96.03) lat (ms,95%): 186.54 err/s: 0.00 reconn/s: 0.00
[ 90.0s ] thds: 4 tps: 44.05 qps: 901.02 (r/w/o: 633.72/179.20/88.10) lat (ms,95%): 267.41 err/s: 0.00 reconn/s: 0.00
SQL statistics:
    queries performed:
        read:                            58688
        write:                           16768
        other:                           8384
        total:                           83840
    transactions:                        4192   (46.49 per sec.)
    queries:                             83840  (929.88 per sec.)
    ignored errors:                      0      (0.00 per sec.)
    reconnects:                          0      (0.00 per sec.)

Throughput:
    events/s (eps):                      46.4939
    time elapsed:                        90.1625s
    total number of events:              4192

Latency (ms):
         min:                                   20.11
         avg:                                   85.97
         max:                                  833.20
         95th percentile:                      193.38
         sum:                               360401.94

Threads fairness:
    events (avg/stddev):           1048.0000/8.57
    execution time (avg/stddev):   90.1005/0.04

