sysbench 1.1.0-f698960 (using bundled LuaJIT 2.1.0-beta3)

Running the test with following options:
Number of threads: 16
Report intermediate results every 1.000000 second(s)
Initializing random number generator from current time


Initializing worker threads...

Threads started!

[ 1.0s ] thds: 16 tps: 2215.93 qps: 40113.09 (r/w/o: 31211.48/4453.80/4447.82) lat (ms,95%): 9.73 err/s: 0.00 reconn/s: 0.00
[ 2.0s ] thds: 16 tps: 1636.40 qps: 29490.14 (r/w/o: 22938.56/3278.79/3272.79) lat (ms,95%): 25.74 err/s: 0.00 reconn/s: 0.00
[ 3.0s ] thds: 16 tps: 1694.14 qps: 30324.47 (r/w/o: 23571.92/3364.27/3388.28) lat (ms,95%): 28.67 err/s: 0.00 reconn/s: 0.00
[ 4.0s ] thds: 16 tps: 2055.86 qps: 37179.43 (r/w/o: 28929.99/4137.71/4111.72) lat (ms,95%): 9.06 err/s: 0.00 reconn/s: 0.00
[ 5.0s ] thds: 16 tps: 2116.45 qps: 38067.08 (r/w/o: 29623.28/4210.90/4232.90) lat (ms,95%): 9.06 err/s: 0.00 reconn/s: 0.00
[ 6.0s ] thds: 16 tps: 1536.40 qps: 27688.14 (r/w/o: 21520.54/3094.81/3072.79) lat (ms,95%): 28.16 err/s: 0.00 reconn/s: 0.00
[ 7.0s ] thds: 16 tps: 2021.32 qps: 36369.84 (r/w/o: 28284.54/4042.65/4042.65) lat (ms,95%): 10.65 err/s: 0.00 reconn/s: 0.00
[ 8.0s ] thds: 16 tps: 1940.65 qps: 34901.72 (r/w/o: 27166.12/3854.29/3881.30) lat (ms,95%): 17.01 err/s: 0.00 reconn/s: 0.00
[ 9.0s ] thds: 16 tps: 2156.49 qps: 38842.91 (r/w/o: 30201.93/4327.99/4312.99) lat (ms,95%): 8.74 err/s: 0.00 reconn/s: 0.00
[ 10.0s ] thds: 16 tps: 1642.62 qps: 29365.17 (r/w/o: 22810.70/3269.24/3285.24) lat (ms,95%): 25.74 err/s: 0.00 reconn/s: 0.00
[ 11.0s ] thds: 16 tps: 2101.32 qps: 38038.82 (r/w/o: 29605.53/4230.65/4202.64) lat (ms,95%): 8.90 err/s: 0.00 reconn/s: 0.00
[ 12.0s ] thds: 16 tps: 1694.91 qps: 30376.46 (r/w/o: 23624.80/3361.83/3389.83) lat (ms,95%): 22.69 err/s: 0.00 reconn/s: 0.00
[ 13.0s ] thds: 16 tps: 2168.83 qps: 39159.96 (r/w/o: 30464.64/4357.66/4337.66) lat (ms,95%): 8.43 err/s: 0.00 reconn/s: 0.00
[ 14.0s ] thds: 16 tps: 1204.64 qps: 21701.49 (r/w/o: 16872.94/2419.27/2409.28) lat (ms,95%): 31.94 err/s: 0.00 reconn/s: 0.00
[ 15.0s ] thds: 16 tps: 1466.78 qps: 26377.01 (r/w/o: 20519.90/2923.56/2933.56) lat (ms,95%): 9.56 err/s: 0.00 reconn/s: 0.00
[ 16.0s ] thds: 16 tps: 1797.13 qps: 32373.35 (r/w/o: 25174.84/3604.25/3594.27) lat (ms,95%): 21.11 err/s: 0.00 reconn/s: 0.00
[ 17.0s ] thds: 16 tps: 1921.56 qps: 34512.02 (r/w/o: 26855.80/3813.10/3843.12) lat (ms,95%): 9.91 err/s: 0.00 reconn/s: 0.00
[ 18.0s ] thds: 16 tps: 1703.91 qps: 30746.35 (r/w/o: 23900.71/3437.83/3407.81) lat (ms,95%): 24.83 err/s: 0.00 reconn/s: 0.00
[ 19.0s ] thds: 16 tps: 1882.31 qps: 33862.57 (r/w/o: 26344.33/3753.61/3764.62) lat (ms,95%): 16.71 err/s: 0.00 reconn/s: 0.00
[ 20.0s ] thds: 16 tps: 2003.75 qps: 36083.58 (r/w/o: 28059.56/4016.51/4007.51) lat (ms,95%): 9.06 err/s: 0.00 reconn/s: 0.00
[ 21.0s ] thds: 16 tps: 1734.94 qps: 31089.07 (r/w/o: 24175.28/3443.90/3469.89) lat (ms,95%): 23.52 err/s: 0.00 reconn/s: 0.00
[ 22.0s ] thds: 16 tps: 1904.09 qps: 34345.51 (r/w/o: 26731.15/3806.18/3808.18) lat (ms,95%): 23.52 err/s: 0.00 reconn/s: 0.00
[ 23.0s ] thds: 16 tps: 1960.78 qps: 35291.10 (r/w/o: 27449.97/3919.57/3921.57) lat (ms,95%): 15.83 err/s: 0.00 reconn/s: 0.00
[ 24.0s ] thds: 16 tps: 2274.89 qps: 40976.08 (r/w/o: 31870.50/4555.79/4549.79) lat (ms,95%): 8.43 err/s: 0.00 reconn/s: 0.00
[ 25.0s ] thds: 16 tps: 1682.93 qps: 30253.79 (r/w/o: 23526.06/3361.87/3365.87) lat (ms,95%): 28.16 err/s: 0.00 reconn/s: 0.00
[ 26.0s ] thds: 16 tps: 1786.76 qps: 32218.54 (r/w/o: 25051.54/3593.48/3573.52) lat (ms,95%): 20.74 err/s: 0.00 reconn/s: 0.00
[ 27.0s ] thds: 16 tps: 2154.96 qps: 38814.35 (r/w/o: 30186.48/4317.94/4309.92) lat (ms,95%): 9.06 err/s: 0.00 reconn/s: 0.00
[ 28.0s ] thds: 16 tps: 2117.30 qps: 38046.53 (r/w/o: 29603.29/4208.63/4234.61) lat (ms,95%): 8.74 err/s: 0.00 reconn/s: 0.00
[ 29.0s ] thds: 16 tps: 1781.21 qps: 32117.84 (r/w/o: 24968.98/3586.44/3562.42) lat (ms,95%): 19.65 err/s: 0.00 reconn/s: 0.00
[ 30.0s ] thds: 16 tps: 1657.45 qps: 29761.29 (r/w/o: 23157.43/3288.95/3314.91) lat (ms,95%): 27.17 err/s: 0.00 reconn/s: 0.00
[ 31.0s ] thds: 16 tps: 2140.62 qps: 38585.26 (r/w/o: 29998.75/4305.27/4281.25) lat (ms,95%): 9.39 err/s: 0.00 reconn/s: 0.00
[ 32.0s ] thds: 16 tps: 2179.62 qps: 39260.25 (r/w/o: 30537.75/4363.25/4359.25) lat (ms,95%): 8.74 err/s: 0.00 reconn/s: 0.00
[ 33.0s ] thds: 16 tps: 1647.92 qps: 29601.45 (r/w/o: 23031.80/3273.82/3295.83) lat (ms,95%): 24.38 err/s: 0.00 reconn/s: 0.00
[ 34.0s ] thds: 16 tps: 1696.65 qps: 30580.68 (r/w/o: 23779.08/3408.30/3393.30) lat (ms,95%): 24.38 err/s: 0.00 reconn/s: 0.00
[ 35.0s ] thds: 16 tps: 2218.20 qps: 39907.59 (r/w/o: 31052.79/4418.41/4436.40) lat (ms,95%): 8.58 err/s: 0.00 reconn/s: 0.00
[ 36.0s ] thds: 16 tps: 2054.92 qps: 37032.51 (r/w/o: 28785.84/4136.83/4109.83) lat (ms,95%): 9.22 err/s: 0.00 reconn/s: 0.00
[ 37.0s ] thds: 16 tps: 1718.73 qps: 30937.13 (r/w/o: 24062.21/3437.46/3437.46) lat (ms,95%): 24.83 err/s: 0.00 reconn/s: 0.00
[ 38.0s ] thds: 16 tps: 1656.18 qps: 29752.22 (r/w/o: 23157.52/3282.34/3312.36) lat (ms,95%): 31.37 err/s: 0.00 reconn/s: 0.00
[ 39.0s ] thds: 16 tps: 2115.50 qps: 38027.05 (r/w/o: 29554.05/4242.00/4231.00) lat (ms,95%): 8.90 err/s: 0.00 reconn/s: 0.00
[ 40.0s ] thds: 16 tps: 2143.52 qps: 38529.46 (r/w/o: 29966.36/4276.05/4287.05) lat (ms,95%): 8.74 err/s: 0.00 reconn/s: 0.00
[ 41.0s ] thds: 16 tps: 1957.41 qps: 35332.10 (r/w/o: 27482.52/3936.76/3912.83) lat (ms,95%): 9.91 err/s: 0.00 reconn/s: 0.00
[ 42.0s ] thds: 16 tps: 1287.60 qps: 23236.03 (r/w/o: 18080.61/2578.21/2577.21) lat (ms,95%): 31.94 err/s: 0.00 reconn/s: 0.00
[ 43.0s ] thds: 16 tps: 2153.54 qps: 38699.70 (r/w/o: 30112.54/4280.08/4307.08) lat (ms,95%): 8.90 err/s: 0.00 reconn/s: 0.00
[ 44.0s ] thds: 16 tps: 1474.00 qps: 26603.07 (r/w/o: 20675.05/2980.02/2948.00) lat (ms,95%): 21.89 err/s: 0.00 reconn/s: 0.00
[ 45.0s ] thds: 16 tps: 2267.55 qps: 40666.00 (r/w/o: 31625.78/4505.11/4535.11) lat (ms,95%): 8.58 err/s: 0.00 reconn/s: 0.00
[ 46.0s ] thds: 16 tps: 1454.19 qps: 26325.19 (r/w/o: 20478.48/2938.33/2908.39) lat (ms,95%): 27.66 err/s: 0.00 reconn/s: 0.00
[ 47.0s ] thds: 16 tps: 1806.68 qps: 32520.24 (r/w/o: 25293.52/3613.36/3613.36) lat (ms,95%): 22.28 err/s: 0.00 reconn/s: 0.00
[ 48.0s ] thds: 16 tps: 2181.83 qps: 39223.01 (r/w/o: 30523.66/4335.68/4363.66) lat (ms,95%): 8.74 err/s: 0.00 reconn/s: 0.00
[ 49.0s ] thds: 16 tps: 2098.45 qps: 37819.07 (r/w/o: 29399.27/4222.91/4196.89) lat (ms,95%): 9.06 err/s: 0.00 reconn/s: 0.00
[ 50.0s ] thds: 16 tps: 1542.64 qps: 27743.60 (r/w/o: 21575.03/3083.29/3085.29) lat (ms,95%): 30.81 err/s: 0.00 reconn/s: 0.00
[ 51.0s ] thds: 16 tps: 1756.88 qps: 31644.82 (r/w/o: 24617.31/3513.76/3513.76) lat (ms,95%): 21.50 err/s: 0.00 reconn/s: 0.00
[ 52.0s ] thds: 16 tps: 2155.53 qps: 38574.60 (r/w/o: 29978.47/4285.07/4311.06) lat (ms,95%): 8.90 err/s: 0.00 reconn/s: 0.00
[ 53.0s ] thds: 16 tps: 2157.10 qps: 38979.85 (r/w/o: 30349.44/4316.20/4314.20) lat (ms,95%): 8.58 err/s: 0.00 reconn/s: 0.00
[ 54.0s ] thds: 16 tps: 1636.33 qps: 29532.66 (r/w/o: 22959.43/3300.57/3272.65) lat (ms,95%): 23.52 err/s: 0.00 reconn/s: 0.00
[ 55.0s ] thds: 16 tps: 1683.38 qps: 30214.60 (r/w/o: 23511.16/3336.68/3366.76) lat (ms,95%): 26.20 err/s: 0.00 reconn/s: 0.00
[ 56.0s ] thds: 16 tps: 2283.01 qps: 41170.21 (r/w/o: 32012.16/4592.03/4566.02) lat (ms,95%): 8.13 err/s: 0.00 reconn/s: 0.00
[ 57.0s ] thds: 16 tps: 2357.55 qps: 42441.95 (r/w/o: 33009.74/4717.11/4715.11) lat (ms,95%): 8.13 err/s: 0.00 reconn/s: 0.00
[ 58.0s ] thds: 16 tps: 1710.39 qps: 30665.00 (r/w/o: 23851.44/3392.77/3420.79) lat (ms,95%): 25.28 err/s: 0.00 reconn/s: 0.00
[ 59.0s ] thds: 16 tps: 1739.67 qps: 31407.12 (r/w/o: 24436.42/3491.35/3479.35) lat (ms,95%): 19.29 err/s: 0.00 reconn/s: 0.00
[ 60.0s ] thds: 16 tps: 2299.43 qps: 41416.66 (r/w/o: 32202.95/4614.85/4598.85) lat (ms,95%): 8.58 err/s: 0.00 reconn/s: 0.00
[ 61.0s ] thds: 16 tps: 1659.24 qps: 29849.25 (r/w/o: 23222.30/3308.48/3318.47) lat (ms,95%): 13.22 err/s: 0.00 reconn/s: 0.00
[ 62.0s ] thds: 16 tps: 830.93 qps: 14972.76 (r/w/o: 11644.03/1666.87/1661.86) lat (ms,95%): 99.33 err/s: 0.00 reconn/s: 0.00
[ 63.0s ] thds: 16 tps: 1131.99 qps: 20377.73 (r/w/o: 15847.79/2265.97/2263.97) lat (ms,95%): 45.79 err/s: 0.00 reconn/s: 0.00
[ 64.0s ] thds: 16 tps: 1064.99 qps: 19040.75 (r/w/o: 14797.81/2118.97/2123.97) lat (ms,95%): 27.66 err/s: 0.00 reconn/s: 0.00
[ 65.0s ] thds: 16 tps: 530.61 qps: 9592.00 (r/w/o: 7467.55/1057.23/1067.22) lat (ms,95%): 63.32 err/s: 0.00 reconn/s: 0.00
[ 66.0s ] thds: 16 tps: 843.08 qps: 15268.28 (r/w/o: 11875.99/1706.12/1686.17) lat (ms,95%): 55.82 err/s: 0.00 reconn/s: 0.00
[ 67.0s ] thds: 16 tps: 844.73 qps: 15093.82 (r/w/o: 11736.96/1667.39/1689.46) lat (ms,95%): 62.19 err/s: 0.00 reconn/s: 0.00
[ 68.0s ] thds: 16 tps: 480.86 qps: 8766.24 (r/w/o: 6820.85/983.67/961.72) lat (ms,95%): 59.99 err/s: 0.00 reconn/s: 0.00
[ 69.0s ] thds: 16 tps: 1059.07 qps: 19032.11 (r/w/o: 14811.89/2102.09/2118.13) lat (ms,95%): 61.08 err/s: 0.00 reconn/s: 0.00
[ 70.0s ] thds: 16 tps: 601.69 qps: 10861.24 (r/w/o: 8438.56/1219.31/1203.37) lat (ms,95%): 142.39 err/s: 0.00 reconn/s: 0.00
[ 71.0s ] thds: 16 tps: 1101.89 qps: 19827.01 (r/w/o: 15424.47/2198.76/2203.78) lat (ms,95%): 53.85 err/s: 0.00 reconn/s: 0.00
[ 72.0s ] thds: 16 tps: 257.10 qps: 4634.87 (r/w/o: 3601.46/519.19/514.21) lat (ms,95%): 59.99 err/s: 0.00 reconn/s: 0.00
[ 73.0s ] thds: 16 tps: 833.96 qps: 15011.37 (r/w/o: 11675.51/1667.93/1667.93) lat (ms,95%): 68.05 err/s: 0.00 reconn/s: 0.00
[ 74.0s ] thds: 16 tps: 64.00 qps: 1152.07 (r/w/o: 896.05/128.01/128.01) lat (ms,95%): 292.60 err/s: 0.00 reconn/s: 0.00
[ 75.0s ] thds: 16 tps: 415.55 qps: 7479.89 (r/w/o: 5817.69/831.10/831.10) lat (ms,95%): 231.53 err/s: 0.00 reconn/s: 0.00
[ 76.0s ] thds: 16 tps: 1764.99 qps: 31752.87 (r/w/o: 24695.90/3527.99/3528.99) lat (ms,95%): 21.11 err/s: 0.00 reconn/s: 0.00
[ 77.0s ] thds: 16 tps: 2094.57 qps: 37709.21 (r/w/o: 29329.94/4189.13/4190.13) lat (ms,95%): 8.90 err/s: 0.00 reconn/s: 0.00
[ 78.0s ] thds: 16 tps: 1311.82 qps: 23622.70 (r/w/o: 18373.43/2625.63/2623.64) lat (ms,95%): 13.22 err/s: 0.00 reconn/s: 0.00
[ 79.0s ] thds: 16 tps: 597.58 qps: 10756.48 (r/w/o: 8366.15/1195.16/1195.16) lat (ms,95%): 134.90 err/s: 0.00 reconn/s: 0.00
[ 80.0s ] thds: 16 tps: 829.99 qps: 14939.84 (r/w/o: 11619.87/1659.98/1659.98) lat (ms,95%): 36.89 err/s: 0.00 reconn/s: 0.00
[ 81.0s ] thds: 16 tps: 1356.67 qps: 24348.81 (r/w/o: 18950.22/2685.24/2713.34) lat (ms,95%): 27.66 err/s: 0.00 reconn/s: 0.00
[ 82.0s ] thds: 16 tps: 2374.32 qps: 42786.73 (r/w/o: 33273.45/4764.64/4748.63) lat (ms,95%): 8.43 err/s: 0.00 reconn/s: 0.00
[ 83.0s ] thds: 16 tps: 2356.93 qps: 42417.67 (r/w/o: 32993.97/4709.85/4713.85) lat (ms,95%): 8.13 err/s: 0.00 reconn/s: 0.00
[ 84.0s ] thds: 16 tps: 1642.81 qps: 29578.50 (r/w/o: 23001.28/3291.61/3285.61) lat (ms,95%): 25.28 err/s: 0.00 reconn/s: 0.00
[ 85.0s ] thds: 16 tps: 1282.98 qps: 23114.54 (r/w/o: 17972.66/2575.92/2565.96) lat (ms,95%): 36.89 err/s: 0.00 reconn/s: 0.00
[ 86.0s ] thds: 16 tps: 1077.20 qps: 19382.64 (r/w/o: 15077.84/2150.39/2154.41) lat (ms,95%): 23.95 err/s: 0.00 reconn/s: 0.00
[ 87.0s ] thds: 16 tps: 1548.10 qps: 27871.76 (r/w/o: 21676.38/3099.19/3096.20) lat (ms,95%): 11.24 err/s: 0.00 reconn/s: 0.00
[ 88.0s ] thds: 16 tps: 1942.24 qps: 34896.27 (r/w/o: 27156.35/3855.44/3884.49) lat (ms,95%): 15.83 err/s: 0.00 reconn/s: 0.00
[ 89.0s ] thds: 16 tps: 1742.70 qps: 31371.53 (r/w/o: 24390.72/3495.41/3485.39) lat (ms,95%): 21.89 err/s: 0.00 reconn/s: 0.00
[ 90.0s ] thds: 16 tps: 1521.94 qps: 27445.99 (r/w/o: 21345.21/3056.89/3043.89) lat (ms,95%): 30.81 err/s: 0.00 reconn/s: 0.00
SQL statistics:
    queries performed:
        read:                            2082864
        write:                           297552
        other:                           297552
        total:                           2677968
    transactions:                        148776 (1652.77 per sec.)
    queries:                             2677968 (29749.79 per sec.)
    ignored errors:                      0      (0.00 per sec.)
    reconnects:                          0      (0.00 per sec.)

Throughput:
    events/s (eps):                      1652.7660
    time elapsed:                        90.0164s
    total number of events:              148776

Latency (ms):
         min:                                    3.73
         avg:                                    9.68
         max:                                  684.13
         95th percentile:                       19.65
         sum:                              1439565.54

Threads fairness:
    events (avg/stddev):           9298.5000/15.13
    execution time (avg/stddev):   89.9728/0.00

