sysbench 1.1.0-f698960 (using bundled LuaJIT 2.1.0-beta3)

Running the test with following options:
Number of threads: 16
Report intermediate results every 1.000000 second(s)
Initializing random number generator from current time


Initializing worker threads...

Threads started!

[ 1.0s ] thds: 16 tps: 1958.42 qps: 35478.84 (r/w/o: 27615.26/3930.79/3932.79) lat (ms,95%): 10.65 err/s: 0.00 reconn/s: 0.00
[ 2.0s ] thds: 16 tps: 1712.46 qps: 30778.32 (r/w/o: 23942.47/3410.93/3424.92) lat (ms,95%): 25.74 err/s: 0.00 reconn/s: 0.00
[ 3.0s ] thds: 16 tps: 2266.81 qps: 40876.69 (r/w/o: 31785.42/4557.64/4533.63) lat (ms,95%): 8.58 err/s: 0.00 reconn/s: 0.00
[ 4.0s ] thds: 16 tps: 1668.23 qps: 30044.14 (r/w/o: 23363.22/3344.46/3336.46) lat (ms,95%): 24.83 err/s: 0.00 reconn/s: 0.00
[ 5.0s ] thds: 16 tps: 1402.81 qps: 25250.56 (r/w/o: 19639.32/2805.62/2805.62) lat (ms,95%): 8.74 err/s: 0.00 reconn/s: 0.00
[ 6.0s ] thds: 16 tps: 1275.82 qps: 22865.45 (r/w/o: 17786.24/2527.56/2551.65) lat (ms,95%): 29.19 err/s: 0.00 reconn/s: 0.00
[ 7.0s ] thds: 16 tps: 2376.06 qps: 42865.14 (r/w/o: 33339.89/4773.13/4752.13) lat (ms,95%): 8.28 err/s: 0.00 reconn/s: 0.00
[ 8.0s ] thds: 16 tps: 2081.03 qps: 37461.56 (r/w/o: 29134.45/4165.06/4162.06) lat (ms,95%): 8.90 err/s: 0.00 reconn/s: 0.00
[ 9.0s ] thds: 16 tps: 1919.84 qps: 34508.08 (r/w/o: 26858.78/3809.61/3839.69) lat (ms,95%): 22.69 err/s: 0.00 reconn/s: 0.00
[ 10.0s ] thds: 16 tps: 1628.60 qps: 29350.77 (r/w/o: 22817.38/3276.19/3257.20) lat (ms,95%): 24.83 err/s: 0.00 reconn/s: 0.00
[ 11.0s ] thds: 16 tps: 2275.22 qps: 40809.92 (r/w/o: 31726.04/4536.44/4547.44) lat (ms,95%): 8.58 err/s: 0.00 reconn/s: 0.00
[ 12.0s ] thds: 16 tps: 2148.72 qps: 38832.84 (r/w/o: 30210.98/4321.42/4300.44) lat (ms,95%): 8.90 err/s: 0.00 reconn/s: 0.00
[ 13.0s ] thds: 16 tps: 1812.62 qps: 32624.14 (r/w/o: 25374.67/3624.24/3625.24) lat (ms,95%): 17.32 err/s: 0.00 reconn/s: 0.00
[ 14.0s ] thds: 16 tps: 1598.42 qps: 28685.61 (r/w/o: 22319.92/3168.84/3196.85) lat (ms,95%): 26.68 err/s: 0.00 reconn/s: 0.00
[ 15.0s ] thds: 16 tps: 2118.16 qps: 38216.86 (r/w/o: 29714.22/4266.33/4236.31) lat (ms,95%): 8.74 err/s: 0.00 reconn/s: 0.00
[ 16.0s ] thds: 16 tps: 2063.65 qps: 37082.78 (r/w/o: 28858.15/4097.32/4127.30) lat (ms,95%): 9.39 err/s: 0.00 reconn/s: 0.00
[ 17.0s ] thds: 16 tps: 1681.91 qps: 30337.37 (r/w/o: 23579.74/3393.82/3363.82) lat (ms,95%): 27.17 err/s: 0.00 reconn/s: 0.00
[ 18.0s ] thds: 16 tps: 1457.51 qps: 26187.08 (r/w/o: 20383.07/2889.00/2915.01) lat (ms,95%): 28.16 err/s: 0.00 reconn/s: 0.00
[ 19.0s ] thds: 16 tps: 2066.99 qps: 37229.76 (r/w/o: 28944.82/4150.97/4133.97) lat (ms,95%): 9.06 err/s: 0.00 reconn/s: 0.00
[ 20.0s ] thds: 16 tps: 1222.12 qps: 22022.08 (r/w/o: 17124.63/2453.21/2444.24) lat (ms,95%): 9.56 err/s: 0.00 reconn/s: 0.00
[ 21.0s ] thds: 16 tps: 1872.18 qps: 33628.96 (r/w/o: 26170.35/3714.25/3744.35) lat (ms,95%): 9.39 err/s: 0.00 reconn/s: 0.00
[ 22.0s ] thds: 16 tps: 1350.82 qps: 24384.60 (r/w/o: 18951.38/2731.59/2701.63) lat (ms,95%): 29.19 err/s: 0.00 reconn/s: 0.00
[ 23.0s ] thds: 16 tps: 1870.52 qps: 33663.37 (r/w/o: 26185.29/3737.04/3741.04) lat (ms,95%): 19.65 err/s: 0.00 reconn/s: 0.00
[ 24.0s ] thds: 16 tps: 2091.97 qps: 37661.52 (r/w/o: 29289.63/4187.95/4183.95) lat (ms,95%): 9.39 err/s: 0.00 reconn/s: 0.00
[ 25.0s ] thds: 16 tps: 2153.13 qps: 38673.34 (r/w/o: 30090.82/4276.27/4306.26) lat (ms,95%): 8.58 err/s: 0.00 reconn/s: 0.00
[ 26.0s ] thds: 16 tps: 1420.92 qps: 25659.58 (r/w/o: 19945.89/2871.86/2841.84) lat (ms,95%): 31.94 err/s: 0.00 reconn/s: 0.00
[ 27.0s ] thds: 16 tps: 1964.81 qps: 35184.58 (r/w/o: 27355.34/3899.62/3929.62) lat (ms,95%): 17.63 err/s: 0.00 reconn/s: 0.00
[ 28.0s ] thds: 16 tps: 2241.94 qps: 40435.85 (r/w/o: 31468.11/4483.87/4483.87) lat (ms,95%): 8.58 err/s: 0.00 reconn/s: 0.00
[ 29.0s ] thds: 16 tps: 2056.59 qps: 36888.62 (r/w/o: 28662.28/4113.17/4113.17) lat (ms,95%): 9.22 err/s: 0.00 reconn/s: 0.00
[ 30.0s ] thds: 16 tps: 1402.37 qps: 25454.80 (r/w/o: 19819.30/2830.76/2804.75) lat (ms,95%): 28.16 err/s: 0.00 reconn/s: 0.00
[ 31.0s ] thds: 16 tps: 1908.53 qps: 34343.47 (r/w/o: 26724.36/3802.06/3817.05) lat (ms,95%): 12.98 err/s: 0.00 reconn/s: 0.00
[ 32.0s ] thds: 16 tps: 2111.43 qps: 37996.73 (r/w/o: 29550.01/4223.86/4222.86) lat (ms,95%): 8.90 err/s: 0.00 reconn/s: 0.00
[ 33.0s ] thds: 16 tps: 2214.63 qps: 39898.29 (r/w/o: 31023.78/4445.25/4429.25) lat (ms,95%): 8.58 err/s: 0.00 reconn/s: 0.00
[ 34.0s ] thds: 16 tps: 1485.17 qps: 26736.09 (r/w/o: 20793.40/2972.34/2970.34) lat (ms,95%): 31.37 err/s: 0.00 reconn/s: 0.00
[ 35.0s ] thds: 16 tps: 1840.62 qps: 33131.11 (r/w/o: 25768.64/3681.23/3681.23) lat (ms,95%): 20.37 err/s: 0.00 reconn/s: 0.00
[ 36.0s ] thds: 16 tps: 2206.38 qps: 39548.90 (r/w/o: 30753.38/4382.78/4412.75) lat (ms,95%): 8.90 err/s: 0.00 reconn/s: 0.00
[ 37.0s ] thds: 16 tps: 2220.28 qps: 39986.00 (r/w/o: 31104.89/4440.55/4440.55) lat (ms,95%): 8.43 err/s: 0.00 reconn/s: 0.00
[ 38.0s ] thds: 16 tps: 1640.46 qps: 29670.31 (r/w/o: 23080.46/3308.92/3280.93) lat (ms,95%): 25.28 err/s: 0.00 reconn/s: 0.00
[ 39.0s ] thds: 16 tps: 1774.72 qps: 31896.86 (r/w/o: 24805.00/3545.43/3546.43) lat (ms,95%): 21.50 err/s: 0.00 reconn/s: 0.00
[ 40.0s ] thds: 16 tps: 2245.24 qps: 40461.37 (r/w/o: 31473.40/4494.49/4493.49) lat (ms,95%): 8.43 err/s: 0.00 reconn/s: 0.00
[ 41.0s ] thds: 16 tps: 2329.68 qps: 41923.22 (r/w/o: 32604.51/4659.36/4659.36) lat (ms,95%): 8.13 err/s: 0.00 reconn/s: 0.00
[ 42.0s ] thds: 16 tps: 1561.65 qps: 27955.74 (r/w/o: 21737.13/3095.31/3123.30) lat (ms,95%): 29.72 err/s: 0.00 reconn/s: 0.00
[ 43.0s ] thds: 16 tps: 1786.10 qps: 32296.90 (r/w/o: 25128.48/3596.21/3572.21) lat (ms,95%): 17.01 err/s: 0.00 reconn/s: 0.00
[ 44.0s ] thds: 16 tps: 2251.86 qps: 40497.51 (r/w/o: 31511.05/4482.74/4503.72) lat (ms,95%): 8.43 err/s: 0.00 reconn/s: 0.00
[ 45.0s ] thds: 16 tps: 2175.24 qps: 39189.28 (r/w/o: 30475.33/4363.48/4350.47) lat (ms,95%): 8.74 err/s: 0.00 reconn/s: 0.00
[ 46.0s ] thds: 16 tps: 1664.36 qps: 29969.46 (r/w/o: 23300.01/3340.73/3328.72) lat (ms,95%): 24.83 err/s: 0.00 reconn/s: 0.00
[ 47.0s ] thds: 16 tps: 1760.80 qps: 31699.32 (r/w/o: 24658.13/3519.59/3521.59) lat (ms,95%): 29.19 err/s: 0.00 reconn/s: 0.00
[ 48.0s ] thds: 16 tps: 2264.95 qps: 40767.03 (r/w/o: 31708.25/4528.89/4529.89) lat (ms,95%): 8.74 err/s: 0.00 reconn/s: 0.00
[ 49.0s ] thds: 16 tps: 1464.82 qps: 26297.71 (r/w/o: 20463.44/2904.64/2929.63) lat (ms,95%): 20.37 err/s: 0.00 reconn/s: 0.00
[ 50.0s ] thds: 16 tps: 1647.68 qps: 29737.25 (r/w/o: 23115.52/3325.37/3296.36) lat (ms,95%): 26.68 err/s: 0.00 reconn/s: 0.00
[ 51.0s ] thds: 16 tps: 1702.80 qps: 30649.48 (r/w/o: 23839.27/3405.61/3404.61) lat (ms,95%): 23.95 err/s: 0.00 reconn/s: 0.00
[ 52.0s ] thds: 16 tps: 2322.35 qps: 41725.25 (r/w/o: 32465.86/4614.69/4644.70) lat (ms,95%): 8.28 err/s: 0.00 reconn/s: 0.00
[ 53.0s ] thds: 16 tps: 2290.52 qps: 41281.42 (r/w/o: 32099.33/4601.05/4581.05) lat (ms,95%): 8.58 err/s: 0.00 reconn/s: 0.00
[ 54.0s ] thds: 16 tps: 1640.01 qps: 29541.16 (r/w/o: 22973.13/3288.01/3280.02) lat (ms,95%): 25.28 err/s: 0.00 reconn/s: 0.00
[ 55.0s ] thds: 16 tps: 1663.10 qps: 29935.87 (r/w/o: 23285.46/3324.21/3326.21) lat (ms,95%): 24.83 err/s: 0.00 reconn/s: 0.00
[ 56.0s ] thds: 16 tps: 2302.60 qps: 41423.79 (r/w/o: 32226.39/4592.20/4605.20) lat (ms,95%): 8.28 err/s: 0.00 reconn/s: 0.00
[ 57.0s ] thds: 16 tps: 2301.39 qps: 41452.01 (r/w/o: 32229.48/4619.74/4602.79) lat (ms,95%): 8.28 err/s: 0.00 reconn/s: 0.00
[ 58.0s ] thds: 16 tps: 1663.79 qps: 29945.14 (r/w/o: 23293.00/3324.56/3327.57) lat (ms,95%): 29.72 err/s: 0.00 reconn/s: 0.00
[ 59.0s ] thds: 16 tps: 1673.18 qps: 30044.28 (r/w/o: 23380.55/3317.36/3346.37) lat (ms,95%): 23.95 err/s: 0.00 reconn/s: 0.00
[ 60.0s ] thds: 16 tps: 2231.75 qps: 40237.45 (r/w/o: 31282.46/4491.50/4463.49) lat (ms,95%): 8.43 err/s: 0.00 reconn/s: 0.00
[ 61.0s ] thds: 16 tps: 1635.97 qps: 29422.51 (r/w/o: 22886.62/3263.95/3271.94) lat (ms,95%): 13.70 err/s: 0.00 reconn/s: 0.00
[ 62.0s ] thds: 16 tps: 1134.34 qps: 20400.12 (r/w/o: 15880.76/2250.67/2268.68) lat (ms,95%): 46.63 err/s: 0.00 reconn/s: 0.00
[ 63.0s ] thds: 16 tps: 850.60 qps: 15363.71 (r/w/o: 11931.34/1731.18/1701.19) lat (ms,95%): 134.90 err/s: 0.00 reconn/s: 0.00
[ 64.0s ] thds: 16 tps: 1542.85 qps: 27650.39 (r/w/o: 21500.97/3063.71/3085.71) lat (ms,95%): 15.27 err/s: 0.00 reconn/s: 0.00
[ 65.0s ] thds: 16 tps: 1185.60 qps: 21404.56 (r/w/o: 16668.14/2365.22/2371.20) lat (ms,95%): 43.39 err/s: 0.00 reconn/s: 0.00
[ 66.0s ] thds: 16 tps: 835.96 qps: 14986.14 (r/w/o: 11644.30/1670.92/1670.92) lat (ms,95%): 26.68 err/s: 0.00 reconn/s: 0.00
[ 67.0s ] thds: 16 tps: 993.33 qps: 17997.72 (r/w/o: 13994.45/2015.61/1987.66) lat (ms,95%): 28.67 err/s: 0.00 reconn/s: 0.00
[ 68.0s ] thds: 16 tps: 1453.71 qps: 26145.69 (r/w/o: 20334.87/2903.40/2907.42) lat (ms,95%): 23.95 err/s: 0.00 reconn/s: 0.00
[ 69.0s ] thds: 16 tps: 854.97 qps: 15202.60 (r/w/o: 11806.71/1685.96/1709.93) lat (ms,95%): 127.81 err/s: 0.00 reconn/s: 0.00
[ 70.0s ] thds: 16 tps: 614.08 qps: 11261.19 (r/w/o: 8776.90/1256.12/1228.17) lat (ms,95%): 102.97 err/s: 0.00 reconn/s: 0.00
[ 71.0s ] thds: 16 tps: 48.86 qps: 879.49 (r/w/o: 684.05/97.72/97.72) lat (ms,95%): 363.18 err/s: 0.00 reconn/s: 0.00
[ 72.0s ] thds: 16 tps: 63.10 qps: 1135.74 (r/w/o: 883.36/126.19/126.19) lat (ms,95%): 404.61 err/s: 0.00 reconn/s: 0.00
[ 73.0s ] thds: 16 tps: 1956.18 qps: 35116.84 (r/w/o: 27322.24/3882.24/3912.35) lat (ms,95%): 8.90 err/s: 0.00 reconn/s: 0.00
[ 74.0s ] thds: 16 tps: 1700.67 qps: 30659.09 (r/w/o: 23853.40/3404.34/3401.34) lat (ms,95%): 23.95 err/s: 0.00 reconn/s: 0.00
[ 75.0s ] thds: 16 tps: 2056.15 qps: 37057.62 (r/w/o: 28806.03/4139.29/4112.29) lat (ms,95%): 10.27 err/s: 0.00 reconn/s: 0.00
[ 76.0s ] thds: 16 tps: 975.21 qps: 17551.84 (r/w/o: 13652.99/1946.43/1952.42) lat (ms,95%): 95.81 err/s: 0.00 reconn/s: 0.00
[ 77.0s ] thds: 16 tps: 1112.96 qps: 20021.24 (r/w/o: 15575.41/2221.91/2223.92) lat (ms,95%): 45.79 err/s: 0.00 reconn/s: 0.00
[ 78.0s ] thds: 16 tps: 1174.89 qps: 20947.10 (r/w/o: 16269.53/2327.79/2349.79) lat (ms,95%): 81.48 err/s: 0.00 reconn/s: 0.00
[ 79.0s ] thds: 16 tps: 2150.69 qps: 38888.25 (r/w/o: 30279.51/4307.37/4301.37) lat (ms,95%): 8.58 err/s: 0.00 reconn/s: 0.00
[ 80.0s ] thds: 16 tps: 1662.71 qps: 29916.81 (r/w/o: 23259.96/3331.43/3325.42) lat (ms,95%): 24.83 err/s: 0.00 reconn/s: 0.00
[ 81.0s ] thds: 16 tps: 1855.09 qps: 33442.47 (r/w/o: 26004.16/3728.14/3710.17) lat (ms,95%): 24.83 err/s: 0.00 reconn/s: 0.00
[ 82.0s ] thds: 16 tps: 1914.20 qps: 34435.55 (r/w/o: 26790.78/3816.37/3828.40) lat (ms,95%): 11.24 err/s: 0.00 reconn/s: 0.00
[ 83.0s ] thds: 16 tps: 1479.31 qps: 26647.52 (r/w/o: 20718.32/2970.58/2958.62) lat (ms,95%): 10.46 err/s: 0.00 reconn/s: 0.00
[ 84.0s ] thds: 16 tps: 1142.79 qps: 20508.19 (r/w/o: 15961.04/2261.56/2285.58) lat (ms,95%): 35.59 err/s: 0.00 reconn/s: 0.00
[ 85.0s ] thds: 16 tps: 1881.16 qps: 33796.66 (r/w/o: 26274.04/3760.31/3762.32) lat (ms,95%): 17.01 err/s: 0.00 reconn/s: 0.00
[ 86.0s ] thds: 16 tps: 1636.90 qps: 29524.19 (r/w/o: 22960.59/3291.80/3271.80) lat (ms,95%): 25.74 err/s: 0.00 reconn/s: 0.00
[ 87.0s ] thds: 16 tps: 2235.87 qps: 40307.60 (r/w/o: 31356.14/4477.73/4473.73) lat (ms,95%): 8.43 err/s: 0.00 reconn/s: 0.00
[ 88.0s ] thds: 16 tps: 2175.91 qps: 39164.33 (r/w/o: 30460.70/4351.81/4351.81) lat (ms,95%): 8.58 err/s: 0.00 reconn/s: 0.00
[ 89.0s ] thds: 16 tps: 1710.90 qps: 30636.95 (r/w/o: 23824.40/3395.76/3416.79) lat (ms,95%): 26.68 err/s: 0.00 reconn/s: 0.00
[ 90.0s ] thds: 16 tps: 1742.26 qps: 31521.43 (r/w/o: 24521.44/3510.48/3489.51) lat (ms,95%): 23.52 err/s: 0.00 reconn/s: 0.00
SQL statistics:
    queries performed:
        read:                            2174200
        write:                           310600
        other:                           310600
        total:                           2795400
    transactions:                        155300 (1725.28 per sec.)
    queries:                             2795400 (31055.11 per sec.)
    ignored errors:                      0      (0.00 per sec.)
    reconnects:                          0      (0.00 per sec.)

Throughput:
    events/s (eps):                      1725.2839
    time elapsed:                        90.0142s
    total number of events:              155300

Latency (ms):
         min:                                    3.71
         avg:                                    9.27
         max:                                  409.45
         95th percentile:                       19.29
         sum:                              1439502.93

Threads fairness:
    events (avg/stddev):           9706.2500/17.61
    execution time (avg/stddev):   89.9689/0.00

