sysbench 1.1.0-f698960 (using bundled LuaJIT 2.1.0-beta3)

Running the test with following options:
Number of threads: 16
Report intermediate results every 1.000000 second(s)
Initializing random number generator from current time


Initializing worker threads...

Threads started!

[ 1.0s ] thds: 16 tps: 1851.25 qps: 33571.50 (r/w/o: 26130.65/3722.42/3718.43) lat (ms,95%): 11.04 err/s: 0.00 reconn/s: 0.00
[ 2.0s ] thds: 16 tps: 1897.66 qps: 34179.96 (r/w/o: 26577.31/3807.33/3795.33) lat (ms,95%): 9.73 err/s: 0.00 reconn/s: 0.00
[ 3.0s ] thds: 16 tps: 1064.19 qps: 19139.48 (r/w/o: 14884.70/2126.39/2128.39) lat (ms,95%): 35.59 err/s: 0.00 reconn/s: 0.00
[ 4.0s ] thds: 16 tps: 2175.68 qps: 39176.20 (r/w/o: 30473.49/4351.36/4351.36) lat (ms,95%): 8.74 err/s: 0.00 reconn/s: 0.00
[ 5.0s ] thds: 16 tps: 2289.85 qps: 41213.27 (r/w/o: 32053.88/4579.70/4579.70) lat (ms,95%): 8.58 err/s: 0.00 reconn/s: 0.00
[ 6.0s ] thds: 16 tps: 2184.32 qps: 39298.75 (r/w/o: 30571.47/4358.64/4368.64) lat (ms,95%): 8.74 err/s: 0.00 reconn/s: 0.00
[ 7.0s ] thds: 16 tps: 1235.93 qps: 22206.81 (r/w/o: 17273.07/2461.87/2471.87) lat (ms,95%): 31.37 err/s: 0.00 reconn/s: 0.00
[ 8.0s ] thds: 16 tps: 2225.20 qps: 40118.49 (r/w/o: 31195.72/4472.38/4450.39) lat (ms,95%): 8.28 err/s: 0.00 reconn/s: 0.00
[ 9.0s ] thds: 16 tps: 2240.62 qps: 40327.22 (r/w/o: 31366.73/4479.25/4481.25) lat (ms,95%): 8.43 err/s: 0.00 reconn/s: 0.00
[ 10.0s ] thds: 16 tps: 2259.00 qps: 40665.98 (r/w/o: 31627.98/4520.00/4518.00) lat (ms,95%): 8.28 err/s: 0.00 reconn/s: 0.00
[ 11.0s ] thds: 16 tps: 1224.63 qps: 22032.34 (r/w/o: 17141.83/2441.25/2449.26) lat (ms,95%): 28.16 err/s: 0.00 reconn/s: 0.00
[ 12.0s ] thds: 16 tps: 1201.06 qps: 21566.01 (r/w/o: 16785.79/2378.11/2402.11) lat (ms,95%): 86.00 err/s: 0.00 reconn/s: 0.00
[ 13.0s ] thds: 16 tps: 2260.94 qps: 40756.91 (r/w/o: 31683.16/4551.87/4521.88) lat (ms,95%): 8.43 err/s: 0.00 reconn/s: 0.00
[ 14.0s ] thds: 16 tps: 2247.26 qps: 40363.63 (r/w/o: 31402.60/4466.52/4494.51) lat (ms,95%): 8.58 err/s: 0.00 reconn/s: 0.00
[ 15.0s ] thds: 16 tps: 1430.33 qps: 25836.88 (r/w/o: 20085.58/2890.64/2860.66) lat (ms,95%): 28.16 err/s: 0.00 reconn/s: 0.00
[ 16.0s ] thds: 16 tps: 1979.35 qps: 35603.22 (r/w/o: 27701.84/3942.68/3958.69) lat (ms,95%): 22.69 err/s: 0.00 reconn/s: 0.00
[ 17.0s ] thds: 16 tps: 2192.76 qps: 39494.63 (r/w/o: 30707.59/4401.52/4385.51) lat (ms,95%): 8.74 err/s: 0.00 reconn/s: 0.00
[ 18.0s ] thds: 16 tps: 2181.29 qps: 39175.29 (r/w/o: 30480.12/4332.59/4362.59) lat (ms,95%): 8.58 err/s: 0.00 reconn/s: 0.00
[ 19.0s ] thds: 16 tps: 1586.32 qps: 28641.84 (r/w/o: 22266.54/3202.65/3172.65) lat (ms,95%): 23.95 err/s: 0.00 reconn/s: 0.00
[ 20.0s ] thds: 16 tps: 1693.05 qps: 30443.95 (r/w/o: 23693.74/3364.10/3386.11) lat (ms,95%): 27.66 err/s: 0.00 reconn/s: 0.00
[ 21.0s ] thds: 16 tps: 2375.02 qps: 42708.44 (r/w/o: 33216.34/4742.05/4750.05) lat (ms,95%): 8.13 err/s: 0.00 reconn/s: 0.00
[ 22.0s ] thds: 16 tps: 2293.05 qps: 41347.82 (r/w/o: 32145.65/4616.07/4586.10) lat (ms,95%): 8.28 err/s: 0.00 reconn/s: 0.00
[ 23.0s ] thds: 16 tps: 1653.44 qps: 29742.01 (r/w/o: 23144.22/3290.89/3306.89) lat (ms,95%): 24.83 err/s: 0.00 reconn/s: 0.00
[ 24.0s ] thds: 16 tps: 1691.07 qps: 30413.30 (r/w/o: 23659.02/3372.14/3382.15) lat (ms,95%): 26.68 err/s: 0.00 reconn/s: 0.00
[ 25.0s ] thds: 16 tps: 2088.78 qps: 37563.02 (r/w/o: 29201.90/4183.56/4177.56) lat (ms,95%): 9.06 err/s: 0.00 reconn/s: 0.00
[ 26.0s ] thds: 16 tps: 2161.16 qps: 38977.95 (r/w/o: 30315.29/4340.33/4322.32) lat (ms,95%): 8.58 err/s: 0.00 reconn/s: 0.00
[ 27.0s ] thds: 16 tps: 1609.50 qps: 28896.07 (r/w/o: 22488.04/3189.03/3219.00) lat (ms,95%): 28.16 err/s: 0.00 reconn/s: 0.00
[ 28.0s ] thds: 16 tps: 1579.70 qps: 28373.61 (r/w/o: 22052.81/3161.40/3159.40) lat (ms,95%): 28.67 err/s: 0.00 reconn/s: 0.00
[ 29.0s ] thds: 16 tps: 2198.33 qps: 39648.94 (r/w/o: 30857.63/4394.65/4396.65) lat (ms,95%): 8.58 err/s: 0.00 reconn/s: 0.00
[ 30.0s ] thds: 16 tps: 2186.44 qps: 39416.72 (r/w/o: 30639.05/4404.79/4372.87) lat (ms,95%): 8.58 err/s: 0.00 reconn/s: 0.00
[ 31.0s ] thds: 16 tps: 736.26 qps: 13170.51 (r/w/o: 10257.55/1440.43/1472.53) lat (ms,95%): 118.92 err/s: 0.00 reconn/s: 0.00
[ 32.0s ] thds: 16 tps: 1905.50 qps: 34380.82 (r/w/o: 26726.87/3842.95/3810.99) lat (ms,95%): 17.95 err/s: 0.00 reconn/s: 0.00
[ 33.0s ] thds: 16 tps: 2022.03 qps: 36186.42 (r/w/o: 28128.32/4014.04/4044.06) lat (ms,95%): 9.91 err/s: 0.00 reconn/s: 0.00
[ 34.0s ] thds: 16 tps: 2227.62 qps: 40258.22 (r/w/o: 31324.73/4479.25/4454.24) lat (ms,95%): 8.43 err/s: 0.00 reconn/s: 0.00
[ 35.0s ] thds: 16 tps: 1593.87 qps: 28733.66 (r/w/o: 22355.19/3189.74/3188.74) lat (ms,95%): 26.20 err/s: 0.00 reconn/s: 0.00
[ 36.0s ] thds: 16 tps: 2114.30 qps: 37997.42 (r/w/o: 29566.19/4202.64/4228.59) lat (ms,95%): 8.58 err/s: 0.00 reconn/s: 0.00
[ 37.0s ] thds: 16 tps: 1751.71 qps: 31591.83 (r/w/o: 24556.96/3531.45/3503.42) lat (ms,95%): 24.83 err/s: 0.00 reconn/s: 0.00
[ 38.0s ] thds: 16 tps: 2159.60 qps: 38876.89 (r/w/o: 30236.47/4321.21/4319.21) lat (ms,95%): 8.58 err/s: 0.00 reconn/s: 0.00
[ 39.0s ] thds: 16 tps: 1667.98 qps: 30004.67 (r/w/o: 23340.74/3327.97/3335.96) lat (ms,95%): 24.38 err/s: 0.00 reconn/s: 0.00
[ 40.0s ] thds: 16 tps: 2119.67 qps: 38166.15 (r/w/o: 29683.45/4243.35/4239.35) lat (ms,95%): 8.90 err/s: 0.00 reconn/s: 0.00
[ 41.0s ] thds: 16 tps: 1691.10 qps: 30446.84 (r/w/o: 23678.43/3386.20/3382.20) lat (ms,95%): 24.83 err/s: 0.00 reconn/s: 0.00
[ 42.0s ] thds: 16 tps: 2231.52 qps: 40162.30 (r/w/o: 31238.23/4461.03/4463.03) lat (ms,95%): 8.58 err/s: 0.00 reconn/s: 0.00
[ 43.0s ] thds: 16 tps: 1651.85 qps: 29678.28 (r/w/o: 23098.87/3275.71/3303.69) lat (ms,95%): 24.83 err/s: 0.00 reconn/s: 0.00
[ 44.0s ] thds: 16 tps: 2329.20 qps: 41968.55 (r/w/o: 32631.76/4678.40/4658.39) lat (ms,95%): 8.43 err/s: 0.00 reconn/s: 0.00
[ 45.0s ] thds: 16 tps: 1777.95 qps: 32016.06 (r/w/o: 24896.28/3563.89/3555.90) lat (ms,95%): 24.83 err/s: 0.00 reconn/s: 0.00
[ 46.0s ] thds: 16 tps: 2276.59 qps: 40977.63 (r/w/o: 31871.27/4553.18/4553.18) lat (ms,95%): 8.74 err/s: 0.00 reconn/s: 0.00
[ 47.0s ] thds: 16 tps: 1641.64 qps: 29543.60 (r/w/o: 22977.02/3283.29/3283.29) lat (ms,95%): 24.83 err/s: 0.00 reconn/s: 0.00
[ 48.0s ] thds: 16 tps: 2339.74 qps: 42123.29 (r/w/o: 32764.34/4679.48/4679.48) lat (ms,95%): 8.13 err/s: 0.00 reconn/s: 0.00
[ 49.0s ] thds: 16 tps: 1659.02 qps: 29861.42 (r/w/o: 23225.33/3318.05/3318.05) lat (ms,95%): 25.28 err/s: 0.00 reconn/s: 0.00
[ 50.0s ] thds: 16 tps: 2025.23 qps: 36458.17 (r/w/o: 28355.24/4052.46/4050.46) lat (ms,95%): 9.39 err/s: 0.00 reconn/s: 0.00
[ 51.0s ] thds: 16 tps: 1871.69 qps: 33617.30 (r/w/o: 26158.57/3715.35/3743.37) lat (ms,95%): 22.28 err/s: 0.00 reconn/s: 0.00
[ 52.0s ] thds: 16 tps: 2323.64 qps: 41875.56 (r/w/o: 32559.98/4668.30/4647.28) lat (ms,95%): 8.28 err/s: 0.00 reconn/s: 0.00
[ 53.0s ] thds: 16 tps: 1713.40 qps: 30751.23 (r/w/o: 23912.63/3411.81/3426.79) lat (ms,95%): 20.74 err/s: 0.00 reconn/s: 0.00
[ 54.0s ] thds: 16 tps: 1781.46 qps: 32179.18 (r/w/o: 25031.36/3584.90/3562.92) lat (ms,95%): 22.28 err/s: 0.00 reconn/s: 0.00
[ 55.0s ] thds: 16 tps: 2076.70 qps: 37377.51 (r/w/o: 29072.73/4151.39/4153.39) lat (ms,95%): 9.22 err/s: 0.00 reconn/s: 0.00
[ 56.0s ] thds: 16 tps: 2114.95 qps: 37822.16 (r/w/o: 29400.36/4201.91/4219.90) lat (ms,95%): 8.90 err/s: 0.00 reconn/s: 0.00
[ 57.0s ] thds: 16 tps: 1684.65 qps: 30574.70 (r/w/o: 23795.10/3399.30/3380.30) lat (ms,95%): 23.95 err/s: 0.00 reconn/s: 0.00
[ 58.0s ] thds: 16 tps: 1731.72 qps: 31085.10 (r/w/o: 24189.17/3433.49/3462.44) lat (ms,95%): 23.10 err/s: 0.00 reconn/s: 0.00
[ 59.0s ] thds: 16 tps: 1546.93 qps: 27840.80 (r/w/o: 21653.07/3093.87/3093.87) lat (ms,95%): 17.01 err/s: 0.00 reconn/s: 0.00
[ 60.0s ] thds: 16 tps: 2022.35 qps: 36422.41 (r/w/o: 28335.01/4042.70/4044.70) lat (ms,95%): 8.58 err/s: 0.00 reconn/s: 0.00
[ 61.0s ] thds: 16 tps: 1704.56 qps: 30691.04 (r/w/o: 23869.81/3413.12/3408.12) lat (ms,95%): 13.46 err/s: 0.00 reconn/s: 0.00
[ 62.0s ] thds: 16 tps: 1150.43 qps: 20761.70 (r/w/o: 16136.00/2323.85/2301.86) lat (ms,95%): 38.25 err/s: 0.00 reconn/s: 0.00
[ 63.0s ] thds: 16 tps: 1532.28 qps: 27586.99 (r/w/o: 21452.89/3069.54/3064.56) lat (ms,95%): 24.38 err/s: 0.00 reconn/s: 0.00
[ 64.0s ] thds: 16 tps: 473.17 qps: 8475.95 (r/w/o: 6601.32/928.29/946.34) lat (ms,95%): 134.90 err/s: 0.00 reconn/s: 0.00
[ 65.0s ] thds: 16 tps: 1621.44 qps: 29226.99 (r/w/o: 22723.21/3260.89/3242.89) lat (ms,95%): 13.95 err/s: 0.00 reconn/s: 0.00
[ 66.0s ] thds: 16 tps: 853.52 qps: 15347.31 (r/w/o: 11939.24/1701.03/1707.04) lat (ms,95%): 132.49 err/s: 0.00 reconn/s: 0.00
[ 67.0s ] thds: 16 tps: 1152.78 qps: 20766.06 (r/w/o: 16148.94/2311.55/2305.57) lat (ms,95%): 26.20 err/s: 0.00 reconn/s: 0.00
[ 68.0s ] thds: 16 tps: 1372.44 qps: 24684.85 (r/w/o: 19203.11/2736.86/2744.88) lat (ms,95%): 27.17 err/s: 0.00 reconn/s: 0.00
[ 69.0s ] thds: 16 tps: 873.44 qps: 15736.86 (r/w/o: 12237.11/1752.88/1746.87) lat (ms,95%): 84.47 err/s: 0.00 reconn/s: 0.00
[ 70.0s ] thds: 16 tps: 657.69 qps: 11842.33 (r/w/o: 9209.60/1317.37/1315.37) lat (ms,95%): 39.65 err/s: 0.00 reconn/s: 0.00
[ 71.0s ] thds: 16 tps: 71.00 qps: 1277.99 (r/w/o: 993.99/142.00/142.00) lat (ms,95%): 331.91 err/s: 0.00 reconn/s: 0.00
[ 72.0s ] thds: 16 tps: 48.00 qps: 863.97 (r/w/o: 671.98/96.00/96.00) lat (ms,95%): 434.83 err/s: 0.00 reconn/s: 0.00
[ 73.0s ] thds: 16 tps: 1263.47 qps: 22742.43 (r/w/o: 17688.56/2526.94/2526.94) lat (ms,95%): 28.67 err/s: 0.00 reconn/s: 0.00
[ 74.0s ] thds: 16 tps: 2216.08 qps: 39822.38 (r/w/o: 30990.09/4400.12/4432.16) lat (ms,95%): 9.06 err/s: 0.00 reconn/s: 0.00
[ 75.0s ] thds: 16 tps: 2107.44 qps: 37929.92 (r/w/o: 29492.15/4222.89/4214.88) lat (ms,95%): 9.56 err/s: 0.00 reconn/s: 0.00
[ 76.0s ] thds: 16 tps: 1151.39 qps: 20795.68 (r/w/o: 16166.23/2326.68/2302.77) lat (ms,95%): 26.20 err/s: 0.00 reconn/s: 0.00
[ 77.0s ] thds: 16 tps: 1150.30 qps: 20705.35 (r/w/o: 16104.16/2300.59/2300.59) lat (ms,95%): 33.12 err/s: 0.00 reconn/s: 0.00
[ 78.0s ] thds: 16 tps: 1412.78 qps: 25429.98 (r/w/o: 19778.87/2825.55/2825.55) lat (ms,95%): 22.69 err/s: 0.00 reconn/s: 0.00
[ 79.0s ] thds: 16 tps: 1650.04 qps: 29663.65 (r/w/o: 23078.51/3285.07/3300.07) lat (ms,95%): 8.74 err/s: 0.00 reconn/s: 0.00
[ 80.0s ] thds: 16 tps: 2401.59 qps: 43221.58 (r/w/o: 33616.23/4802.18/4803.18) lat (ms,95%): 8.13 err/s: 0.00 reconn/s: 0.00
[ 81.0s ] thds: 16 tps: 2128.54 qps: 38357.67 (r/w/o: 29827.53/4273.07/4257.08) lat (ms,95%): 16.71 err/s: 0.00 reconn/s: 0.00
[ 82.0s ] thds: 16 tps: 1248.57 qps: 22471.23 (r/w/o: 17478.96/2495.14/2497.14) lat (ms,95%): 45.79 err/s: 0.00 reconn/s: 0.00
[ 83.0s ] thds: 16 tps: 1871.62 qps: 33688.15 (r/w/o: 26202.67/3742.24/3743.24) lat (ms,95%): 11.04 err/s: 0.00 reconn/s: 0.00
[ 84.0s ] thds: 16 tps: 1212.83 qps: 21636.95 (r/w/o: 16812.63/2398.66/2425.66) lat (ms,95%): 10.27 err/s: 0.00 reconn/s: 0.00
[ 85.0s ] thds: 16 tps: 2214.09 qps: 39839.65 (r/w/o: 30983.29/4428.18/4428.18) lat (ms,95%): 8.90 err/s: 0.00 reconn/s: 0.00
[ 86.0s ] thds: 16 tps: 1602.33 qps: 29053.61 (r/w/o: 22614.34/3234.61/3204.66) lat (ms,95%): 25.74 err/s: 0.00 reconn/s: 0.00
[ 87.0s ] thds: 16 tps: 1971.63 qps: 35480.28 (r/w/o: 27600.79/3936.24/3943.26) lat (ms,95%): 20.00 err/s: 0.00 reconn/s: 0.00
[ 88.0s ] thds: 16 tps: 2287.94 qps: 41126.06 (r/w/o: 31997.26/4552.91/4575.89) lat (ms,95%): 8.74 err/s: 0.00 reconn/s: 0.00
[ 89.0s ] thds: 16 tps: 2270.50 qps: 40855.00 (r/w/o: 31765.00/4549.00/4541.00) lat (ms,95%): 8.43 err/s: 0.00 reconn/s: 0.00
[ 90.0s ] thds: 16 tps: 1317.54 qps: 23795.56 (r/w/o: 18503.45/2657.04/2635.08) lat (ms,95%): 30.26 err/s: 0.00 reconn/s: 0.00
SQL statistics:
    queries performed:
        read:                            2198896
        write:                           314128
        other:                           314128
        total:                           2827152
    transactions:                        157064 (1744.74 per sec.)
    queries:                             2827152 (31405.31 per sec.)
    ignored errors:                      0      (0.00 per sec.)
    reconnects:                          0      (0.00 per sec.)

Throughput:
    events/s (eps):                      1744.7396
    time elapsed:                        90.0215s
    total number of events:              157064

Latency (ms):
         min:                                    3.75
         avg:                                    9.17
         max:                                  462.46
         95th percentile:                       17.32
         sum:                              1439647.90

Threads fairness:
    events (avg/stddev):           9816.5000/27.55
    execution time (avg/stddev):   89.9780/0.01

