sysbench 1.1.0-f698960 (using bundled LuaJIT 2.1.0-beta3)

Running the test with following options:
Number of threads: 16
Report intermediate results every 1.000000 second(s)
Initializing random number generator from current time


Initializing worker threads...

Threads started!

[ 1.0s ] thds: 16 tps: 2108.23 qps: 38217.22 (r/w/o: 29738.46/4246.36/4232.40) lat (ms,95%): 9.73 err/s: 0.00 reconn/s: 0.00
[ 2.0s ] thds: 16 tps: 1661.12 qps: 29844.23 (r/w/o: 23225.72/3296.27/3322.24) lat (ms,95%): 23.52 err/s: 0.00 reconn/s: 0.00
[ 3.0s ] thds: 16 tps: 1562.64 qps: 28138.59 (r/w/o: 21872.00/3141.30/3125.29) lat (ms,95%): 26.20 err/s: 0.00 reconn/s: 0.00
[ 4.0s ] thds: 16 tps: 2205.37 qps: 39632.70 (r/w/o: 30827.22/4394.74/4410.75) lat (ms,95%): 8.58 err/s: 0.00 reconn/s: 0.00
[ 5.0s ] thds: 16 tps: 2263.64 qps: 40827.50 (r/w/o: 31760.95/4539.28/4527.28) lat (ms,95%): 8.74 err/s: 0.00 reconn/s: 0.00
[ 6.0s ] thds: 16 tps: 1649.62 qps: 29717.17 (r/w/o: 23104.69/3313.24/3299.24) lat (ms,95%): 23.52 err/s: 0.00 reconn/s: 0.00
[ 7.0s ] thds: 16 tps: 1602.70 qps: 28839.66 (r/w/o: 22428.85/3205.41/3205.41) lat (ms,95%): 25.74 err/s: 0.00 reconn/s: 0.00
[ 8.0s ] thds: 16 tps: 2296.63 qps: 41350.40 (r/w/o: 32163.87/4593.27/4593.27) lat (ms,95%): 8.28 err/s: 0.00 reconn/s: 0.00
[ 9.0s ] thds: 16 tps: 2270.78 qps: 40877.08 (r/w/o: 31791.95/4543.57/4541.56) lat (ms,95%): 8.43 err/s: 0.00 reconn/s: 0.00
[ 10.0s ] thds: 16 tps: 708.18 qps: 12747.32 (r/w/o: 9914.58/1416.37/1416.37) lat (ms,95%): 134.90 err/s: 0.00 reconn/s: 0.00
[ 11.0s ] thds: 16 tps: 1487.81 qps: 26754.61 (r/w/o: 20822.39/2956.59/2975.63) lat (ms,95%): 24.83 err/s: 0.00 reconn/s: 0.00
[ 12.0s ] thds: 16 tps: 2177.96 qps: 39209.23 (r/w/o: 30485.40/4367.91/4355.91) lat (ms,95%): 8.74 err/s: 0.00 reconn/s: 0.00
[ 13.0s ] thds: 16 tps: 2301.67 qps: 41370.95 (r/w/o: 32185.30/4582.32/4603.33) lat (ms,95%): 8.43 err/s: 0.00 reconn/s: 0.00
[ 14.0s ] thds: 16 tps: 1936.50 qps: 34898.85 (r/w/o: 27144.88/3880.97/3873.00) lat (ms,95%): 23.10 err/s: 0.00 reconn/s: 0.00
[ 15.0s ] thds: 16 tps: 1460.91 qps: 26120.85 (r/w/o: 20287.23/2911.79/2921.83) lat (ms,95%): 25.74 err/s: 0.00 reconn/s: 0.00
[ 16.0s ] thds: 16 tps: 2167.17 qps: 39217.09 (r/w/o: 30520.42/4362.35/4334.33) lat (ms,95%): 8.74 err/s: 0.00 reconn/s: 0.00
[ 17.0s ] thds: 16 tps: 2237.41 qps: 40247.46 (r/w/o: 31313.79/4458.84/4474.83) lat (ms,95%): 8.58 err/s: 0.00 reconn/s: 0.00
[ 18.0s ] thds: 16 tps: 2048.24 qps: 36896.24 (r/w/o: 28687.31/4112.46/4096.47) lat (ms,95%): 8.90 err/s: 0.00 reconn/s: 0.00
[ 19.0s ] thds: 16 tps: 1545.97 qps: 27824.52 (r/w/o: 21640.63/3091.95/3091.95) lat (ms,95%): 30.26 err/s: 0.00 reconn/s: 0.00
[ 20.0s ] thds: 16 tps: 2339.40 qps: 42111.12 (r/w/o: 32754.54/4677.79/4678.79) lat (ms,95%): 8.58 err/s: 0.00 reconn/s: 0.00
[ 21.0s ] thds: 16 tps: 2344.09 qps: 42175.60 (r/w/o: 32802.25/4685.18/4688.18) lat (ms,95%): 8.43 err/s: 0.00 reconn/s: 0.00
[ 22.0s ] thds: 16 tps: 1592.79 qps: 28624.23 (r/w/o: 22264.07/3174.58/3185.58) lat (ms,95%): 27.66 err/s: 0.00 reconn/s: 0.00
[ 23.0s ] thds: 16 tps: 1658.75 qps: 29917.52 (r/w/o: 23269.52/3330.50/3317.51) lat (ms,95%): 27.66 err/s: 0.00 reconn/s: 0.00
[ 24.0s ] thds: 16 tps: 2264.82 qps: 40766.73 (r/w/o: 31706.46/4530.64/4529.64) lat (ms,95%): 8.28 err/s: 0.00 reconn/s: 0.00
[ 25.0s ] thds: 16 tps: 2310.56 qps: 41596.09 (r/w/o: 32351.85/4623.12/4621.12) lat (ms,95%): 8.43 err/s: 0.00 reconn/s: 0.00
[ 26.0s ] thds: 16 tps: 1584.15 qps: 28371.80 (r/w/o: 22053.18/3151.31/3167.30) lat (ms,95%): 28.67 err/s: 0.00 reconn/s: 0.00
[ 27.0s ] thds: 16 tps: 1116.55 qps: 20241.47 (r/w/o: 15756.33/2251.05/2234.10) lat (ms,95%): 29.72 err/s: 0.00 reconn/s: 0.00
[ 28.0s ] thds: 16 tps: 2014.06 qps: 36209.91 (r/w/o: 28167.72/4014.07/4028.11) lat (ms,95%): 8.90 err/s: 0.00 reconn/s: 0.00
[ 29.0s ] thds: 16 tps: 2220.46 qps: 40008.30 (r/w/o: 31114.46/4452.92/4440.92) lat (ms,95%): 8.58 err/s: 0.00 reconn/s: 0.00
[ 30.0s ] thds: 16 tps: 1732.29 qps: 31184.28 (r/w/o: 24253.11/3466.59/3464.59) lat (ms,95%): 25.74 err/s: 0.00 reconn/s: 0.00
[ 31.0s ] thds: 16 tps: 1607.05 qps: 28922.90 (r/w/o: 22496.70/3212.10/3214.10) lat (ms,95%): 24.83 err/s: 0.00 reconn/s: 0.00
[ 32.0s ] thds: 16 tps: 2255.26 qps: 40455.69 (r/w/o: 31458.65/4486.52/4510.52) lat (ms,95%): 8.58 err/s: 0.00 reconn/s: 0.00
[ 33.0s ] thds: 16 tps: 2253.16 qps: 40690.71 (r/w/o: 31658.10/4526.30/4506.31) lat (ms,95%): 8.74 err/s: 0.00 reconn/s: 0.00
[ 34.0s ] thds: 16 tps: 1718.35 qps: 30758.03 (r/w/o: 23907.67/3417.67/3432.69) lat (ms,95%): 28.16 err/s: 0.00 reconn/s: 0.00
[ 35.0s ] thds: 16 tps: 1739.01 qps: 31404.23 (r/w/o: 24439.18/3483.03/3482.03) lat (ms,95%): 24.38 err/s: 0.00 reconn/s: 0.00
[ 36.0s ] thds: 16 tps: 2252.99 qps: 40550.84 (r/w/o: 31548.88/4497.98/4503.98) lat (ms,95%): 8.58 err/s: 0.00 reconn/s: 0.00
[ 37.0s ] thds: 16 tps: 2297.07 qps: 41424.23 (r/w/o: 32207.96/4620.13/4596.14) lat (ms,95%): 8.28 err/s: 0.00 reconn/s: 0.00
[ 38.0s ] thds: 16 tps: 1644.47 qps: 29534.46 (r/w/o: 22979.59/3266.94/3287.94) lat (ms,95%): 24.38 err/s: 0.00 reconn/s: 0.00
[ 39.0s ] thds: 16 tps: 1773.65 qps: 31996.31 (r/w/o: 24876.84/3571.18/3548.29) lat (ms,95%): 23.10 err/s: 0.00 reconn/s: 0.00
[ 40.0s ] thds: 16 tps: 2378.17 qps: 42725.74 (r/w/o: 33229.12/4740.27/4756.35) lat (ms,95%): 8.13 err/s: 0.00 reconn/s: 0.00
[ 41.0s ] thds: 16 tps: 2409.98 qps: 43220.66 (r/w/o: 33596.73/4805.96/4817.96) lat (ms,95%): 8.13 err/s: 0.00 reconn/s: 0.00
[ 42.0s ] thds: 16 tps: 1687.30 qps: 30604.49 (r/w/o: 23827.27/3400.61/3376.61) lat (ms,95%): 24.83 err/s: 0.00 reconn/s: 0.00
[ 43.0s ] thds: 16 tps: 1756.98 qps: 31615.56 (r/w/o: 24587.65/3513.95/3513.95) lat (ms,95%): 22.69 err/s: 0.00 reconn/s: 0.00
[ 44.0s ] thds: 16 tps: 2179.56 qps: 39245.05 (r/w/o: 30524.81/4361.12/4359.12) lat (ms,95%): 8.74 err/s: 0.00 reconn/s: 0.00
[ 45.0s ] thds: 16 tps: 2002.66 qps: 35978.11 (r/w/o: 27979.43/3993.36/4005.32) lat (ms,95%): 8.74 err/s: 0.00 reconn/s: 0.00
[ 46.0s ] thds: 16 tps: 1868.15 qps: 33670.79 (r/w/o: 26191.18/3743.32/3736.29) lat (ms,95%): 19.65 err/s: 0.00 reconn/s: 0.00
[ 47.0s ] thds: 16 tps: 1834.13 qps: 33009.33 (r/w/o: 25673.81/3667.26/3668.26) lat (ms,95%): 22.69 err/s: 0.00 reconn/s: 0.00
[ 48.0s ] thds: 16 tps: 2241.12 qps: 40369.34 (r/w/o: 31398.82/4488.27/4482.25) lat (ms,95%): 8.58 err/s: 0.00 reconn/s: 0.00
[ 49.0s ] thds: 16 tps: 1753.52 qps: 31522.44 (r/w/o: 24536.28/3479.12/3507.03) lat (ms,95%): 21.11 err/s: 0.00 reconn/s: 0.00
[ 50.0s ] thds: 16 tps: 2088.23 qps: 37466.71 (r/w/o: 29110.79/4179.46/4176.45) lat (ms,95%): 10.84 err/s: 0.00 reconn/s: 0.00
[ 51.0s ] thds: 16 tps: 1755.12 qps: 31731.10 (r/w/o: 24698.63/3522.23/3510.23) lat (ms,95%): 24.83 err/s: 0.00 reconn/s: 0.00
[ 52.0s ] thds: 16 tps: 2171.19 qps: 38890.43 (r/w/o: 30220.67/4327.38/4342.38) lat (ms,95%): 8.90 err/s: 0.00 reconn/s: 0.00
[ 53.0s ] thds: 16 tps: 1607.93 qps: 29081.27 (r/w/o: 22645.57/3219.84/3215.86) lat (ms,95%): 24.83 err/s: 0.00 reconn/s: 0.00
[ 54.0s ] thds: 16 tps: 2249.82 qps: 40577.05 (r/w/o: 31552.69/4524.71/4499.65) lat (ms,95%): 8.58 err/s: 0.00 reconn/s: 0.00
[ 55.0s ] thds: 16 tps: 1539.88 qps: 27718.84 (r/w/o: 21558.32/3080.76/3079.76) lat (ms,95%): 16.71 err/s: 0.00 reconn/s: 0.00
[ 56.0s ] thds: 16 tps: 1641.42 qps: 29542.48 (r/w/o: 22978.82/3280.82/3282.83) lat (ms,95%): 9.73 err/s: 0.00 reconn/s: 0.00
[ 57.0s ] thds: 16 tps: 1949.37 qps: 35091.71 (r/w/o: 27292.22/3900.75/3898.75) lat (ms,95%): 19.29 err/s: 0.00 reconn/s: 0.00
[ 58.0s ] thds: 16 tps: 2066.30 qps: 36983.44 (r/w/o: 28746.23/4104.60/4132.61) lat (ms,95%): 12.98 err/s: 0.00 reconn/s: 0.00
[ 59.0s ] thds: 16 tps: 2122.04 qps: 38391.43 (r/w/o: 29885.28/4262.05/4244.09) lat (ms,95%): 8.90 err/s: 0.00 reconn/s: 0.00
[ 60.0s ] thds: 16 tps: 1878.21 qps: 33739.67 (r/w/o: 26246.87/3736.39/3756.42) lat (ms,95%): 21.11 err/s: 0.00 reconn/s: 0.00
[ 61.0s ] thds: 16 tps: 1491.84 qps: 26890.08 (r/w/o: 20920.71/2985.68/2983.69) lat (ms,95%): 21.50 err/s: 0.00 reconn/s: 0.00
[ 62.0s ] thds: 16 tps: 1244.24 qps: 22317.26 (r/w/o: 17340.29/2488.48/2488.48) lat (ms,95%): 36.89 err/s: 0.00 reconn/s: 0.00
[ 63.0s ] thds: 16 tps: 1513.27 qps: 27363.74 (r/w/o: 21282.68/3054.51/3026.54) lat (ms,95%): 13.70 err/s: 0.00 reconn/s: 0.00
[ 64.0s ] thds: 16 tps: 919.06 qps: 16462.82 (r/w/o: 12798.62/1826.08/1838.11) lat (ms,95%): 71.83 err/s: 0.00 reconn/s: 0.00
[ 65.0s ] thds: 16 tps: 1336.07 qps: 24129.07 (r/w/o: 18772.82/2684.11/2672.15) lat (ms,95%): 24.38 err/s: 0.00 reconn/s: 0.00
[ 66.0s ] thds: 16 tps: 725.89 qps: 13062.94 (r/w/o: 10161.40/1449.76/1451.77) lat (ms,95%): 81.48 err/s: 0.00 reconn/s: 0.00
[ 67.0s ] thds: 16 tps: 1116.81 qps: 20102.58 (r/w/o: 15636.33/2232.62/2233.62) lat (ms,95%): 26.68 err/s: 0.00 reconn/s: 0.00
[ 68.0s ] thds: 16 tps: 1345.70 qps: 24225.54 (r/w/o: 18839.74/2694.40/2691.39) lat (ms,95%): 14.46 err/s: 0.00 reconn/s: 0.00
[ 69.0s ] thds: 16 tps: 462.27 qps: 8320.79 (r/w/o: 6471.73/924.53/924.53) lat (ms,95%): 150.29 err/s: 0.00 reconn/s: 0.00
[ 70.0s ] thds: 16 tps: 1020.00 qps: 18360.04 (r/w/o: 14280.03/2040.00/2040.00) lat (ms,95%): 30.81 err/s: 0.00 reconn/s: 0.00
[ 71.0s ] thds: 16 tps: 48.00 qps: 864.03 (r/w/o: 672.02/96.00/96.00) lat (ms,95%): 467.30 err/s: 0.00 reconn/s: 0.00
[ 72.0s ] thds: 16 tps: 48.00 qps: 863.99 (r/w/o: 672.00/96.00/96.00) lat (ms,95%): 475.79 err/s: 0.00 reconn/s: 0.00
[ 73.0s ] thds: 16 tps: 1684.51 qps: 30315.14 (r/w/o: 23579.11/3367.01/3369.02) lat (ms,95%): 9.06 err/s: 0.00 reconn/s: 0.00
[ 74.0s ] thds: 16 tps: 2077.87 qps: 37228.81 (r/w/o: 28941.31/4134.76/4152.74) lat (ms,95%): 9.06 err/s: 0.00 reconn/s: 0.00
[ 75.0s ] thds: 16 tps: 1647.95 qps: 29743.11 (r/w/o: 23155.32/3288.89/3298.90) lat (ms,95%): 24.38 err/s: 0.00 reconn/s: 0.00
[ 76.0s ] thds: 16 tps: 1377.76 qps: 24886.59 (r/w/o: 19349.57/2781.51/2755.51) lat (ms,95%): 42.61 err/s: 0.00 reconn/s: 0.00
[ 77.0s ] thds: 16 tps: 689.92 qps: 12333.60 (r/w/o: 9596.91/1357.85/1378.84) lat (ms,95%): 137.35 err/s: 0.00 reconn/s: 0.00
[ 78.0s ] thds: 16 tps: 2198.83 qps: 39670.01 (r/w/o: 30851.67/4419.68/4398.66) lat (ms,95%): 8.90 err/s: 0.00 reconn/s: 0.00
[ 79.0s ] thds: 16 tps: 2158.12 qps: 38852.24 (r/w/o: 30215.74/4320.25/4316.25) lat (ms,95%): 8.58 err/s: 0.00 reconn/s: 0.00
[ 80.0s ] thds: 16 tps: 1831.59 qps: 32942.58 (r/w/o: 25630.22/3649.18/3663.17) lat (ms,95%): 20.37 err/s: 0.00 reconn/s: 0.00
[ 81.0s ] thds: 16 tps: 606.11 qps: 10929.07 (r/w/o: 8494.61/1222.23/1212.23) lat (ms,95%): 134.90 err/s: 0.00 reconn/s: 0.00
[ 82.0s ] thds: 16 tps: 2078.94 qps: 37416.93 (r/w/o: 29099.16/4159.88/4157.88) lat (ms,95%): 9.73 err/s: 0.00 reconn/s: 0.00
[ 83.0s ] thds: 16 tps: 1765.97 qps: 31793.42 (r/w/o: 24730.55/3530.94/3531.94) lat (ms,95%): 10.65 err/s: 0.00 reconn/s: 0.00
[ 84.0s ] thds: 16 tps: 748.69 qps: 13479.42 (r/w/o: 10483.66/1498.38/1497.38) lat (ms,95%): 137.35 err/s: 0.00 reconn/s: 0.00
[ 85.0s ] thds: 16 tps: 1723.63 qps: 30989.33 (r/w/o: 24108.82/3433.25/3447.26) lat (ms,95%): 20.00 err/s: 0.00 reconn/s: 0.00
[ 86.0s ] thds: 16 tps: 1697.78 qps: 30536.06 (r/w/o: 23747.94/3392.56/3395.56) lat (ms,95%): 24.83 err/s: 0.00 reconn/s: 0.00
[ 87.0s ] thds: 16 tps: 2141.63 qps: 38597.30 (r/w/o: 30015.79/4298.26/4283.25) lat (ms,95%): 9.06 err/s: 0.00 reconn/s: 0.00
[ 88.0s ] thds: 16 tps: 2134.23 qps: 38298.26 (r/w/o: 29782.32/4247.48/4268.47) lat (ms,95%): 9.06 err/s: 0.00 reconn/s: 0.00
[ 89.0s ] thds: 16 tps: 1621.71 qps: 29288.69 (r/w/o: 22792.85/3252.41/3243.42) lat (ms,95%): 24.38 err/s: 0.00 reconn/s: 0.00
[ 90.0s ] thds: 16 tps: 1561.07 qps: 28129.31 (r/w/o: 21871.01/3136.16/3122.14) lat (ms,95%): 31.94 err/s: 0.00 reconn/s: 0.00
SQL statistics:
    queries performed:
        read:                            2192694
        write:                           313242
        other:                           313242
        total:                           2819178
    transactions:                        156621 (1739.95 per sec.)
    queries:                             2819178 (31319.10 per sec.)
    ignored errors:                      0      (0.00 per sec.)
    reconnects:                          0      (0.00 per sec.)

Throughput:
    events/s (eps):                      1739.9498
    time elapsed:                        90.0147s
    total number of events:              156621

Latency (ms):
         min:                                    3.79
         avg:                                    9.19
         max:                                  477.92
         95th percentile:                       17.32
         sum:                              1439518.06

Threads fairness:
    events (avg/stddev):           9788.8125/22.36
    execution time (avg/stddev):   89.9699/0.00

