sysbench 1.1.0-f698960 (using bundled LuaJIT 2.1.0-beta3)

Running the test with following options:
Number of threads: 16
Report intermediate results every 1.000000 second(s)
Initializing random number generator from current time


Initializing worker threads...

Threads started!

[ 1.0s ] thds: 16 tps: 2116.78 qps: 38223.65 (r/w/o: 29730.61/4243.53/4249.51) lat (ms,95%): 9.73 err/s: 0.00 reconn/s: 0.00
[ 2.0s ] thds: 16 tps: 2271.72 qps: 41008.01 (r/w/o: 31911.12/4553.44/4543.44) lat (ms,95%): 8.43 err/s: 0.00 reconn/s: 0.00
[ 3.0s ] thds: 16 tps: 1285.15 qps: 23165.67 (r/w/o: 18013.08/2582.28/2570.30) lat (ms,95%): 31.94 err/s: 0.00 reconn/s: 0.00
[ 4.0s ] thds: 16 tps: 1937.57 qps: 34872.30 (r/w/o: 27124.02/3873.14/3875.15) lat (ms,95%): 10.27 err/s: 0.00 reconn/s: 0.00
[ 5.0s ] thds: 16 tps: 2156.61 qps: 38819.91 (r/w/o: 30193.48/4313.21/4313.21) lat (ms,95%): 8.90 err/s: 0.00 reconn/s: 0.00
[ 6.0s ] thds: 16 tps: 2204.54 qps: 39638.64 (r/w/o: 30844.50/4385.07/4409.07) lat (ms,95%): 8.90 err/s: 0.00 reconn/s: 0.00
[ 7.0s ] thds: 16 tps: 1541.55 qps: 27623.81 (r/w/o: 21454.62/3087.10/3082.09) lat (ms,95%): 28.16 err/s: 0.00 reconn/s: 0.00
[ 8.0s ] thds: 16 tps: 1660.61 qps: 29981.94 (r/w/o: 23349.50/3311.22/3321.22) lat (ms,95%): 25.28 err/s: 0.00 reconn/s: 0.00
[ 9.0s ] thds: 16 tps: 2193.08 qps: 39553.52 (r/w/o: 30749.18/4417.17/4387.17) lat (ms,95%): 8.43 err/s: 0.00 reconn/s: 0.00
[ 10.0s ] thds: 16 tps: 1087.31 qps: 19569.49 (r/w/o: 15221.27/2173.61/2174.61) lat (ms,95%): 89.16 err/s: 0.00 reconn/s: 0.00
[ 11.0s ] thds: 16 tps: 1675.85 qps: 30168.36 (r/w/o: 23462.94/3353.71/3351.71) lat (ms,95%): 26.20 err/s: 0.00 reconn/s: 0.00
[ 12.0s ] thds: 16 tps: 1707.28 qps: 30722.08 (r/w/o: 23894.95/3412.56/3414.56) lat (ms,95%): 23.95 err/s: 0.00 reconn/s: 0.00
[ 13.0s ] thds: 16 tps: 2145.14 qps: 38618.53 (r/w/o: 30037.97/4290.28/4290.28) lat (ms,95%): 8.74 err/s: 0.00 reconn/s: 0.00
[ 14.0s ] thds: 16 tps: 2137.51 qps: 38338.15 (r/w/o: 29816.12/4247.01/4275.02) lat (ms,95%): 8.90 err/s: 0.00 reconn/s: 0.00
[ 15.0s ] thds: 16 tps: 1584.69 qps: 28659.20 (r/w/o: 22292.49/3197.34/3169.38) lat (ms,95%): 24.38 err/s: 0.00 reconn/s: 0.00
[ 16.0s ] thds: 16 tps: 1907.08 qps: 34270.47 (r/w/o: 26662.14/3794.17/3814.16) lat (ms,95%): 16.71 err/s: 0.00 reconn/s: 0.00
[ 17.0s ] thds: 16 tps: 1930.60 qps: 34810.00 (r/w/o: 27068.54/3880.24/3861.21) lat (ms,95%): 17.01 err/s: 0.00 reconn/s: 0.00
[ 18.0s ] thds: 16 tps: 2093.92 qps: 37594.64 (r/w/o: 29242.94/4163.85/4187.85) lat (ms,95%): 9.39 err/s: 0.00 reconn/s: 0.00
[ 19.0s ] thds: 16 tps: 1634.78 qps: 29524.81 (r/w/o: 22958.75/3296.49/3269.56) lat (ms,95%): 28.16 err/s: 0.00 reconn/s: 0.00
[ 20.0s ] thds: 16 tps: 2281.98 qps: 41075.60 (r/w/o: 31947.69/4563.96/4563.96) lat (ms,95%): 8.58 err/s: 0.00 reconn/s: 0.00
[ 21.0s ] thds: 16 tps: 1674.39 qps: 30137.95 (r/w/o: 23441.41/3347.77/3348.77) lat (ms,95%): 25.74 err/s: 0.00 reconn/s: 0.00
[ 22.0s ] thds: 16 tps: 2190.11 qps: 39418.03 (r/w/o: 30658.58/4379.23/4380.23) lat (ms,95%): 8.58 err/s: 0.00 reconn/s: 0.00
[ 23.0s ] thds: 16 tps: 1641.21 qps: 29542.85 (r/w/o: 22977.99/3282.43/3282.43) lat (ms,95%): 25.28 err/s: 0.00 reconn/s: 0.00
[ 24.0s ] thds: 16 tps: 2234.24 qps: 40045.35 (r/w/o: 31132.38/4444.48/4468.49) lat (ms,95%): 8.43 err/s: 0.00 reconn/s: 0.00
[ 25.0s ] thds: 16 tps: 1689.42 qps: 30574.57 (r/w/o: 23792.88/3402.84/3378.85) lat (ms,95%): 24.38 err/s: 0.00 reconn/s: 0.00
[ 26.0s ] thds: 16 tps: 2184.84 qps: 39280.07 (r/w/o: 30566.73/4343.67/4369.68) lat (ms,95%): 9.06 err/s: 0.00 reconn/s: 0.00
[ 27.0s ] thds: 16 tps: 1332.08 qps: 24034.26 (r/w/o: 18678.03/2692.06/2664.16) lat (ms,95%): 24.38 err/s: 0.00 reconn/s: 0.00
[ 28.0s ] thds: 16 tps: 1646.57 qps: 29621.15 (r/w/o: 23043.91/3284.10/3293.13) lat (ms,95%): 9.39 err/s: 0.00 reconn/s: 0.00
[ 29.0s ] thds: 16 tps: 1683.64 qps: 30258.54 (r/w/o: 23544.95/3346.31/3367.27) lat (ms,95%): 26.68 err/s: 0.00 reconn/s: 0.00
[ 30.0s ] thds: 16 tps: 2154.57 qps: 38838.32 (r/w/o: 30192.00/4337.19/4309.13) lat (ms,95%): 8.90 err/s: 0.00 reconn/s: 0.00
[ 31.0s ] thds: 16 tps: 1877.79 qps: 33808.16 (r/w/o: 26295.02/3757.57/3755.57) lat (ms,95%): 17.32 err/s: 0.00 reconn/s: 0.00
[ 32.0s ] thds: 16 tps: 1900.78 qps: 34171.97 (r/w/o: 26597.87/3772.54/3801.55) lat (ms,95%): 16.41 err/s: 0.00 reconn/s: 0.00
[ 33.0s ] thds: 16 tps: 1919.70 qps: 34590.49 (r/w/o: 26886.73/3864.37/3839.39) lat (ms,95%): 9.39 err/s: 0.00 reconn/s: 0.00
[ 34.0s ] thds: 16 tps: 1798.38 qps: 32359.76 (r/w/o: 25165.26/3598.75/3595.75) lat (ms,95%): 22.28 err/s: 0.00 reconn/s: 0.00
[ 35.0s ] thds: 16 tps: 1933.56 qps: 34608.44 (r/w/o: 26901.16/3839.17/3868.11) lat (ms,95%): 9.06 err/s: 0.00 reconn/s: 0.00
[ 36.0s ] thds: 16 tps: 1762.63 qps: 31924.88 (r/w/o: 24854.30/3545.32/3525.26) lat (ms,95%): 23.52 err/s: 0.00 reconn/s: 0.00
[ 37.0s ] thds: 16 tps: 2194.27 qps: 39484.81 (r/w/o: 30709.74/4386.53/4388.53) lat (ms,95%): 8.43 err/s: 0.00 reconn/s: 0.00
[ 38.0s ] thds: 16 tps: 1739.46 qps: 31334.30 (r/w/o: 24367.45/3487.92/3478.92) lat (ms,95%): 25.74 err/s: 0.00 reconn/s: 0.00
[ 39.0s ] thds: 16 tps: 1908.76 qps: 34361.75 (r/w/o: 26723.69/3820.52/3817.53) lat (ms,95%): 20.00 err/s: 0.00 reconn/s: 0.00
[ 40.0s ] thds: 16 tps: 2107.16 qps: 37922.88 (r/w/o: 29498.24/4210.32/4214.32) lat (ms,95%): 16.41 err/s: 0.00 reconn/s: 0.00
[ 41.0s ] thds: 16 tps: 2164.92 qps: 38961.63 (r/w/o: 30303.93/4327.85/4329.85) lat (ms,95%): 8.90 err/s: 0.00 reconn/s: 0.00
[ 42.0s ] thds: 16 tps: 1701.99 qps: 30631.81 (r/w/o: 23820.85/3406.98/3403.98) lat (ms,95%): 24.83 err/s: 0.00 reconn/s: 0.00
[ 43.0s ] thds: 16 tps: 1653.70 qps: 29696.82 (r/w/o: 23108.95/3280.46/3307.41) lat (ms,95%): 30.81 err/s: 0.00 reconn/s: 0.00
[ 44.0s ] thds: 16 tps: 2106.37 qps: 38001.79 (r/w/o: 29546.26/4242.80/4212.73) lat (ms,95%): 8.74 err/s: 0.00 reconn/s: 0.00
[ 45.0s ] thds: 16 tps: 2287.37 qps: 41043.74 (r/w/o: 31925.24/4544.77/4573.73) lat (ms,95%): 8.28 err/s: 0.00 reconn/s: 0.00
[ 46.0s ] thds: 16 tps: 1709.49 qps: 30814.89 (r/w/o: 23977.92/3416.98/3419.98) lat (ms,95%): 26.68 err/s: 0.00 reconn/s: 0.00
[ 47.0s ] thds: 16 tps: 1617.81 qps: 29142.51 (r/w/o: 22671.29/3235.61/3235.61) lat (ms,95%): 25.28 err/s: 0.00 reconn/s: 0.00
[ 48.0s ] thds: 16 tps: 2277.72 qps: 40822.06 (r/w/o: 31711.17/4557.45/4553.45) lat (ms,95%): 8.43 err/s: 0.00 reconn/s: 0.00
[ 49.0s ] thds: 16 tps: 2203.77 qps: 39847.91 (r/w/o: 31028.82/4409.55/4409.55) lat (ms,95%): 9.56 err/s: 0.00 reconn/s: 0.00
[ 50.0s ] thds: 16 tps: 1790.12 qps: 32255.14 (r/w/o: 25080.66/3594.24/3580.24) lat (ms,95%): 21.11 err/s: 0.00 reconn/s: 0.00
[ 51.0s ] thds: 16 tps: 1682.40 qps: 30176.19 (r/w/o: 23460.60/3350.80/3364.79) lat (ms,95%): 24.83 err/s: 0.00 reconn/s: 0.00
[ 52.0s ] thds: 16 tps: 2205.97 qps: 39785.50 (r/w/o: 30965.60/4407.95/4411.95) lat (ms,95%): 8.74 err/s: 0.00 reconn/s: 0.00
[ 53.0s ] thds: 16 tps: 2267.19 qps: 40824.39 (r/w/o: 31740.63/4549.38/4534.38) lat (ms,95%): 8.43 err/s: 0.00 reconn/s: 0.00
[ 54.0s ] thds: 16 tps: 1686.51 qps: 30358.17 (r/w/o: 23603.13/3382.02/3373.02) lat (ms,95%): 25.28 err/s: 0.00 reconn/s: 0.00
[ 55.0s ] thds: 16 tps: 1635.80 qps: 29369.41 (r/w/o: 22840.21/3257.61/3271.59) lat (ms,95%): 21.11 err/s: 0.00 reconn/s: 0.00
[ 56.0s ] thds: 16 tps: 1486.34 qps: 26859.18 (r/w/o: 20893.81/2992.69/2972.68) lat (ms,95%): 20.37 err/s: 0.00 reconn/s: 0.00
[ 57.0s ] thds: 16 tps: 2303.52 qps: 41390.45 (r/w/o: 32206.35/4578.05/4606.05) lat (ms,95%): 8.28 err/s: 0.00 reconn/s: 0.00
[ 58.0s ] thds: 16 tps: 1821.33 qps: 32866.86 (r/w/o: 25549.58/3673.62/3643.66) lat (ms,95%): 24.38 err/s: 0.00 reconn/s: 0.00
[ 59.0s ] thds: 16 tps: 1557.68 qps: 28030.29 (r/w/o: 21805.57/3109.36/3115.37) lat (ms,95%): 24.83 err/s: 0.00 reconn/s: 0.00
[ 60.0s ] thds: 16 tps: 2368.49 qps: 42484.81 (r/w/o: 33034.85/4712.98/4736.98) lat (ms,95%): 8.13 err/s: 0.00 reconn/s: 0.00
[ 61.0s ] thds: 16 tps: 1642.83 qps: 29547.96 (r/w/o: 22971.64/3293.65/3282.66) lat (ms,95%): 14.46 err/s: 0.00 reconn/s: 0.00
[ 62.0s ] thds: 16 tps: 1623.85 qps: 29230.25 (r/w/o: 22733.86/3245.69/3250.70) lat (ms,95%): 14.21 err/s: 0.00 reconn/s: 0.00
[ 63.0s ] thds: 16 tps: 1091.56 qps: 19686.87 (r/w/o: 15324.63/2179.13/2183.11) lat (ms,95%): 28.67 err/s: 0.00 reconn/s: 0.00
[ 64.0s ] thds: 16 tps: 864.78 qps: 15671.10 (r/w/o: 12203.98/1737.56/1729.56) lat (ms,95%): 54.83 err/s: 0.00 reconn/s: 0.00
[ 65.0s ] thds: 16 tps: 1335.74 qps: 24022.32 (r/w/o: 18683.36/2667.48/2671.48) lat (ms,95%): 33.12 err/s: 0.00 reconn/s: 0.00
[ 66.0s ] thds: 16 tps: 840.89 qps: 15190.96 (r/w/o: 11803.42/1705.77/1681.77) lat (ms,95%): 125.52 err/s: 0.00 reconn/s: 0.00
[ 67.0s ] thds: 16 tps: 1085.11 qps: 19532.05 (r/w/o: 15191.59/2170.23/2170.23) lat (ms,95%): 26.20 err/s: 0.00 reconn/s: 0.00
[ 68.0s ] thds: 16 tps: 1373.47 qps: 24722.50 (r/w/o: 19228.61/2746.94/2746.94) lat (ms,95%): 24.38 err/s: 0.00 reconn/s: 0.00
[ 69.0s ] thds: 16 tps: 928.55 qps: 16676.80 (r/w/o: 12974.63/1845.08/1857.10) lat (ms,95%): 84.47 err/s: 0.00 reconn/s: 0.00
[ 70.0s ] thds: 16 tps: 524.17 qps: 9471.89 (r/w/o: 7363.26/1060.29/1048.34) lat (ms,95%): 196.89 err/s: 0.00 reconn/s: 0.00
[ 71.0s ] thds: 16 tps: 63.24 qps: 1138.25 (r/w/o: 885.30/126.47/126.47) lat (ms,95%): 475.79 err/s: 0.00 reconn/s: 0.00
[ 72.0s ] thds: 16 tps: 427.03 qps: 7524.46 (r/w/o: 5838.36/832.05/854.05) lat (ms,95%): 297.92 err/s: 0.00 reconn/s: 0.00
[ 73.0s ] thds: 16 tps: 1572.87 qps: 28377.73 (r/w/o: 22088.24/3143.75/3145.75) lat (ms,95%): 29.72 err/s: 0.00 reconn/s: 0.00
[ 74.0s ] thds: 16 tps: 2022.88 qps: 36304.98 (r/w/o: 28217.44/4041.77/4045.77) lat (ms,95%): 13.46 err/s: 0.00 reconn/s: 0.00
[ 75.0s ] thds: 16 tps: 1884.51 qps: 34118.10 (r/w/o: 26556.07/3793.01/3769.02) lat (ms,95%): 10.84 err/s: 0.00 reconn/s: 0.00
[ 76.0s ] thds: 16 tps: 701.78 qps: 12638.02 (r/w/o: 9826.90/1407.56/1403.56) lat (ms,95%): 92.42 err/s: 0.00 reconn/s: 0.00
[ 77.0s ] thds: 16 tps: 2322.43 qps: 41803.71 (r/w/o: 32513.99/4644.86/4644.86) lat (ms,95%): 8.43 err/s: 0.00 reconn/s: 0.00
[ 78.0s ] thds: 16 tps: 643.78 qps: 11588.03 (r/w/o: 9012.91/1287.56/1287.56) lat (ms,95%): 134.90 err/s: 0.00 reconn/s: 0.00
[ 79.0s ] thds: 16 tps: 1625.82 qps: 29235.66 (r/w/o: 22743.41/3241.62/3250.63) lat (ms,95%): 26.20 err/s: 0.00 reconn/s: 0.00
[ 80.0s ] thds: 16 tps: 2163.31 qps: 38886.67 (r/w/o: 30252.40/4306.64/4327.62) lat (ms,95%): 9.56 err/s: 0.00 reconn/s: 0.00
[ 81.0s ] thds: 16 tps: 2119.20 qps: 38227.64 (r/w/o: 29720.82/4268.43/4238.39) lat (ms,95%): 9.73 err/s: 0.00 reconn/s: 0.00
[ 82.0s ] thds: 16 tps: 1482.22 qps: 26679.92 (r/w/o: 20751.05/2964.44/2964.44) lat (ms,95%): 28.67 err/s: 0.00 reconn/s: 0.00
[ 83.0s ] thds: 16 tps: 671.09 qps: 12079.54 (r/w/o: 9395.20/1342.17/1342.17) lat (ms,95%): 137.35 err/s: 0.00 reconn/s: 0.00
[ 84.0s ] thds: 16 tps: 1690.30 qps: 30412.41 (r/w/o: 23653.20/3378.60/3380.60) lat (ms,95%): 25.28 err/s: 0.00 reconn/s: 0.00
[ 85.0s ] thds: 16 tps: 2361.93 qps: 42459.68 (r/w/o: 33041.96/4693.86/4723.85) lat (ms,95%): 8.13 err/s: 0.00 reconn/s: 0.00
[ 86.0s ] thds: 16 tps: 2264.65 qps: 40828.77 (r/w/o: 31740.16/4559.30/4529.31) lat (ms,95%): 8.43 err/s: 0.00 reconn/s: 0.00
[ 87.0s ] thds: 16 tps: 1583.90 qps: 28454.10 (r/w/o: 22144.53/3141.78/3167.79) lat (ms,95%): 23.10 err/s: 0.00 reconn/s: 0.00
[ 88.0s ] thds: 16 tps: 1721.61 qps: 31041.01 (r/w/o: 24130.56/3467.23/3443.22) lat (ms,95%): 17.01 err/s: 0.00 reconn/s: 0.00
[ 89.0s ] thds: 16 tps: 2314.24 qps: 41600.38 (r/w/o: 32371.39/4600.50/4628.48) lat (ms,95%): 8.28 err/s: 0.00 reconn/s: 0.00
[ 90.0s ] thds: 16 tps: 2219.53 qps: 40011.64 (r/w/o: 31103.49/4469.08/4439.07) lat (ms,95%): 8.58 err/s: 0.00 reconn/s: 0.00
SQL statistics:
    queries performed:
        read:                            2195844
        write:                           313692
        other:                           313692
        total:                           2823228
    transactions:                        156846 (1742.42 per sec.)
    queries:                             2823228 (31363.62 per sec.)
    ignored errors:                      0      (0.00 per sec.)
    reconnects:                          0      (0.00 per sec.)

Throughput:
    events/s (eps):                      1742.4233
    time elapsed:                        90.0160s
    total number of events:              156846

Latency (ms):
         min:                                    3.78
         avg:                                    9.18
         max:                                  476.61
         95th percentile:                       17.32
         sum:                              1439499.80

Threads fairness:
    events (avg/stddev):           9802.8750/27.68
    execution time (avg/stddev):   89.9687/0.00

