sysbench 1.1.0-f698960 (using bundled LuaJIT 2.1.0-beta3)

Running the test with following options:
Number of threads: 16
Report intermediate results every 1.000000 second(s)
Initializing random number generator from current time


Initializing worker threads...

Threads started!

[ 1.0s ] thds: 16 tps: 1698.53 qps: 30843.90 (r/w/o: 24002.07/3428.87/3412.96) lat (ms,95%): 22.28 err/s: 0.00 reconn/s: 0.00
[ 2.0s ] thds: 16 tps: 1927.97 qps: 34619.33 (r/w/o: 26937.51/3825.88/3855.95) lat (ms,95%): 16.12 err/s: 0.00 reconn/s: 0.00
[ 3.0s ] thds: 16 tps: 1603.73 qps: 28909.07 (r/w/o: 22480.17/3221.46/3207.45) lat (ms,95%): 28.16 err/s: 0.00 reconn/s: 0.00
[ 4.0s ] thds: 16 tps: 2251.98 qps: 40569.59 (r/w/o: 31549.68/4515.96/4503.95) lat (ms,95%): 9.06 err/s: 0.00 reconn/s: 0.00
[ 5.0s ] thds: 16 tps: 1802.76 qps: 32332.04 (r/w/o: 25146.92/3579.59/3605.53) lat (ms,95%): 25.28 err/s: 0.00 reconn/s: 0.00
[ 6.0s ] thds: 16 tps: 2121.95 qps: 38306.31 (r/w/o: 29792.46/4269.96/4243.89) lat (ms,95%): 12.30 err/s: 0.00 reconn/s: 0.00
[ 7.0s ] thds: 16 tps: 1783.67 qps: 31994.38 (r/w/o: 24885.62/3541.42/3567.33) lat (ms,95%): 25.28 err/s: 0.00 reconn/s: 0.00
[ 8.0s ] thds: 16 tps: 2181.41 qps: 39363.62 (r/w/o: 30629.97/4370.84/4362.81) lat (ms,95%): 8.90 err/s: 0.00 reconn/s: 0.00
[ 9.0s ] thds: 16 tps: 1654.81 qps: 29804.58 (r/w/o: 23165.32/3329.64/3309.62) lat (ms,95%): 25.74 err/s: 0.00 reconn/s: 0.00
[ 10.0s ] thds: 16 tps: 2186.05 qps: 39359.89 (r/w/o: 30613.69/4374.10/4372.10) lat (ms,95%): 8.90 err/s: 0.00 reconn/s: 0.00
[ 11.0s ] thds: 16 tps: 1886.80 qps: 33962.44 (r/w/o: 26415.23/3773.60/3773.60) lat (ms,95%): 23.10 err/s: 0.00 reconn/s: 0.00
[ 12.0s ] thds: 16 tps: 1956.33 qps: 35176.93 (r/w/o: 27358.61/3906.66/3911.66) lat (ms,95%): 15.83 err/s: 0.00 reconn/s: 0.00
[ 13.0s ] thds: 16 tps: 1637.73 qps: 29503.23 (r/w/o: 22948.29/3278.47/3276.47) lat (ms,95%): 24.38 err/s: 0.00 reconn/s: 0.00
[ 14.0s ] thds: 16 tps: 1187.95 qps: 21303.20 (r/w/o: 16580.36/2346.95/2375.90) lat (ms,95%): 89.16 err/s: 0.00 reconn/s: 0.00
[ 15.0s ] thds: 16 tps: 2321.99 qps: 41874.80 (r/w/o: 32556.85/4673.97/4643.98) lat (ms,95%): 8.28 err/s: 0.00 reconn/s: 0.00
[ 16.0s ] thds: 16 tps: 1707.19 qps: 30653.39 (r/w/o: 23854.63/3386.39/3412.37) lat (ms,95%): 24.38 err/s: 0.00 reconn/s: 0.00
[ 17.0s ] thds: 16 tps: 1957.16 qps: 35316.05 (r/w/o: 27457.34/3942.39/3916.32) lat (ms,95%): 16.41 err/s: 0.00 reconn/s: 0.00
[ 18.0s ] thds: 16 tps: 1830.81 qps: 32951.61 (r/w/o: 25628.36/3661.62/3661.62) lat (ms,95%): 21.50 err/s: 0.00 reconn/s: 0.00
[ 19.0s ] thds: 16 tps: 2149.31 qps: 38693.55 (r/w/o: 30094.32/4300.62/4298.62) lat (ms,95%): 8.90 err/s: 0.00 reconn/s: 0.00
[ 20.0s ] thds: 16 tps: 1735.17 qps: 31222.15 (r/w/o: 24287.45/3464.35/3470.35) lat (ms,95%): 23.52 err/s: 0.00 reconn/s: 0.00
[ 21.0s ] thds: 16 tps: 1886.53 qps: 33849.68 (r/w/o: 26323.54/3753.09/3773.05) lat (ms,95%): 26.20 err/s: 0.00 reconn/s: 0.00
[ 22.0s ] thds: 16 tps: 1990.46 qps: 35945.53 (r/w/o: 27959.64/4004.97/3980.92) lat (ms,95%): 22.28 err/s: 0.00 reconn/s: 0.00
[ 23.0s ] thds: 16 tps: 2293.82 qps: 41100.77 (r/w/o: 31948.49/4565.64/4586.64) lat (ms,95%): 8.43 err/s: 0.00 reconn/s: 0.00
[ 24.0s ] thds: 16 tps: 1690.75 qps: 30614.57 (r/w/o: 23831.56/3400.51/3382.50) lat (ms,95%): 19.65 err/s: 0.00 reconn/s: 0.00
[ 25.0s ] thds: 16 tps: 1735.37 qps: 31228.71 (r/w/o: 24290.22/3467.75/3470.74) lat (ms,95%): 25.28 err/s: 0.00 reconn/s: 0.00
[ 26.0s ] thds: 16 tps: 2177.22 qps: 39151.10 (r/w/o: 30459.18/4337.47/4354.45) lat (ms,95%): 8.74 err/s: 0.00 reconn/s: 0.00
[ 27.0s ] thds: 16 tps: 2202.70 qps: 39618.46 (r/w/o: 30810.69/4402.39/4405.39) lat (ms,95%): 8.58 err/s: 0.00 reconn/s: 0.00
[ 28.0s ] thds: 16 tps: 1686.90 qps: 30450.14 (r/w/o: 23674.56/3401.79/3373.79) lat (ms,95%): 26.20 err/s: 0.00 reconn/s: 0.00
[ 29.0s ] thds: 16 tps: 1652.95 qps: 29567.15 (r/w/o: 22983.35/3277.91/3305.89) lat (ms,95%): 25.74 err/s: 0.00 reconn/s: 0.00
[ 30.0s ] thds: 16 tps: 2210.13 qps: 39958.22 (r/w/o: 31093.71/4444.24/4420.26) lat (ms,95%): 8.58 err/s: 0.00 reconn/s: 0.00
[ 31.0s ] thds: 16 tps: 2194.33 qps: 39504.94 (r/w/o: 30725.62/4390.66/4388.66) lat (ms,95%): 8.74 err/s: 0.00 reconn/s: 0.00
[ 32.0s ] thds: 16 tps: 1885.01 qps: 33918.16 (r/w/o: 26390.12/3758.03/3770.02) lat (ms,95%): 17.01 err/s: 0.00 reconn/s: 0.00
[ 33.0s ] thds: 16 tps: 1392.42 qps: 25053.48 (r/w/o: 19479.81/2788.83/2784.83) lat (ms,95%): 29.19 err/s: 0.00 reconn/s: 0.00
[ 34.0s ] thds: 16 tps: 2339.46 qps: 42053.36 (r/w/o: 32709.50/4664.94/4678.92) lat (ms,95%): 8.13 err/s: 0.00 reconn/s: 0.00
[ 35.0s ] thds: 16 tps: 1542.21 qps: 27829.85 (r/w/o: 21638.99/3106.44/3084.42) lat (ms,95%): 20.37 err/s: 0.00 reconn/s: 0.00
[ 36.0s ] thds: 16 tps: 2361.56 qps: 42283.13 (r/w/o: 32868.89/4693.13/4721.11) lat (ms,95%): 8.28 err/s: 0.00 reconn/s: 0.00
[ 37.0s ] thds: 16 tps: 1147.48 qps: 20851.87 (r/w/o: 16243.93/2310.98/2296.96) lat (ms,95%): 29.72 err/s: 0.00 reconn/s: 0.00
[ 38.0s ] thds: 16 tps: 2327.64 qps: 41750.46 (r/w/o: 32449.92/4645.27/4655.27) lat (ms,95%): 8.43 err/s: 0.00 reconn/s: 0.00
[ 39.0s ] thds: 16 tps: 2219.80 qps: 40139.33 (r/w/o: 31236.15/4463.59/4439.59) lat (ms,95%): 8.43 err/s: 0.00 reconn/s: 0.00
[ 40.0s ] thds: 16 tps: 2217.39 qps: 39848.08 (r/w/o: 31006.51/4407.78/4433.79) lat (ms,95%): 8.58 err/s: 0.00 reconn/s: 0.00
[ 41.0s ] thds: 16 tps: 1236.48 qps: 22325.70 (r/w/o: 17349.76/2501.98/2473.96) lat (ms,95%): 30.81 err/s: 0.00 reconn/s: 0.00
[ 42.0s ] thds: 16 tps: 2284.69 qps: 41076.48 (r/w/o: 31966.70/4540.40/4569.38) lat (ms,95%): 8.13 err/s: 0.00 reconn/s: 0.00
[ 43.0s ] thds: 16 tps: 2263.47 qps: 40708.49 (r/w/o: 31653.60/4527.94/4526.94) lat (ms,95%): 8.43 err/s: 0.00 reconn/s: 0.00
[ 44.0s ] thds: 16 tps: 2188.53 qps: 39453.48 (r/w/o: 30684.38/4392.04/4377.07) lat (ms,95%): 8.43 err/s: 0.00 reconn/s: 0.00
[ 45.0s ] thds: 16 tps: 1197.45 qps: 21331.10 (r/w/o: 16563.29/2377.90/2389.91) lat (ms,95%): 26.20 err/s: 0.00 reconn/s: 0.00
[ 46.0s ] thds: 16 tps: 2117.63 qps: 38326.76 (r/w/o: 29838.21/4248.28/4240.27) lat (ms,95%): 8.90 err/s: 0.00 reconn/s: 0.00
[ 47.0s ] thds: 16 tps: 2188.02 qps: 39417.37 (r/w/o: 30650.29/4391.03/4376.04) lat (ms,95%): 8.58 err/s: 0.00 reconn/s: 0.00
[ 48.0s ] thds: 16 tps: 2082.19 qps: 37482.46 (r/w/o: 29151.69/4166.38/4164.39) lat (ms,95%): 8.90 err/s: 0.00 reconn/s: 0.00
[ 49.0s ] thds: 16 tps: 1220.79 qps: 21894.11 (r/w/o: 17040.00/2412.52/2441.59) lat (ms,95%): 26.20 err/s: 0.00 reconn/s: 0.00
[ 50.0s ] thds: 16 tps: 2329.17 qps: 41942.11 (r/w/o: 32622.42/4661.35/4658.35) lat (ms,95%): 8.13 err/s: 0.00 reconn/s: 0.00
[ 51.0s ] thds: 16 tps: 2320.23 qps: 41824.11 (r/w/o: 32519.20/4664.45/4640.46) lat (ms,95%): 8.28 err/s: 0.00 reconn/s: 0.00
[ 52.0s ] thds: 16 tps: 1875.30 qps: 33529.83 (r/w/o: 26059.58/3724.65/3745.61) lat (ms,95%): 19.29 err/s: 0.00 reconn/s: 0.00
[ 53.0s ] thds: 16 tps: 1617.76 qps: 29346.13 (r/w/o: 22844.02/3261.57/3240.54) lat (ms,95%): 26.68 err/s: 0.00 reconn/s: 0.00
[ 54.0s ] thds: 16 tps: 2154.72 qps: 38756.89 (r/w/o: 30159.03/4288.43/4309.43) lat (ms,95%): 8.74 err/s: 0.00 reconn/s: 0.00
[ 55.0s ] thds: 16 tps: 2155.86 qps: 38809.50 (r/w/o: 30177.06/4320.72/4311.72) lat (ms,95%): 8.74 err/s: 0.00 reconn/s: 0.00
[ 56.0s ] thds: 16 tps: 1647.36 qps: 29672.39 (r/w/o: 23075.97/3301.71/3294.71) lat (ms,95%): 25.28 err/s: 0.00 reconn/s: 0.00
[ 57.0s ] thds: 16 tps: 1700.70 qps: 30561.52 (r/w/o: 23779.75/3380.38/3401.40) lat (ms,95%): 28.67 err/s: 0.00 reconn/s: 0.00
[ 58.0s ] thds: 16 tps: 2135.45 qps: 38469.14 (r/w/o: 29910.32/4287.92/4270.90) lat (ms,95%): 9.06 err/s: 0.00 reconn/s: 0.00
[ 59.0s ] thds: 16 tps: 2219.40 qps: 39847.17 (r/w/o: 30986.58/4421.80/4438.79) lat (ms,95%): 8.74 err/s: 0.00 reconn/s: 0.00
[ 60.0s ] thds: 16 tps: 1672.45 qps: 30230.13 (r/w/o: 23514.33/3370.91/3344.90) lat (ms,95%): 25.74 err/s: 0.00 reconn/s: 0.00
[ 61.0s ] thds: 16 tps: 1010.85 qps: 18085.34 (r/w/o: 14054.93/2009.70/2020.70) lat (ms,95%): 54.83 err/s: 0.00 reconn/s: 0.00
[ 62.0s ] thds: 16 tps: 1163.06 qps: 21047.78 (r/w/o: 16380.58/2340.08/2327.12) lat (ms,95%): 34.33 err/s: 0.00 reconn/s: 0.00
[ 63.0s ] thds: 16 tps: 1574.12 qps: 28330.15 (r/w/o: 22035.68/3146.24/3148.24) lat (ms,95%): 17.32 err/s: 0.00 reconn/s: 0.00
[ 64.0s ] thds: 16 tps: 1647.19 qps: 29653.49 (r/w/o: 23062.71/3296.39/3294.39) lat (ms,95%): 13.46 err/s: 0.00 reconn/s: 0.00
[ 65.0s ] thds: 16 tps: 830.77 qps: 14894.94 (r/w/o: 11586.84/1646.55/1661.55) lat (ms,95%): 134.90 err/s: 0.00 reconn/s: 0.00
[ 66.0s ] thds: 16 tps: 1198.45 qps: 21630.92 (r/w/o: 16822.17/2411.85/2396.91) lat (ms,95%): 24.38 err/s: 0.00 reconn/s: 0.00
[ 67.0s ] thds: 16 tps: 887.46 qps: 15974.22 (r/w/o: 12424.39/1774.91/1774.91) lat (ms,95%): 64.47 err/s: 0.00 reconn/s: 0.00
[ 68.0s ] thds: 16 tps: 807.60 qps: 14446.44 (r/w/o: 11228.09/1603.15/1615.19) lat (ms,95%): 97.55 err/s: 0.00 reconn/s: 0.00
[ 69.0s ] thds: 16 tps: 1461.60 qps: 26398.49 (r/w/o: 20540.13/2935.16/2923.20) lat (ms,95%): 14.21 err/s: 0.00 reconn/s: 0.00
[ 70.0s ] thds: 16 tps: 527.58 qps: 9460.42 (r/w/o: 7375.12/1030.13/1055.16) lat (ms,95%): 139.85 err/s: 0.00 reconn/s: 0.00
[ 71.0s ] thds: 16 tps: 66.88 qps: 1239.77 (r/w/o: 947.30/158.71/133.76) lat (ms,95%): 331.91 err/s: 0.00 reconn/s: 0.00
[ 72.0s ] thds: 16 tps: 319.13 qps: 5734.35 (r/w/o: 4459.83/636.26/638.27) lat (ms,95%): 337.94 err/s: 0.00 reconn/s: 0.00
[ 73.0s ] thds: 16 tps: 2110.08 qps: 37907.45 (r/w/o: 29484.13/4203.16/4220.16) lat (ms,95%): 8.90 err/s: 0.00 reconn/s: 0.00
[ 74.0s ] thds: 16 tps: 2130.54 qps: 38242.60 (r/w/o: 29729.47/4252.07/4261.07) lat (ms,95%): 8.74 err/s: 0.00 reconn/s: 0.00
[ 75.0s ] thds: 16 tps: 542.06 qps: 9884.01 (r/w/o: 7720.79/1080.11/1083.11) lat (ms,95%): 137.35 err/s: 0.00 reconn/s: 0.00
[ 76.0s ] thds: 16 tps: 1858.16 qps: 33510.83 (r/w/o: 26045.20/3748.32/3717.31) lat (ms,95%): 10.46 err/s: 0.00 reconn/s: 0.00
[ 77.0s ] thds: 16 tps: 770.46 qps: 13859.33 (r/w/o: 10782.47/1535.93/1540.92) lat (ms,95%): 137.35 err/s: 0.00 reconn/s: 0.00
[ 78.0s ] thds: 16 tps: 1871.58 qps: 33691.44 (r/w/o: 26204.12/3744.16/3743.16) lat (ms,95%): 19.29 err/s: 0.00 reconn/s: 0.00
[ 79.0s ] thds: 16 tps: 2210.37 qps: 39764.67 (r/w/o: 30931.19/4412.74/4420.74) lat (ms,95%): 8.74 err/s: 0.00 reconn/s: 0.00
[ 80.0s ] thds: 16 tps: 1680.80 qps: 30265.40 (r/w/o: 23541.20/3362.60/3361.60) lat (ms,95%): 22.69 err/s: 0.00 reconn/s: 0.00
[ 81.0s ] thds: 16 tps: 2157.68 qps: 38855.30 (r/w/o: 30213.57/4326.36/4315.37) lat (ms,95%): 12.30 err/s: 0.00 reconn/s: 0.00
[ 82.0s ] thds: 16 tps: 1758.07 qps: 31642.33 (r/w/o: 24612.03/3514.15/3516.15) lat (ms,95%): 16.12 err/s: 0.00 reconn/s: 0.00
[ 83.0s ] thds: 16 tps: 939.30 qps: 16828.54 (r/w/o: 13100.30/1850.63/1877.61) lat (ms,95%): 94.10 err/s: 0.00 reconn/s: 0.00
[ 84.0s ] thds: 16 tps: 1324.83 qps: 23928.66 (r/w/o: 18598.44/2679.56/2650.65) lat (ms,95%): 11.04 err/s: 0.00 reconn/s: 0.00
[ 85.0s ] thds: 16 tps: 1876.88 qps: 33782.79 (r/w/o: 26276.29/3752.75/3753.76) lat (ms,95%): 8.90 err/s: 0.00 reconn/s: 0.00
[ 86.0s ] thds: 16 tps: 1986.51 qps: 35758.20 (r/w/o: 27811.16/3974.02/3973.02) lat (ms,95%): 22.28 err/s: 0.00 reconn/s: 0.00
[ 87.0s ] thds: 16 tps: 899.24 qps: 16086.04 (r/w/o: 12519.16/1768.40/1798.48) lat (ms,95%): 134.90 err/s: 0.00 reconn/s: 0.00
[ 88.0s ] thds: 16 tps: 2156.61 qps: 38828.92 (r/w/o: 30202.49/4313.21/4313.21) lat (ms,95%): 8.74 err/s: 0.00 reconn/s: 0.00
[ 89.0s ] thds: 16 tps: 1586.29 qps: 28639.15 (r/w/o: 22266.00/3200.58/3172.57) lat (ms,95%): 28.67 err/s: 0.00 reconn/s: 0.00
[ 90.0s ] thds: 16 tps: 2203.20 qps: 39441.77 (r/w/o: 30656.95/4378.42/4406.40) lat (ms,95%): 8.74 err/s: 0.00 reconn/s: 0.00
SQL statistics:
    queries performed:
        read:                            2196964
        write:                           313852
        other:                           313852
        total:                           2824668
    transactions:                        156926 (1743.28 per sec.)
    queries:                             2824668 (31379.04 per sec.)
    ignored errors:                      0      (0.00 per sec.)
    reconnects:                          0      (0.00 per sec.)

Throughput:
    events/s (eps):                      1743.2801
    time elapsed:                        90.0177s
    total number of events:              156926

Latency (ms):
         min:                                    3.77
         avg:                                    9.17
         max:                                  425.86
         95th percentile:                       17.63
         sum:                              1439614.95

Threads fairness:
    events (avg/stddev):           9807.8750/20.01
    execution time (avg/stddev):   89.9759/0.00

