sysbench 1.1.0-f698960 (using bundled LuaJIT 2.1.0-beta3)

Running the test with following options:
Number of threads: 16
Report intermediate results every 1.000000 second(s)
Initializing random number generator from current time


Initializing worker threads...

Threads started!

[ 1.0s ] thds: 16 tps: 1922.60 qps: 34877.83 (r/w/o: 27139.60/3877.09/3861.15) lat (ms,95%): 11.87 err/s: 0.00 reconn/s: 0.00
[ 2.0s ] thds: 16 tps: 1723.21 qps: 30987.68 (r/w/o: 24108.87/3432.40/3446.41) lat (ms,95%): 25.28 err/s: 0.00 reconn/s: 0.00
[ 3.0s ] thds: 16 tps: 2136.43 qps: 38485.75 (r/w/o: 29926.04/4286.85/4272.86) lat (ms,95%): 8.90 err/s: 0.00 reconn/s: 0.00
[ 4.0s ] thds: 16 tps: 1717.98 qps: 30923.66 (r/w/o: 24051.73/3435.96/3435.96) lat (ms,95%): 29.19 err/s: 0.00 reconn/s: 0.00
[ 5.0s ] thds: 16 tps: 2352.14 qps: 42236.41 (r/w/o: 32845.87/4686.26/4704.29) lat (ms,95%): 8.74 err/s: 0.00 reconn/s: 0.00
[ 6.0s ] thds: 16 tps: 1719.16 qps: 31043.84 (r/w/o: 24151.20/3454.31/3438.32) lat (ms,95%): 22.69 err/s: 0.00 reconn/s: 0.00
[ 7.0s ] thds: 16 tps: 1155.92 qps: 20658.57 (r/w/o: 16060.89/2285.84/2311.84) lat (ms,95%): 94.10 err/s: 0.00 reconn/s: 0.00
[ 8.0s ] thds: 16 tps: 2207.15 qps: 39879.63 (r/w/o: 31023.05/4442.29/4414.29) lat (ms,95%): 8.74 err/s: 0.00 reconn/s: 0.00
[ 9.0s ] thds: 16 tps: 1598.74 qps: 28775.30 (r/w/o: 22382.34/3195.48/3197.48) lat (ms,95%): 26.68 err/s: 0.00 reconn/s: 0.00
[ 10.0s ] thds: 16 tps: 1849.74 qps: 33286.35 (r/w/o: 25891.38/3695.49/3699.48) lat (ms,95%): 16.71 err/s: 0.00 reconn/s: 0.00
[ 11.0s ] thds: 16 tps: 1914.75 qps: 34411.35 (r/w/o: 26774.40/3807.46/3829.49) lat (ms,95%): 12.52 err/s: 0.00 reconn/s: 0.00
[ 12.0s ] thds: 16 tps: 2037.45 qps: 36739.15 (r/w/o: 28561.34/4102.91/4074.90) lat (ms,95%): 9.22 err/s: 0.00 reconn/s: 0.00
[ 13.0s ] thds: 16 tps: 1566.53 qps: 28050.53 (r/w/o: 21814.41/3103.06/3133.05) lat (ms,95%): 28.16 err/s: 0.00 reconn/s: 0.00
[ 14.0s ] thds: 16 tps: 1086.46 qps: 19699.78 (r/w/o: 15326.04/2200.83/2172.92) lat (ms,95%): 30.81 err/s: 0.00 reconn/s: 0.00
[ 15.0s ] thds: 16 tps: 1593.09 qps: 28678.64 (r/w/o: 22304.27/3188.18/3186.18) lat (ms,95%): 30.81 err/s: 0.00 reconn/s: 0.00
[ 16.0s ] thds: 16 tps: 2034.16 qps: 36592.91 (r/w/o: 28464.27/4060.31/4068.33) lat (ms,95%): 11.24 err/s: 0.00 reconn/s: 0.00
[ 17.0s ] thds: 16 tps: 1945.39 qps: 35039.05 (r/w/o: 27249.49/3898.78/3890.79) lat (ms,95%): 16.41 err/s: 0.00 reconn/s: 0.00
[ 18.0s ] thds: 16 tps: 2056.48 qps: 36982.62 (r/w/o: 28772.72/4097.94/4111.96) lat (ms,95%): 16.12 err/s: 0.00 reconn/s: 0.00
[ 19.0s ] thds: 16 tps: 2036.02 qps: 36682.29 (r/w/o: 28522.23/4087.03/4073.03) lat (ms,95%): 9.06 err/s: 0.00 reconn/s: 0.00
[ 20.0s ] thds: 16 tps: 1900.69 qps: 34127.43 (r/w/o: 26554.67/3771.38/3801.38) lat (ms,95%): 20.00 err/s: 0.00 reconn/s: 0.00
[ 21.0s ] thds: 16 tps: 1799.02 qps: 32444.30 (r/w/o: 25226.24/3620.02/3598.04) lat (ms,95%): 17.32 err/s: 0.00 reconn/s: 0.00
[ 22.0s ] thds: 16 tps: 1938.21 qps: 34821.76 (r/w/o: 27088.93/3856.40/3876.43) lat (ms,95%): 11.87 err/s: 0.00 reconn/s: 0.00
[ 23.0s ] thds: 16 tps: 2056.37 qps: 37096.74 (r/w/o: 28848.24/4135.75/4112.75) lat (ms,95%): 8.90 err/s: 0.00 reconn/s: 0.00
[ 24.0s ] thds: 16 tps: 1254.95 qps: 22596.11 (r/w/o: 17571.32/2514.88/2509.90) lat (ms,95%): 29.19 err/s: 0.00 reconn/s: 0.00
[ 25.0s ] thds: 16 tps: 1496.59 qps: 26935.68 (r/w/o: 20952.32/2990.18/2993.19) lat (ms,95%): 11.24 err/s: 0.00 reconn/s: 0.00
[ 26.0s ] thds: 16 tps: 1600.39 qps: 28639.04 (r/w/o: 22259.48/3179.78/3199.78) lat (ms,95%): 28.16 err/s: 0.00 reconn/s: 0.00
[ 27.0s ] thds: 16 tps: 2259.14 qps: 40791.55 (r/w/o: 31756.00/4516.28/4519.28) lat (ms,95%): 8.58 err/s: 0.00 reconn/s: 0.00
[ 28.0s ] thds: 16 tps: 1966.17 qps: 35435.04 (r/w/o: 27544.40/3958.30/3932.35) lat (ms,95%): 15.83 err/s: 0.00 reconn/s: 0.00
[ 29.0s ] thds: 16 tps: 2086.27 qps: 37366.52 (r/w/o: 29053.50/4150.50/4162.52) lat (ms,95%): 12.08 err/s: 0.00 reconn/s: 0.00
[ 30.0s ] thds: 16 tps: 1659.55 qps: 30053.91 (r/w/o: 23385.71/3339.10/3329.10) lat (ms,95%): 24.83 err/s: 0.00 reconn/s: 0.00
[ 31.0s ] thds: 16 tps: 2361.38 qps: 42421.95 (r/w/o: 33007.40/4692.78/4721.77) lat (ms,95%): 8.43 err/s: 0.00 reconn/s: 0.00
[ 32.0s ] thds: 16 tps: 1997.60 qps: 35901.95 (r/w/o: 27906.54/3999.20/3996.21) lat (ms,95%): 20.00 err/s: 0.00 reconn/s: 0.00
[ 33.0s ] thds: 16 tps: 2077.58 qps: 37511.55 (r/w/o: 29185.22/4171.18/4155.15) lat (ms,95%): 12.75 err/s: 0.00 reconn/s: 0.00
[ 34.0s ] thds: 16 tps: 1620.90 qps: 29148.11 (r/w/o: 22684.53/3221.79/3241.79) lat (ms,95%): 28.16 err/s: 0.00 reconn/s: 0.00
[ 35.0s ] thds: 16 tps: 2094.33 qps: 37749.90 (r/w/o: 29342.60/4218.64/4188.66) lat (ms,95%): 9.22 err/s: 0.00 reconn/s: 0.00
[ 36.0s ] thds: 16 tps: 2170.19 qps: 39013.46 (r/w/o: 30357.70/4316.37/4339.39) lat (ms,95%): 8.74 err/s: 0.00 reconn/s: 0.00
[ 37.0s ] thds: 16 tps: 1611.48 qps: 28908.61 (r/w/o: 22459.71/3224.95/3223.95) lat (ms,95%): 25.28 err/s: 0.00 reconn/s: 0.00
[ 38.0s ] thds: 16 tps: 1630.63 qps: 29496.32 (r/w/o: 22953.81/3281.26/3261.25) lat (ms,95%): 21.11 err/s: 0.00 reconn/s: 0.00
[ 39.0s ] thds: 16 tps: 2240.02 qps: 40097.46 (r/w/o: 31163.37/4454.05/4480.04) lat (ms,95%): 8.58 err/s: 0.00 reconn/s: 0.00
[ 40.0s ] thds: 16 tps: 2217.09 qps: 40076.70 (r/w/o: 31204.34/4438.18/4434.18) lat (ms,95%): 8.43 err/s: 0.00 reconn/s: 0.00
[ 41.0s ] thds: 16 tps: 345.71 qps: 6259.57 (r/w/o: 4873.76/694.40/691.41) lat (ms,95%): 15.55 err/s: 0.00 reconn/s: 0.00
[ 42.0s ] thds: 16 tps: 0.00 qps: 0.00 (r/w/o: 0.00/0.00/0.00) lat (ms,95%): 0.00 err/s: 0.00 reconn/s: 0.00
[ 43.0s ] thds: 16 tps: 0.00 qps: 0.00 (r/w/o: 0.00/0.00/0.00) lat (ms,95%): 0.00 err/s: 0.00 reconn/s: 0.00
[ 44.0s ] thds: 16 tps: 0.00 qps: 0.00 (r/w/o: 0.00/0.00/0.00) lat (ms,95%): 0.00 err/s: 0.00 reconn/s: 0.00
[ 45.0s ] thds: 16 tps: 0.00 qps: 0.00 (r/w/o: 0.00/0.00/0.00) lat (ms,95%): 0.00 err/s: 0.00 reconn/s: 0.00
[ 46.0s ] thds: 16 tps: 0.00 qps: 0.00 (r/w/o: 0.00/0.00/0.00) lat (ms,95%): 0.00 err/s: 0.00 reconn/s: 0.00
[ 47.0s ] thds: 16 tps: 0.00 qps: 0.00 (r/w/o: 0.00/0.00/0.00) lat (ms,95%): 0.00 err/s: 0.00 reconn/s: 0.00
[ 48.0s ] thds: 16 tps: 0.00 qps: 0.00 (r/w/o: 0.00/0.00/0.00) lat (ms,95%): 0.00 err/s: 0.00 reconn/s: 0.00
[ 49.0s ] thds: 16 tps: 0.00 qps: 0.00 (r/w/o: 0.00/0.00/0.00) lat (ms,95%): 0.00 err/s: 0.00 reconn/s: 0.00
[ 50.0s ] thds: 16 tps: 0.00 qps: 0.00 (r/w/o: 0.00/0.00/0.00) lat (ms,95%): 0.00 err/s: 0.00 reconn/s: 0.00
[ 51.0s ] thds: 16 tps: 0.00 qps: 0.00 (r/w/o: 0.00/0.00/0.00) lat (ms,95%): 0.00 err/s: 0.00 reconn/s: 0.00
[ 52.0s ] thds: 16 tps: 0.00 qps: 0.00 (r/w/o: 0.00/0.00/0.00) lat (ms,95%): 0.00 err/s: 0.00 reconn/s: 0.00
[ 53.0s ] thds: 16 tps: 0.00 qps: 0.00 (r/w/o: 0.00/0.00/0.00) lat (ms,95%): 0.00 err/s: 0.00 reconn/s: 0.00
[ 54.0s ] thds: 16 tps: 0.00 qps: 0.00 (r/w/o: 0.00/0.00/0.00) lat (ms,95%): 0.00 err/s: 0.00 reconn/s: 0.00
[ 55.0s ] thds: 16 tps: 0.00 qps: 0.00 (r/w/o: 0.00/0.00/0.00) lat (ms,95%): 0.00 err/s: 0.00 reconn/s: 0.00
[ 56.0s ] thds: 16 tps: 0.00 qps: 0.00 (r/w/o: 0.00/0.00/0.00) lat (ms,95%): 0.00 err/s: 0.00 reconn/s: 0.00
[ 57.0s ] thds: 16 tps: 0.00 qps: 0.00 (r/w/o: 0.00/0.00/0.00) lat (ms,95%): 0.00 err/s: 0.00 reconn/s: 0.00
[ 58.0s ] thds: 16 tps: 0.00 qps: 0.00 (r/w/o: 0.00/0.00/0.00) lat (ms,95%): 0.00 err/s: 0.00 reconn/s: 0.00
[ 59.0s ] thds: 16 tps: 0.00 qps: 0.00 (r/w/o: 0.00/0.00/0.00) lat (ms,95%): 0.00 err/s: 0.00 reconn/s: 0.00
[ 60.0s ] thds: 16 tps: 0.00 qps: 0.00 (r/w/o: 0.00/0.00/0.00) lat (ms,95%): 0.00 err/s: 0.00 reconn/s: 0.00
[ 61.0s ] thds: 16 tps: 0.00 qps: 0.00 (r/w/o: 0.00/0.00/0.00) lat (ms,95%): 0.00 err/s: 0.00 reconn/s: 0.00
[ 62.0s ] thds: 16 tps: 714.70 qps: 12887.46 (r/w/o: 10005.75/1452.32/1429.39) lat (ms,95%): 73.13 err/s: 0.00 reconn/s: 0.00
[ 63.0s ] thds: 16 tps: 1607.82 qps: 28933.68 (r/w/o: 22506.43/3211.62/3215.63) lat (ms,95%): 10.84 err/s: 0.00 reconn/s: 0.00
[ 64.0s ] thds: 16 tps: 1958.58 qps: 35261.47 (r/w/o: 27423.15/3921.16/3917.16) lat (ms,95%): 9.56 err/s: 0.00 reconn/s: 0.00
[ 65.0s ] thds: 16 tps: 351.63 qps: 6074.34 (r/w/o: 4699.70/671.39/703.26) lat (ms,95%): 10.27 err/s: 0.00 reconn/s: 0.00
[ 66.0s ] thds: 16 tps: 0.00 qps: 0.00 (r/w/o: 0.00/0.00/0.00) lat (ms,95%): 0.00 err/s: 0.00 reconn/s: 0.00
[ 67.0s ] thds: 16 tps: 0.00 qps: 0.00 (r/w/o: 0.00/0.00/0.00) lat (ms,95%): 0.00 err/s: 0.00 reconn/s: 0.00
[ 68.0s ] thds: 16 tps: 0.00 qps: 0.00 (r/w/o: 0.00/0.00/0.00) lat (ms,95%): 0.00 err/s: 0.00 reconn/s: 0.00
[ 69.0s ] thds: 16 tps: 0.00 qps: 0.00 (r/w/o: 0.00/0.00/0.00) lat (ms,95%): 0.00 err/s: 0.00 reconn/s: 0.00
[ 70.0s ] thds: 16 tps: 0.00 qps: 0.00 (r/w/o: 0.00/0.00/0.00) lat (ms,95%): 0.00 err/s: 0.00 reconn/s: 0.00
[ 71.0s ] thds: 16 tps: 0.00 qps: 0.00 (r/w/o: 0.00/0.00/0.00) lat (ms,95%): 0.00 err/s: 0.00 reconn/s: 0.00
[ 72.0s ] thds: 16 tps: 0.00 qps: 0.00 (r/w/o: 0.00/0.00/0.00) lat (ms,95%): 0.00 err/s: 0.00 reconn/s: 0.00
[ 73.0s ] thds: 16 tps: 0.00 qps: 0.00 (r/w/o: 0.00/0.00/0.00) lat (ms,95%): 0.00 err/s: 0.00 reconn/s: 0.00
[ 74.0s ] thds: 16 tps: 0.00 qps: 0.00 (r/w/o: 0.00/0.00/0.00) lat (ms,95%): 0.00 err/s: 0.00 reconn/s: 0.00
[ 75.0s ] thds: 16 tps: 0.00 qps: 0.00 (r/w/o: 0.00/0.00/0.00) lat (ms,95%): 0.00 err/s: 0.00 reconn/s: 0.00
[ 76.0s ] thds: 16 tps: 0.00 qps: 0.00 (r/w/o: 0.00/0.00/0.00) lat (ms,95%): 0.00 err/s: 0.00 reconn/s: 0.00
[ 77.0s ] thds: 16 tps: 0.00 qps: 0.00 (r/w/o: 0.00/0.00/0.00) lat (ms,95%): 0.00 err/s: 0.00 reconn/s: 0.00
[ 78.0s ] thds: 16 tps: 0.00 qps: 0.00 (r/w/o: 0.00/0.00/0.00) lat (ms,95%): 0.00 err/s: 0.00 reconn/s: 0.00
[ 79.0s ] thds: 16 tps: 0.00 qps: 0.00 (r/w/o: 0.00/0.00/0.00) lat (ms,95%): 0.00 err/s: 0.00 reconn/s: 0.00
[ 80.0s ] thds: 16 tps: 0.00 qps: 0.00 (r/w/o: 0.00/0.00/0.00) lat (ms,95%): 0.00 err/s: 0.00 reconn/s: 0.00
[ 81.0s ] thds: 16 tps: 0.00 qps: 0.00 (r/w/o: 0.00/0.00/0.00) lat (ms,95%): 0.00 err/s: 0.00 reconn/s: 0.00
[ 82.0s ] thds: 16 tps: 0.00 qps: 0.00 (r/w/o: 0.00/0.00/0.00) lat (ms,95%): 0.00 err/s: 0.00 reconn/s: 0.00
[ 83.0s ] thds: 16 tps: 0.00 qps: 0.00 (r/w/o: 0.00/0.00/0.00) lat (ms,95%): 0.00 err/s: 0.00 reconn/s: 0.00
[ 84.0s ] thds: 16 tps: 0.00 qps: 0.00 (r/w/o: 0.00/0.00/0.00) lat (ms,95%): 0.00 err/s: 0.00 reconn/s: 0.00
[ 85.0s ] thds: 16 tps: 0.00 qps: 0.00 (r/w/o: 0.00/0.00/0.00) lat (ms,95%): 0.00 err/s: 0.00 reconn/s: 0.00
[ 86.0s ] thds: 16 tps: 0.00 qps: 0.00 (r/w/o: 0.00/0.00/0.00) lat (ms,95%): 0.00 err/s: 0.00 reconn/s: 0.00
[ 87.0s ] thds: 16 tps: 0.00 qps: 0.00 (r/w/o: 0.00/0.00/0.00) lat (ms,95%): 0.00 err/s: 0.00 reconn/s: 0.00
[ 88.0s ] thds: 16 tps: 0.00 qps: 0.00 (r/w/o: 0.00/0.00/0.00) lat (ms,95%): 0.00 err/s: 0.00 reconn/s: 0.00
[ 89.0s ] thds: 16 tps: 0.00 qps: 0.00 (r/w/o: 0.00/0.00/0.00) lat (ms,95%): 0.00 err/s: 0.00 reconn/s: 0.00
[ 90.0s ] thds: 16 tps: 0.00 qps: 0.00 (r/w/o: 0.00/0.00/0.00) lat (ms,95%): 0.00 err/s: 0.00 reconn/s: 0.00
[ 91.0s ] thds: 16 tps: 0.00 qps: 0.00 (r/w/o: 0.00/0.00/0.00) lat (ms,95%): 0.00 err/s: 0.00 reconn/s: 0.00
[ 92.0s ] thds: 16 tps: 0.00 qps: 0.00 (r/w/o: 0.00/0.00/0.00) lat (ms,95%): 0.00 err/s: 0.00 reconn/s: 0.00
[ 93.0s ] thds: 16 tps: 0.00 qps: 0.00 (r/w/o: 0.00/0.00/0.00) lat (ms,95%): 0.00 err/s: 0.00 reconn/s: 0.00
[ 94.0s ] thds: 16 tps: 0.00 qps: 0.00 (r/w/o: 0.00/0.00/0.00) lat (ms,95%): 0.00 err/s: 0.00 reconn/s: 0.00
[ 95.0s ] thds: 16 tps: 0.00 qps: 0.00 (r/w/o: 0.00/0.00/0.00) lat (ms,95%): 0.00 err/s: 0.00 reconn/s: 0.00
[ 96.0s ] thds: 16 tps: 791.76 qps: 13580.40 (r/w/o: 11202.10/794.77/1583.53) lat (ms,95%): 132.49 err/s: 0.00 reconn/s: 0.00
[ 97.0s ] thds: 16 tps: 1925.34 qps: 32850.89 (r/w/o: 27061.85/1938.35/3850.69) lat (ms,95%): 17.32 err/s: 0.00 reconn/s: 0.00
[ 98.0s ] thds: 16 tps: 1409.50 qps: 23957.44 (r/w/o: 19729.95/1408.50/2818.99) lat (ms,95%): 25.28 err/s: 0.00 reconn/s: 0.00
[ 99.0s ] thds: 16 tps: 2306.50 qps: 39109.48 (r/w/o: 32201.98/2294.50/4613.01) lat (ms,95%): 8.43 err/s: 0.00 reconn/s: 0.00
[ 100.0s ] thds: 16 tps: 2336.04 qps: 39678.63 (r/w/o: 32669.52/2337.04/4672.07) lat (ms,95%): 8.28 err/s: 0.00 reconn/s: 0.00
[ 101.0s ] thds: 16 tps: 2060.66 qps: 35170.14 (r/w/o: 28976.17/2072.65/4121.31) lat (ms,95%): 9.91 err/s: 0.00 reconn/s: 0.00
[ 102.0s ] thds: 16 tps: 1756.77 qps: 29793.04 (r/w/o: 24537.74/1741.76/3513.54) lat (ms,95%): 29.19 err/s: 0.00 reconn/s: 0.00
[ 103.0s ] thds: 16 tps: 2115.12 qps: 36015.97 (r/w/o: 29657.63/2128.10/4230.24) lat (ms,95%): 9.06 err/s: 0.00 reconn/s: 0.00
[ 104.0s ] thds: 16 tps: 2253.28 qps: 38318.77 (r/w/o: 31556.93/2255.28/4506.56) lat (ms,95%): 8.58 err/s: 0.00 reconn/s: 0.00
[ 105.0s ] thds: 16 tps: 1772.05 qps: 30058.93 (r/w/o: 24750.77/1764.06/3544.10) lat (ms,95%): 23.52 err/s: 0.00 reconn/s: 0.00
[ 106.0s ] thds: 16 tps: 599.01 qps: 10249.24 (r/w/o: 8444.20/607.02/1198.01) lat (ms,95%): 240.02 err/s: 0.00 reconn/s: 0.00
[ 107.0s ] thds: 16 tps: 2373.09 qps: 40306.52 (r/w/o: 33197.25/2363.09/4746.18) lat (ms,95%): 8.28 err/s: 0.00 reconn/s: 0.00
[ 108.0s ] thds: 16 tps: 2397.62 qps: 40793.44 (r/w/o: 33591.60/2406.61/4795.23) lat (ms,95%): 8.28 err/s: 0.00 reconn/s: 0.00
[ 109.0s ] thds: 16 tps: 2141.39 qps: 36377.62 (r/w/o: 29958.45/2136.39/4282.78) lat (ms,95%): 16.71 err/s: 0.00 reconn/s: 0.00
[ 110.0s ] thds: 16 tps: 1462.16 qps: 24808.72 (r/w/o: 20424.24/1460.16/2924.32) lat (ms,95%): 29.19 err/s: 0.00 reconn/s: 0.00
[ 111.0s ] thds: 16 tps: 2357.73 qps: 40144.37 (r/w/o: 33068.19/2360.73/4715.45) lat (ms,95%): 8.43 err/s: 0.00 reconn/s: 0.00
[ 112.0s ] thds: 16 tps: 2450.87 qps: 41606.80 (r/w/o: 34257.19/2447.87/4901.74) lat (ms,95%): 7.84 err/s: 0.00 reconn/s: 0.00
[ 113.0s ] thds: 16 tps: 1723.56 qps: 29365.59 (r/w/o: 24187.89/1730.56/3447.13) lat (ms,95%): 27.66 err/s: 0.00 reconn/s: 0.00
[ 114.0s ] thds: 16 tps: 1944.33 qps: 33052.60 (r/w/o: 27221.61/1942.33/3888.66) lat (ms,95%): 19.29 err/s: 0.00 reconn/s: 0.00
[ 115.0s ] thds: 16 tps: 2447.07 qps: 41559.11 (r/w/o: 34224.92/2440.07/4894.13) lat (ms,95%): 8.13 err/s: 0.00 reconn/s: 0.00
[ 116.0s ] thds: 16 tps: 2307.93 qps: 39214.75 (r/w/o: 32295.97/2305.93/4612.85) lat (ms,95%): 8.43 err/s: 0.00 reconn/s: 0.00
[ 117.0s ] thds: 16 tps: 1650.45 qps: 28043.59 (r/w/o: 23085.25/1654.44/3303.89) lat (ms,95%): 28.67 err/s: 0.00 reconn/s: 0.00
[ 118.0s ] thds: 16 tps: 1420.02 qps: 24222.07 (r/w/o: 19954.04/1427.99/2840.04) lat (ms,95%): 24.83 err/s: 0.00 reconn/s: 0.00
[ 119.0s ] thds: 16 tps: 1452.13 qps: 24633.10 (r/w/o: 20292.75/1436.08/2904.27) lat (ms,95%): 10.09 err/s: 0.00 reconn/s: 0.00
[ 120.0s ] thds: 16 tps: 2313.61 qps: 39344.31 (r/w/o: 32394.49/2322.61/4627.21) lat (ms,95%): 8.74 err/s: 0.00 reconn/s: 0.00
SQL statistics:
    queries performed:
        read:                            1784342
        write:                           207124
        other:                           254906
        total:                           2246372
    transactions:                        127453 (1061.98 per sec.)
    queries:                             2246372 (18717.43 per sec.)
    ignored errors:                      0      (0.00 per sec.)
    reconnects:                          0      (0.00 per sec.)

Throughput:
    events/s (eps):                      1061.9757
    time elapsed:                        120.0150s
    total number of events:              127453

Latency (ms):
         min:                                    3.74
         avg:                                   15.06
         max:                                31090.18
         95th percentile:                       16.71
         sum:                              1919620.43

Threads fairness:
    events (avg/stddev):           7965.8125/29.00
    execution time (avg/stddev):   119.9763/0.00

