sysbench 1.1.0-f698960 (using bundled LuaJIT 2.1.0-beta3)

Running the test with following options:
Number of threads: 16
Report intermediate results every 1.000000 second(s)
Initializing random number generator from current time


Initializing worker threads...

Threads started!

[ 1.0s ] thds: 16 tps: 1928.32 qps: 34954.94 (r/w/o: 27203.78/3878.57/3872.59) lat (ms,95%): 11.04 err/s: 0.00 reconn/s: 0.00
[ 2.0s ] thds: 16 tps: 2215.21 qps: 39864.77 (r/w/o: 31007.93/4426.42/4430.42) lat (ms,95%): 9.22 err/s: 0.00 reconn/s: 0.00
[ 3.0s ] thds: 16 tps: 1549.29 qps: 27918.19 (r/w/o: 21709.04/3110.57/3098.58) lat (ms,95%): 26.68 err/s: 0.00 reconn/s: 0.00
[ 4.0s ] thds: 16 tps: 1901.69 qps: 34030.98 (r/w/o: 26450.15/3777.45/3803.38) lat (ms,95%): 16.71 err/s: 0.00 reconn/s: 0.00
[ 5.0s ] thds: 16 tps: 1123.39 qps: 20384.90 (r/w/o: 15877.36/2260.77/2246.78) lat (ms,95%): 29.19 err/s: 0.00 reconn/s: 0.00
[ 6.0s ] thds: 16 tps: 2169.26 qps: 39063.69 (r/w/o: 30382.65/4342.53/4338.52) lat (ms,95%): 8.90 err/s: 0.00 reconn/s: 0.00
[ 7.0s ] thds: 16 tps: 1662.55 qps: 29913.90 (r/w/o: 23272.71/3316.09/3325.10) lat (ms,95%): 24.38 err/s: 0.00 reconn/s: 0.00
[ 8.0s ] thds: 16 tps: 2173.06 qps: 39126.02 (r/w/o: 30426.80/4353.11/4346.11) lat (ms,95%): 8.90 err/s: 0.00 reconn/s: 0.00
[ 9.0s ] thds: 16 tps: 1710.49 qps: 30764.88 (r/w/o: 23918.90/3424.99/3420.99) lat (ms,95%): 24.38 err/s: 0.00 reconn/s: 0.00
[ 10.0s ] thds: 16 tps: 2278.04 qps: 40985.77 (r/w/o: 31885.60/4544.09/4556.09) lat (ms,95%): 8.43 err/s: 0.00 reconn/s: 0.00
[ 11.0s ] thds: 16 tps: 1692.98 qps: 30506.57 (r/w/o: 23732.66/3387.95/3385.95) lat (ms,95%): 24.83 err/s: 0.00 reconn/s: 0.00
[ 12.0s ] thds: 16 tps: 2320.35 qps: 41790.35 (r/w/o: 32494.94/4654.70/4640.71) lat (ms,95%): 8.58 err/s: 0.00 reconn/s: 0.00
[ 13.0s ] thds: 16 tps: 1732.84 qps: 31197.15 (r/w/o: 24263.78/3467.68/3465.68) lat (ms,95%): 25.74 err/s: 0.00 reconn/s: 0.00
[ 14.0s ] thds: 16 tps: 1137.06 qps: 20471.13 (r/w/o: 15920.88/2276.13/2274.13) lat (ms,95%): 90.78 err/s: 0.00 reconn/s: 0.00
[ 15.0s ] thds: 16 tps: 2059.65 qps: 37073.72 (r/w/o: 28835.11/4119.30/4119.30) lat (ms,95%): 9.39 err/s: 0.00 reconn/s: 0.00
[ 16.0s ] thds: 16 tps: 1818.78 qps: 32734.11 (r/w/o: 25460.98/3635.56/3637.57) lat (ms,95%): 23.95 err/s: 0.00 reconn/s: 0.00
[ 17.0s ] thds: 16 tps: 2037.32 qps: 36598.75 (r/w/o: 28465.47/4060.63/4072.64) lat (ms,95%): 11.24 err/s: 0.00 reconn/s: 0.00
[ 18.0s ] thds: 16 tps: 1703.25 qps: 30712.46 (r/w/o: 23893.47/3410.50/3408.50) lat (ms,95%): 23.52 err/s: 0.00 reconn/s: 0.00
[ 19.0s ] thds: 16 tps: 2187.95 qps: 39402.16 (r/w/o: 30640.34/4385.91/4375.91) lat (ms,95%): 8.90 err/s: 0.00 reconn/s: 0.00
[ 20.0s ] thds: 16 tps: 1684.56 qps: 30326.12 (r/w/o: 23585.87/3371.12/3369.12) lat (ms,95%): 23.95 err/s: 0.00 reconn/s: 0.00
[ 21.0s ] thds: 16 tps: 2102.74 qps: 37753.43 (r/w/o: 29372.44/4175.50/4205.49) lat (ms,95%): 9.06 err/s: 0.00 reconn/s: 0.00
[ 22.0s ] thds: 16 tps: 1666.84 qps: 30095.06 (r/w/o: 23400.71/3360.67/3333.67) lat (ms,95%): 19.65 err/s: 0.00 reconn/s: 0.00
[ 23.0s ] thds: 16 tps: 1725.75 qps: 31067.56 (r/w/o: 24161.55/3454.50/3451.51) lat (ms,95%): 9.22 err/s: 0.00 reconn/s: 0.00
[ 24.0s ] thds: 16 tps: 945.18 qps: 16960.13 (r/w/o: 13205.48/1864.28/1890.37) lat (ms,95%): 87.56 err/s: 0.00 reconn/s: 0.00
[ 25.0s ] thds: 16 tps: 2404.67 qps: 43297.07 (r/w/o: 33670.39/4815.34/4811.34) lat (ms,95%): 8.13 err/s: 0.00 reconn/s: 0.00
[ 26.0s ] thds: 16 tps: 2261.37 qps: 40741.71 (r/w/o: 31680.21/4540.76/4520.74) lat (ms,95%): 8.43 err/s: 0.00 reconn/s: 0.00
[ 27.0s ] thds: 16 tps: 1599.94 qps: 28797.94 (r/w/o: 22398.18/3199.88/3199.88) lat (ms,95%): 24.83 err/s: 0.00 reconn/s: 0.00
[ 28.0s ] thds: 16 tps: 1631.14 qps: 29349.51 (r/w/o: 22830.95/3256.28/3262.28) lat (ms,95%): 25.28 err/s: 0.00 reconn/s: 0.00
[ 29.0s ] thds: 16 tps: 2272.17 qps: 40910.02 (r/w/o: 31815.35/4550.33/4544.34) lat (ms,95%): 8.28 err/s: 0.00 reconn/s: 0.00
[ 30.0s ] thds: 16 tps: 2413.03 qps: 43404.55 (r/w/o: 33756.43/4822.06/4826.06) lat (ms,95%): 8.13 err/s: 0.00 reconn/s: 0.00
[ 31.0s ] thds: 16 tps: 1679.09 qps: 30236.57 (r/w/o: 23530.23/3348.17/3358.17) lat (ms,95%): 26.68 err/s: 0.00 reconn/s: 0.00
[ 32.0s ] thds: 16 tps: 1651.48 qps: 29667.78 (r/w/o: 23057.85/3306.97/3302.97) lat (ms,95%): 22.28 err/s: 0.00 reconn/s: 0.00
[ 33.0s ] thds: 16 tps: 2336.21 qps: 42108.81 (r/w/o: 32758.97/4677.42/4672.42) lat (ms,95%): 8.43 err/s: 0.00 reconn/s: 0.00
[ 34.0s ] thds: 16 tps: 2335.30 qps: 41959.51 (r/w/o: 32635.29/4653.62/4670.61) lat (ms,95%): 8.43 err/s: 0.00 reconn/s: 0.00
[ 35.0s ] thds: 16 tps: 1729.75 qps: 31230.40 (r/w/o: 24289.42/3481.47/3459.50) lat (ms,95%): 23.10 err/s: 0.00 reconn/s: 0.00
[ 36.0s ] thds: 16 tps: 1608.85 qps: 28908.29 (r/w/o: 22499.92/3190.66/3217.71) lat (ms,95%): 27.17 err/s: 0.00 reconn/s: 0.00
[ 37.0s ] thds: 16 tps: 2181.44 qps: 39316.91 (r/w/o: 30564.18/4389.84/4362.89) lat (ms,95%): 8.90 err/s: 0.00 reconn/s: 0.00
[ 38.0s ] thds: 16 tps: 2047.83 qps: 36848.89 (r/w/o: 28657.57/4095.66/4095.66) lat (ms,95%): 9.56 err/s: 0.00 reconn/s: 0.00
[ 39.0s ] thds: 16 tps: 1716.19 qps: 30881.43 (r/w/o: 24026.66/3422.39/3432.38) lat (ms,95%): 26.20 err/s: 0.00 reconn/s: 0.00
[ 40.0s ] thds: 16 tps: 1625.95 qps: 29293.18 (r/w/o: 22777.36/3263.91/3251.91) lat (ms,95%): 26.68 err/s: 0.00 reconn/s: 0.00
[ 41.0s ] thds: 16 tps: 288.99 qps: 5175.97 (r/w/o: 4045.91/552.08/577.99) lat (ms,95%): 9.91 err/s: 0.00 reconn/s: 0.00
[ 42.0s ] thds: 16 tps: 0.00 qps: 0.00 (r/w/o: 0.00/0.00/0.00) lat (ms,95%): 0.00 err/s: 0.00 reconn/s: 0.00
[ 43.0s ] thds: 16 tps: 0.00 qps: 0.00 (r/w/o: 0.00/0.00/0.00) lat (ms,95%): 0.00 err/s: 0.00 reconn/s: 0.00
[ 44.0s ] thds: 16 tps: 0.00 qps: 0.00 (r/w/o: 0.00/0.00/0.00) lat (ms,95%): 0.00 err/s: 0.00 reconn/s: 0.00
[ 45.0s ] thds: 16 tps: 0.00 qps: 0.00 (r/w/o: 0.00/0.00/0.00) lat (ms,95%): 0.00 err/s: 0.00 reconn/s: 0.00
[ 46.0s ] thds: 16 tps: 0.00 qps: 0.00 (r/w/o: 0.00/0.00/0.00) lat (ms,95%): 0.00 err/s: 0.00 reconn/s: 0.00
[ 47.0s ] thds: 16 tps: 0.00 qps: 0.00 (r/w/o: 0.00/0.00/0.00) lat (ms,95%): 0.00 err/s: 0.00 reconn/s: 0.00
[ 48.0s ] thds: 16 tps: 0.00 qps: 0.00 (r/w/o: 0.00/0.00/0.00) lat (ms,95%): 0.00 err/s: 0.00 reconn/s: 0.00
[ 49.0s ] thds: 16 tps: 0.00 qps: 0.00 (r/w/o: 0.00/0.00/0.00) lat (ms,95%): 0.00 err/s: 0.00 reconn/s: 0.00
[ 50.0s ] thds: 16 tps: 0.00 qps: 0.00 (r/w/o: 0.00/0.00/0.00) lat (ms,95%): 0.00 err/s: 0.00 reconn/s: 0.00
[ 51.0s ] thds: 16 tps: 0.00 qps: 0.00 (r/w/o: 0.00/0.00/0.00) lat (ms,95%): 0.00 err/s: 0.00 reconn/s: 0.00
[ 52.0s ] thds: 16 tps: 0.00 qps: 0.00 (r/w/o: 0.00/0.00/0.00) lat (ms,95%): 0.00 err/s: 0.00 reconn/s: 0.00
[ 53.0s ] thds: 16 tps: 0.00 qps: 0.00 (r/w/o: 0.00/0.00/0.00) lat (ms,95%): 0.00 err/s: 0.00 reconn/s: 0.00
[ 54.0s ] thds: 16 tps: 0.00 qps: 0.00 (r/w/o: 0.00/0.00/0.00) lat (ms,95%): 0.00 err/s: 0.00 reconn/s: 0.00
[ 55.0s ] thds: 16 tps: 0.00 qps: 0.00 (r/w/o: 0.00/0.00/0.00) lat (ms,95%): 0.00 err/s: 0.00 reconn/s: 0.00
[ 56.0s ] thds: 16 tps: 0.00 qps: 0.00 (r/w/o: 0.00/0.00/0.00) lat (ms,95%): 0.00 err/s: 0.00 reconn/s: 0.00
[ 57.0s ] thds: 16 tps: 0.00 qps: 0.00 (r/w/o: 0.00/0.00/0.00) lat (ms,95%): 0.00 err/s: 0.00 reconn/s: 0.00
[ 58.0s ] thds: 16 tps: 0.00 qps: 0.00 (r/w/o: 0.00/0.00/0.00) lat (ms,95%): 0.00 err/s: 0.00 reconn/s: 0.00
[ 59.0s ] thds: 16 tps: 0.00 qps: 0.00 (r/w/o: 0.00/0.00/0.00) lat (ms,95%): 0.00 err/s: 0.00 reconn/s: 0.00
[ 60.0s ] thds: 16 tps: 0.00 qps: 0.00 (r/w/o: 0.00/0.00/0.00) lat (ms,95%): 0.00 err/s: 0.00 reconn/s: 0.00
[ 61.0s ] thds: 16 tps: 0.00 qps: 0.00 (r/w/o: 0.00/0.00/0.00) lat (ms,95%): 0.00 err/s: 0.00 reconn/s: 0.00
[ 62.0s ] thds: 16 tps: 0.00 qps: 0.00 (r/w/o: 0.00/0.00/0.00) lat (ms,95%): 0.00 err/s: 0.00 reconn/s: 0.00
[ 63.0s ] thds: 16 tps: 1093.60 qps: 19705.84 (r/w/o: 15308.37/2210.27/2187.20) lat (ms,95%): 12.08 err/s: 0.00 reconn/s: 0.00
[ 64.0s ] thds: 16 tps: 787.85 qps: 14121.36 (r/w/o: 10990.95/1554.71/1575.71) lat (ms,95%): 116.80 err/s: 0.00 reconn/s: 0.00
[ 65.0s ] thds: 16 tps: 780.58 qps: 13860.07 (r/w/o: 10745.72/1553.19/1561.16) lat (ms,95%): 9.73 err/s: 0.00 reconn/s: 0.00
[ 66.0s ] thds: 16 tps: 0.00 qps: 0.00 (r/w/o: 0.00/0.00/0.00) lat (ms,95%): 0.00 err/s: 0.00 reconn/s: 0.00
[ 67.0s ] thds: 16 tps: 0.00 qps: 0.00 (r/w/o: 0.00/0.00/0.00) lat (ms,95%): 0.00 err/s: 0.00 reconn/s: 0.00
[ 68.0s ] thds: 16 tps: 0.00 qps: 0.00 (r/w/o: 0.00/0.00/0.00) lat (ms,95%): 0.00 err/s: 0.00 reconn/s: 0.00
[ 69.0s ] thds: 16 tps: 0.00 qps: 0.00 (r/w/o: 0.00/0.00/0.00) lat (ms,95%): 0.00 err/s: 0.00 reconn/s: 0.00
[ 70.0s ] thds: 16 tps: 0.00 qps: 0.00 (r/w/o: 0.00/0.00/0.00) lat (ms,95%): 0.00 err/s: 0.00 reconn/s: 0.00
[ 71.0s ] thds: 16 tps: 0.00 qps: 0.00 (r/w/o: 0.00/0.00/0.00) lat (ms,95%): 0.00 err/s: 0.00 reconn/s: 0.00
[ 72.0s ] thds: 16 tps: 0.00 qps: 0.00 (r/w/o: 0.00/0.00/0.00) lat (ms,95%): 0.00 err/s: 0.00 reconn/s: 0.00
[ 73.0s ] thds: 16 tps: 0.00 qps: 0.00 (r/w/o: 0.00/0.00/0.00) lat (ms,95%): 0.00 err/s: 0.00 reconn/s: 0.00
[ 74.0s ] thds: 16 tps: 0.00 qps: 0.00 (r/w/o: 0.00/0.00/0.00) lat (ms,95%): 0.00 err/s: 0.00 reconn/s: 0.00
[ 75.0s ] thds: 16 tps: 0.00 qps: 0.00 (r/w/o: 0.00/0.00/0.00) lat (ms,95%): 0.00 err/s: 0.00 reconn/s: 0.00
[ 76.0s ] thds: 16 tps: 0.00 qps: 0.00 (r/w/o: 0.00/0.00/0.00) lat (ms,95%): 0.00 err/s: 0.00 reconn/s: 0.00
[ 77.0s ] thds: 16 tps: 0.00 qps: 0.00 (r/w/o: 0.00/0.00/0.00) lat (ms,95%): 0.00 err/s: 0.00 reconn/s: 0.00
[ 78.0s ] thds: 16 tps: 0.00 qps: 0.00 (r/w/o: 0.00/0.00/0.00) lat (ms,95%): 0.00 err/s: 0.00 reconn/s: 0.00
[ 79.0s ] thds: 16 tps: 0.00 qps: 0.00 (r/w/o: 0.00/0.00/0.00) lat (ms,95%): 0.00 err/s: 0.00 reconn/s: 0.00
[ 80.0s ] thds: 16 tps: 0.00 qps: 0.00 (r/w/o: 0.00/0.00/0.00) lat (ms,95%): 0.00 err/s: 0.00 reconn/s: 0.00
[ 81.0s ] thds: 16 tps: 0.00 qps: 0.00 (r/w/o: 0.00/0.00/0.00) lat (ms,95%): 0.00 err/s: 0.00 reconn/s: 0.00
[ 82.0s ] thds: 16 tps: 0.00 qps: 0.00 (r/w/o: 0.00/0.00/0.00) lat (ms,95%): 0.00 err/s: 0.00 reconn/s: 0.00
[ 83.0s ] thds: 16 tps: 0.00 qps: 0.00 (r/w/o: 0.00/0.00/0.00) lat (ms,95%): 0.00 err/s: 0.00 reconn/s: 0.00
[ 84.0s ] thds: 16 tps: 0.00 qps: 0.00 (r/w/o: 0.00/0.00/0.00) lat (ms,95%): 0.00 err/s: 0.00 reconn/s: 0.00
[ 85.0s ] thds: 16 tps: 0.00 qps: 0.00 (r/w/o: 0.00/0.00/0.00) lat (ms,95%): 0.00 err/s: 0.00 reconn/s: 0.00
[ 86.0s ] thds: 16 tps: 0.00 qps: 0.00 (r/w/o: 0.00/0.00/0.00) lat (ms,95%): 0.00 err/s: 0.00 reconn/s: 0.00
[ 87.0s ] thds: 16 tps: 0.00 qps: 0.00 (r/w/o: 0.00/0.00/0.00) lat (ms,95%): 0.00 err/s: 0.00 reconn/s: 0.00
[ 88.0s ] thds: 16 tps: 0.00 qps: 0.00 (r/w/o: 0.00/0.00/0.00) lat (ms,95%): 0.00 err/s: 0.00 reconn/s: 0.00
[ 89.0s ] thds: 16 tps: 0.00 qps: 0.00 (r/w/o: 0.00/0.00/0.00) lat (ms,95%): 0.00 err/s: 0.00 reconn/s: 0.00
[ 90.0s ] thds: 16 tps: 0.00 qps: 0.00 (r/w/o: 0.00/0.00/0.00) lat (ms,95%): 0.00 err/s: 0.00 reconn/s: 0.00
[ 91.0s ] thds: 16 tps: 0.00 qps: 0.00 (r/w/o: 0.00/0.00/0.00) lat (ms,95%): 0.00 err/s: 0.00 reconn/s: 0.00
[ 92.0s ] thds: 16 tps: 0.00 qps: 0.00 (r/w/o: 0.00/0.00/0.00) lat (ms,95%): 0.00 err/s: 0.00 reconn/s: 0.00
[ 93.0s ] thds: 16 tps: 0.00 qps: 0.00 (r/w/o: 0.00/0.00/0.00) lat (ms,95%): 0.00 err/s: 0.00 reconn/s: 0.00
[ 94.0s ] thds: 16 tps: 0.00 qps: 0.00 (r/w/o: 0.00/0.00/0.00) lat (ms,95%): 0.00 err/s: 0.00 reconn/s: 0.00
[ 95.0s ] thds: 16 tps: 0.00 qps: 0.00 (r/w/o: 0.00/0.00/0.00) lat (ms,95%): 0.00 err/s: 0.00 reconn/s: 0.00
[ 96.0s ] thds: 16 tps: 401.52 qps: 7042.72 (r/w/o: 5828.11/411.56/803.05) lat (ms,95%): 137.35 err/s: 0.00 reconn/s: 0.00
[ 97.0s ] thds: 16 tps: 1729.81 qps: 29398.71 (r/w/o: 24210.29/1728.81/3459.61) lat (ms,95%): 29.72 err/s: 0.00 reconn/s: 0.00
[ 98.0s ] thds: 16 tps: 1658.42 qps: 28174.10 (r/w/o: 23207.85/1650.42/3315.84) lat (ms,95%): 23.52 err/s: 0.00 reconn/s: 0.00
[ 99.0s ] thds: 16 tps: 2304.06 qps: 39143.99 (r/w/o: 32230.81/2304.06/4609.11) lat (ms,95%): 8.43 err/s: 0.00 reconn/s: 0.00
[ 100.0s ] thds: 16 tps: 2267.19 qps: 38618.26 (r/w/o: 31801.68/2282.20/4534.38) lat (ms,95%): 8.74 err/s: 0.00 reconn/s: 0.00
[ 101.0s ] thds: 16 tps: 1727.76 qps: 29371.89 (r/w/o: 24188.61/1727.76/3455.52) lat (ms,95%): 28.16 err/s: 0.00 reconn/s: 0.00
[ 102.0s ] thds: 16 tps: 2066.22 qps: 35077.74 (r/w/o: 28891.08/2054.22/4132.44) lat (ms,95%): 22.28 err/s: 0.00 reconn/s: 0.00
[ 103.0s ] thds: 16 tps: 2358.24 qps: 40086.09 (r/w/o: 33015.37/2354.24/4716.48) lat (ms,95%): 8.43 err/s: 0.00 reconn/s: 0.00
[ 104.0s ] thds: 16 tps: 2330.34 qps: 39582.80 (r/w/o: 32582.77/2339.34/4660.68) lat (ms,95%): 8.58 err/s: 0.00 reconn/s: 0.00
[ 105.0s ] thds: 16 tps: 828.32 qps: 14166.43 (r/w/o: 11674.47/835.32/1656.65) lat (ms,95%): 134.90 err/s: 0.00 reconn/s: 0.00
[ 106.0s ] thds: 16 tps: 1532.68 qps: 26052.54 (r/w/o: 21455.50/1531.68/3065.36) lat (ms,95%): 25.74 err/s: 0.00 reconn/s: 0.00
[ 107.0s ] thds: 16 tps: 2252.61 qps: 38267.46 (r/w/o: 31511.61/2250.62/4505.23) lat (ms,95%): 8.43 err/s: 0.00 reconn/s: 0.00
[ 108.0s ] thds: 16 tps: 2316.67 qps: 39407.47 (r/w/o: 32455.45/2318.68/4633.35) lat (ms,95%): 8.74 err/s: 0.00 reconn/s: 0.00
[ 109.0s ] thds: 16 tps: 1723.01 qps: 29297.09 (r/w/o: 24127.07/1724.00/3446.01) lat (ms,95%): 24.38 err/s: 0.00 reconn/s: 0.00
[ 110.0s ] thds: 16 tps: 1604.61 qps: 27150.17 (r/w/o: 22351.37/1589.59/3209.21) lat (ms,95%): 26.68 err/s: 0.00 reconn/s: 0.00
[ 111.0s ] thds: 16 tps: 2186.71 qps: 37291.09 (r/w/o: 30718.96/2198.71/4373.42) lat (ms,95%): 8.74 err/s: 0.00 reconn/s: 0.00
[ 112.0s ] thds: 16 tps: 2307.07 qps: 39170.13 (r/w/o: 32259.93/2296.07/4614.13) lat (ms,95%): 8.43 err/s: 0.00 reconn/s: 0.00
[ 113.0s ] thds: 16 tps: 1713.76 qps: 29189.87 (r/w/o: 24037.60/1724.75/3427.52) lat (ms,95%): 23.95 err/s: 0.00 reconn/s: 0.00
[ 114.0s ] thds: 16 tps: 1828.88 qps: 31095.98 (r/w/o: 25606.34/1831.89/3657.76) lat (ms,95%): 25.28 err/s: 0.00 reconn/s: 0.00
[ 115.0s ] thds: 16 tps: 1500.46 qps: 25507.86 (r/w/o: 21006.47/1500.46/3000.92) lat (ms,95%): 9.06 err/s: 0.00 reconn/s: 0.00
[ 116.0s ] thds: 16 tps: 2126.19 qps: 36067.05 (r/w/o: 29696.50/2121.18/4249.37) lat (ms,95%): 8.58 err/s: 0.00 reconn/s: 0.00
[ 117.0s ] thds: 16 tps: 2030.34 qps: 34593.68 (r/w/o: 28494.67/2035.33/4063.68) lat (ms,95%): 10.27 err/s: 0.00 reconn/s: 0.00
[ 118.0s ] thds: 16 tps: 1772.90 qps: 30051.14 (r/w/o: 24747.47/1757.87/3545.80) lat (ms,95%): 27.66 err/s: 0.00 reconn/s: 0.00
[ 119.0s ] thds: 16 tps: 1881.41 qps: 31854.99 (r/w/o: 26216.76/1882.41/3755.82) lat (ms,95%): 16.71 err/s: 0.00 reconn/s: 0.00
[ 120.0s ] thds: 16 tps: 2179.06 qps: 37260.89 (r/w/o: 30702.72/2193.05/4365.12) lat (ms,95%): 8.74 err/s: 0.00 reconn/s: 0.00
SQL statistics:
    queries performed:
        read:                            1744722
        write:                           202604
        other:                           249246
        total:                           2196572
    transactions:                        124623 (1038.31 per sec.)
    queries:                             2196572 (18300.89 per sec.)
    ignored errors:                      0      (0.00 per sec.)
    reconnects:                          0      (0.00 per sec.)

Throughput:
    events/s (eps):                      1038.3052
    time elapsed:                        120.0254s
    total number of events:              124623

Latency (ms):
         min:                                    3.77
         avg:                                   15.40
         max:                                31084.12
         95th percentile:                       16.71
         sum:                              1919661.92

Threads fairness:
    events (avg/stddev):           7788.9375/18.75
    execution time (avg/stddev):   119.9789/0.00

