sysbench 1.1.0-f698960 (using bundled LuaJIT 2.1.0-beta3)

Running the test with following options:
Number of threads: 16
Report intermediate results every 1.000000 second(s)
Initializing random number generator from current time


Initializing worker threads...

Threads started!

[ 1.0s ] thds: 16 tps: 1728.99 qps: 31392.99 (r/w/o: 24429.18/3489.88/3473.93) lat (ms,95%): 12.52 err/s: 0.00 reconn/s: 0.00
[ 2.0s ] thds: 16 tps: 1225.72 qps: 21938.01 (r/w/o: 17065.12/2421.45/2451.44) lat (ms,95%): 22.28 err/s: 0.00 reconn/s: 0.00
[ 3.0s ] thds: 16 tps: 1456.37 qps: 26328.64 (r/w/o: 20479.16/2936.73/2912.74) lat (ms,95%): 29.72 err/s: 0.00 reconn/s: 0.00
[ 4.0s ] thds: 16 tps: 2053.16 qps: 36967.91 (r/w/o: 28749.27/4112.32/4106.32) lat (ms,95%): 9.22 err/s: 0.00 reconn/s: 0.00
[ 5.0s ] thds: 16 tps: 1540.90 qps: 27544.03 (r/w/o: 21408.45/3053.77/3081.81) lat (ms,95%): 29.19 err/s: 0.00 reconn/s: 0.00
[ 6.0s ] thds: 16 tps: 1969.90 qps: 35515.23 (r/w/o: 27631.63/3943.80/3939.80) lat (ms,95%): 9.56 err/s: 0.00 reconn/s: 0.00
[ 7.0s ] thds: 16 tps: 1858.80 qps: 33593.27 (r/w/o: 26134.09/3741.58/3717.60) lat (ms,95%): 11.04 err/s: 0.00 reconn/s: 0.00
[ 8.0s ] thds: 16 tps: 1799.19 qps: 32385.48 (r/w/o: 25188.70/3598.39/3598.39) lat (ms,95%): 20.74 err/s: 0.00 reconn/s: 0.00
[ 9.0s ] thds: 16 tps: 1690.16 qps: 30419.81 (r/w/o: 23661.19/3378.31/3380.31) lat (ms,95%): 22.69 err/s: 0.00 reconn/s: 0.00
[ 10.0s ] thds: 16 tps: 2115.11 qps: 37915.13 (r/w/o: 29480.66/4204.24/4230.23) lat (ms,95%): 8.90 err/s: 0.00 reconn/s: 0.00
[ 11.0s ] thds: 16 tps: 1117.08 qps: 20247.58 (r/w/o: 15763.24/2250.18/2234.16) lat (ms,95%): 89.16 err/s: 0.00 reconn/s: 0.00
[ 12.0s ] thds: 16 tps: 1666.46 qps: 30001.30 (r/w/o: 23329.45/3338.92/3332.92) lat (ms,95%): 21.11 err/s: 0.00 reconn/s: 0.00
[ 13.0s ] thds: 16 tps: 2216.70 qps: 39909.56 (r/w/o: 31038.77/4437.39/4433.40) lat (ms,95%): 8.90 err/s: 0.00 reconn/s: 0.00
[ 14.0s ] thds: 16 tps: 1698.54 qps: 30576.78 (r/w/o: 23782.61/3397.09/3397.09) lat (ms,95%): 25.28 err/s: 0.00 reconn/s: 0.00
[ 15.0s ] thds: 16 tps: 2111.51 qps: 37992.22 (r/w/o: 29548.17/4222.02/4222.02) lat (ms,95%): 8.90 err/s: 0.00 reconn/s: 0.00
[ 16.0s ] thds: 16 tps: 1582.95 qps: 28506.16 (r/w/o: 22173.35/3165.91/3166.91) lat (ms,95%): 24.83 err/s: 0.00 reconn/s: 0.00
[ 17.0s ] thds: 16 tps: 2212.71 qps: 39747.83 (r/w/o: 30926.98/4396.43/4424.42) lat (ms,95%): 9.73 err/s: 0.00 reconn/s: 0.00
[ 18.0s ] thds: 16 tps: 1252.39 qps: 22628.80 (r/w/o: 17586.32/2536.71/2505.77) lat (ms,95%): 8.28 err/s: 0.00 reconn/s: 0.00
[ 19.0s ] thds: 16 tps: 1597.89 qps: 28607.87 (r/w/o: 22246.34/3165.75/3195.78) lat (ms,95%): 9.22 err/s: 0.00 reconn/s: 0.00
[ 20.0s ] thds: 16 tps: 2190.67 qps: 39550.81 (r/w/o: 30774.16/4395.31/4381.34) lat (ms,95%): 8.43 err/s: 0.00 reconn/s: 0.00
[ 21.0s ] thds: 16 tps: 1755.30 qps: 31619.43 (r/w/o: 24590.22/3518.62/3510.60) lat (ms,95%): 23.10 err/s: 0.00 reconn/s: 0.00
[ 22.0s ] thds: 16 tps: 2284.06 qps: 41106.15 (r/w/o: 31965.90/4572.13/4568.13) lat (ms,95%): 8.28 err/s: 0.00 reconn/s: 0.00
[ 23.0s ] thds: 16 tps: 1836.75 qps: 33062.52 (r/w/o: 25714.51/3675.50/3672.50) lat (ms,95%): 23.95 err/s: 0.00 reconn/s: 0.00
[ 24.0s ] thds: 16 tps: 2038.77 qps: 36645.92 (r/w/o: 28501.83/4065.55/4078.54) lat (ms,95%): 16.41 err/s: 0.00 reconn/s: 0.00
[ 25.0s ] thds: 16 tps: 1952.29 qps: 35194.32 (r/w/o: 27375.14/3914.60/3904.58) lat (ms,95%): 18.61 err/s: 0.00 reconn/s: 0.00
[ 26.0s ] thds: 16 tps: 2269.53 qps: 40865.52 (r/w/o: 31785.40/4541.06/4539.06) lat (ms,95%): 8.58 err/s: 0.00 reconn/s: 0.00
[ 27.0s ] thds: 16 tps: 1747.67 qps: 31449.07 (r/w/o: 24462.39/3491.34/3495.34) lat (ms,95%): 27.17 err/s: 0.00 reconn/s: 0.00
[ 28.0s ] thds: 16 tps: 1862.35 qps: 33508.37 (r/w/o: 26064.95/3718.71/3724.71) lat (ms,95%): 17.32 err/s: 0.00 reconn/s: 0.00
[ 29.0s ] thds: 16 tps: 2165.04 qps: 38917.63 (r/w/o: 30271.49/4316.07/4330.07) lat (ms,95%): 8.90 err/s: 0.00 reconn/s: 0.00
[ 30.0s ] thds: 16 tps: 2308.48 qps: 41504.71 (r/w/o: 32272.77/4614.97/4616.97) lat (ms,95%): 8.43 err/s: 0.00 reconn/s: 0.00
[ 31.0s ] thds: 16 tps: 1838.54 qps: 33110.79 (r/w/o: 25750.61/3683.09/3677.09) lat (ms,95%): 19.65 err/s: 0.00 reconn/s: 0.00
[ 32.0s ] thds: 16 tps: 1582.32 qps: 28417.82 (r/w/o: 22096.52/3156.65/3164.65) lat (ms,95%): 31.94 err/s: 0.00 reconn/s: 0.00
[ 33.0s ] thds: 16 tps: 2194.52 qps: 39572.34 (r/w/o: 30794.27/4389.04/4389.04) lat (ms,95%): 8.58 err/s: 0.00 reconn/s: 0.00
[ 34.0s ] thds: 16 tps: 2307.78 qps: 41504.99 (r/w/o: 32271.88/4617.55/4615.55) lat (ms,95%): 8.43 err/s: 0.00 reconn/s: 0.00
[ 35.0s ] thds: 16 tps: 1692.73 qps: 30354.20 (r/w/o: 23597.27/3383.47/3373.47) lat (ms,95%): 24.83 err/s: 0.00 reconn/s: 0.00
[ 36.0s ] thds: 16 tps: 1103.99 qps: 20123.35 (r/w/o: 15665.47/2237.92/2219.96) lat (ms,95%): 58.92 err/s: 0.00 reconn/s: 0.00
[ 37.0s ] thds: 16 tps: 1756.28 qps: 31446.72 (r/w/o: 24451.66/3482.50/3512.56) lat (ms,95%): 28.16 err/s: 0.00 reconn/s: 0.00
[ 38.0s ] thds: 16 tps: 2246.47 qps: 40384.67 (r/w/o: 31404.76/4496.94/4482.97) lat (ms,95%): 8.90 err/s: 0.00 reconn/s: 0.00
[ 39.0s ] thds: 16 tps: 2034.74 qps: 36843.68 (r/w/o: 28668.66/4095.52/4079.50) lat (ms,95%): 9.06 err/s: 0.00 reconn/s: 0.00
[ 40.0s ] thds: 16 tps: 1741.76 qps: 31348.69 (r/w/o: 24383.65/3481.52/3483.52) lat (ms,95%): 25.28 err/s: 0.00 reconn/s: 0.00
[ 41.0s ] thds: 16 tps: 258.02 qps: 4621.44 (r/w/o: 3613.27/492.13/516.04) lat (ms,95%): 47.47 err/s: 0.00 reconn/s: 0.00
[ 42.0s ] thds: 16 tps: 0.00 qps: 0.00 (r/w/o: 0.00/0.00/0.00) lat (ms,95%): 0.00 err/s: 0.00 reconn/s: 0.00
[ 43.0s ] thds: 16 tps: 0.00 qps: 0.00 (r/w/o: 0.00/0.00/0.00) lat (ms,95%): 0.00 err/s: 0.00 reconn/s: 0.00
[ 44.0s ] thds: 16 tps: 0.00 qps: 0.00 (r/w/o: 0.00/0.00/0.00) lat (ms,95%): 0.00 err/s: 0.00 reconn/s: 0.00
[ 45.0s ] thds: 16 tps: 0.00 qps: 0.00 (r/w/o: 0.00/0.00/0.00) lat (ms,95%): 0.00 err/s: 0.00 reconn/s: 0.00
[ 46.0s ] thds: 16 tps: 0.00 qps: 0.00 (r/w/o: 0.00/0.00/0.00) lat (ms,95%): 0.00 err/s: 0.00 reconn/s: 0.00
[ 47.0s ] thds: 16 tps: 0.00 qps: 0.00 (r/w/o: 0.00/0.00/0.00) lat (ms,95%): 0.00 err/s: 0.00 reconn/s: 0.00
[ 48.0s ] thds: 16 tps: 0.00 qps: 0.00 (r/w/o: 0.00/0.00/0.00) lat (ms,95%): 0.00 err/s: 0.00 reconn/s: 0.00
[ 49.0s ] thds: 16 tps: 0.00 qps: 0.00 (r/w/o: 0.00/0.00/0.00) lat (ms,95%): 0.00 err/s: 0.00 reconn/s: 0.00
[ 50.0s ] thds: 16 tps: 0.00 qps: 0.00 (r/w/o: 0.00/0.00/0.00) lat (ms,95%): 0.00 err/s: 0.00 reconn/s: 0.00
[ 51.0s ] thds: 16 tps: 0.00 qps: 0.00 (r/w/o: 0.00/0.00/0.00) lat (ms,95%): 0.00 err/s: 0.00 reconn/s: 0.00
[ 52.0s ] thds: 16 tps: 0.00 qps: 0.00 (r/w/o: 0.00/0.00/0.00) lat (ms,95%): 0.00 err/s: 0.00 reconn/s: 0.00
[ 53.0s ] thds: 16 tps: 0.00 qps: 0.00 (r/w/o: 0.00/0.00/0.00) lat (ms,95%): 0.00 err/s: 0.00 reconn/s: 0.00
[ 54.0s ] thds: 16 tps: 0.00 qps: 0.00 (r/w/o: 0.00/0.00/0.00) lat (ms,95%): 0.00 err/s: 0.00 reconn/s: 0.00
[ 55.0s ] thds: 16 tps: 0.00 qps: 0.00 (r/w/o: 0.00/0.00/0.00) lat (ms,95%): 0.00 err/s: 0.00 reconn/s: 0.00
[ 56.0s ] thds: 16 tps: 0.00 qps: 0.00 (r/w/o: 0.00/0.00/0.00) lat (ms,95%): 0.00 err/s: 0.00 reconn/s: 0.00
[ 57.0s ] thds: 16 tps: 0.00 qps: 0.00 (r/w/o: 0.00/0.00/0.00) lat (ms,95%): 0.00 err/s: 0.00 reconn/s: 0.00
[ 58.0s ] thds: 16 tps: 0.00 qps: 0.00 (r/w/o: 0.00/0.00/0.00) lat (ms,95%): 0.00 err/s: 0.00 reconn/s: 0.00
[ 59.0s ] thds: 16 tps: 0.00 qps: 0.00 (r/w/o: 0.00/0.00/0.00) lat (ms,95%): 0.00 err/s: 0.00 reconn/s: 0.00
[ 60.0s ] thds: 16 tps: 0.00 qps: 0.00 (r/w/o: 0.00/0.00/0.00) lat (ms,95%): 0.00 err/s: 0.00 reconn/s: 0.00
[ 61.0s ] thds: 16 tps: 68.24 qps: 1223.38 (r/w/o: 938.36/148.53/136.49) lat (ms,95%): 20876.04 err/s: 0.00 reconn/s: 0.00
[ 62.0s ] thds: 16 tps: 1877.14 qps: 33810.44 (r/w/o: 26295.90/3760.27/3754.27) lat (ms,95%): 11.04 err/s: 0.00 reconn/s: 0.00
[ 63.0s ] thds: 16 tps: 2050.33 qps: 36905.97 (r/w/o: 28700.64/4104.66/4100.66) lat (ms,95%): 9.56 err/s: 0.00 reconn/s: 0.00
[ 64.0s ] thds: 16 tps: 551.36 qps: 9933.53 (r/w/o: 7724.08/1106.72/1102.73) lat (ms,95%): 137.35 err/s: 0.00 reconn/s: 0.00
[ 65.0s ] thds: 16 tps: 866.21 qps: 15336.07 (r/w/o: 11903.19/1700.46/1732.43) lat (ms,95%): 114.72 err/s: 0.00 reconn/s: 0.00
[ 66.0s ] thds: 16 tps: 0.00 qps: 0.00 (r/w/o: 0.00/0.00/0.00) lat (ms,95%): 0.00 err/s: 0.00 reconn/s: 0.00
[ 67.0s ] thds: 16 tps: 0.00 qps: 0.00 (r/w/o: 0.00/0.00/0.00) lat (ms,95%): 0.00 err/s: 0.00 reconn/s: 0.00
[ 68.0s ] thds: 16 tps: 0.00 qps: 0.00 (r/w/o: 0.00/0.00/0.00) lat (ms,95%): 0.00 err/s: 0.00 reconn/s: 0.00
[ 69.0s ] thds: 16 tps: 0.00 qps: 0.00 (r/w/o: 0.00/0.00/0.00) lat (ms,95%): 0.00 err/s: 0.00 reconn/s: 0.00
[ 70.0s ] thds: 16 tps: 0.00 qps: 0.00 (r/w/o: 0.00/0.00/0.00) lat (ms,95%): 0.00 err/s: 0.00 reconn/s: 0.00
[ 71.0s ] thds: 16 tps: 0.00 qps: 0.00 (r/w/o: 0.00/0.00/0.00) lat (ms,95%): 0.00 err/s: 0.00 reconn/s: 0.00
[ 72.0s ] thds: 16 tps: 0.00 qps: 0.00 (r/w/o: 0.00/0.00/0.00) lat (ms,95%): 0.00 err/s: 0.00 reconn/s: 0.00
[ 73.0s ] thds: 16 tps: 0.00 qps: 0.00 (r/w/o: 0.00/0.00/0.00) lat (ms,95%): 0.00 err/s: 0.00 reconn/s: 0.00
[ 74.0s ] thds: 16 tps: 0.00 qps: 0.00 (r/w/o: 0.00/0.00/0.00) lat (ms,95%): 0.00 err/s: 0.00 reconn/s: 0.00
[ 75.0s ] thds: 16 tps: 0.00 qps: 0.00 (r/w/o: 0.00/0.00/0.00) lat (ms,95%): 0.00 err/s: 0.00 reconn/s: 0.00
[ 76.0s ] thds: 16 tps: 0.00 qps: 0.00 (r/w/o: 0.00/0.00/0.00) lat (ms,95%): 0.00 err/s: 0.00 reconn/s: 0.00
[ 77.0s ] thds: 16 tps: 0.00 qps: 0.00 (r/w/o: 0.00/0.00/0.00) lat (ms,95%): 0.00 err/s: 0.00 reconn/s: 0.00
[ 78.0s ] thds: 16 tps: 0.00 qps: 0.00 (r/w/o: 0.00/0.00/0.00) lat (ms,95%): 0.00 err/s: 0.00 reconn/s: 0.00
[ 79.0s ] thds: 16 tps: 0.00 qps: 0.00 (r/w/o: 0.00/0.00/0.00) lat (ms,95%): 0.00 err/s: 0.00 reconn/s: 0.00
[ 80.0s ] thds: 16 tps: 0.00 qps: 0.00 (r/w/o: 0.00/0.00/0.00) lat (ms,95%): 0.00 err/s: 0.00 reconn/s: 0.00
[ 81.0s ] thds: 16 tps: 0.00 qps: 0.00 (r/w/o: 0.00/0.00/0.00) lat (ms,95%): 0.00 err/s: 0.00 reconn/s: 0.00
[ 82.0s ] thds: 16 tps: 0.00 qps: 0.00 (r/w/o: 0.00/0.00/0.00) lat (ms,95%): 0.00 err/s: 0.00 reconn/s: 0.00
[ 83.0s ] thds: 16 tps: 0.00 qps: 0.00 (r/w/o: 0.00/0.00/0.00) lat (ms,95%): 0.00 err/s: 0.00 reconn/s: 0.00
[ 84.0s ] thds: 16 tps: 0.00 qps: 0.00 (r/w/o: 0.00/0.00/0.00) lat (ms,95%): 0.00 err/s: 0.00 reconn/s: 0.00
[ 85.0s ] thds: 16 tps: 0.00 qps: 0.00 (r/w/o: 0.00/0.00/0.00) lat (ms,95%): 0.00 err/s: 0.00 reconn/s: 0.00
[ 86.0s ] thds: 16 tps: 0.00 qps: 0.00 (r/w/o: 0.00/0.00/0.00) lat (ms,95%): 0.00 err/s: 0.00 reconn/s: 0.00
[ 87.0s ] thds: 16 tps: 0.00 qps: 0.00 (r/w/o: 0.00/0.00/0.00) lat (ms,95%): 0.00 err/s: 0.00 reconn/s: 0.00
[ 88.0s ] thds: 16 tps: 0.00 qps: 0.00 (r/w/o: 0.00/0.00/0.00) lat (ms,95%): 0.00 err/s: 0.00 reconn/s: 0.00
[ 89.0s ] thds: 16 tps: 0.00 qps: 0.00 (r/w/o: 0.00/0.00/0.00) lat (ms,95%): 0.00 err/s: 0.00 reconn/s: 0.00
[ 90.0s ] thds: 16 tps: 0.00 qps: 0.00 (r/w/o: 0.00/0.00/0.00) lat (ms,95%): 0.00 err/s: 0.00 reconn/s: 0.00
[ 91.0s ] thds: 16 tps: 0.00 qps: 0.00 (r/w/o: 0.00/0.00/0.00) lat (ms,95%): 0.00 err/s: 0.00 reconn/s: 0.00
[ 92.0s ] thds: 16 tps: 0.00 qps: 0.00 (r/w/o: 0.00/0.00/0.00) lat (ms,95%): 0.00 err/s: 0.00 reconn/s: 0.00
[ 93.0s ] thds: 16 tps: 0.00 qps: 0.00 (r/w/o: 0.00/0.00/0.00) lat (ms,95%): 0.00 err/s: 0.00 reconn/s: 0.00
[ 94.0s ] thds: 16 tps: 0.00 qps: 0.00 (r/w/o: 0.00/0.00/0.00) lat (ms,95%): 0.00 err/s: 0.00 reconn/s: 0.00
[ 95.0s ] thds: 16 tps: 0.00 qps: 0.00 (r/w/o: 0.00/0.00/0.00) lat (ms,95%): 0.00 err/s: 0.00 reconn/s: 0.00
[ 96.0s ] thds: 16 tps: 249.31 qps: 4439.52 (r/w/o: 3690.59/250.31/498.62) lat (ms,95%): 31023.52 err/s: 0.00 reconn/s: 0.00
[ 97.0s ] thds: 16 tps: 1363.14 qps: 23058.13 (r/w/o: 18967.70/1364.14/2726.28) lat (ms,95%): 28.67 err/s: 0.00 reconn/s: 0.00
[ 98.0s ] thds: 16 tps: 2296.31 qps: 39190.93 (r/w/o: 32288.04/2310.28/4592.62) lat (ms,95%): 8.28 err/s: 0.00 reconn/s: 0.00
[ 99.0s ] thds: 16 tps: 1168.50 qps: 19827.49 (r/w/o: 16332.99/1157.50/2337.00) lat (ms,95%): 86.00 err/s: 0.00 reconn/s: 0.00
[ 100.0s ] thds: 16 tps: 2296.38 qps: 38915.29 (r/w/o: 32030.16/2292.37/4592.75) lat (ms,95%): 8.28 err/s: 0.00 reconn/s: 0.00
[ 101.0s ] thds: 16 tps: 1459.38 qps: 24969.45 (r/w/o: 20576.31/1474.38/2918.77) lat (ms,95%): 31.94 err/s: 0.00 reconn/s: 0.00
[ 102.0s ] thds: 16 tps: 1911.92 qps: 32475.69 (r/w/o: 26751.93/1899.91/3823.85) lat (ms,95%): 19.29 err/s: 0.00 reconn/s: 0.00
[ 103.0s ] thds: 16 tps: 2301.22 qps: 39088.81 (r/w/o: 32189.14/2297.22/4602.45) lat (ms,95%): 8.28 err/s: 0.00 reconn/s: 0.00
[ 104.0s ] thds: 16 tps: 2300.60 qps: 39049.14 (r/w/o: 32145.35/2302.60/4601.19) lat (ms,95%): 8.43 err/s: 0.00 reconn/s: 0.00
[ 105.0s ] thds: 16 tps: 1387.06 qps: 23587.00 (r/w/o: 19425.82/1387.06/2774.12) lat (ms,95%): 30.81 err/s: 0.00 reconn/s: 0.00
[ 106.0s ] thds: 16 tps: 2212.70 qps: 37718.15 (r/w/o: 31067.02/2225.73/4425.40) lat (ms,95%): 8.90 err/s: 0.00 reconn/s: 0.00
[ 107.0s ] thds: 16 tps: 2352.54 qps: 39998.17 (r/w/o: 32940.55/2352.54/4705.08) lat (ms,95%): 8.28 err/s: 0.00 reconn/s: 0.00
[ 108.0s ] thds: 16 tps: 2181.00 qps: 37069.08 (r/w/o: 30529.07/2178.01/4362.01) lat (ms,95%): 8.58 err/s: 0.00 reconn/s: 0.00
[ 109.0s ] thds: 16 tps: 1402.02 qps: 23848.31 (r/w/o: 19638.26/1406.01/2804.04) lat (ms,95%): 25.74 err/s: 0.00 reconn/s: 0.00
[ 110.0s ] thds: 16 tps: 1965.86 qps: 33415.57 (r/w/o: 27519.00/1964.85/3931.72) lat (ms,95%): 17.63 err/s: 0.00 reconn/s: 0.00
[ 111.0s ] thds: 16 tps: 2005.63 qps: 34099.71 (r/w/o: 28081.82/2006.63/4011.26) lat (ms,95%): 8.74 err/s: 0.00 reconn/s: 0.00
[ 112.0s ] thds: 16 tps: 1420.59 qps: 24022.59 (r/w/o: 19774.87/1406.54/2841.19) lat (ms,95%): 10.09 err/s: 0.00 reconn/s: 0.00
[ 113.0s ] thds: 16 tps: 1866.76 qps: 31858.87 (r/w/o: 26245.59/1879.75/3733.52) lat (ms,95%): 22.69 err/s: 0.00 reconn/s: 0.00
[ 114.0s ] thds: 16 tps: 1601.70 qps: 27231.99 (r/w/o: 22425.87/1602.71/3203.41) lat (ms,95%): 28.16 err/s: 0.00 reconn/s: 0.00
[ 115.0s ] thds: 16 tps: 2368.23 qps: 40259.95 (r/w/o: 33155.25/2368.23/4736.46) lat (ms,95%): 8.28 err/s: 0.00 reconn/s: 0.00
[ 116.0s ] thds: 16 tps: 2459.18 qps: 41733.01 (r/w/o: 34371.48/2444.18/4917.35) lat (ms,95%): 7.84 err/s: 0.00 reconn/s: 0.00
[ 117.0s ] thds: 16 tps: 1728.33 qps: 29454.56 (r/w/o: 24253.58/1743.33/3457.65) lat (ms,95%): 25.74 err/s: 0.00 reconn/s: 0.00
[ 118.0s ] thds: 16 tps: 1808.55 qps: 30743.31 (r/w/o: 25318.67/1807.55/3617.10) lat (ms,95%): 24.38 err/s: 0.00 reconn/s: 0.00
[ 119.0s ] thds: 16 tps: 2354.40 qps: 40011.85 (r/w/o: 32952.64/2350.40/4708.81) lat (ms,95%): 8.58 err/s: 0.00 reconn/s: 0.00
[ 120.0s ] thds: 16 tps: 2428.35 qps: 41296.96 (r/w/o: 34006.91/2433.35/4856.70) lat (ms,95%): 7.98 err/s: 0.00 reconn/s: 0.00
SQL statistics:
    queries performed:
        read:                            1769418
        write:                           205872
        other:                           252774
        total:                           2228064
    transactions:                        126387 (1053.07 per sec.)
    queries:                             2228064 (18564.43 per sec.)
    ignored errors:                      0      (0.00 per sec.)
    reconnects:                          0      (0.00 per sec.)

Throughput:
    events/s (eps):                      1053.0677
    time elapsed:                        120.0179s
    total number of events:              126387

Latency (ms):
         min:                                    3.78
         avg:                                   15.19
         max:                                31019.09
         95th percentile:                       17.01
         sum:                              1919528.53

Threads fairness:
    events (avg/stddev):           7899.1875/28.60
    execution time (avg/stddev):   119.9705/0.00

