sysbench 1.1.0-f698960 (using bundled LuaJIT 2.1.0-beta3)

Running the test with following options:
Number of threads: 16
Report intermediate results every 1.000000 second(s)
Initializing random number generator from current time


Initializing worker threads...

Threads started!

[ 1.0s ] thds: 16 tps: 62.56 qps: 1476.69 (r/w/o: 1069.53/266.14/141.02) lat (ms,95%): 383.33 err/s: 0.00 reconn/s: 0.00
[ 2.0s ] thds: 16 tps: 52.06 qps: 1079.28 (r/w/o: 757.90/217.26/104.12) lat (ms,95%): 530.08 err/s: 0.00 reconn/s: 0.00
[ 3.0s ] thds: 16 tps: 43.96 qps: 858.19 (r/w/o: 605.43/164.84/87.92) lat (ms,95%): 1069.86 err/s: 0.00 reconn/s: 0.00
[ 4.0s ] thds: 16 tps: 39.00 qps: 781.09 (r/w/o: 544.06/159.02/78.01) lat (ms,95%): 1069.86 err/s: 0.00 reconn/s: 0.00
[ 5.0s ] thds: 16 tps: 35.00 qps: 714.91 (r/w/o: 501.94/142.98/69.99) lat (ms,95%): 995.51 err/s: 0.00 reconn/s: 0.00
[ 6.0s ] thds: 16 tps: 31.00 qps: 607.02 (r/w/o: 433.01/112.00/62.00) lat (ms,95%): 816.63 err/s: 0.00 reconn/s: 0.00
[ 7.0s ] thds: 16 tps: 45.08 qps: 915.64 (r/w/o: 632.14/193.35/90.16) lat (ms,95%): 995.51 err/s: 0.00 reconn/s: 0.00
[ 8.0s ] thds: 16 tps: 32.95 qps: 663.09 (r/w/o: 461.37/135.81/65.91) lat (ms,95%): 861.95 err/s: 0.00 reconn/s: 0.00
[ 9.0s ] thds: 16 tps: 44.99 qps: 884.77 (r/w/o: 617.84/176.95/89.98) lat (ms,95%): 831.46 err/s: 0.00 reconn/s: 0.00
[ 10.0s ] thds: 16 tps: 36.00 qps: 717.94 (r/w/o: 501.96/143.99/71.99) lat (ms,95%): 943.16 err/s: 0.00 reconn/s: 0.00
[ 11.0s ] thds: 16 tps: 40.08 qps: 805.65 (r/w/o: 571.17/154.32/80.16) lat (ms,95%): 1170.65 err/s: 0.00 reconn/s: 0.00
[ 12.0s ] thds: 16 tps: 31.93 qps: 633.64 (r/w/o: 451.03/118.75/63.86) lat (ms,95%): 943.16 err/s: 0.00 reconn/s: 0.00
[ 13.0s ] thds: 16 tps: 45.00 qps: 895.02 (r/w/o: 625.01/180.00/90.00) lat (ms,95%): 1280.93 err/s: 0.00 reconn/s: 0.00
[ 14.0s ] thds: 16 tps: 48.00 qps: 963.02 (r/w/o: 666.01/201.00/96.00) lat (ms,95%): 995.51 err/s: 0.00 reconn/s: 0.00
[ 15.0s ] thds: 16 tps: 40.05 qps: 812.02 (r/w/o: 562.71/169.21/80.10) lat (ms,95%): 694.45 err/s: 0.00 reconn/s: 0.00
[ 16.0s ] thds: 16 tps: 59.14 qps: 1131.60 (r/w/o: 794.83/218.50/118.27) lat (ms,95%): 612.21 err/s: 0.00 reconn/s: 0.00
[ 17.0s ] thds: 16 tps: 71.02 qps: 1451.39 (r/w/o: 1019.28/290.08/142.04) lat (ms,95%): 580.02 err/s: 0.00 reconn/s: 0.00
[ 18.0s ] thds: 16 tps: 48.81 qps: 926.31 (r/w/o: 632.48/196.22/97.61) lat (ms,95%): 926.33 err/s: 0.00 reconn/s: 0.00
[ 19.0s ] thds: 16 tps: 55.02 qps: 1156.34 (r/w/o: 832.24/214.06/110.03) lat (ms,95%): 601.29 err/s: 0.00 reconn/s: 0.00
[ 20.0s ] thds: 16 tps: 54.13 qps: 1082.69 (r/w/o: 746.86/227.57/108.27) lat (ms,95%): 746.32 err/s: 0.00 reconn/s: 0.00
[ 21.0s ] thds: 16 tps: 64.88 qps: 1302.54 (r/w/o: 916.27/256.52/129.75) lat (ms,95%): 590.56 err/s: 0.00 reconn/s: 0.00
[ 22.0s ] thds: 16 tps: 55.08 qps: 1087.63 (r/w/o: 751.13/226.34/110.17) lat (ms,95%): 977.74 err/s: 0.00 reconn/s: 0.00
[ 23.0s ] thds: 16 tps: 45.89 qps: 944.77 (r/w/o: 671.41/181.57/91.78) lat (ms,95%): 707.07 err/s: 0.00 reconn/s: 0.00
[ 24.0s ] thds: 16 tps: 54.00 qps: 1068.05 (r/w/o: 745.04/215.01/108.01) lat (ms,95%): 746.32 err/s: 0.00 reconn/s: 0.00
[ 25.0s ] thds: 16 tps: 69.27 qps: 1376.37 (r/w/o: 951.71/286.12/138.54) lat (ms,95%): 601.29 err/s: 0.00 reconn/s: 0.00
[ 26.0s ] thds: 16 tps: 57.93 qps: 1047.80 (r/w/o: 705.19/226.74/115.87) lat (ms,95%): 634.66 err/s: 0.00 reconn/s: 0.00
[ 27.0s ] thds: 16 tps: 33.04 qps: 791.90 (r/w/o: 596.68/129.15/66.08) lat (ms,95%): 759.88 err/s: 0.00 reconn/s: 0.00
[ 28.0s ] thds: 16 tps: 52.97 qps: 1003.43 (r/w/o: 697.60/199.89/105.94) lat (ms,95%): 694.45 err/s: 0.00 reconn/s: 0.00
[ 29.0s ] thds: 16 tps: 56.03 qps: 1167.67 (r/w/o: 828.48/227.13/112.06) lat (ms,95%): 707.07 err/s: 0.00 reconn/s: 0.00
[ 30.0s ] thds: 16 tps: 71.72 qps: 1292.96 (r/w/o: 871.60/277.92/143.44) lat (ms,95%): 442.73 err/s: 0.00 reconn/s: 0.00
[ 31.0s ] thds: 16 tps: 48.01 qps: 1069.13 (r/w/o: 801.09/172.02/96.01) lat (ms,95%): 694.45 err/s: 0.00 reconn/s: 0.00
[ 32.0s ] thds: 16 tps: 49.13 qps: 827.21 (r/w/o: 678.81/50.13/98.26) lat (ms,95%): 669.89 err/s: 0.00 reconn/s: 0.00
[ 33.0s ] thds: 16 tps: 39.03 qps: 672.45 (r/w/o: 556.37/38.03/78.05) lat (ms,95%): 733.00 err/s: 0.00 reconn/s: 0.00
[ 34.0s ] thds: 16 tps: 53.82 qps: 918.88 (r/w/o: 757.43/53.82/107.63) lat (ms,95%): 569.67 err/s: 0.00 reconn/s: 0.00
[ 35.0s ] thds: 16 tps: 57.22 qps: 975.78 (r/w/o: 800.10/61.24/114.44) lat (ms,95%): 559.50 err/s: 0.00 reconn/s: 0.00
[ 36.0s ] thds: 16 tps: 77.75 qps: 1314.69 (r/w/o: 1084.45/74.76/155.49) lat (ms,95%): 325.98 err/s: 0.00 reconn/s: 0.00
[ 37.0s ] thds: 16 tps: 56.19 qps: 958.26 (r/w/o: 790.69/55.19/112.38) lat (ms,95%): 634.66 err/s: 0.00 reconn/s: 0.00
[ 38.0s ] thds: 16 tps: 111.95 qps: 1904.07 (r/w/o: 1565.23/114.94/223.89) lat (ms,95%): 257.95 err/s: 0.00 reconn/s: 0.00
[ 39.0s ] thds: 16 tps: 141.80 qps: 2332.67 (r/w/o: 1910.27/138.80/283.59) lat (ms,95%): 231.53 err/s: 0.00 reconn/s: 0.00
[ 40.0s ] thds: 16 tps: 182.34 qps: 3114.77 (r/w/o: 2566.76/183.34/364.68) lat (ms,95%): 161.51 err/s: 0.00 reconn/s: 0.00
[ 41.0s ] thds: 16 tps: 187.00 qps: 3241.96 (r/w/o: 2681.97/186.00/374.00) lat (ms,95%): 144.97 err/s: 0.00 reconn/s: 0.00
[ 42.0s ] thds: 16 tps: 181.85 qps: 3070.44 (r/w/o: 2524.89/181.85/363.70) lat (ms,95%): 170.48 err/s: 0.00 reconn/s: 0.00
[ 43.0s ] thds: 16 tps: 162.12 qps: 2763.98 (r/w/o: 2273.63/166.12/324.23) lat (ms,95%): 262.64 err/s: 0.00 reconn/s: 0.00
[ 44.0s ] thds: 16 tps: 161.80 qps: 2717.59 (r/w/o: 2236.19/157.80/323.59) lat (ms,95%): 253.35 err/s: 0.00 reconn/s: 0.00
[ 45.0s ] thds: 16 tps: 208.81 qps: 3572.77 (r/w/o: 2945.34/209.81/417.62) lat (ms,95%): 127.81 err/s: 0.00 reconn/s: 0.00
[ 46.0s ] thds: 16 tps: 222.03 qps: 3756.54 (r/w/o: 3089.45/223.03/444.06) lat (ms,95%): 92.42 err/s: 0.00 reconn/s: 0.00
[ 47.0s ] thds: 16 tps: 198.15 qps: 3396.54 (r/w/o: 2802.10/198.15/396.30) lat (ms,95%): 97.55 err/s: 0.00 reconn/s: 0.00
[ 48.0s ] thds: 16 tps: 225.18 qps: 3833.02 (r/w/o: 3157.49/225.18/450.36) lat (ms,95%): 89.16 err/s: 0.00 reconn/s: 0.00
[ 49.0s ] thds: 16 tps: 126.05 qps: 2144.90 (r/w/o: 1767.74/125.05/252.11) lat (ms,95%): 147.61 err/s: 0.00 reconn/s: 0.00
[ 50.0s ] thds: 16 tps: 133.92 qps: 2278.62 (r/w/o: 1876.87/133.92/267.84) lat (ms,95%): 97.55 err/s: 0.00 reconn/s: 0.00
[ 51.0s ] thds: 16 tps: 65.03 qps: 1109.48 (r/w/o: 915.39/64.03/130.06) lat (ms,95%): 173.58 err/s: 0.00 reconn/s: 0.00
[ 52.0s ] thds: 16 tps: 0.00 qps: 0.00 (r/w/o: 0.00/0.00/0.00) lat (ms,95%): 0.00 err/s: 0.00 reconn/s: 0.00
[ 53.0s ] thds: 16 tps: 0.00 qps: 0.00 (r/w/o: 0.00/0.00/0.00) lat (ms,95%): 0.00 err/s: 0.00 reconn/s: 0.00
[ 54.0s ] thds: 16 tps: 0.00 qps: 0.00 (r/w/o: 0.00/0.00/0.00) lat (ms,95%): 0.00 err/s: 0.00 reconn/s: 0.00
[ 55.0s ] thds: 16 tps: 0.00 qps: 0.00 (r/w/o: 0.00/0.00/0.00) lat (ms,95%): 0.00 err/s: 0.00 reconn/s: 0.00
[ 56.0s ] thds: 16 tps: 0.00 qps: 0.00 (r/w/o: 0.00/0.00/0.00) lat (ms,95%): 0.00 err/s: 0.00 reconn/s: 0.00
[ 57.0s ] thds: 16 tps: 0.00 qps: 0.00 (r/w/o: 0.00/0.00/0.00) lat (ms,95%): 0.00 err/s: 0.00 reconn/s: 0.00
[ 58.0s ] thds: 16 tps: 0.00 qps: 0.00 (r/w/o: 0.00/0.00/0.00) lat (ms,95%): 0.00 err/s: 0.00 reconn/s: 0.00
[ 59.0s ] thds: 16 tps: 0.00 qps: 0.00 (r/w/o: 0.00/0.00/0.00) lat (ms,95%): 0.00 err/s: 0.00 reconn/s: 0.00
[ 60.0s ] thds: 16 tps: 0.00 qps: 0.00 (r/w/o: 0.00/0.00/0.00) lat (ms,95%): 0.00 err/s: 0.00 reconn/s: 0.00
[ 61.0s ] thds: 16 tps: 0.00 qps: 0.00 (r/w/o: 0.00/0.00/0.00) lat (ms,95%): 0.00 err/s: 0.00 reconn/s: 0.00
[ 62.0s ] thds: 16 tps: 0.00 qps: 0.00 (r/w/o: 0.00/0.00/0.00) lat (ms,95%): 0.00 err/s: 0.00 reconn/s: 0.00
[ 63.0s ] thds: 16 tps: 0.00 qps: 0.00 (r/w/o: 0.00/0.00/0.00) lat (ms,95%): 0.00 err/s: 0.00 reconn/s: 0.00
[ 64.0s ] thds: 16 tps: 0.00 qps: 0.00 (r/w/o: 0.00/0.00/0.00) lat (ms,95%): 0.00 err/s: 0.00 reconn/s: 0.00
[ 65.0s ] thds: 16 tps: 0.00 qps: 0.00 (r/w/o: 0.00/0.00/0.00) lat (ms,95%): 0.00 err/s: 0.00 reconn/s: 0.00
[ 66.0s ] thds: 16 tps: 0.00 qps: 0.00 (r/w/o: 0.00/0.00/0.00) lat (ms,95%): 0.00 err/s: 0.00 reconn/s: 0.00
[ 67.0s ] thds: 16 tps: 0.00 qps: 0.00 (r/w/o: 0.00/0.00/0.00) lat (ms,95%): 0.00 err/s: 0.00 reconn/s: 0.00
[ 68.0s ] thds: 16 tps: 0.00 qps: 0.00 (r/w/o: 0.00/0.00/0.00) lat (ms,95%): 0.00 err/s: 0.00 reconn/s: 0.00
[ 69.0s ] thds: 16 tps: 0.00 qps: 0.00 (r/w/o: 0.00/0.00/0.00) lat (ms,95%): 0.00 err/s: 0.00 reconn/s: 0.00
[ 70.0s ] thds: 16 tps: 0.00 qps: 0.00 (r/w/o: 0.00/0.00/0.00) lat (ms,95%): 0.00 err/s: 0.00 reconn/s: 0.00
[ 71.0s ] thds: 16 tps: 0.00 qps: 0.00 (r/w/o: 0.00/0.00/0.00) lat (ms,95%): 0.00 err/s: 0.00 reconn/s: 0.00
[ 72.0s ] thds: 16 tps: 0.00 qps: 0.00 (r/w/o: 0.00/0.00/0.00) lat (ms,95%): 0.00 err/s: 0.00 reconn/s: 0.00
[ 73.0s ] thds: 16 tps: 0.00 qps: 0.00 (r/w/o: 0.00/0.00/0.00) lat (ms,95%): 0.00 err/s: 0.00 reconn/s: 0.00
[ 74.0s ] thds: 16 tps: 0.00 qps: 0.00 (r/w/o: 0.00/0.00/0.00) lat (ms,95%): 0.00 err/s: 0.00 reconn/s: 0.00
[ 75.0s ] thds: 16 tps: 0.00 qps: 0.00 (r/w/o: 0.00/0.00/0.00) lat (ms,95%): 0.00 err/s: 0.00 reconn/s: 0.00
[ 76.0s ] thds: 16 tps: 0.00 qps: 0.00 (r/w/o: 0.00/0.00/0.00) lat (ms,95%): 0.00 err/s: 0.00 reconn/s: 0.00
[ 77.0s ] thds: 16 tps: 0.00 qps: 0.00 (r/w/o: 0.00/0.00/0.00) lat (ms,95%): 0.00 err/s: 0.00 reconn/s: 0.00
[ 78.0s ] thds: 16 tps: 0.00 qps: 0.00 (r/w/o: 0.00/0.00/0.00) lat (ms,95%): 0.00 err/s: 0.00 reconn/s: 0.00
[ 79.0s ] thds: 16 tps: 154.28 qps: 2615.73 (r/w/o: 2147.88/159.29/308.56) lat (ms,95%): 29926.15 err/s: 0.00 reconn/s: 0.00
[ 80.0s ] thds: 16 tps: 247.36 qps: 4177.14 (r/w/o: 3437.06/245.36/494.73) lat (ms,95%): 84.47 err/s: 0.00 reconn/s: 0.00
[ 81.0s ] thds: 16 tps: 249.98 qps: 4204.59 (r/w/o: 3456.66/247.98/499.95) lat (ms,95%): 78.60 err/s: 0.00 reconn/s: 0.00
[ 82.0s ] thds: 16 tps: 249.63 qps: 4275.64 (r/w/o: 3523.76/252.62/499.26) lat (ms,95%): 81.48 err/s: 0.00 reconn/s: 0.00
[ 83.0s ] thds: 16 tps: 217.78 qps: 3766.22 (r/w/o: 3100.88/229.77/435.56) lat (ms,95%): 82.96 err/s: 0.00 reconn/s: 0.00
[ 84.0s ] thds: 16 tps: 181.56 qps: 3028.35 (r/w/o: 2499.72/165.51/363.12) lat (ms,95%): 292.60 err/s: 0.00 reconn/s: 0.00
[ 85.0s ] thds: 16 tps: 190.34 qps: 3113.22 (r/w/o: 2541.20/191.34/380.68) lat (ms,95%): 125.52 err/s: 0.00 reconn/s: 0.00
[ 86.0s ] thds: 16 tps: 246.70 qps: 4325.22 (r/w/o: 3582.12/249.71/493.39) lat (ms,95%): 78.60 err/s: 0.00 reconn/s: 0.00
[ 87.0s ] thds: 16 tps: 250.16 qps: 4258.65 (r/w/o: 3508.19/250.16/500.31) lat (ms,95%): 80.03 err/s: 0.00 reconn/s: 0.00
[ 88.0s ] thds: 16 tps: 253.99 qps: 4310.86 (r/w/o: 3547.88/254.99/507.98) lat (ms,95%): 78.60 err/s: 0.00 reconn/s: 0.00
[ 89.0s ] thds: 16 tps: 252.37 qps: 4295.30 (r/w/o: 3539.19/251.37/504.74) lat (ms,95%): 81.48 err/s: 0.00 reconn/s: 0.00
[ 90.0s ] thds: 16 tps: 228.89 qps: 3752.14 (r/w/o: 3068.48/225.89/457.77) lat (ms,95%): 108.68 err/s: 0.00 reconn/s: 0.00
[ 91.0s ] thds: 16 tps: 207.15 qps: 3623.58 (r/w/o: 3002.14/207.15/414.30) lat (ms,95%): 110.66 err/s: 0.00 reconn/s: 0.00
[ 92.0s ] thds: 16 tps: 243.94 qps: 4158.00 (r/w/o: 3426.18/243.94/487.88) lat (ms,95%): 86.00 err/s: 0.00 reconn/s: 0.00
[ 93.0s ] thds: 16 tps: 249.47 qps: 4270.09 (r/w/o: 3516.66/254.48/498.95) lat (ms,95%): 80.03 err/s: 0.00 reconn/s: 0.00
[ 94.0s ] thds: 16 tps: 253.71 qps: 4288.02 (r/w/o: 3530.90/249.71/507.41) lat (ms,95%): 80.03 err/s: 0.00 reconn/s: 0.00
[ 95.0s ] thds: 16 tps: 238.11 qps: 4084.93 (r/w/o: 3370.59/238.11/476.22) lat (ms,95%): 87.56 err/s: 0.00 reconn/s: 0.00
[ 96.0s ] thds: 16 tps: 193.00 qps: 3267.99 (r/w/o: 2690.99/191.00/386.00) lat (ms,95%): 173.58 err/s: 0.00 reconn/s: 0.00
[ 97.0s ] thds: 16 tps: 218.01 qps: 3689.15 (r/w/o: 3033.12/220.01/436.02) lat (ms,95%): 114.72 err/s: 0.00 reconn/s: 0.00
[ 98.0s ] thds: 16 tps: 247.31 qps: 4202.33 (r/w/o: 3459.39/248.31/494.63) lat (ms,95%): 81.48 err/s: 0.00 reconn/s: 0.00
[ 99.0s ] thds: 16 tps: 249.04 qps: 4259.61 (r/w/o: 3509.50/252.04/498.07) lat (ms,95%): 80.03 err/s: 0.00 reconn/s: 0.00
[ 100.0s ] thds: 16 tps: 251.12 qps: 4243.26 (r/w/o: 3491.88/249.14/502.24) lat (ms,95%): 80.03 err/s: 0.00 reconn/s: 0.00
SQL statistics:
    queries performed:
        read:                            129598
        write:                           13814
        other:                           18514
        total:                           161926
    transactions:                        9257   (92.52 per sec.)
    queries:                             161926 (1618.31 per sec.)
    ignored errors:                      0      (0.00 per sec.)
    reconnects:                          0      (0.00 per sec.)

Throughput:
    events/s (eps):                      92.5156
    time elapsed:                        100.0588s
    total number of events:              9257

Latency (ms):
         min:                                   12.50
         avg:                                  172.89
         max:                                43034.15
         95th percentile:                      434.83
         sum:                              1600435.08

Threads fairness:
    events (avg/stddev):           578.5625/64.22
    execution time (avg/stddev):   100.0272/0.02

