sysbench 1.1.0-f698960 (using bundled LuaJIT 2.1.0-beta3)

Running the test with following options:
Number of threads: 16
Report intermediate results every 1.000000 second(s)
Initializing random number generator from current time


Initializing worker threads...

Threads started!

[ 1.0s ] thds: 16 tps: 64.48 qps: 1540.64 (r/w/o: 1123.98/271.82/144.84) lat (ms,95%): 320.17 err/s: 0.00 reconn/s: 0.00
[ 2.0s ] thds: 16 tps: 50.26 qps: 992.11 (r/w/o: 694.57/197.01/100.52) lat (ms,95%): 669.89 err/s: 0.00 reconn/s: 0.00
[ 3.0s ] thds: 16 tps: 42.96 qps: 865.21 (r/w/o: 607.45/171.84/85.92) lat (ms,95%): 787.74 err/s: 0.00 reconn/s: 0.00
[ 4.0s ] thds: 16 tps: 30.03 qps: 603.62 (r/w/o: 424.44/119.12/60.06) lat (ms,95%): 1032.01 err/s: 0.00 reconn/s: 0.00
[ 5.0s ] thds: 16 tps: 35.95 qps: 715.05 (r/w/o: 497.34/145.81/71.90) lat (ms,95%): 1129.24 err/s: 0.00 reconn/s: 0.00
[ 6.0s ] thds: 16 tps: 33.91 qps: 669.24 (r/w/o: 467.77/133.65/67.82) lat (ms,95%): 1032.01 err/s: 0.00 reconn/s: 0.00
[ 7.0s ] thds: 16 tps: 41.14 qps: 838.94 (r/w/o: 589.07/167.59/82.29) lat (ms,95%): 831.46 err/s: 0.00 reconn/s: 0.00
[ 8.0s ] thds: 16 tps: 40.88 qps: 819.68 (r/w/o: 565.40/172.51/81.77) lat (ms,95%): 746.32 err/s: 0.00 reconn/s: 0.00
[ 9.0s ] thds: 16 tps: 46.97 qps: 927.42 (r/w/o: 651.59/181.89/93.94) lat (ms,95%): 831.46 err/s: 0.00 reconn/s: 0.00
[ 10.0s ] thds: 16 tps: 37.04 qps: 751.72 (r/w/o: 529.51/148.14/74.07) lat (ms,95%): 893.56 err/s: 0.00 reconn/s: 0.00
[ 11.0s ] thds: 16 tps: 31.97 qps: 622.43 (r/w/o: 429.60/128.88/63.94) lat (ms,95%): 1352.03 err/s: 0.00 reconn/s: 0.00
[ 12.0s ] thds: 16 tps: 35.11 qps: 708.15 (r/w/o: 501.52/136.41/70.21) lat (ms,95%): 1149.76 err/s: 0.00 reconn/s: 0.00
[ 13.0s ] thds: 16 tps: 40.04 qps: 818.73 (r/w/o: 570.51/168.15/80.07) lat (ms,95%): 787.74 err/s: 0.00 reconn/s: 0.00
[ 14.0s ] thds: 16 tps: 49.86 qps: 982.19 (r/w/o: 696.01/186.47/99.72) lat (ms,95%): 1129.24 err/s: 0.00 reconn/s: 0.00
[ 15.0s ] thds: 16 tps: 52.08 qps: 1042.52 (r/w/o: 722.05/216.31/104.15) lat (ms,95%): 759.88 err/s: 0.00 reconn/s: 0.00
[ 16.0s ] thds: 16 tps: 44.89 qps: 901.71 (r/w/o: 636.38/175.55/89.77) lat (ms,95%): 657.93 err/s: 0.00 reconn/s: 0.00
[ 17.0s ] thds: 16 tps: 49.09 qps: 980.90 (r/w/o: 677.31/205.40/98.19) lat (ms,95%): 977.74 err/s: 0.00 reconn/s: 0.00
[ 18.0s ] thds: 16 tps: 61.02 qps: 1205.35 (r/w/o: 845.24/238.07/122.04) lat (ms,95%): 475.79 err/s: 0.00 reconn/s: 0.00
[ 19.0s ] thds: 16 tps: 54.01 qps: 1106.19 (r/w/o: 776.13/222.04/108.02) lat (ms,95%): 623.33 err/s: 0.00 reconn/s: 0.00
[ 20.0s ] thds: 16 tps: 53.08 qps: 1019.57 (r/w/o: 703.08/210.32/106.16) lat (ms,95%): 634.66 err/s: 0.00 reconn/s: 0.00
[ 21.0s ] thds: 16 tps: 68.73 qps: 1407.39 (r/w/o: 991.05/278.89/137.45) lat (ms,95%): 419.45 err/s: 0.00 reconn/s: 0.00
[ 22.0s ] thds: 16 tps: 53.21 qps: 1027.06 (r/w/o: 712.82/207.82/106.42) lat (ms,95%): 549.52 err/s: 0.00 reconn/s: 0.00
[ 23.0s ] thds: 16 tps: 43.97 qps: 917.42 (r/w/o: 657.59/171.89/87.94) lat (ms,95%): 719.92 err/s: 0.00 reconn/s: 0.00
[ 24.0s ] thds: 16 tps: 64.01 qps: 1258.16 (r/w/o: 870.11/260.03/128.02) lat (ms,95%): 669.89 err/s: 0.00 reconn/s: 0.00
[ 25.0s ] thds: 16 tps: 45.02 qps: 919.43 (r/w/o: 650.30/179.08/90.04) lat (ms,95%): 682.06 err/s: 0.00 reconn/s: 0.00
[ 26.0s ] thds: 16 tps: 65.89 qps: 1317.83 (r/w/o: 922.48/263.57/131.78) lat (ms,95%): 682.06 err/s: 0.00 reconn/s: 0.00
[ 27.0s ] thds: 16 tps: 42.07 qps: 818.28 (r/w/o: 571.89/162.25/84.13) lat (ms,95%): 694.45 err/s: 0.00 reconn/s: 0.00
[ 28.0s ] thds: 16 tps: 46.92 qps: 971.38 (r/w/o: 678.87/198.67/93.84) lat (ms,95%): 773.68 err/s: 0.00 reconn/s: 0.00
[ 29.0s ] thds: 16 tps: 60.09 qps: 1064.52 (r/w/o: 723.03/221.32/120.17) lat (ms,95%): 816.63 err/s: 0.00 reconn/s: 0.00
[ 30.0s ] thds: 16 tps: 61.02 qps: 1351.51 (r/w/o: 968.37/261.10/122.05) lat (ms,95%): 530.08 err/s: 0.00 reconn/s: 0.00
[ 31.0s ] thds: 16 tps: 63.97 qps: 1233.46 (r/w/o: 886.61/218.90/127.94) lat (ms,95%): 475.79 err/s: 0.00 reconn/s: 0.00
[ 32.0s ] thds: 16 tps: 36.01 qps: 627.26 (r/w/o: 519.21/36.01/72.03) lat (ms,95%): 539.71 err/s: 0.00 reconn/s: 0.00
[ 33.0s ] thds: 16 tps: 34.88 qps: 593.03 (r/w/o: 488.37/34.88/69.77) lat (ms,95%): 926.33 err/s: 0.00 reconn/s: 0.00
[ 34.0s ] thds: 16 tps: 47.97 qps: 774.48 (r/w/o: 626.58/51.97/95.94) lat (ms,95%): 759.88 err/s: 0.00 reconn/s: 0.00
[ 35.0s ] thds: 16 tps: 72.11 qps: 1263.84 (r/w/o: 1050.53/69.10/144.21) lat (ms,95%): 707.07 err/s: 0.00 reconn/s: 0.00
[ 36.0s ] thds: 16 tps: 71.90 qps: 1210.33 (r/w/o: 995.63/70.90/143.80) lat (ms,95%): 427.07 err/s: 0.00 reconn/s: 0.00
[ 37.0s ] thds: 16 tps: 117.46 qps: 1987.86 (r/w/o: 1635.47/117.46/234.93) lat (ms,95%): 297.92 err/s: 0.00 reconn/s: 0.00
[ 38.0s ] thds: 16 tps: 126.00 qps: 2142.97 (r/w/o: 1764.97/126.00/252.00) lat (ms,95%): 240.02 err/s: 0.00 reconn/s: 0.00
[ 39.0s ] thds: 16 tps: 121.77 qps: 2089.11 (r/w/o: 1723.79/121.77/243.55) lat (ms,95%): 287.38 err/s: 0.00 reconn/s: 0.00
[ 40.0s ] thds: 16 tps: 213.93 qps: 3569.76 (r/w/o: 2927.99/213.93/427.85) lat (ms,95%): 170.48 err/s: 0.00 reconn/s: 0.00
[ 41.0s ] thds: 16 tps: 174.39 qps: 3003.68 (r/w/o: 2480.52/174.39/348.78) lat (ms,95%): 183.21 err/s: 0.00 reconn/s: 0.00
[ 42.0s ] thds: 16 tps: 177.42 qps: 3030.13 (r/w/o: 2495.87/179.42/354.84) lat (ms,95%): 179.94 err/s: 0.00 reconn/s: 0.00
[ 43.0s ] thds: 16 tps: 199.36 qps: 3368.09 (r/w/o: 2771.01/198.36/398.72) lat (ms,95%): 219.36 err/s: 0.00 reconn/s: 0.00
[ 44.0s ] thds: 16 tps: 202.49 qps: 3428.39 (r/w/o: 2820.91/202.49/404.98) lat (ms,95%): 123.28 err/s: 0.00 reconn/s: 0.00
[ 45.0s ] thds: 16 tps: 196.78 qps: 3379.42 (r/w/o: 2789.08/196.78/393.56) lat (ms,95%): 150.29 err/s: 0.00 reconn/s: 0.00
[ 46.0s ] thds: 16 tps: 237.69 qps: 4019.73 (r/w/o: 3306.66/237.69/475.38) lat (ms,95%): 80.03 err/s: 0.00 reconn/s: 0.00
[ 47.0s ] thds: 16 tps: 208.72 qps: 3578.25 (r/w/o: 2951.08/209.72/417.45) lat (ms,95%): 78.60 err/s: 0.00 reconn/s: 0.00
[ 48.0s ] thds: 16 tps: 149.35 qps: 2519.91 (r/w/o: 2072.86/148.35/298.70) lat (ms,95%): 101.13 err/s: 0.00 reconn/s: 0.00
[ 49.0s ] thds: 16 tps: 129.54 qps: 2230.01 (r/w/o: 1841.40/129.54/259.07) lat (ms,95%): 84.47 err/s: 0.00 reconn/s: 0.00
[ 50.0s ] thds: 16 tps: 70.04 qps: 1187.61 (r/w/o: 977.50/70.04/140.07) lat (ms,95%): 63.32 err/s: 0.00 reconn/s: 0.00
[ 51.0s ] thds: 16 tps: 43.98 qps: 749.61 (r/w/o: 618.68/42.98/87.95) lat (ms,95%): 44.17 err/s: 0.00 reconn/s: 0.00
[ 52.0s ] thds: 16 tps: 44.02 qps: 751.34 (r/w/o: 618.28/45.02/88.04) lat (ms,95%): 58.92 err/s: 0.00 reconn/s: 0.00
[ 53.0s ] thds: 16 tps: 28.98 qps: 477.67 (r/w/o: 391.73/27.98/57.96) lat (ms,95%): 70.55 err/s: 0.00 reconn/s: 0.00
[ 54.0s ] thds: 16 tps: 25.00 qps: 439.05 (r/w/o: 364.04/25.00/50.01) lat (ms,95%): 27.66 err/s: 0.00 reconn/s: 0.00
[ 55.0s ] thds: 16 tps: 0.00 qps: 0.00 (r/w/o: 0.00/0.00/0.00) lat (ms,95%): 0.00 err/s: 0.00 reconn/s: 0.00
[ 56.0s ] thds: 16 tps: 0.00 qps: 0.00 (r/w/o: 0.00/0.00/0.00) lat (ms,95%): 0.00 err/s: 0.00 reconn/s: 0.00
[ 57.0s ] thds: 16 tps: 0.00 qps: 0.00 (r/w/o: 0.00/0.00/0.00) lat (ms,95%): 0.00 err/s: 0.00 reconn/s: 0.00
[ 58.0s ] thds: 16 tps: 0.00 qps: 0.00 (r/w/o: 0.00/0.00/0.00) lat (ms,95%): 0.00 err/s: 0.00 reconn/s: 0.00
[ 59.0s ] thds: 16 tps: 0.00 qps: 0.00 (r/w/o: 0.00/0.00/0.00) lat (ms,95%): 0.00 err/s: 0.00 reconn/s: 0.00
[ 60.0s ] thds: 16 tps: 0.00 qps: 0.00 (r/w/o: 0.00/0.00/0.00) lat (ms,95%): 0.00 err/s: 0.00 reconn/s: 0.00
[ 61.0s ] thds: 16 tps: 0.00 qps: 0.00 (r/w/o: 0.00/0.00/0.00) lat (ms,95%): 0.00 err/s: 0.00 reconn/s: 0.00
[ 62.0s ] thds: 16 tps: 0.00 qps: 0.00 (r/w/o: 0.00/0.00/0.00) lat (ms,95%): 0.00 err/s: 0.00 reconn/s: 0.00
[ 63.0s ] thds: 16 tps: 0.00 qps: 0.00 (r/w/o: 0.00/0.00/0.00) lat (ms,95%): 0.00 err/s: 0.00 reconn/s: 0.00
[ 64.0s ] thds: 16 tps: 0.00 qps: 0.00 (r/w/o: 0.00/0.00/0.00) lat (ms,95%): 0.00 err/s: 0.00 reconn/s: 0.00
[ 65.0s ] thds: 16 tps: 0.00 qps: 0.00 (r/w/o: 0.00/0.00/0.00) lat (ms,95%): 0.00 err/s: 0.00 reconn/s: 0.00
[ 66.0s ] thds: 16 tps: 0.00 qps: 0.00 (r/w/o: 0.00/0.00/0.00) lat (ms,95%): 0.00 err/s: 0.00 reconn/s: 0.00
[ 67.0s ] thds: 16 tps: 0.00 qps: 0.00 (r/w/o: 0.00/0.00/0.00) lat (ms,95%): 0.00 err/s: 0.00 reconn/s: 0.00
[ 68.0s ] thds: 16 tps: 0.00 qps: 0.00 (r/w/o: 0.00/0.00/0.00) lat (ms,95%): 0.00 err/s: 0.00 reconn/s: 0.00
[ 69.0s ] thds: 16 tps: 0.00 qps: 0.00 (r/w/o: 0.00/0.00/0.00) lat (ms,95%): 0.00 err/s: 0.00 reconn/s: 0.00
[ 70.0s ] thds: 16 tps: 0.00 qps: 0.00 (r/w/o: 0.00/0.00/0.00) lat (ms,95%): 0.00 err/s: 0.00 reconn/s: 0.00
[ 71.0s ] thds: 16 tps: 0.00 qps: 0.00 (r/w/o: 0.00/0.00/0.00) lat (ms,95%): 0.00 err/s: 0.00 reconn/s: 0.00
[ 72.0s ] thds: 16 tps: 0.00 qps: 0.00 (r/w/o: 0.00/0.00/0.00) lat (ms,95%): 0.00 err/s: 0.00 reconn/s: 0.00
[ 73.0s ] thds: 16 tps: 0.00 qps: 0.00 (r/w/o: 0.00/0.00/0.00) lat (ms,95%): 0.00 err/s: 0.00 reconn/s: 0.00
[ 74.0s ] thds: 16 tps: 0.00 qps: 0.00 (r/w/o: 0.00/0.00/0.00) lat (ms,95%): 0.00 err/s: 0.00 reconn/s: 0.00
[ 75.0s ] thds: 16 tps: 0.00 qps: 0.00 (r/w/o: 0.00/0.00/0.00) lat (ms,95%): 0.00 err/s: 0.00 reconn/s: 0.00
[ 76.0s ] thds: 16 tps: 0.00 qps: 0.00 (r/w/o: 0.00/0.00/0.00) lat (ms,95%): 0.00 err/s: 0.00 reconn/s: 0.00
[ 77.0s ] thds: 16 tps: 138.24 qps: 2356.13 (r/w/o: 1927.38/152.27/276.48) lat (ms,95%): 29926.15 err/s: 0.00 reconn/s: 0.00
[ 78.0s ] thds: 16 tps: 251.00 qps: 4204.94 (r/w/o: 3464.95/238.00/501.99) lat (ms,95%): 82.96 err/s: 0.00 reconn/s: 0.00
[ 79.0s ] thds: 16 tps: 246.11 qps: 4202.90 (r/w/o: 3463.56/247.11/492.22) lat (ms,95%): 81.48 err/s: 0.00 reconn/s: 0.00
[ 80.0s ] thds: 16 tps: 253.32 qps: 4251.44 (r/w/o: 3491.46/253.32/506.65) lat (ms,95%): 80.03 err/s: 0.00 reconn/s: 0.00
[ 81.0s ] thds: 16 tps: 239.26 qps: 4141.11 (r/w/o: 3423.34/239.26/478.51) lat (ms,95%): 81.48 err/s: 0.00 reconn/s: 0.00
[ 82.0s ] thds: 16 tps: 250.63 qps: 4211.51 (r/w/o: 3459.63/250.63/501.25) lat (ms,95%): 81.48 err/s: 0.00 reconn/s: 0.00
[ 83.0s ] thds: 16 tps: 168.51 qps: 2947.39 (r/w/o: 2427.91/182.47/337.02) lat (ms,95%): 102.97 err/s: 0.00 reconn/s: 0.00
[ 84.0s ] thds: 16 tps: 192.72 qps: 3204.98 (r/w/o: 2637.86/181.68/385.44) lat (ms,95%): 344.08 err/s: 0.00 reconn/s: 0.00
[ 85.0s ] thds: 16 tps: 248.46 qps: 4237.82 (r/w/o: 3496.43/244.47/496.92) lat (ms,95%): 81.48 err/s: 0.00 reconn/s: 0.00
[ 86.0s ] thds: 16 tps: 251.11 qps: 4231.88 (r/w/o: 3478.54/252.11/501.22) lat (ms,95%): 81.48 err/s: 0.00 reconn/s: 0.00
[ 87.0s ] thds: 16 tps: 239.31 qps: 4159.40 (r/w/o: 3427.45/252.33/479.62) lat (ms,95%): 82.96 err/s: 0.00 reconn/s: 0.00
[ 88.0s ] thds: 16 tps: 222.83 qps: 3766.09 (r/w/o: 3104.60/215.83/445.66) lat (ms,95%): 106.75 err/s: 0.00 reconn/s: 0.00
[ 89.0s ] thds: 16 tps: 251.36 qps: 4242.09 (r/w/o: 3496.02/243.35/502.72) lat (ms,95%): 84.47 err/s: 0.00 reconn/s: 0.00
[ 90.0s ] thds: 16 tps: 241.72 qps: 4122.30 (r/w/o: 3395.13/243.72/483.45) lat (ms,95%): 81.48 err/s: 0.00 reconn/s: 0.00
[ 91.0s ] thds: 16 tps: 249.88 qps: 4204.04 (r/w/o: 3455.39/248.88/499.77) lat (ms,95%): 84.47 err/s: 0.00 reconn/s: 0.00
[ 92.0s ] thds: 16 tps: 253.28 qps: 4342.85 (r/w/o: 3584.01/252.28/506.57) lat (ms,95%): 78.60 err/s: 0.00 reconn/s: 0.00
[ 93.0s ] thds: 16 tps: 226.03 qps: 3826.44 (r/w/o: 3145.36/229.03/452.05) lat (ms,95%): 134.90 err/s: 0.00 reconn/s: 0.00
[ 94.0s ] thds: 16 tps: 208.63 qps: 3512.81 (r/w/o: 2889.91/205.64/417.26) lat (ms,95%): 104.84 err/s: 0.00 reconn/s: 0.00
[ 95.0s ] thds: 16 tps: 250.51 qps: 4309.86 (r/w/o: 3558.31/250.51/501.03) lat (ms,95%): 77.19 err/s: 0.00 reconn/s: 0.00
[ 96.0s ] thds: 16 tps: 252.21 qps: 4224.84 (r/w/o: 3466.20/254.21/504.43) lat (ms,95%): 80.03 err/s: 0.00 reconn/s: 0.00
[ 97.0s ] thds: 16 tps: 241.60 qps: 4183.32 (r/w/o: 3456.53/243.60/483.19) lat (ms,95%): 78.60 err/s: 0.00 reconn/s: 0.00
[ 98.0s ] thds: 16 tps: 249.77 qps: 4239.05 (r/w/o: 3489.74/249.77/499.53) lat (ms,95%): 84.47 err/s: 0.00 reconn/s: 0.00
[ 99.0s ] thds: 16 tps: 174.62 qps: 2995.56 (r/w/o: 2475.68/170.63/349.25) lat (ms,95%): 173.58 err/s: 0.00 reconn/s: 0.00
[ 100.0s ] thds: 16 tps: 216.13 qps: 3606.48 (r/w/o: 2959.09/218.12/429.27) lat (ms,95%): 331.91 err/s: 0.00 reconn/s: 0.00
SQL statistics:
    queries performed:
        read:                            136836
        write:                           14286
        other:                           19548
        total:                           170670
    transactions:                        9774   (97.66 per sec.)
    queries:                             170670 (1705.37 per sec.)
    ignored errors:                      0      (0.00 per sec.)
    reconnects:                          0      (0.00 per sec.)

Throughput:
    events/s (eps):                      97.6640
    time elapsed:                        100.0779s
    total number of events:              9774

Latency (ms):
         min:                                   12.99
         avg:                                  163.75
         max:                                36389.47
         95th percentile:                      419.45
         sum:                              1600479.68

Threads fairness:
    events (avg/stddev):           610.8750/81.62
    execution time (avg/stddev):   100.0300/0.02

