sysbench 1.1.0-f698960 (using bundled LuaJIT 2.1.0-beta3)

Running the test with following options:
Number of threads: 16
Report intermediate results every 1.000000 second(s)
Initializing random number generator from current time


Initializing worker threads...

Threads started!

[ 1.0s ] thds: 16 tps: 66.47 qps: 1582.39 (r/w/o: 1152.81/280.76/148.81) lat (ms,95%): 331.91 err/s: 0.00 reconn/s: 0.00
[ 2.0s ] thds: 16 tps: 63.31 qps: 1230.06 (r/w/o: 857.22/246.21/126.62) lat (ms,95%): 539.71 err/s: 0.00 reconn/s: 0.00
[ 3.0s ] thds: 16 tps: 48.96 qps: 1007.09 (r/w/o: 708.36/200.82/97.91) lat (ms,95%): 569.67 err/s: 0.00 reconn/s: 0.00
[ 4.0s ] thds: 16 tps: 44.86 qps: 892.23 (r/w/o: 624.07/178.45/89.72) lat (ms,95%): 787.74 err/s: 0.00 reconn/s: 0.00
[ 5.0s ] thds: 16 tps: 38.15 qps: 775.00 (r/w/o: 544.11/154.60/76.30) lat (ms,95%): 1213.57 err/s: 0.00 reconn/s: 0.00
[ 6.0s ] thds: 16 tps: 30.88 qps: 618.61 (r/w/o: 426.35/130.50/61.76) lat (ms,95%): 787.74 err/s: 0.00 reconn/s: 0.00
[ 7.0s ] thds: 16 tps: 54.06 qps: 1091.18 (r/w/o: 762.82/220.24/108.12) lat (ms,95%): 1089.30 err/s: 0.00 reconn/s: 0.00
[ 8.0s ] thds: 16 tps: 52.15 qps: 1025.98 (r/w/o: 728.11/193.56/104.30) lat (ms,95%): 669.89 err/s: 0.00 reconn/s: 0.00
[ 9.0s ] thds: 16 tps: 38.89 qps: 782.85 (r/w/o: 538.52/166.54/77.79) lat (ms,95%): 759.88 err/s: 0.00 reconn/s: 0.00
[ 10.0s ] thds: 16 tps: 42.94 qps: 840.92 (r/w/o: 595.23/159.79/85.89) lat (ms,95%): 943.16 err/s: 0.00 reconn/s: 0.00
[ 11.0s ] thds: 16 tps: 35.00 qps: 728.07 (r/w/o: 504.05/154.01/70.01) lat (ms,95%): 746.32 err/s: 0.00 reconn/s: 0.00
[ 12.0s ] thds: 16 tps: 39.10 qps: 761.88 (r/w/o: 535.32/148.37/78.19) lat (ms,95%): 1304.21 err/s: 0.00 reconn/s: 0.00
[ 13.0s ] thds: 16 tps: 39.07 qps: 797.35 (r/w/o: 557.95/161.27/78.13) lat (ms,95%): 909.80 err/s: 0.00 reconn/s: 0.00
[ 14.0s ] thds: 16 tps: 51.81 qps: 1023.33 (r/w/o: 717.43/202.27/103.63) lat (ms,95%): 682.06 err/s: 0.00 reconn/s: 0.00
[ 15.0s ] thds: 16 tps: 31.00 qps: 613.02 (r/w/o: 436.02/115.00/62.00) lat (ms,95%): 995.51 err/s: 0.00 reconn/s: 0.00
[ 16.0s ] thds: 16 tps: 51.09 qps: 1023.84 (r/w/o: 718.29/203.37/102.18) lat (ms,95%): 646.19 err/s: 0.00 reconn/s: 0.00
[ 17.0s ] thds: 16 tps: 49.98 qps: 1004.57 (r/w/o: 685.70/218.91/99.96) lat (ms,95%): 773.68 err/s: 0.00 reconn/s: 0.00
[ 18.0s ] thds: 16 tps: 80.15 qps: 1557.00 (r/w/o: 1094.11/302.58/160.31) lat (ms,95%): 450.77 err/s: 0.00 reconn/s: 0.00
[ 19.0s ] thds: 16 tps: 67.01 qps: 1349.21 (r/w/o: 947.15/268.04/134.02) lat (ms,95%): 450.77 err/s: 0.00 reconn/s: 0.00
[ 20.0s ] thds: 16 tps: 61.75 qps: 1282.83 (r/w/o: 901.37/257.96/123.50) lat (ms,95%): 434.83 err/s: 0.00 reconn/s: 0.00
[ 21.0s ] thds: 16 tps: 66.21 qps: 1306.11 (r/w/o: 903.84/269.85/132.42) lat (ms,95%): 612.21 err/s: 0.00 reconn/s: 0.00
[ 22.0s ] thds: 16 tps: 47.05 qps: 971.01 (r/w/o: 680.71/196.20/94.10) lat (ms,95%): 612.21 err/s: 0.00 reconn/s: 0.00
[ 23.0s ] thds: 16 tps: 53.99 qps: 1056.87 (r/w/o: 749.91/198.98/107.99) lat (ms,95%): 719.92 err/s: 0.00 reconn/s: 0.00
[ 24.0s ] thds: 16 tps: 42.00 qps: 848.03 (r/w/o: 589.02/175.01/84.00) lat (ms,95%): 1032.01 err/s: 0.00 reconn/s: 0.00
[ 25.0s ] thds: 16 tps: 71.83 qps: 1325.78 (r/w/o: 909.79/272.34/143.65) lat (ms,95%): 475.79 err/s: 0.00 reconn/s: 0.00
[ 26.0s ] thds: 16 tps: 32.96 qps: 813.97 (r/w/o: 563.28/184.77/65.92) lat (ms,95%): 719.92 err/s: 0.00 reconn/s: 0.00
[ 27.0s ] thds: 16 tps: 40.99 qps: 735.88 (r/w/o: 522.92/130.98/81.99) lat (ms,95%): 634.66 err/s: 0.00 reconn/s: 0.00
[ 28.0s ] thds: 16 tps: 75.17 qps: 1541.43 (r/w/o: 1098.44/292.65/150.33) lat (ms,95%): 458.96 err/s: 0.00 reconn/s: 0.00
[ 29.0s ] thds: 16 tps: 77.13 qps: 1507.59 (r/w/o: 1049.80/303.52/154.26) lat (ms,95%): 397.39 err/s: 0.00 reconn/s: 0.00
[ 30.0s ] thds: 16 tps: 59.99 qps: 1220.80 (r/w/o: 848.86/251.96/119.98) lat (ms,95%): 502.20 err/s: 0.00 reconn/s: 0.00
[ 31.0s ] thds: 16 tps: 44.94 qps: 821.91 (r/w/o: 651.14/80.89/89.88) lat (ms,95%): 601.29 err/s: 0.00 reconn/s: 0.00
[ 32.0s ] thds: 16 tps: 46.88 qps: 800.02 (r/w/o: 659.37/46.88/93.77) lat (ms,95%): 846.57 err/s: 0.00 reconn/s: 0.00
[ 33.0s ] thds: 16 tps: 53.21 qps: 905.51 (r/w/o: 745.89/53.21/106.41) lat (ms,95%): 502.20 err/s: 0.00 reconn/s: 0.00
[ 34.0s ] thds: 16 tps: 70.86 qps: 1195.71 (r/w/o: 982.12/71.86/141.73) lat (ms,95%): 467.30 err/s: 0.00 reconn/s: 0.00
[ 35.0s ] thds: 16 tps: 66.89 qps: 1137.09 (r/w/o: 936.43/66.89/133.78) lat (ms,95%): 475.79 err/s: 0.00 reconn/s: 0.00
[ 36.0s ] thds: 16 tps: 103.98 qps: 1774.69 (r/w/o: 1463.74/102.98/207.96) lat (ms,95%): 320.17 err/s: 0.00 reconn/s: 0.00
[ 37.0s ] thds: 16 tps: 89.06 qps: 1523.95 (r/w/o: 1248.78/97.06/178.11) lat (ms,95%): 325.98 err/s: 0.00 reconn/s: 0.00
[ 38.0s ] thds: 16 tps: 103.20 qps: 1742.32 (r/w/o: 1440.75/95.18/206.39) lat (ms,95%): 350.33 err/s: 0.00 reconn/s: 0.00
[ 39.0s ] thds: 16 tps: 118.12 qps: 1996.11 (r/w/o: 1639.73/120.13/236.25) lat (ms,95%): 331.91 err/s: 0.00 reconn/s: 0.00
[ 40.0s ] thds: 16 tps: 145.85 qps: 2483.43 (r/w/o: 2039.89/151.84/291.70) lat (ms,95%): 235.74 err/s: 0.00 reconn/s: 0.00
[ 41.0s ] thds: 16 tps: 175.10 qps: 2914.72 (r/w/o: 2393.41/171.10/350.21) lat (ms,95%): 223.34 err/s: 0.00 reconn/s: 0.00
[ 42.0s ] thds: 16 tps: 127.91 qps: 2263.35 (r/w/o: 1868.64/138.90/255.81) lat (ms,95%): 248.83 err/s: 0.00 reconn/s: 0.00
[ 43.0s ] thds: 16 tps: 119.08 qps: 1964.34 (r/w/o: 1620.10/106.07/238.16) lat (ms,95%): 539.71 err/s: 0.00 reconn/s: 0.00
[ 44.0s ] thds: 16 tps: 216.00 qps: 3702.97 (r/w/o: 3055.98/215.00/432.00) lat (ms,95%): 127.81 err/s: 0.00 reconn/s: 0.00
[ 45.0s ] thds: 16 tps: 155.46 qps: 2608.94 (r/w/o: 2143.56/154.46/310.92) lat (ms,95%): 235.74 err/s: 0.00 reconn/s: 0.00
[ 46.0s ] thds: 16 tps: 226.91 qps: 3867.43 (r/w/o: 3185.71/227.91/453.81) lat (ms,95%): 121.08 err/s: 0.00 reconn/s: 0.00
[ 47.0s ] thds: 16 tps: 176.91 qps: 3028.41 (r/w/o: 2497.69/176.91/353.81) lat (ms,95%): 106.75 err/s: 0.00 reconn/s: 0.00
[ 48.0s ] thds: 16 tps: 199.78 qps: 3374.21 (r/w/o: 2775.88/198.78/399.55) lat (ms,95%): 95.81 err/s: 0.00 reconn/s: 0.00
[ 49.0s ] thds: 16 tps: 132.01 qps: 2273.22 (r/w/o: 1875.19/134.01/264.03) lat (ms,95%): 170.48 err/s: 0.00 reconn/s: 0.00
[ 50.0s ] thds: 16 tps: 187.56 qps: 3198.49 (r/w/o: 2637.81/185.56/375.12) lat (ms,95%): 94.10 err/s: 0.00 reconn/s: 0.00
[ 51.0s ] thds: 16 tps: 147.36 qps: 2494.07 (r/w/o: 2052.00/147.36/294.72) lat (ms,95%): 153.02 err/s: 0.00 reconn/s: 0.00
[ 52.0s ] thds: 16 tps: 142.83 qps: 2438.07 (r/w/o: 2007.59/144.83/285.66) lat (ms,95%): 62.19 err/s: 0.00 reconn/s: 0.00
[ 53.0s ] thds: 16 tps: 65.94 qps: 1121.97 (r/w/o: 926.15/63.94/131.88) lat (ms,95%): 82.96 err/s: 0.00 reconn/s: 0.00
[ 54.0s ] thds: 16 tps: 0.00 qps: 0.00 (r/w/o: 0.00/0.00/0.00) lat (ms,95%): 0.00 err/s: 0.00 reconn/s: 0.00
[ 55.0s ] thds: 16 tps: 0.00 qps: 0.00 (r/w/o: 0.00/0.00/0.00) lat (ms,95%): 0.00 err/s: 0.00 reconn/s: 0.00
[ 56.0s ] thds: 16 tps: 0.00 qps: 0.00 (r/w/o: 0.00/0.00/0.00) lat (ms,95%): 0.00 err/s: 0.00 reconn/s: 0.00
[ 57.0s ] thds: 16 tps: 0.00 qps: 0.00 (r/w/o: 0.00/0.00/0.00) lat (ms,95%): 0.00 err/s: 0.00 reconn/s: 0.00
[ 58.0s ] thds: 16 tps: 0.00 qps: 0.00 (r/w/o: 0.00/0.00/0.00) lat (ms,95%): 0.00 err/s: 0.00 reconn/s: 0.00
[ 59.0s ] thds: 16 tps: 0.00 qps: 0.00 (r/w/o: 0.00/0.00/0.00) lat (ms,95%): 0.00 err/s: 0.00 reconn/s: 0.00
[ 60.0s ] thds: 16 tps: 0.00 qps: 0.00 (r/w/o: 0.00/0.00/0.00) lat (ms,95%): 0.00 err/s: 0.00 reconn/s: 0.00
[ 61.0s ] thds: 16 tps: 0.00 qps: 0.00 (r/w/o: 0.00/0.00/0.00) lat (ms,95%): 0.00 err/s: 0.00 reconn/s: 0.00
[ 62.0s ] thds: 16 tps: 0.00 qps: 0.00 (r/w/o: 0.00/0.00/0.00) lat (ms,95%): 0.00 err/s: 0.00 reconn/s: 0.00
[ 63.0s ] thds: 16 tps: 0.00 qps: 0.00 (r/w/o: 0.00/0.00/0.00) lat (ms,95%): 0.00 err/s: 0.00 reconn/s: 0.00
[ 64.0s ] thds: 16 tps: 0.00 qps: 0.00 (r/w/o: 0.00/0.00/0.00) lat (ms,95%): 0.00 err/s: 0.00 reconn/s: 0.00
[ 65.0s ] thds: 16 tps: 0.00 qps: 0.00 (r/w/o: 0.00/0.00/0.00) lat (ms,95%): 0.00 err/s: 0.00 reconn/s: 0.00
[ 66.0s ] thds: 16 tps: 0.00 qps: 0.00 (r/w/o: 0.00/0.00/0.00) lat (ms,95%): 0.00 err/s: 0.00 reconn/s: 0.00
[ 67.0s ] thds: 16 tps: 0.00 qps: 0.00 (r/w/o: 0.00/0.00/0.00) lat (ms,95%): 0.00 err/s: 0.00 reconn/s: 0.00
[ 68.0s ] thds: 16 tps: 0.00 qps: 0.00 (r/w/o: 0.00/0.00/0.00) lat (ms,95%): 0.00 err/s: 0.00 reconn/s: 0.00
[ 69.0s ] thds: 16 tps: 0.00 qps: 0.00 (r/w/o: 0.00/0.00/0.00) lat (ms,95%): 0.00 err/s: 0.00 reconn/s: 0.00
[ 70.0s ] thds: 16 tps: 0.00 qps: 0.00 (r/w/o: 0.00/0.00/0.00) lat (ms,95%): 0.00 err/s: 0.00 reconn/s: 0.00
[ 71.0s ] thds: 16 tps: 0.00 qps: 0.00 (r/w/o: 0.00/0.00/0.00) lat (ms,95%): 0.00 err/s: 0.00 reconn/s: 0.00
[ 72.0s ] thds: 16 tps: 0.00 qps: 0.00 (r/w/o: 0.00/0.00/0.00) lat (ms,95%): 0.00 err/s: 0.00 reconn/s: 0.00
[ 73.0s ] thds: 16 tps: 0.00 qps: 0.00 (r/w/o: 0.00/0.00/0.00) lat (ms,95%): 0.00 err/s: 0.00 reconn/s: 0.00
[ 74.0s ] thds: 16 tps: 0.00 qps: 0.00 (r/w/o: 0.00/0.00/0.00) lat (ms,95%): 0.00 err/s: 0.00 reconn/s: 0.00
[ 75.0s ] thds: 16 tps: 30.97 qps: 423.61 (r/w/o: 329.69/31.97/61.94) lat (ms,95%): 29392.11 err/s: 0.00 reconn/s: 0.00
[ 76.0s ] thds: 16 tps: 234.62 qps: 4038.60 (r/w/o: 3335.75/233.61/469.23) lat (ms,95%): 99.33 err/s: 0.00 reconn/s: 0.00
[ 77.0s ] thds: 16 tps: 220.99 qps: 3769.79 (r/w/o: 3106.83/220.99/441.98) lat (ms,95%): 95.81 err/s: 0.00 reconn/s: 0.00
[ 78.0s ] thds: 16 tps: 251.97 qps: 4283.45 (r/w/o: 3523.55/255.97/503.94) lat (ms,95%): 80.03 err/s: 0.00 reconn/s: 0.00
[ 79.0s ] thds: 16 tps: 249.90 qps: 4249.25 (r/w/o: 3501.56/247.90/499.79) lat (ms,95%): 81.48 err/s: 0.00 reconn/s: 0.00
[ 80.0s ] thds: 16 tps: 237.26 qps: 4034.34 (r/w/o: 3321.58/238.26/474.51) lat (ms,95%): 87.56 err/s: 0.00 reconn/s: 0.00
[ 81.0s ] thds: 16 tps: 249.84 qps: 4238.25 (r/w/o: 3491.73/246.84/499.68) lat (ms,95%): 80.03 err/s: 0.00 reconn/s: 0.00
[ 82.0s ] thds: 16 tps: 250.46 qps: 4266.86 (r/w/o: 3511.47/254.47/500.92) lat (ms,95%): 80.03 err/s: 0.00 reconn/s: 0.00
[ 83.0s ] thds: 16 tps: 211.60 qps: 3618.16 (r/w/o: 2982.36/212.60/423.20) lat (ms,95%): 147.61 err/s: 0.00 reconn/s: 0.00
[ 84.0s ] thds: 16 tps: 259.61 qps: 4371.26 (r/w/o: 3596.44/255.60/519.22) lat (ms,95%): 77.19 err/s: 0.00 reconn/s: 0.00
[ 85.0s ] thds: 16 tps: 233.36 qps: 3990.07 (r/w/o: 3288.99/234.36/466.72) lat (ms,95%): 97.55 err/s: 0.00 reconn/s: 0.00
[ 86.0s ] thds: 16 tps: 242.36 qps: 4104.11 (r/w/o: 3378.03/241.36/484.72) lat (ms,95%): 89.16 err/s: 0.00 reconn/s: 0.00
[ 87.0s ] thds: 16 tps: 251.77 qps: 4279.10 (r/w/o: 3522.79/252.77/503.54) lat (ms,95%): 77.19 err/s: 0.00 reconn/s: 0.00
[ 88.0s ] thds: 16 tps: 220.78 qps: 3684.39 (r/w/o: 3024.04/218.79/441.57) lat (ms,95%): 101.13 err/s: 0.00 reconn/s: 0.00
[ 89.0s ] thds: 16 tps: 242.22 qps: 4209.88 (r/w/o: 3477.20/248.23/484.45) lat (ms,95%): 81.48 err/s: 0.00 reconn/s: 0.00
[ 90.0s ] thds: 16 tps: 253.09 qps: 4271.45 (r/w/o: 3517.19/248.08/506.17) lat (ms,95%): 81.48 err/s: 0.00 reconn/s: 0.00
[ 91.0s ] thds: 16 tps: 236.93 qps: 4037.77 (r/w/o: 3325.99/237.93/473.86) lat (ms,95%): 90.78 err/s: 0.00 reconn/s: 0.00
[ 92.0s ] thds: 16 tps: 129.10 qps: 2195.63 (r/w/o: 1810.35/127.09/258.19) lat (ms,95%): 350.33 err/s: 0.00 reconn/s: 0.00
[ 93.0s ] thds: 16 tps: 238.63 qps: 4068.74 (r/w/o: 3350.85/240.63/477.27) lat (ms,95%): 82.96 err/s: 0.00 reconn/s: 0.00
[ 94.0s ] thds: 16 tps: 222.87 qps: 3810.84 (r/w/o: 3144.22/220.88/445.75) lat (ms,95%): 102.97 err/s: 0.00 reconn/s: 0.00
[ 95.0s ] thds: 16 tps: 256.14 qps: 4321.41 (r/w/o: 3551.98/257.14/512.29) lat (ms,95%): 82.96 err/s: 0.00 reconn/s: 0.00
[ 96.0s ] thds: 16 tps: 238.25 qps: 4061.25 (r/w/o: 3345.50/239.25/476.50) lat (ms,95%): 86.00 err/s: 0.00 reconn/s: 0.00
[ 97.0s ] thds: 16 tps: 237.16 qps: 4073.68 (r/w/o: 3352.20/247.16/474.31) lat (ms,95%): 80.03 err/s: 0.00 reconn/s: 0.00
[ 98.0s ] thds: 16 tps: 247.78 qps: 4172.34 (r/w/o: 3439.98/236.79/495.57) lat (ms,95%): 86.00 err/s: 0.00 reconn/s: 0.00
[ 99.0s ] thds: 16 tps: 252.35 qps: 4277.95 (r/w/o: 3521.90/251.35/504.70) lat (ms,95%): 80.03 err/s: 0.00 reconn/s: 0.00
[ 100.0s ] thds: 16 tps: 224.75 qps: 3824.72 (r/w/o: 3150.48/224.75/449.50) lat (ms,95%): 108.68 err/s: 0.00 reconn/s: 0.00
SQL statistics:
    queries performed:
        read:                            145740
        write:                           15132
        other:                           20820
        total:                           181692
    transactions:                        10410  (104.04 per sec.)
    queries:                             181692 (1815.81 per sec.)
    ignored errors:                      0      (0.00 per sec.)
    reconnects:                          0      (0.00 per sec.)

Throughput:
    events/s (eps):                      104.0366
    time elapsed:                        100.0609s
    total number of events:              10410

Latency (ms):
         min:                                   13.46
         avg:                                  153.75
         max:                                31509.46
         95th percentile:                      390.30
         sum:                              1600530.69

Threads fairness:
    events (avg/stddev):           650.6250/71.11
    execution time (avg/stddev):   100.0332/0.01

