sysbench 1.1.0-f698960 (using bundled LuaJIT 2.1.0-beta3)

Running the test with following options:
Number of threads: 16
Report intermediate results every 1.000000 second(s)
Initializing random number generator from current time


Initializing worker threads...

Threads started!

[ 1.0s ] thds: 16 tps: 66.74 qps: 1574.77 (r/w/o: 1143.48/281.88/149.41) lat (ms,95%): 303.33 err/s: 0.00 reconn/s: 0.00
[ 2.0s ] thds: 16 tps: 49.87 qps: 1001.36 (r/w/o: 699.16/202.47/99.74) lat (ms,95%): 733.00 err/s: 0.00 reconn/s: 0.00
[ 3.0s ] thds: 16 tps: 44.10 qps: 884.99 (r/w/o: 628.41/168.38/88.20) lat (ms,95%): 877.61 err/s: 0.00 reconn/s: 0.00
[ 4.0s ] thds: 16 tps: 36.92 qps: 745.43 (r/w/o: 516.91/154.67/73.84) lat (ms,95%): 1213.57 err/s: 0.00 reconn/s: 0.00
[ 5.0s ] thds: 16 tps: 37.00 qps: 731.92 (r/w/o: 515.94/141.98/73.99) lat (ms,95%): 960.30 err/s: 0.00 reconn/s: 0.00
[ 6.0s ] thds: 16 tps: 38.00 qps: 755.94 (r/w/o: 524.96/154.99/75.99) lat (ms,95%): 1304.21 err/s: 0.00 reconn/s: 0.00
[ 7.0s ] thds: 16 tps: 42.15 qps: 841.98 (r/w/o: 590.09/167.59/84.30) lat (ms,95%): 943.16 err/s: 0.00 reconn/s: 0.00
[ 8.0s ] thds: 16 tps: 47.84 qps: 961.74 (r/w/o: 680.69/185.37/95.68) lat (ms,95%): 733.00 err/s: 0.00 reconn/s: 0.00
[ 9.0s ] thds: 16 tps: 47.13 qps: 949.68 (r/w/o: 648.83/206.58/94.27) lat (ms,95%): 719.92 err/s: 0.00 reconn/s: 0.00
[ 10.0s ] thds: 16 tps: 42.98 qps: 851.68 (r/w/o: 607.77/157.94/85.97) lat (ms,95%): 559.50 err/s: 0.00 reconn/s: 0.00
[ 11.0s ] thds: 16 tps: 29.98 qps: 610.57 (r/w/o: 424.70/125.91/59.96) lat (ms,95%): 1069.86 err/s: 0.00 reconn/s: 0.00
[ 12.0s ] thds: 16 tps: 58.90 qps: 1171.96 (r/w/o: 815.58/238.58/117.79) lat (ms,95%): 682.06 err/s: 0.00 reconn/s: 0.00
[ 13.0s ] thds: 16 tps: 53.13 qps: 1053.55 (r/w/o: 737.79/209.51/106.26) lat (ms,95%): 623.33 err/s: 0.00 reconn/s: 0.00
[ 14.0s ] thds: 16 tps: 39.05 qps: 794.06 (r/w/o: 561.75/154.21/78.10) lat (ms,95%): 909.80 err/s: 0.00 reconn/s: 0.00
[ 15.0s ] thds: 16 tps: 41.89 qps: 821.87 (r/w/o: 577.50/160.58/83.78) lat (ms,95%): 893.56 err/s: 0.00 reconn/s: 0.00
[ 16.0s ] thds: 16 tps: 58.15 qps: 1176.08 (r/w/o: 811.12/248.65/116.30) lat (ms,95%): 612.21 err/s: 0.00 reconn/s: 0.00
[ 17.0s ] thds: 16 tps: 44.00 qps: 858.93 (r/w/o: 616.95/153.99/87.99) lat (ms,95%): 787.74 err/s: 0.00 reconn/s: 0.00
[ 18.0s ] thds: 16 tps: 59.85 qps: 1214.03 (r/w/o: 840.95/253.38/119.71) lat (ms,95%): 484.44 err/s: 0.00 reconn/s: 0.00
[ 19.0s ] thds: 16 tps: 61.16 qps: 1208.11 (r/w/o: 845.18/240.62/122.31) lat (ms,95%): 694.45 err/s: 0.00 reconn/s: 0.00
[ 20.0s ] thds: 16 tps: 46.99 qps: 923.88 (r/w/o: 634.91/194.97/93.99) lat (ms,95%): 746.32 err/s: 0.00 reconn/s: 0.00
[ 21.0s ] thds: 16 tps: 54.79 qps: 1104.76 (r/w/o: 782.00/213.18/109.58) lat (ms,95%): 733.00 err/s: 0.00 reconn/s: 0.00
[ 22.0s ] thds: 16 tps: 48.18 qps: 973.68 (r/w/o: 681.58/195.74/96.36) lat (ms,95%): 1032.01 err/s: 0.00 reconn/s: 0.00
[ 23.0s ] thds: 16 tps: 49.98 qps: 1028.58 (r/w/o: 719.70/208.91/99.96) lat (ms,95%): 1032.01 err/s: 0.00 reconn/s: 0.00
[ 24.0s ] thds: 16 tps: 72.96 qps: 1427.15 (r/w/o: 1004.40/276.84/145.91) lat (ms,95%): 520.62 err/s: 0.00 reconn/s: 0.00
[ 25.0s ] thds: 16 tps: 62.99 qps: 1285.85 (r/w/o: 898.90/260.97/125.99) lat (ms,95%): 530.08 err/s: 0.00 reconn/s: 0.00
[ 26.0s ] thds: 16 tps: 55.99 qps: 1058.83 (r/w/o: 732.88/213.97/111.98) lat (ms,95%): 623.33 err/s: 0.00 reconn/s: 0.00
[ 27.0s ] thds: 16 tps: 61.02 qps: 1274.43 (r/w/o: 892.30/260.09/122.04) lat (ms,95%): 502.20 err/s: 0.00 reconn/s: 0.00
[ 28.0s ] thds: 16 tps: 80.08 qps: 1563.60 (r/w/o: 1102.13/301.31/160.16) lat (ms,95%): 383.33 err/s: 0.00 reconn/s: 0.00
[ 29.0s ] thds: 16 tps: 67.86 qps: 1346.17 (r/w/o: 923.06/287.39/135.71) lat (ms,95%): 458.96 err/s: 0.00 reconn/s: 0.00
[ 30.0s ] thds: 16 tps: 81.16 qps: 1650.28 (r/w/o: 1168.32/319.63/162.32) lat (ms,95%): 356.70 err/s: 0.00 reconn/s: 0.00
[ 31.0s ] thds: 16 tps: 50.81 qps: 950.39 (r/w/o: 728.23/120.54/101.61) lat (ms,95%): 549.52 err/s: 0.00 reconn/s: 0.00
[ 32.0s ] thds: 16 tps: 46.18 qps: 791.11 (r/w/o: 652.57/46.18/92.36) lat (ms,95%): 773.68 err/s: 0.00 reconn/s: 0.00
[ 33.0s ] thds: 16 tps: 55.01 qps: 931.11 (r/w/o: 765.09/56.01/110.01) lat (ms,95%): 549.52 err/s: 0.00 reconn/s: 0.00
[ 34.0s ] thds: 16 tps: 70.00 qps: 1196.99 (r/w/o: 988.00/69.00/140.00) lat (ms,95%): 450.77 err/s: 0.00 reconn/s: 0.00
[ 35.0s ] thds: 16 tps: 68.78 qps: 1170.25 (r/w/o: 963.91/68.78/137.56) lat (ms,95%): 411.96 err/s: 0.00 reconn/s: 0.00
[ 36.0s ] thds: 16 tps: 73.21 qps: 1244.64 (r/w/o: 1025.00/73.21/146.43) lat (ms,95%): 390.30 err/s: 0.00 reconn/s: 0.00
[ 37.0s ] thds: 16 tps: 106.03 qps: 1733.41 (r/w/o: 1413.34/108.03/212.05) lat (ms,95%): 369.77 err/s: 0.00 reconn/s: 0.00
[ 38.0s ] thds: 16 tps: 132.00 qps: 2293.05 (r/w/o: 1898.04/131.00/264.01) lat (ms,95%): 282.25 err/s: 0.00 reconn/s: 0.00
[ 39.0s ] thds: 16 tps: 184.80 qps: 3094.63 (r/w/o: 2542.23/183.80/368.60) lat (ms,95%): 167.44 err/s: 0.00 reconn/s: 0.00
[ 40.0s ] thds: 16 tps: 160.93 qps: 2803.82 (r/w/o: 2319.02/161.93/322.86) lat (ms,95%): 167.44 err/s: 0.00 reconn/s: 0.00
[ 41.0s ] thds: 16 tps: 173.26 qps: 2917.32 (r/w/o: 2398.55/172.26/346.51) lat (ms,95%): 167.44 err/s: 0.00 reconn/s: 0.00
[ 42.0s ] thds: 16 tps: 224.99 qps: 3815.77 (r/w/o: 3140.81/224.99/449.97) lat (ms,95%): 125.52 err/s: 0.00 reconn/s: 0.00
[ 43.0s ] thds: 16 tps: 229.52 qps: 3885.93 (r/w/o: 3196.36/230.52/459.05) lat (ms,95%): 99.33 err/s: 0.00 reconn/s: 0.00
[ 44.0s ] thds: 16 tps: 182.39 qps: 3136.68 (r/w/o: 2588.51/183.39/364.78) lat (ms,95%): 147.61 err/s: 0.00 reconn/s: 0.00
[ 45.0s ] thds: 16 tps: 179.99 qps: 3054.85 (r/w/o: 2516.88/177.99/359.98) lat (ms,95%): 144.97 err/s: 0.00 reconn/s: 0.00
[ 46.0s ] thds: 16 tps: 199.96 qps: 3415.24 (r/w/o: 2813.38/201.96/399.91) lat (ms,95%): 73.13 err/s: 0.00 reconn/s: 0.00
[ 47.0s ] thds: 16 tps: 114.83 qps: 1929.15 (r/w/o: 1584.66/114.83/229.66) lat (ms,95%): 170.48 err/s: 0.00 reconn/s: 0.00
[ 48.0s ] thds: 16 tps: 138.70 qps: 2387.75 (r/w/o: 1971.67/138.70/277.39) lat (ms,95%): 68.05 err/s: 0.00 reconn/s: 0.00
[ 49.0s ] thds: 16 tps: 105.00 qps: 1780.02 (r/w/o: 1466.02/104.00/210.00) lat (ms,95%): 74.46 err/s: 0.00 reconn/s: 0.00
[ 50.0s ] thds: 16 tps: 70.27 qps: 1196.55 (r/w/o: 985.75/70.27/140.53) lat (ms,95%): 132.49 err/s: 0.00 reconn/s: 0.00
[ 51.0s ] thds: 16 tps: 68.75 qps: 1170.67 (r/w/o: 964.43/68.75/137.49) lat (ms,95%): 44.98 err/s: 0.00 reconn/s: 0.00
[ 52.0s ] thds: 16 tps: 2.00 qps: 33.00 (r/w/o: 28.00/1.00/4.00) lat (ms,95%): 15.00 err/s: 0.00 reconn/s: 0.00
[ 53.0s ] thds: 16 tps: 0.00 qps: 0.00 (r/w/o: 0.00/0.00/0.00) lat (ms,95%): 0.00 err/s: 0.00 reconn/s: 0.00
[ 54.0s ] thds: 16 tps: 0.00 qps: 0.00 (r/w/o: 0.00/0.00/0.00) lat (ms,95%): 0.00 err/s: 0.00 reconn/s: 0.00
[ 55.0s ] thds: 16 tps: 0.00 qps: 0.00 (r/w/o: 0.00/0.00/0.00) lat (ms,95%): 0.00 err/s: 0.00 reconn/s: 0.00
[ 56.0s ] thds: 16 tps: 0.00 qps: 0.00 (r/w/o: 0.00/0.00/0.00) lat (ms,95%): 0.00 err/s: 0.00 reconn/s: 0.00
[ 57.0s ] thds: 16 tps: 0.00 qps: 0.00 (r/w/o: 0.00/0.00/0.00) lat (ms,95%): 0.00 err/s: 0.00 reconn/s: 0.00
[ 58.0s ] thds: 16 tps: 0.00 qps: 0.00 (r/w/o: 0.00/0.00/0.00) lat (ms,95%): 0.00 err/s: 0.00 reconn/s: 0.00
[ 59.0s ] thds: 16 tps: 0.00 qps: 0.00 (r/w/o: 0.00/0.00/0.00) lat (ms,95%): 0.00 err/s: 0.00 reconn/s: 0.00
[ 60.0s ] thds: 16 tps: 0.00 qps: 0.00 (r/w/o: 0.00/0.00/0.00) lat (ms,95%): 0.00 err/s: 0.00 reconn/s: 0.00
[ 61.0s ] thds: 16 tps: 0.00 qps: 0.00 (r/w/o: 0.00/0.00/0.00) lat (ms,95%): 0.00 err/s: 0.00 reconn/s: 0.00
[ 62.0s ] thds: 16 tps: 0.00 qps: 0.00 (r/w/o: 0.00/0.00/0.00) lat (ms,95%): 0.00 err/s: 0.00 reconn/s: 0.00
[ 63.0s ] thds: 16 tps: 0.00 qps: 0.00 (r/w/o: 0.00/0.00/0.00) lat (ms,95%): 0.00 err/s: 0.00 reconn/s: 0.00
[ 64.0s ] thds: 16 tps: 0.00 qps: 0.00 (r/w/o: 0.00/0.00/0.00) lat (ms,95%): 0.00 err/s: 0.00 reconn/s: 0.00
[ 65.0s ] thds: 16 tps: 0.00 qps: 0.00 (r/w/o: 0.00/0.00/0.00) lat (ms,95%): 0.00 err/s: 0.00 reconn/s: 0.00
[ 66.0s ] thds: 16 tps: 0.00 qps: 0.00 (r/w/o: 0.00/0.00/0.00) lat (ms,95%): 0.00 err/s: 0.00 reconn/s: 0.00
[ 67.0s ] thds: 16 tps: 0.00 qps: 0.00 (r/w/o: 0.00/0.00/0.00) lat (ms,95%): 0.00 err/s: 0.00 reconn/s: 0.00
[ 68.0s ] thds: 16 tps: 0.00 qps: 0.00 (r/w/o: 0.00/0.00/0.00) lat (ms,95%): 0.00 err/s: 0.00 reconn/s: 0.00
[ 69.0s ] thds: 16 tps: 0.00 qps: 0.00 (r/w/o: 0.00/0.00/0.00) lat (ms,95%): 0.00 err/s: 0.00 reconn/s: 0.00
[ 70.0s ] thds: 16 tps: 0.00 qps: 0.00 (r/w/o: 0.00/0.00/0.00) lat (ms,95%): 0.00 err/s: 0.00 reconn/s: 0.00
[ 71.0s ] thds: 16 tps: 0.00 qps: 0.00 (r/w/o: 0.00/0.00/0.00) lat (ms,95%): 0.00 err/s: 0.00 reconn/s: 0.00
[ 72.0s ] thds: 16 tps: 0.00 qps: 0.00 (r/w/o: 0.00/0.00/0.00) lat (ms,95%): 0.00 err/s: 0.00 reconn/s: 0.00
[ 73.0s ] thds: 16 tps: 0.00 qps: 0.00 (r/w/o: 0.00/0.00/0.00) lat (ms,95%): 0.00 err/s: 0.00 reconn/s: 0.00
[ 74.0s ] thds: 16 tps: 0.00 qps: 0.00 (r/w/o: 0.00/0.00/0.00) lat (ms,95%): 0.00 err/s: 0.00 reconn/s: 0.00
[ 75.0s ] thds: 16 tps: 71.20 qps: 1185.31 (r/w/o: 966.70/76.21/142.40) lat (ms,95%): 31023.52 err/s: 0.00 reconn/s: 0.00
[ 76.0s ] thds: 16 tps: 222.25 qps: 3800.31 (r/w/o: 3132.55/223.25/444.50) lat (ms,95%): 99.33 err/s: 0.00 reconn/s: 0.00
[ 77.0s ] thds: 16 tps: 234.82 qps: 3944.92 (r/w/o: 3245.47/229.82/469.63) lat (ms,95%): 99.33 err/s: 0.00 reconn/s: 0.00
[ 78.0s ] thds: 16 tps: 254.83 qps: 4344.07 (r/w/o: 3577.59/256.83/509.66) lat (ms,95%): 77.19 err/s: 0.00 reconn/s: 0.00
[ 79.0s ] thds: 16 tps: 246.37 qps: 4241.32 (r/w/o: 3490.20/258.38/492.73) lat (ms,95%): 80.03 err/s: 0.00 reconn/s: 0.00
[ 80.0s ] thds: 16 tps: 232.75 qps: 3893.77 (r/w/o: 3209.52/218.76/465.49) lat (ms,95%): 114.72 err/s: 0.00 reconn/s: 0.00
[ 81.0s ] thds: 16 tps: 252.92 qps: 4286.60 (r/w/o: 3527.85/252.92/505.83) lat (ms,95%): 81.48 err/s: 0.00 reconn/s: 0.00
[ 82.0s ] thds: 16 tps: 226.21 qps: 3858.55 (r/w/o: 3180.93/225.21/452.42) lat (ms,95%): 110.66 err/s: 0.00 reconn/s: 0.00
[ 83.0s ] thds: 16 tps: 252.72 qps: 4291.32 (r/w/o: 3532.15/253.72/505.45) lat (ms,95%): 80.03 err/s: 0.00 reconn/s: 0.00
[ 84.0s ] thds: 16 tps: 254.30 qps: 4346.17 (r/w/o: 3583.26/254.30/508.60) lat (ms,95%): 81.48 err/s: 0.00 reconn/s: 0.00
[ 85.0s ] thds: 16 tps: 226.63 qps: 3840.72 (r/w/o: 3161.83/225.63/453.26) lat (ms,95%): 108.68 err/s: 0.00 reconn/s: 0.00
[ 86.0s ] thds: 16 tps: 252.49 qps: 4298.31 (r/w/o: 3540.84/252.49/504.98) lat (ms,95%): 77.19 err/s: 0.00 reconn/s: 0.00
[ 87.0s ] thds: 16 tps: 232.41 qps: 3873.12 (r/w/o: 3175.90/232.41/464.81) lat (ms,95%): 106.75 err/s: 0.00 reconn/s: 0.00
[ 88.0s ] thds: 16 tps: 238.42 qps: 4125.27 (r/w/o: 3408.00/240.42/476.84) lat (ms,95%): 87.56 err/s: 0.00 reconn/s: 0.00
[ 89.0s ] thds: 16 tps: 250.21 qps: 4236.64 (r/w/o: 3487.99/248.21/500.43) lat (ms,95%): 80.03 err/s: 0.00 reconn/s: 0.00
[ 90.0s ] thds: 16 tps: 245.75 qps: 4195.78 (r/w/o: 3455.52/248.75/491.51) lat (ms,95%): 84.47 err/s: 0.00 reconn/s: 0.00
[ 91.0s ] thds: 16 tps: 236.76 qps: 3966.95 (r/w/o: 3259.67/233.76/473.52) lat (ms,95%): 104.84 err/s: 0.00 reconn/s: 0.00
[ 92.0s ] thds: 16 tps: 243.93 qps: 4200.73 (r/w/o: 3465.95/246.93/487.85) lat (ms,95%): 80.03 err/s: 0.00 reconn/s: 0.00
[ 93.0s ] thds: 16 tps: 214.50 qps: 3646.43 (r/w/o: 3002.94/214.50/428.99) lat (ms,95%): 125.52 err/s: 0.00 reconn/s: 0.00
[ 94.0s ] thds: 16 tps: 253.66 qps: 4317.19 (r/w/o: 3559.21/250.66/507.32) lat (ms,95%): 78.60 err/s: 0.00 reconn/s: 0.00
[ 95.0s ] thds: 16 tps: 248.04 qps: 4215.63 (r/w/o: 3470.52/249.04/496.07) lat (ms,95%): 81.48 err/s: 0.00 reconn/s: 0.00
[ 96.0s ] thds: 16 tps: 250.82 qps: 4270.98 (r/w/o: 3516.51/252.82/501.65) lat (ms,95%): 80.03 err/s: 0.00 reconn/s: 0.00
[ 97.0s ] thds: 16 tps: 215.02 qps: 3672.36 (r/w/o: 3025.30/217.02/430.04) lat (ms,95%): 110.66 err/s: 0.00 reconn/s: 0.00
[ 98.0s ] thds: 16 tps: 226.53 qps: 3879.90 (r/w/o: 3190.34/236.51/453.05) lat (ms,95%): 95.81 err/s: 0.00 reconn/s: 0.00
[ 99.0s ] thds: 16 tps: 253.44 qps: 4252.40 (r/w/o: 3507.10/238.41/506.88) lat (ms,95%): 82.96 err/s: 0.00 reconn/s: 0.00
[ 100.0s ] thds: 16 tps: 242.25 qps: 4138.27 (r/w/o: 3408.52/245.25/484.50) lat (ms,95%): 80.03 err/s: 0.00 reconn/s: 0.00
SQL statistics:
    queries performed:
        read:                            144396
        write:                           15144
        other:                           20628
        total:                           180168
    transactions:                        10314  (103.09 per sec.)
    queries:                             180168 (1800.86 per sec.)
    ignored errors:                      0      (0.00 per sec.)
    reconnects:                          0      (0.00 per sec.)

Throughput:
    events/s (eps):                      103.0932
    time elapsed:                        100.0454s
    total number of events:              10314

Latency (ms):
         min:                                   13.35
         avg:                                  155.16
         max:                                36623.49
         95th percentile:                      376.49
         sum:                              1600335.33

Threads fairness:
    events (avg/stddev):           644.6250/77.98
    execution time (avg/stddev):   100.0210/0.01

