sysbench 1.1.0-f698960 (using bundled LuaJIT 2.1.0-beta3)

Running the test with following options:
Number of threads: 16
Report intermediate results every 1.000000 second(s)
Initializing random number generator from current time


Initializing worker threads...

Threads started!

[ 1.0s ] thds: 16 tps: 772.22 qps: 772.22 (r/w/o: 0.00/772.22/0.00) lat (ms,95%): 38.25 err/s: 0.00 reconn/s: 0.00
[ 2.0s ] thds: 16 tps: 604.83 qps: 604.83 (r/w/o: 0.00/604.83/0.00) lat (ms,95%): 58.92 err/s: 0.00 reconn/s: 0.00
[ 3.0s ] thds: 16 tps: 518.32 qps: 518.32 (r/w/o: 0.00/518.32/0.00) lat (ms,95%): 59.99 err/s: 0.00 reconn/s: 0.00
[ 4.0s ] thds: 16 tps: 677.58 qps: 677.58 (r/w/o: 0.00/677.58/0.00) lat (ms,95%): 56.84 err/s: 0.00 reconn/s: 0.00
[ 5.0s ] thds: 16 tps: 665.80 qps: 665.80 (r/w/o: 0.00/665.80/0.00) lat (ms,95%): 51.02 err/s: 0.00 reconn/s: 0.00
[ 6.0s ] thds: 16 tps: 644.73 qps: 644.73 (r/w/o: 0.00/644.73/0.00) lat (ms,95%): 45.79 err/s: 0.00 reconn/s: 0.00
[ 7.0s ] thds: 16 tps: 556.52 qps: 556.52 (r/w/o: 0.00/556.52/0.00) lat (ms,95%): 61.08 err/s: 0.00 reconn/s: 0.00
[ 8.0s ] thds: 16 tps: 686.55 qps: 686.55 (r/w/o: 0.00/686.55/0.00) lat (ms,95%): 57.87 err/s: 0.00 reconn/s: 0.00
[ 9.0s ] thds: 16 tps: 717.07 qps: 717.07 (r/w/o: 0.00/717.07/0.00) lat (ms,95%): 45.79 err/s: 0.00 reconn/s: 0.00
[ 10.0s ] thds: 16 tps: 671.95 qps: 671.95 (r/w/o: 0.00/671.95/0.00) lat (ms,95%): 51.02 err/s: 0.00 reconn/s: 0.00
[ 11.0s ] thds: 16 tps: 483.10 qps: 483.10 (r/w/o: 0.00/483.10/0.00) lat (ms,95%): 63.32 err/s: 0.00 reconn/s: 0.00
[ 12.0s ] thds: 16 tps: 660.72 qps: 660.72 (r/w/o: 0.00/660.72/0.00) lat (ms,95%): 48.34 err/s: 0.00 reconn/s: 0.00
[ 13.0s ] thds: 16 tps: 753.21 qps: 753.21 (r/w/o: 0.00/753.21/0.00) lat (ms,95%): 40.37 err/s: 0.00 reconn/s: 0.00
[ 14.0s ] thds: 16 tps: 637.74 qps: 637.74 (r/w/o: 0.00/637.74/0.00) lat (ms,95%): 52.89 err/s: 0.00 reconn/s: 0.00
[ 15.0s ] thds: 16 tps: 532.90 qps: 532.90 (r/w/o: 0.00/532.90/0.00) lat (ms,95%): 63.32 err/s: 0.00 reconn/s: 0.00
[ 16.0s ] thds: 16 tps: 622.84 qps: 622.84 (r/w/o: 0.00/622.84/0.00) lat (ms,95%): 56.84 err/s: 0.00 reconn/s: 0.00
[ 17.0s ] thds: 16 tps: 580.16 qps: 580.16 (r/w/o: 0.00/580.16/0.00) lat (ms,95%): 54.83 err/s: 0.00 reconn/s: 0.00
[ 18.0s ] thds: 16 tps: 707.01 qps: 707.01 (r/w/o: 0.00/707.01/0.00) lat (ms,95%): 45.79 err/s: 0.00 reconn/s: 0.00
[ 19.0s ] thds: 16 tps: 656.94 qps: 656.94 (r/w/o: 0.00/656.94/0.00) lat (ms,95%): 51.02 err/s: 0.00 reconn/s: 0.00
[ 20.0s ] thds: 16 tps: 567.85 qps: 567.85 (r/w/o: 0.00/567.85/0.00) lat (ms,95%): 63.32 err/s: 0.00 reconn/s: 0.00
[ 21.0s ] thds: 16 tps: 522.46 qps: 522.46 (r/w/o: 0.00/522.46/0.00) lat (ms,95%): 56.84 err/s: 0.00 reconn/s: 0.00
[ 22.0s ] thds: 16 tps: 492.77 qps: 492.77 (r/w/o: 0.00/492.77/0.00) lat (ms,95%): 66.84 err/s: 0.00 reconn/s: 0.00
[ 23.0s ] thds: 16 tps: 460.42 qps: 460.42 (r/w/o: 0.00/460.42/0.00) lat (ms,95%): 78.60 err/s: 0.00 reconn/s: 0.00
[ 24.0s ] thds: 16 tps: 371.11 qps: 371.11 (r/w/o: 0.00/371.11/0.00) lat (ms,95%): 81.48 err/s: 0.00 reconn/s: 0.00
[ 25.0s ] thds: 16 tps: 437.19 qps: 437.19 (r/w/o: 0.00/437.19/0.00) lat (ms,95%): 82.96 err/s: 0.00 reconn/s: 0.00
[ 26.0s ] thds: 16 tps: 353.48 qps: 353.48 (r/w/o: 0.00/353.48/0.00) lat (ms,95%): 89.16 err/s: 0.00 reconn/s: 0.00
[ 27.0s ] thds: 16 tps: 333.96 qps: 333.96 (r/w/o: 0.00/333.96/0.00) lat (ms,95%): 99.33 err/s: 0.00 reconn/s: 0.00
[ 28.0s ] thds: 16 tps: 383.12 qps: 383.12 (r/w/o: 0.00/383.12/0.00) lat (ms,95%): 87.56 err/s: 0.00 reconn/s: 0.00
[ 29.0s ] thds: 16 tps: 298.01 qps: 298.01 (r/w/o: 0.00/298.01/0.00) lat (ms,95%): 101.13 err/s: 0.00 reconn/s: 0.00
[ 30.0s ] thds: 16 tps: 299.94 qps: 299.94 (r/w/o: 0.00/299.94/0.00) lat (ms,95%): 123.28 err/s: 0.00 reconn/s: 0.00
[ 31.0s ] thds: 16 tps: 245.06 qps: 245.06 (r/w/o: 0.00/245.06/0.00) lat (ms,95%): 134.90 err/s: 0.00 reconn/s: 0.00
[ 32.0s ] thds: 16 tps: 255.73 qps: 255.73 (r/w/o: 0.00/255.73/0.00) lat (ms,95%): 142.39 err/s: 0.00 reconn/s: 0.00
[ 33.0s ] thds: 16 tps: 267.03 qps: 267.03 (r/w/o: 0.00/267.03/0.00) lat (ms,95%): 130.13 err/s: 0.00 reconn/s: 0.00
[ 34.0s ] thds: 16 tps: 166.65 qps: 166.65 (r/w/o: 0.00/166.65/0.00) lat (ms,95%): 344.08 err/s: 0.00 reconn/s: 0.00
[ 35.0s ] thds: 16 tps: 173.36 qps: 173.36 (r/w/o: 0.00/173.36/0.00) lat (ms,95%): 211.60 err/s: 0.00 reconn/s: 0.00
[ 36.0s ] thds: 16 tps: 206.97 qps: 206.97 (r/w/o: 0.00/206.97/0.00) lat (ms,95%): 170.48 err/s: 0.00 reconn/s: 0.00
[ 37.0s ] thds: 16 tps: 229.08 qps: 229.08 (r/w/o: 0.00/229.08/0.00) lat (ms,95%): 158.63 err/s: 0.00 reconn/s: 0.00
[ 38.0s ] thds: 16 tps: 214.89 qps: 214.89 (r/w/o: 0.00/214.89/0.00) lat (ms,95%): 153.02 err/s: 0.00 reconn/s: 0.00
[ 39.0s ] thds: 16 tps: 308.04 qps: 308.04 (r/w/o: 0.00/308.04/0.00) lat (ms,95%): 150.29 err/s: 0.00 reconn/s: 0.00
[ 40.0s ] thds: 16 tps: 265.65 qps: 265.65 (r/w/o: 0.00/265.65/0.00) lat (ms,95%): 130.13 err/s: 0.00 reconn/s: 0.00
[ 41.0s ] thds: 16 tps: 176.57 qps: 176.57 (r/w/o: 0.00/176.57/0.00) lat (ms,95%): 183.21 err/s: 0.00 reconn/s: 0.00
[ 42.0s ] thds: 16 tps: 217.30 qps: 217.30 (r/w/o: 0.00/217.30/0.00) lat (ms,95%): 164.45 err/s: 0.00 reconn/s: 0.00
[ 43.0s ] thds: 16 tps: 183.75 qps: 183.75 (r/w/o: 0.00/183.75/0.00) lat (ms,95%): 176.73 err/s: 0.00 reconn/s: 0.00
[ 44.0s ] thds: 16 tps: 166.00 qps: 166.00 (r/w/o: 0.00/166.00/0.00) lat (ms,95%): 215.44 err/s: 0.00 reconn/s: 0.00
[ 45.0s ] thds: 16 tps: 459.83 qps: 459.83 (r/w/o: 0.00/459.83/0.00) lat (ms,95%): 69.29 err/s: 0.00 reconn/s: 0.00
[ 46.0s ] thds: 16 tps: 453.54 qps: 453.54 (r/w/o: 0.00/453.54/0.00) lat (ms,95%): 75.82 err/s: 0.00 reconn/s: 0.00
[ 47.0s ] thds: 16 tps: 375.77 qps: 375.77 (r/w/o: 0.00/375.77/0.00) lat (ms,95%): 94.10 err/s: 0.00 reconn/s: 0.00
[ 48.0s ] thds: 16 tps: 387.42 qps: 387.42 (r/w/o: 0.00/387.42/0.00) lat (ms,95%): 86.00 err/s: 0.00 reconn/s: 0.00
[ 49.0s ] thds: 16 tps: 966.47 qps: 966.47 (r/w/o: 0.00/966.47/0.00) lat (ms,95%): 31.94 err/s: 0.00 reconn/s: 0.00
[ 50.0s ] thds: 16 tps: 834.68 qps: 834.68 (r/w/o: 0.00/834.68/0.00) lat (ms,95%): 49.21 err/s: 0.00 reconn/s: 0.00
[ 51.0s ] thds: 16 tps: 964.96 qps: 964.96 (r/w/o: 0.00/964.96/0.00) lat (ms,95%): 32.53 err/s: 0.00 reconn/s: 0.00
[ 52.0s ] thds: 16 tps: 282.67 qps: 282.67 (r/w/o: 0.00/282.67/0.00) lat (ms,95%): 132.49 err/s: 0.00 reconn/s: 0.00
[ 53.0s ] thds: 16 tps: 199.68 qps: 199.68 (r/w/o: 0.00/199.68/0.00) lat (ms,95%): 219.36 err/s: 0.00 reconn/s: 0.00
[ 54.0s ] thds: 16 tps: 249.12 qps: 249.12 (r/w/o: 0.00/249.12/0.00) lat (ms,95%): 139.85 err/s: 0.00 reconn/s: 0.00
[ 55.0s ] thds: 16 tps: 207.29 qps: 207.29 (r/w/o: 0.00/207.29/0.00) lat (ms,95%): 176.73 err/s: 0.00 reconn/s: 0.00
[ 56.0s ] thds: 16 tps: 304.80 qps: 304.80 (r/w/o: 0.00/304.80/0.00) lat (ms,95%): 147.61 err/s: 0.00 reconn/s: 0.00
[ 57.0s ] thds: 16 tps: 174.79 qps: 174.79 (r/w/o: 0.00/174.79/0.00) lat (ms,95%): 200.47 err/s: 0.00 reconn/s: 0.00
[ 58.0s ] thds: 16 tps: 182.91 qps: 182.91 (r/w/o: 0.00/182.91/0.00) lat (ms,95%): 176.73 err/s: 0.00 reconn/s: 0.00
[ 59.0s ] thds: 16 tps: 195.07 qps: 195.07 (r/w/o: 0.00/195.07/0.00) lat (ms,95%): 240.02 err/s: 0.00 reconn/s: 0.00
[ 60.0s ] thds: 16 tps: 216.96 qps: 216.96 (r/w/o: 0.00/216.96/0.00) lat (ms,95%): 167.44 err/s: 0.00 reconn/s: 0.00
[ 61.0s ] thds: 16 tps: 238.05 qps: 238.05 (r/w/o: 0.00/238.05/0.00) lat (ms,95%): 183.21 err/s: 0.00 reconn/s: 0.00
[ 62.0s ] thds: 16 tps: 189.16 qps: 189.16 (r/w/o: 0.00/189.16/0.00) lat (ms,95%): 193.38 err/s: 0.00 reconn/s: 0.00
[ 63.0s ] thds: 16 tps: 177.91 qps: 177.91 (r/w/o: 0.00/177.91/0.00) lat (ms,95%): 179.94 err/s: 0.00 reconn/s: 0.00
[ 64.0s ] thds: 16 tps: 150.98 qps: 150.98 (r/w/o: 0.00/150.98/0.00) lat (ms,95%): 235.74 err/s: 0.00 reconn/s: 0.00
[ 65.0s ] thds: 16 tps: 147.99 qps: 147.99 (r/w/o: 0.00/147.99/0.00) lat (ms,95%): 267.41 err/s: 0.00 reconn/s: 0.00
[ 66.0s ] thds: 16 tps: 162.32 qps: 162.32 (r/w/o: 0.00/162.32/0.00) lat (ms,95%): 196.89 err/s: 0.00 reconn/s: 0.00
[ 67.0s ] thds: 16 tps: 142.71 qps: 142.71 (r/w/o: 0.00/142.71/0.00) lat (ms,95%): 272.27 err/s: 0.00 reconn/s: 0.00
[ 68.0s ] thds: 16 tps: 147.21 qps: 147.21 (r/w/o: 0.00/147.21/0.00) lat (ms,95%): 325.98 err/s: 0.00 reconn/s: 0.00
[ 69.0s ] thds: 16 tps: 176.19 qps: 176.19 (r/w/o: 0.00/176.19/0.00) lat (ms,95%): 244.38 err/s: 0.00 reconn/s: 0.00
[ 70.0s ] thds: 16 tps: 138.64 qps: 138.64 (r/w/o: 0.00/138.64/0.00) lat (ms,95%): 262.64 err/s: 0.00 reconn/s: 0.00
[ 71.0s ] thds: 16 tps: 224.98 qps: 224.98 (r/w/o: 0.00/224.98/0.00) lat (ms,95%): 161.51 err/s: 0.00 reconn/s: 0.00
[ 72.0s ] thds: 16 tps: 158.02 qps: 158.02 (r/w/o: 0.00/158.02/0.00) lat (ms,95%): 244.38 err/s: 0.00 reconn/s: 0.00
[ 73.0s ] thds: 16 tps: 140.99 qps: 140.99 (r/w/o: 0.00/140.99/0.00) lat (ms,95%): 262.64 err/s: 0.00 reconn/s: 0.00
[ 74.0s ] thds: 16 tps: 109.99 qps: 109.99 (r/w/o: 0.00/109.99/0.00) lat (ms,95%): 356.70 err/s: 0.00 reconn/s: 0.00
[ 75.0s ] thds: 16 tps: 83.02 qps: 83.02 (r/w/o: 0.00/83.02/0.00) lat (ms,95%): 511.33 err/s: 0.00 reconn/s: 0.00
[ 76.0s ] thds: 16 tps: 158.00 qps: 158.00 (r/w/o: 0.00/158.00/0.00) lat (ms,95%): 248.83 err/s: 0.00 reconn/s: 0.00
[ 77.0s ] thds: 16 tps: 196.14 qps: 196.14 (r/w/o: 0.00/196.14/0.00) lat (ms,95%): 211.60 err/s: 0.00 reconn/s: 0.00
[ 78.0s ] thds: 16 tps: 162.49 qps: 162.49 (r/w/o: 0.00/162.49/0.00) lat (ms,95%): 196.89 err/s: 0.00 reconn/s: 0.00
[ 79.0s ] thds: 16 tps: 186.28 qps: 186.28 (r/w/o: 0.00/186.28/0.00) lat (ms,95%): 215.44 err/s: 0.00 reconn/s: 0.00
[ 80.0s ] thds: 16 tps: 118.00 qps: 118.00 (r/w/o: 0.00/118.00/0.00) lat (ms,95%): 320.17 err/s: 0.00 reconn/s: 0.00
[ 81.0s ] thds: 16 tps: 116.21 qps: 116.21 (r/w/o: 0.00/116.21/0.00) lat (ms,95%): 277.21 err/s: 0.00 reconn/s: 0.00
[ 82.0s ] thds: 16 tps: 156.74 qps: 156.74 (r/w/o: 0.00/156.74/0.00) lat (ms,95%): 211.60 err/s: 0.00 reconn/s: 0.00
[ 83.0s ] thds: 16 tps: 209.99 qps: 209.99 (r/w/o: 0.00/209.99/0.00) lat (ms,95%): 231.53 err/s: 0.00 reconn/s: 0.00
[ 84.0s ] thds: 16 tps: 153.00 qps: 153.00 (r/w/o: 0.00/153.00/0.00) lat (ms,95%): 227.40 err/s: 0.00 reconn/s: 0.00
[ 85.0s ] thds: 16 tps: 147.99 qps: 147.99 (r/w/o: 0.00/147.99/0.00) lat (ms,95%): 272.27 err/s: 0.00 reconn/s: 0.00
[ 86.0s ] thds: 16 tps: 153.01 qps: 153.01 (r/w/o: 0.00/153.01/0.00) lat (ms,95%): 223.34 err/s: 0.00 reconn/s: 0.00
[ 87.0s ] thds: 16 tps: 114.15 qps: 114.15 (r/w/o: 0.00/114.15/0.00) lat (ms,95%): 308.84 err/s: 0.00 reconn/s: 0.00
[ 88.0s ] thds: 16 tps: 99.87 qps: 99.87 (r/w/o: 0.00/99.87/0.00) lat (ms,95%): 363.18 err/s: 0.00 reconn/s: 0.00
[ 89.0s ] thds: 16 tps: 143.02 qps: 143.02 (r/w/o: 0.00/143.02/0.00) lat (ms,95%): 267.41 err/s: 0.00 reconn/s: 0.00
[ 90.0s ] thds: 16 tps: 192.99 qps: 192.99 (r/w/o: 0.00/192.99/0.00) lat (ms,95%): 235.74 err/s: 0.00 reconn/s: 0.00
[ 91.0s ] thds: 16 tps: 134.99 qps: 134.99 (r/w/o: 0.00/134.99/0.00) lat (ms,95%): 223.34 err/s: 0.00 reconn/s: 0.00
[ 92.0s ] thds: 16 tps: 122.04 qps: 122.04 (r/w/o: 0.00/122.04/0.00) lat (ms,95%): 262.64 err/s: 0.00 reconn/s: 0.00
[ 93.0s ] thds: 16 tps: 116.95 qps: 116.95 (r/w/o: 0.00/116.95/0.00) lat (ms,95%): 277.21 err/s: 0.00 reconn/s: 0.00
[ 94.0s ] thds: 16 tps: 96.01 qps: 96.01 (r/w/o: 0.00/96.01/0.00) lat (ms,95%): 493.24 err/s: 0.00 reconn/s: 0.00
[ 95.0s ] thds: 16 tps: 141.98 qps: 141.98 (r/w/o: 0.00/141.98/0.00) lat (ms,95%): 248.83 err/s: 0.00 reconn/s: 0.00
[ 96.0s ] thds: 16 tps: 139.18 qps: 139.18 (r/w/o: 0.00/139.18/0.00) lat (ms,95%): 337.94 err/s: 0.00 reconn/s: 0.00
[ 97.0s ] thds: 16 tps: 176.88 qps: 176.88 (r/w/o: 0.00/176.88/0.00) lat (ms,95%): 176.73 err/s: 0.00 reconn/s: 0.00
[ 98.0s ] thds: 16 tps: 115.94 qps: 115.94 (r/w/o: 0.00/115.94/0.00) lat (ms,95%): 308.84 err/s: 0.00 reconn/s: 0.00
[ 99.0s ] thds: 16 tps: 137.99 qps: 137.99 (r/w/o: 0.00/137.99/0.00) lat (ms,95%): 277.21 err/s: 0.00 reconn/s: 0.00
[ 100.0s ] thds: 16 tps: 93.37 qps: 93.37 (r/w/o: 0.00/93.37/0.00) lat (ms,95%): 331.91 err/s: 0.00 reconn/s: 0.00
[ 101.0s ] thds: 16 tps: 132.00 qps: 132.00 (r/w/o: 0.00/132.00/0.00) lat (ms,95%): 297.92 err/s: 0.00 reconn/s: 0.00
[ 102.0s ] thds: 16 tps: 125.61 qps: 125.61 (r/w/o: 0.00/125.61/0.00) lat (ms,95%): 376.49 err/s: 0.00 reconn/s: 0.00
[ 103.0s ] thds: 16 tps: 92.92 qps: 92.92 (r/w/o: 0.00/92.92/0.00) lat (ms,95%): 419.45 err/s: 0.00 reconn/s: 0.00
[ 104.0s ] thds: 16 tps: 168.01 qps: 168.01 (r/w/o: 0.00/168.01/0.00) lat (ms,95%): 356.70 err/s: 0.00 reconn/s: 0.00
[ 105.0s ] thds: 16 tps: 79.02 qps: 79.02 (r/w/o: 0.00/79.02/0.00) lat (ms,95%): 337.94 err/s: 0.00 reconn/s: 0.00
[ 106.0s ] thds: 16 tps: 152.96 qps: 152.96 (r/w/o: 0.00/152.96/0.00) lat (ms,95%): 427.07 err/s: 0.00 reconn/s: 0.00
[ 107.0s ] thds: 16 tps: 126.09 qps: 126.09 (r/w/o: 0.00/126.09/0.00) lat (ms,95%): 292.60 err/s: 0.00 reconn/s: 0.00
[ 108.0s ] thds: 16 tps: 55.00 qps: 55.00 (r/w/o: 0.00/55.00/0.00) lat (ms,95%): 484.44 err/s: 0.00 reconn/s: 0.00
[ 109.0s ] thds: 16 tps: 124.91 qps: 124.91 (r/w/o: 0.00/124.91/0.00) lat (ms,95%): 350.33 err/s: 0.00 reconn/s: 0.00
[ 110.0s ] thds: 16 tps: 115.98 qps: 115.98 (r/w/o: 0.00/115.98/0.00) lat (ms,95%): 314.45 err/s: 0.00 reconn/s: 0.00
[ 111.0s ] thds: 16 tps: 189.01 qps: 189.01 (r/w/o: 0.00/189.01/0.00) lat (ms,95%): 253.35 err/s: 0.00 reconn/s: 0.00
[ 112.0s ] thds: 16 tps: 107.27 qps: 107.27 (r/w/o: 0.00/107.27/0.00) lat (ms,95%): 419.45 err/s: 0.00 reconn/s: 0.00
[ 113.0s ] thds: 16 tps: 94.78 qps: 94.78 (r/w/o: 0.00/94.78/0.00) lat (ms,95%): 356.70 err/s: 0.00 reconn/s: 0.00
[ 114.0s ] thds: 16 tps: 148.33 qps: 148.33 (r/w/o: 0.00/148.33/0.00) lat (ms,95%): 248.83 err/s: 0.00 reconn/s: 0.00
[ 115.0s ] thds: 16 tps: 126.18 qps: 126.18 (r/w/o: 0.00/126.18/0.00) lat (ms,95%): 350.33 err/s: 0.00 reconn/s: 0.00
[ 116.0s ] thds: 16 tps: 140.47 qps: 140.47 (r/w/o: 0.00/140.47/0.00) lat (ms,95%): 223.34 err/s: 0.00 reconn/s: 0.00
[ 117.0s ] thds: 16 tps: 76.00 qps: 76.00 (r/w/o: 0.00/76.00/0.00) lat (ms,95%): 404.61 err/s: 0.00 reconn/s: 0.00
[ 118.0s ] thds: 16 tps: 154.01 qps: 154.01 (r/w/o: 0.00/154.01/0.00) lat (ms,95%): 303.33 err/s: 0.00 reconn/s: 0.00
[ 119.0s ] thds: 16 tps: 82.98 qps: 82.98 (r/w/o: 0.00/82.98/0.00) lat (ms,95%): 442.73 err/s: 0.00 reconn/s: 0.00
[ 120.0s ] thds: 16 tps: 94.00 qps: 94.00 (r/w/o: 0.00/94.00/0.00) lat (ms,95%): 356.70 err/s: 0.00 reconn/s: 0.00
[ 121.0s ] thds: 16 tps: 83.00 qps: 83.00 (r/w/o: 0.00/83.00/0.00) lat (ms,95%): 356.70 err/s: 0.00 reconn/s: 0.00
[ 122.0s ] thds: 16 tps: 66.01 qps: 66.01 (r/w/o: 0.00/66.01/0.00) lat (ms,95%): 530.08 err/s: 0.00 reconn/s: 0.00
[ 123.0s ] thds: 16 tps: 105.00 qps: 105.00 (r/w/o: 0.00/105.00/0.00) lat (ms,95%): 475.79 err/s: 0.00 reconn/s: 0.00
[ 124.0s ] thds: 16 tps: 71.99 qps: 71.99 (r/w/o: 0.00/71.99/0.00) lat (ms,95%): 580.02 err/s: 0.00 reconn/s: 0.00
[ 125.0s ] thds: 16 tps: 130.21 qps: 130.21 (r/w/o: 0.00/130.21/0.00) lat (ms,95%): 356.70 err/s: 0.00 reconn/s: 0.00
[ 126.0s ] thds: 16 tps: 196.43 qps: 196.43 (r/w/o: 0.00/196.43/0.00) lat (ms,95%): 223.34 err/s: 0.00 reconn/s: 0.00
[ 127.0s ] thds: 16 tps: 81.69 qps: 81.69 (r/w/o: 0.00/81.69/0.00) lat (ms,95%): 411.96 err/s: 0.00 reconn/s: 0.00
[ 128.0s ] thds: 16 tps: 87.25 qps: 87.25 (r/w/o: 0.00/87.25/0.00) lat (ms,95%): 350.33 err/s: 0.00 reconn/s: 0.00
[ 129.0s ] thds: 16 tps: 76.82 qps: 76.82 (r/w/o: 0.00/76.82/0.00) lat (ms,95%): 411.96 err/s: 0.00 reconn/s: 0.00
[ 130.0s ] thds: 16 tps: 82.95 qps: 82.95 (r/w/o: 0.00/82.95/0.00) lat (ms,95%): 427.07 err/s: 0.00 reconn/s: 0.00
[ 131.0s ] thds: 16 tps: 134.12 qps: 134.12 (r/w/o: 0.00/134.12/0.00) lat (ms,95%): 308.84 err/s: 0.00 reconn/s: 0.00
[ 132.0s ] thds: 16 tps: 61.16 qps: 61.16 (r/w/o: 0.00/61.16/0.00) lat (ms,95%): 493.24 err/s: 0.00 reconn/s: 0.00
[ 133.0s ] thds: 16 tps: 99.67 qps: 99.67 (r/w/o: 0.00/99.67/0.00) lat (ms,95%): 442.73 err/s: 0.00 reconn/s: 0.00
[ 134.0s ] thds: 16 tps: 154.09 qps: 154.09 (r/w/o: 0.00/154.09/0.00) lat (ms,95%): 297.92 err/s: 0.00 reconn/s: 0.00
[ 135.0s ] thds: 16 tps: 93.06 qps: 93.06 (r/w/o: 0.00/93.06/0.00) lat (ms,95%): 337.94 err/s: 0.00 reconn/s: 0.00
[ 136.0s ] thds: 16 tps: 116.85 qps: 116.85 (r/w/o: 0.00/116.85/0.00) lat (ms,95%): 337.94 err/s: 0.00 reconn/s: 0.00
[ 137.0s ] thds: 16 tps: 147.00 qps: 147.00 (r/w/o: 0.00/147.00/0.00) lat (ms,95%): 272.27 err/s: 0.00 reconn/s: 0.00
[ 138.0s ] thds: 16 tps: 89.02 qps: 89.02 (r/w/o: 0.00/89.02/0.00) lat (ms,95%): 390.30 err/s: 0.00 reconn/s: 0.00
[ 139.0s ] thds: 16 tps: 102.98 qps: 102.98 (r/w/o: 0.00/102.98/0.00) lat (ms,95%): 297.92 err/s: 0.00 reconn/s: 0.00
[ 140.0s ] thds: 16 tps: 111.01 qps: 111.01 (r/w/o: 0.00/111.01/0.00) lat (ms,95%): 427.07 err/s: 0.00 reconn/s: 0.00
[ 141.0s ] thds: 16 tps: 70.01 qps: 70.01 (r/w/o: 0.00/70.01/0.00) lat (ms,95%): 475.79 err/s: 0.00 reconn/s: 0.00
[ 142.0s ] thds: 16 tps: 145.35 qps: 145.35 (r/w/o: 0.00/145.35/0.00) lat (ms,95%): 442.73 err/s: 0.00 reconn/s: 0.00
[ 143.0s ] thds: 16 tps: 114.08 qps: 114.08 (r/w/o: 0.00/114.08/0.00) lat (ms,95%): 376.49 err/s: 0.00 reconn/s: 0.00
[ 144.0s ] thds: 16 tps: 90.71 qps: 90.71 (r/w/o: 0.00/90.71/0.00) lat (ms,95%): 344.08 err/s: 0.00 reconn/s: 0.00
[ 145.0s ] thds: 16 tps: 88.01 qps: 88.01 (r/w/o: 0.00/88.01/0.00) lat (ms,95%): 569.67 err/s: 0.00 reconn/s: 0.00
[ 146.0s ] thds: 16 tps: 133.24 qps: 133.24 (r/w/o: 0.00/133.24/0.00) lat (ms,95%): 257.95 err/s: 0.00 reconn/s: 0.00
[ 147.0s ] thds: 16 tps: 74.02 qps: 74.02 (r/w/o: 0.00/74.02/0.00) lat (ms,95%): 520.62 err/s: 0.00 reconn/s: 0.00
[ 148.0s ] thds: 16 tps: 70.12 qps: 70.12 (r/w/o: 0.00/70.12/0.00) lat (ms,95%): 390.30 err/s: 0.00 reconn/s: 0.00
[ 149.0s ] thds: 16 tps: 81.69 qps: 81.69 (r/w/o: 0.00/81.69/0.00) lat (ms,95%): 383.33 err/s: 0.00 reconn/s: 0.00
[ 150.0s ] thds: 16 tps: 83.00 qps: 83.00 (r/w/o: 0.00/83.00/0.00) lat (ms,95%): 511.33 err/s: 0.00 reconn/s: 0.00
SQL statistics:
    queries performed:
        read:                            0
        write:                           37619
        other:                           0
        total:                           37619
    transactions:                        37619  (250.48 per sec.)
    queries:                             37619  (250.48 per sec.)
    ignored errors:                      0      (0.00 per sec.)
    reconnects:                          0      (0.00 per sec.)

Throughput:
    events/s (eps):                      250.4778
    time elapsed:                        150.1890s
    total number of events:              37619

Latency (ms):
         min:                                    6.96
         avg:                                   63.83
         max:                                  940.41
         95th percentile:                      219.36
         sum:                              2401374.36

Threads fairness:
    events (avg/stddev):           2351.1875/50.44
    execution time (avg/stddev):   150.0859/0.05

