sysbench 1.1.0-f698960 (using bundled LuaJIT 2.1.0-beta3)

Running the test with following options:
Number of threads: 16
Report intermediate results every 1.000000 second(s)
Initializing random number generator from current time


Initializing worker threads...

Threads started!

[ 1.0s ] thds: 16 tps: 982.74 qps: 982.74 (r/w/o: 0.00/982.74/0.00) lat (ms,95%): 30.26 err/s: 0.00 reconn/s: 0.00
[ 2.0s ] thds: 16 tps: 622.95 qps: 622.95 (r/w/o: 0.00/622.95/0.00) lat (ms,95%): 53.85 err/s: 0.00 reconn/s: 0.00
[ 3.0s ] thds: 16 tps: 611.22 qps: 611.22 (r/w/o: 0.00/611.22/0.00) lat (ms,95%): 50.11 err/s: 0.00 reconn/s: 0.00
[ 4.0s ] thds: 16 tps: 631.42 qps: 631.42 (r/w/o: 0.00/631.42/0.00) lat (ms,95%): 52.89 err/s: 0.00 reconn/s: 0.00
[ 5.0s ] thds: 16 tps: 604.74 qps: 604.74 (r/w/o: 0.00/604.74/0.00) lat (ms,95%): 51.02 err/s: 0.00 reconn/s: 0.00
[ 6.0s ] thds: 16 tps: 641.04 qps: 641.04 (r/w/o: 0.00/641.04/0.00) lat (ms,95%): 54.83 err/s: 0.00 reconn/s: 0.00
[ 7.0s ] thds: 16 tps: 680.91 qps: 680.91 (r/w/o: 0.00/680.91/0.00) lat (ms,95%): 49.21 err/s: 0.00 reconn/s: 0.00
[ 8.0s ] thds: 16 tps: 656.42 qps: 656.42 (r/w/o: 0.00/656.42/0.00) lat (ms,95%): 48.34 err/s: 0.00 reconn/s: 0.00
[ 9.0s ] thds: 16 tps: 684.63 qps: 684.63 (r/w/o: 0.00/684.63/0.00) lat (ms,95%): 46.63 err/s: 0.00 reconn/s: 0.00
[ 10.0s ] thds: 16 tps: 607.94 qps: 607.94 (r/w/o: 0.00/607.94/0.00) lat (ms,95%): 51.02 err/s: 0.00 reconn/s: 0.00
[ 11.0s ] thds: 16 tps: 608.33 qps: 608.33 (r/w/o: 0.00/608.33/0.00) lat (ms,95%): 52.89 err/s: 0.00 reconn/s: 0.00
[ 12.0s ] thds: 16 tps: 598.55 qps: 598.55 (r/w/o: 0.00/598.55/0.00) lat (ms,95%): 52.89 err/s: 0.00 reconn/s: 0.00
[ 13.0s ] thds: 16 tps: 515.67 qps: 515.67 (r/w/o: 0.00/515.67/0.00) lat (ms,95%): 59.99 err/s: 0.00 reconn/s: 0.00
[ 14.0s ] thds: 16 tps: 631.97 qps: 631.97 (r/w/o: 0.00/631.97/0.00) lat (ms,95%): 49.21 err/s: 0.00 reconn/s: 0.00
[ 15.0s ] thds: 16 tps: 590.04 qps: 592.04 (r/w/o: 0.00/592.04/0.00) lat (ms,95%): 56.84 err/s: 0.00 reconn/s: 0.00
[ 16.0s ] thds: 16 tps: 566.18 qps: 564.18 (r/w/o: 0.00/564.18/0.00) lat (ms,95%): 61.08 err/s: 0.00 reconn/s: 0.00
[ 17.0s ] thds: 16 tps: 704.01 qps: 704.01 (r/w/o: 0.00/704.01/0.00) lat (ms,95%): 46.63 err/s: 0.00 reconn/s: 0.00
[ 18.0s ] thds: 16 tps: 449.56 qps: 449.56 (r/w/o: 0.00/449.56/0.00) lat (ms,95%): 179.94 err/s: 0.00 reconn/s: 0.00
[ 19.0s ] thds: 16 tps: 722.73 qps: 722.73 (r/w/o: 0.00/722.73/0.00) lat (ms,95%): 45.79 err/s: 0.00 reconn/s: 0.00
[ 20.0s ] thds: 16 tps: 470.14 qps: 470.14 (r/w/o: 0.00/470.14/0.00) lat (ms,95%): 65.65 err/s: 0.00 reconn/s: 0.00
[ 21.0s ] thds: 16 tps: 677.06 qps: 677.06 (r/w/o: 0.00/677.06/0.00) lat (ms,95%): 47.47 err/s: 0.00 reconn/s: 0.00
[ 22.0s ] thds: 16 tps: 466.00 qps: 466.00 (r/w/o: 0.00/466.00/0.00) lat (ms,95%): 69.29 err/s: 0.00 reconn/s: 0.00
[ 23.0s ] thds: 16 tps: 473.38 qps: 473.38 (r/w/o: 0.00/473.38/0.00) lat (ms,95%): 74.46 err/s: 0.00 reconn/s: 0.00
[ 24.0s ] thds: 16 tps: 349.76 qps: 349.76 (r/w/o: 0.00/349.76/0.00) lat (ms,95%): 89.16 err/s: 0.00 reconn/s: 0.00
[ 25.0s ] thds: 16 tps: 409.98 qps: 409.98 (r/w/o: 0.00/409.98/0.00) lat (ms,95%): 74.46 err/s: 0.00 reconn/s: 0.00
[ 26.0s ] thds: 16 tps: 349.98 qps: 349.98 (r/w/o: 0.00/349.98/0.00) lat (ms,95%): 104.84 err/s: 0.00 reconn/s: 0.00
[ 27.0s ] thds: 16 tps: 325.97 qps: 325.97 (r/w/o: 0.00/325.97/0.00) lat (ms,95%): 108.68 err/s: 0.00 reconn/s: 0.00
[ 28.0s ] thds: 16 tps: 342.81 qps: 342.81 (r/w/o: 0.00/342.81/0.00) lat (ms,95%): 112.67 err/s: 0.00 reconn/s: 0.00
[ 29.0s ] thds: 16 tps: 250.48 qps: 250.48 (r/w/o: 0.00/250.48/0.00) lat (ms,95%): 130.13 err/s: 0.00 reconn/s: 0.00
[ 30.0s ] thds: 16 tps: 306.38 qps: 306.38 (r/w/o: 0.00/306.38/0.00) lat (ms,95%): 121.08 err/s: 0.00 reconn/s: 0.00
[ 31.0s ] thds: 16 tps: 317.59 qps: 317.59 (r/w/o: 0.00/317.59/0.00) lat (ms,95%): 112.67 err/s: 0.00 reconn/s: 0.00
[ 32.0s ] thds: 16 tps: 256.36 qps: 256.36 (r/w/o: 0.00/256.36/0.00) lat (ms,95%): 155.80 err/s: 0.00 reconn/s: 0.00
[ 33.0s ] thds: 16 tps: 753.87 qps: 753.87 (r/w/o: 0.00/753.87/0.00) lat (ms,95%): 66.84 err/s: 0.00 reconn/s: 0.00
[ 34.0s ] thds: 16 tps: 717.37 qps: 717.37 (r/w/o: 0.00/717.37/0.00) lat (ms,95%): 54.83 err/s: 0.00 reconn/s: 0.00
[ 35.0s ] thds: 16 tps: 1110.76 qps: 1110.76 (r/w/o: 0.00/1110.76/0.00) lat (ms,95%): 26.20 err/s: 0.00 reconn/s: 0.00
[ 36.0s ] thds: 16 tps: 1133.68 qps: 1133.68 (r/w/o: 0.00/1133.68/0.00) lat (ms,95%): 24.38 err/s: 0.00 reconn/s: 0.00
[ 37.0s ] thds: 16 tps: 917.36 qps: 917.36 (r/w/o: 0.00/917.36/0.00) lat (ms,95%): 41.10 err/s: 0.00 reconn/s: 0.00
[ 38.0s ] thds: 16 tps: 775.09 qps: 775.09 (r/w/o: 0.00/775.09/0.00) lat (ms,95%): 51.94 err/s: 0.00 reconn/s: 0.00
[ 39.0s ] thds: 16 tps: 1125.69 qps: 1125.69 (r/w/o: 0.00/1125.69/0.00) lat (ms,95%): 26.68 err/s: 0.00 reconn/s: 0.00
[ 40.0s ] thds: 16 tps: 1033.54 qps: 1033.54 (r/w/o: 0.00/1033.54/0.00) lat (ms,95%): 29.72 err/s: 0.00 reconn/s: 0.00
[ 41.0s ] thds: 16 tps: 548.89 qps: 548.89 (r/w/o: 0.00/548.89/0.00) lat (ms,95%): 59.99 err/s: 0.00 reconn/s: 0.00
[ 42.0s ] thds: 16 tps: 437.14 qps: 437.14 (r/w/o: 0.00/437.14/0.00) lat (ms,95%): 71.83 err/s: 0.00 reconn/s: 0.00
[ 43.0s ] thds: 16 tps: 437.96 qps: 437.96 (r/w/o: 0.00/437.96/0.00) lat (ms,95%): 77.19 err/s: 0.00 reconn/s: 0.00
[ 44.0s ] thds: 16 tps: 425.99 qps: 425.99 (r/w/o: 0.00/425.99/0.00) lat (ms,95%): 81.48 err/s: 0.00 reconn/s: 0.00
[ 45.0s ] thds: 16 tps: 305.94 qps: 305.94 (r/w/o: 0.00/305.94/0.00) lat (ms,95%): 114.72 err/s: 0.00 reconn/s: 0.00
[ 46.0s ] thds: 16 tps: 269.05 qps: 269.05 (r/w/o: 0.00/269.05/0.00) lat (ms,95%): 176.73 err/s: 0.00 reconn/s: 0.00
[ 47.0s ] thds: 16 tps: 319.60 qps: 319.60 (r/w/o: 0.00/319.60/0.00) lat (ms,95%): 125.52 err/s: 0.00 reconn/s: 0.00
[ 48.0s ] thds: 16 tps: 302.39 qps: 302.39 (r/w/o: 0.00/302.39/0.00) lat (ms,95%): 121.08 err/s: 0.00 reconn/s: 0.00
[ 49.0s ] thds: 16 tps: 285.02 qps: 285.02 (r/w/o: 0.00/285.02/0.00) lat (ms,95%): 125.52 err/s: 0.00 reconn/s: 0.00
[ 50.0s ] thds: 16 tps: 336.73 qps: 336.73 (r/w/o: 0.00/336.73/0.00) lat (ms,95%): 116.80 err/s: 0.00 reconn/s: 0.00
[ 51.0s ] thds: 16 tps: 266.48 qps: 266.48 (r/w/o: 0.00/266.48/0.00) lat (ms,95%): 142.39 err/s: 0.00 reconn/s: 0.00
[ 52.0s ] thds: 16 tps: 258.95 qps: 258.95 (r/w/o: 0.00/258.95/0.00) lat (ms,95%): 127.81 err/s: 0.00 reconn/s: 0.00
[ 53.0s ] thds: 16 tps: 302.50 qps: 302.50 (r/w/o: 0.00/302.50/0.00) lat (ms,95%): 134.90 err/s: 0.00 reconn/s: 0.00
[ 54.0s ] thds: 16 tps: 190.05 qps: 190.05 (r/w/o: 0.00/190.05/0.00) lat (ms,95%): 244.38 err/s: 0.00 reconn/s: 0.00
[ 55.0s ] thds: 16 tps: 249.51 qps: 249.51 (r/w/o: 0.00/249.51/0.00) lat (ms,95%): 144.97 err/s: 0.00 reconn/s: 0.00
[ 56.0s ] thds: 16 tps: 267.00 qps: 267.00 (r/w/o: 0.00/267.00/0.00) lat (ms,95%): 127.81 err/s: 0.00 reconn/s: 0.00
[ 57.0s ] thds: 16 tps: 222.01 qps: 222.01 (r/w/o: 0.00/222.01/0.00) lat (ms,95%): 150.29 err/s: 0.00 reconn/s: 0.00
[ 58.0s ] thds: 16 tps: 224.97 qps: 224.97 (r/w/o: 0.00/224.97/0.00) lat (ms,95%): 183.21 err/s: 0.00 reconn/s: 0.00
[ 59.0s ] thds: 16 tps: 207.03 qps: 207.03 (r/w/o: 0.00/207.03/0.00) lat (ms,95%): 193.38 err/s: 0.00 reconn/s: 0.00
[ 60.0s ] thds: 16 tps: 244.03 qps: 244.03 (r/w/o: 0.00/244.03/0.00) lat (ms,95%): 164.45 err/s: 0.00 reconn/s: 0.00
[ 61.0s ] thds: 16 tps: 224.04 qps: 224.04 (r/w/o: 0.00/224.04/0.00) lat (ms,95%): 170.48 err/s: 0.00 reconn/s: 0.00
[ 62.0s ] thds: 16 tps: 204.92 qps: 204.92 (r/w/o: 0.00/204.92/0.00) lat (ms,95%): 176.73 err/s: 0.00 reconn/s: 0.00
[ 63.0s ] thds: 16 tps: 203.06 qps: 203.06 (r/w/o: 0.00/203.06/0.00) lat (ms,95%): 173.58 err/s: 0.00 reconn/s: 0.00
[ 64.0s ] thds: 16 tps: 178.97 qps: 178.97 (r/w/o: 0.00/178.97/0.00) lat (ms,95%): 204.11 err/s: 0.00 reconn/s: 0.00
[ 65.0s ] thds: 16 tps: 220.47 qps: 220.47 (r/w/o: 0.00/220.47/0.00) lat (ms,95%): 186.54 err/s: 0.00 reconn/s: 0.00
[ 66.0s ] thds: 16 tps: 224.57 qps: 224.57 (r/w/o: 0.00/224.57/0.00) lat (ms,95%): 134.90 err/s: 0.00 reconn/s: 0.00
[ 67.0s ] thds: 16 tps: 197.96 qps: 197.96 (r/w/o: 0.00/197.96/0.00) lat (ms,95%): 215.44 err/s: 0.00 reconn/s: 0.00
[ 68.0s ] thds: 16 tps: 151.00 qps: 151.00 (r/w/o: 0.00/151.00/0.00) lat (ms,95%): 231.53 err/s: 0.00 reconn/s: 0.00
[ 69.0s ] thds: 16 tps: 122.01 qps: 122.01 (r/w/o: 0.00/122.01/0.00) lat (ms,95%): 287.38 err/s: 0.00 reconn/s: 0.00
[ 70.0s ] thds: 16 tps: 339.37 qps: 339.37 (r/w/o: 0.00/339.37/0.00) lat (ms,95%): 153.02 err/s: 0.00 reconn/s: 0.00
[ 71.0s ] thds: 16 tps: 183.02 qps: 183.02 (r/w/o: 0.00/183.02/0.00) lat (ms,95%): 179.94 err/s: 0.00 reconn/s: 0.00
[ 72.0s ] thds: 16 tps: 157.87 qps: 158.86 (r/w/o: 0.00/158.86/0.00) lat (ms,95%): 282.25 err/s: 0.00 reconn/s: 0.00
[ 73.0s ] thds: 16 tps: 184.63 qps: 183.62 (r/w/o: 0.00/183.62/0.00) lat (ms,95%): 200.47 err/s: 0.00 reconn/s: 0.00
[ 74.0s ] thds: 16 tps: 151.42 qps: 151.42 (r/w/o: 0.00/151.42/0.00) lat (ms,95%): 196.89 err/s: 0.00 reconn/s: 0.00
[ 75.0s ] thds: 16 tps: 224.02 qps: 224.02 (r/w/o: 0.00/224.02/0.00) lat (ms,95%): 204.11 err/s: 0.00 reconn/s: 0.00
[ 76.0s ] thds: 16 tps: 127.00 qps: 127.00 (r/w/o: 0.00/127.00/0.00) lat (ms,95%): 272.27 err/s: 0.00 reconn/s: 0.00
[ 77.0s ] thds: 16 tps: 141.95 qps: 141.95 (r/w/o: 0.00/141.95/0.00) lat (ms,95%): 248.83 err/s: 0.00 reconn/s: 0.00
[ 78.0s ] thds: 16 tps: 130.18 qps: 130.18 (r/w/o: 0.00/130.18/0.00) lat (ms,95%): 297.92 err/s: 0.00 reconn/s: 0.00
[ 79.0s ] thds: 16 tps: 131.83 qps: 131.83 (r/w/o: 0.00/131.83/0.00) lat (ms,95%): 262.64 err/s: 0.00 reconn/s: 0.00
[ 80.0s ] thds: 16 tps: 144.00 qps: 144.00 (r/w/o: 0.00/144.00/0.00) lat (ms,95%): 227.40 err/s: 0.00 reconn/s: 0.00
[ 81.0s ] thds: 16 tps: 190.05 qps: 190.05 (r/w/o: 0.00/190.05/0.00) lat (ms,95%): 231.53 err/s: 0.00 reconn/s: 0.00
[ 82.0s ] thds: 16 tps: 132.97 qps: 132.97 (r/w/o: 0.00/132.97/0.00) lat (ms,95%): 215.44 err/s: 0.00 reconn/s: 0.00
[ 83.0s ] thds: 16 tps: 139.02 qps: 139.02 (r/w/o: 0.00/139.02/0.00) lat (ms,95%): 282.25 err/s: 0.00 reconn/s: 0.00
[ 84.0s ] thds: 16 tps: 141.05 qps: 141.05 (r/w/o: 0.00/141.05/0.00) lat (ms,95%): 244.38 err/s: 0.00 reconn/s: 0.00
[ 85.0s ] thds: 16 tps: 140.20 qps: 140.20 (r/w/o: 0.00/140.20/0.00) lat (ms,95%): 235.74 err/s: 0.00 reconn/s: 0.00
[ 86.0s ] thds: 16 tps: 109.79 qps: 109.79 (r/w/o: 0.00/109.79/0.00) lat (ms,95%): 350.33 err/s: 0.00 reconn/s: 0.00
[ 87.0s ] thds: 16 tps: 114.01 qps: 114.01 (r/w/o: 0.00/114.01/0.00) lat (ms,95%): 331.91 err/s: 0.00 reconn/s: 0.00
[ 88.0s ] thds: 16 tps: 163.01 qps: 163.01 (r/w/o: 0.00/163.01/0.00) lat (ms,95%): 262.64 err/s: 0.00 reconn/s: 0.00
[ 89.0s ] thds: 16 tps: 140.98 qps: 140.98 (r/w/o: 0.00/140.98/0.00) lat (ms,95%): 287.38 err/s: 0.00 reconn/s: 0.00
[ 90.0s ] thds: 16 tps: 116.00 qps: 116.00 (r/w/o: 0.00/116.00/0.00) lat (ms,95%): 297.92 err/s: 0.00 reconn/s: 0.00
[ 91.0s ] thds: 16 tps: 136.00 qps: 136.00 (r/w/o: 0.00/136.00/0.00) lat (ms,95%): 253.35 err/s: 0.00 reconn/s: 0.00
[ 92.0s ] thds: 16 tps: 94.18 qps: 94.18 (r/w/o: 0.00/94.18/0.00) lat (ms,95%): 314.45 err/s: 0.00 reconn/s: 0.00
[ 93.0s ] thds: 16 tps: 122.88 qps: 122.88 (r/w/o: 0.00/122.88/0.00) lat (ms,95%): 314.45 err/s: 0.00 reconn/s: 0.00
[ 94.0s ] thds: 16 tps: 239.76 qps: 239.76 (r/w/o: 0.00/239.76/0.00) lat (ms,95%): 158.63 err/s: 0.00 reconn/s: 0.00
[ 95.0s ] thds: 16 tps: 85.00 qps: 85.00 (r/w/o: 0.00/85.00/0.00) lat (ms,95%): 411.96 err/s: 0.00 reconn/s: 0.00
[ 96.0s ] thds: 16 tps: 116.00 qps: 116.00 (r/w/o: 0.00/116.00/0.00) lat (ms,95%): 282.25 err/s: 0.00 reconn/s: 0.00
[ 97.0s ] thds: 16 tps: 146.01 qps: 146.01 (r/w/o: 0.00/146.01/0.00) lat (ms,95%): 320.17 err/s: 0.00 reconn/s: 0.00
[ 98.0s ] thds: 16 tps: 79.99 qps: 79.99 (r/w/o: 0.00/79.99/0.00) lat (ms,95%): 434.83 err/s: 0.00 reconn/s: 0.00
[ 99.0s ] thds: 16 tps: 81.03 qps: 81.03 (r/w/o: 0.00/81.03/0.00) lat (ms,95%): 397.39 err/s: 0.00 reconn/s: 0.00
[ 100.0s ] thds: 16 tps: 144.98 qps: 144.98 (r/w/o: 0.00/144.98/0.00) lat (ms,95%): 350.33 err/s: 0.00 reconn/s: 0.00
[ 101.0s ] thds: 16 tps: 190.94 qps: 190.94 (r/w/o: 0.00/190.94/0.00) lat (ms,95%): 223.34 err/s: 0.00 reconn/s: 0.00
[ 102.0s ] thds: 16 tps: 136.04 qps: 136.04 (r/w/o: 0.00/136.04/0.00) lat (ms,95%): 282.25 err/s: 0.00 reconn/s: 0.00
[ 103.0s ] thds: 16 tps: 121.00 qps: 121.00 (r/w/o: 0.00/121.00/0.00) lat (ms,95%): 277.21 err/s: 0.00 reconn/s: 0.00
[ 104.0s ] thds: 16 tps: 77.06 qps: 77.06 (r/w/o: 0.00/77.06/0.00) lat (ms,95%): 404.61 err/s: 0.00 reconn/s: 0.00
[ 105.0s ] thds: 16 tps: 142.87 qps: 142.87 (r/w/o: 0.00/142.87/0.00) lat (ms,95%): 363.18 err/s: 0.00 reconn/s: 0.00
[ 106.0s ] thds: 16 tps: 95.98 qps: 95.98 (r/w/o: 0.00/95.98/0.00) lat (ms,95%): 397.39 err/s: 0.00 reconn/s: 0.00
[ 107.0s ] thds: 16 tps: 87.03 qps: 87.03 (r/w/o: 0.00/87.03/0.00) lat (ms,95%): 458.96 err/s: 0.00 reconn/s: 0.00
[ 108.0s ] thds: 16 tps: 174.98 qps: 174.98 (r/w/o: 0.00/174.98/0.00) lat (ms,95%): 204.11 err/s: 0.00 reconn/s: 0.00
[ 109.0s ] thds: 16 tps: 134.00 qps: 134.00 (r/w/o: 0.00/134.00/0.00) lat (ms,95%): 297.92 err/s: 0.00 reconn/s: 0.00
[ 110.0s ] thds: 16 tps: 92.01 qps: 92.01 (r/w/o: 0.00/92.01/0.00) lat (ms,95%): 331.91 err/s: 0.00 reconn/s: 0.00
[ 111.0s ] thds: 16 tps: 109.08 qps: 109.08 (r/w/o: 0.00/109.08/0.00) lat (ms,95%): 376.49 err/s: 0.00 reconn/s: 0.00
[ 112.0s ] thds: 16 tps: 122.07 qps: 122.07 (r/w/o: 0.00/122.07/0.00) lat (ms,95%): 308.84 err/s: 0.00 reconn/s: 0.00
[ 113.0s ] thds: 16 tps: 65.91 qps: 65.91 (r/w/o: 0.00/65.91/0.00) lat (ms,95%): 502.20 err/s: 0.00 reconn/s: 0.00
[ 114.0s ] thds: 16 tps: 73.17 qps: 73.17 (r/w/o: 0.00/73.17/0.00) lat (ms,95%): 559.50 err/s: 0.00 reconn/s: 0.00
[ 115.0s ] thds: 16 tps: 153.65 qps: 153.65 (r/w/o: 0.00/153.65/0.00) lat (ms,95%): 308.84 err/s: 0.00 reconn/s: 0.00
[ 116.0s ] thds: 16 tps: 104.06 qps: 104.06 (r/w/o: 0.00/104.06/0.00) lat (ms,95%): 493.24 err/s: 0.00 reconn/s: 0.00
[ 117.0s ] thds: 16 tps: 71.96 qps: 71.96 (r/w/o: 0.00/71.96/0.00) lat (ms,95%): 502.20 err/s: 0.00 reconn/s: 0.00
[ 118.0s ] thds: 16 tps: 115.01 qps: 115.01 (r/w/o: 0.00/115.01/0.00) lat (ms,95%): 308.84 err/s: 0.00 reconn/s: 0.00
[ 119.0s ] thds: 16 tps: 82.99 qps: 82.99 (r/w/o: 0.00/82.99/0.00) lat (ms,95%): 511.33 err/s: 0.00 reconn/s: 0.00
[ 120.0s ] thds: 16 tps: 102.98 qps: 102.98 (r/w/o: 0.00/102.98/0.00) lat (ms,95%): 427.07 err/s: 0.00 reconn/s: 0.00
[ 121.0s ] thds: 16 tps: 121.01 qps: 121.01 (r/w/o: 0.00/121.01/0.00) lat (ms,95%): 363.18 err/s: 0.00 reconn/s: 0.00
[ 122.0s ] thds: 16 tps: 104.00 qps: 104.00 (r/w/o: 0.00/104.00/0.00) lat (ms,95%): 411.96 err/s: 0.00 reconn/s: 0.00
[ 123.0s ] thds: 16 tps: 141.20 qps: 141.20 (r/w/o: 0.00/141.20/0.00) lat (ms,95%): 292.60 err/s: 0.00 reconn/s: 0.00
[ 124.0s ] thds: 16 tps: 85.88 qps: 85.88 (r/w/o: 0.00/85.88/0.00) lat (ms,95%): 419.45 err/s: 0.00 reconn/s: 0.00
[ 125.0s ] thds: 16 tps: 126.98 qps: 126.98 (r/w/o: 0.00/126.98/0.00) lat (ms,95%): 467.30 err/s: 0.00 reconn/s: 0.00
[ 126.0s ] thds: 16 tps: 78.02 qps: 78.02 (r/w/o: 0.00/78.02/0.00) lat (ms,95%): 411.96 err/s: 0.00 reconn/s: 0.00
[ 127.0s ] thds: 16 tps: 85.00 qps: 85.00 (r/w/o: 0.00/85.00/0.00) lat (ms,95%): 590.56 err/s: 0.00 reconn/s: 0.00
[ 128.0s ] thds: 16 tps: 90.98 qps: 90.98 (r/w/o: 0.00/90.98/0.00) lat (ms,95%): 390.30 err/s: 0.00 reconn/s: 0.00
[ 129.0s ] thds: 16 tps: 116.02 qps: 116.02 (r/w/o: 0.00/116.02/0.00) lat (ms,95%): 282.25 err/s: 0.00 reconn/s: 0.00
[ 130.0s ] thds: 16 tps: 110.02 qps: 110.02 (r/w/o: 0.00/110.02/0.00) lat (ms,95%): 320.17 err/s: 0.00 reconn/s: 0.00
[ 131.0s ] thds: 16 tps: 134.98 qps: 134.98 (r/w/o: 0.00/134.98/0.00) lat (ms,95%): 297.92 err/s: 0.00 reconn/s: 0.00
[ 132.0s ] thds: 16 tps: 72.00 qps: 72.00 (r/w/o: 0.00/72.00/0.00) lat (ms,95%): 404.61 err/s: 0.00 reconn/s: 0.00
[ 133.0s ] thds: 16 tps: 96.00 qps: 96.00 (r/w/o: 0.00/96.00/0.00) lat (ms,95%): 475.79 err/s: 0.00 reconn/s: 0.00
[ 134.0s ] thds: 16 tps: 72.00 qps: 72.00 (r/w/o: 0.00/72.00/0.00) lat (ms,95%): 549.52 err/s: 0.00 reconn/s: 0.00
[ 135.0s ] thds: 16 tps: 79.31 qps: 79.31 (r/w/o: 0.00/79.31/0.00) lat (ms,95%): 363.18 err/s: 0.00 reconn/s: 0.00
[ 136.0s ] thds: 16 tps: 98.62 qps: 98.62 (r/w/o: 0.00/98.62/0.00) lat (ms,95%): 404.61 err/s: 0.00 reconn/s: 0.00
[ 137.0s ] thds: 16 tps: 114.02 qps: 114.02 (r/w/o: 0.00/114.02/0.00) lat (ms,95%): 411.96 err/s: 0.00 reconn/s: 0.00
[ 138.0s ] thds: 16 tps: 106.98 qps: 106.98 (r/w/o: 0.00/106.98/0.00) lat (ms,95%): 272.27 err/s: 0.00 reconn/s: 0.00
[ 139.0s ] thds: 16 tps: 73.02 qps: 73.02 (r/w/o: 0.00/73.02/0.00) lat (ms,95%): 419.45 err/s: 0.00 reconn/s: 0.00
[ 140.0s ] thds: 16 tps: 155.98 qps: 155.98 (r/w/o: 0.00/155.98/0.00) lat (ms,95%): 287.38 err/s: 0.00 reconn/s: 0.00
[ 141.0s ] thds: 16 tps: 74.04 qps: 74.04 (r/w/o: 0.00/74.04/0.00) lat (ms,95%): 511.33 err/s: 0.00 reconn/s: 0.00
[ 142.0s ] thds: 16 tps: 86.00 qps: 86.00 (r/w/o: 0.00/86.00/0.00) lat (ms,95%): 383.33 err/s: 0.00 reconn/s: 0.00
[ 143.0s ] thds: 16 tps: 115.93 qps: 115.93 (r/w/o: 0.00/115.93/0.00) lat (ms,95%): 344.08 err/s: 0.00 reconn/s: 0.00
[ 144.0s ] thds: 16 tps: 91.02 qps: 91.02 (r/w/o: 0.00/91.02/0.00) lat (ms,95%): 411.96 err/s: 0.00 reconn/s: 0.00
[ 145.0s ] thds: 16 tps: 110.98 qps: 110.98 (r/w/o: 0.00/110.98/0.00) lat (ms,95%): 331.91 err/s: 0.00 reconn/s: 0.00
[ 146.0s ] thds: 16 tps: 73.00 qps: 73.00 (r/w/o: 0.00/73.00/0.00) lat (ms,95%): 530.08 err/s: 0.00 reconn/s: 0.00
[ 147.0s ] thds: 16 tps: 64.24 qps: 64.24 (r/w/o: 0.00/64.24/0.00) lat (ms,95%): 569.67 err/s: 0.00 reconn/s: 0.00
[ 148.0s ] thds: 16 tps: 156.44 qps: 156.44 (r/w/o: 0.00/156.44/0.00) lat (ms,95%): 253.35 err/s: 0.00 reconn/s: 0.00
[ 149.0s ] thds: 16 tps: 84.99 qps: 84.99 (r/w/o: 0.00/84.99/0.00) lat (ms,95%): 475.79 err/s: 0.00 reconn/s: 0.00
[ 150.0s ] thds: 16 tps: 78.27 qps: 78.27 (r/w/o: 0.00/78.27/0.00) lat (ms,95%): 397.39 err/s: 0.00 reconn/s: 0.00
SQL statistics:
    queries performed:
        read:                            0
        write:                           42323
        other:                           0
        total:                           42323
    transactions:                        42323  (281.68 per sec.)
    queries:                             42323  (281.68 per sec.)
    ignored errors:                      0      (0.00 per sec.)
    reconnects:                          0      (0.00 per sec.)

Throughput:
    events/s (eps):                      281.6760
    time elapsed:                        150.2542s
    total number of events:              42323

Latency (ms):
         min:                                    6.83
         avg:                                   56.74
         max:                                 1007.84
         95th percentile:                      204.11
         sum:                              2401463.31

Threads fairness:
    events (avg/stddev):           2645.1875/67.90
    execution time (avg/stddev):   150.0915/0.07

