sysbench 1.1.0-f698960 (using bundled LuaJIT 2.1.0-beta3)

Running the test with following options:
Number of threads: 16
Report intermediate results every 1.000000 second(s)
Initializing random number generator from current time


Initializing worker threads...

Threads started!

[ 1.0s ] thds: 16 tps: 791.46 qps: 791.46 (r/w/o: 0.00/791.46/0.00) lat (ms,95%): 34.33 err/s: 0.00 reconn/s: 0.00
[ 2.0s ] thds: 16 tps: 603.79 qps: 603.79 (r/w/o: 0.00/603.79/0.00) lat (ms,95%): 51.02 err/s: 0.00 reconn/s: 0.00
[ 3.0s ] thds: 16 tps: 603.93 qps: 603.93 (r/w/o: 0.00/603.93/0.00) lat (ms,95%): 58.92 err/s: 0.00 reconn/s: 0.00
[ 4.0s ] thds: 16 tps: 584.82 qps: 584.82 (r/w/o: 0.00/584.82/0.00) lat (ms,95%): 52.89 err/s: 0.00 reconn/s: 0.00
[ 5.0s ] thds: 16 tps: 645.50 qps: 645.50 (r/w/o: 0.00/645.50/0.00) lat (ms,95%): 51.94 err/s: 0.00 reconn/s: 0.00
[ 6.0s ] thds: 16 tps: 508.99 qps: 508.99 (r/w/o: 0.00/508.99/0.00) lat (ms,95%): 57.87 err/s: 0.00 reconn/s: 0.00
[ 7.0s ] thds: 16 tps: 726.43 qps: 726.43 (r/w/o: 0.00/726.43/0.00) lat (ms,95%): 48.34 err/s: 0.00 reconn/s: 0.00
[ 8.0s ] thds: 16 tps: 684.60 qps: 684.60 (r/w/o: 0.00/684.60/0.00) lat (ms,95%): 48.34 err/s: 0.00 reconn/s: 0.00
[ 9.0s ] thds: 16 tps: 659.18 qps: 659.18 (r/w/o: 0.00/659.18/0.00) lat (ms,95%): 50.11 err/s: 0.00 reconn/s: 0.00
[ 10.0s ] thds: 16 tps: 510.85 qps: 510.85 (r/w/o: 0.00/510.85/0.00) lat (ms,95%): 64.47 err/s: 0.00 reconn/s: 0.00
[ 11.0s ] thds: 16 tps: 749.91 qps: 749.91 (r/w/o: 0.00/749.91/0.00) lat (ms,95%): 39.65 err/s: 0.00 reconn/s: 0.00
[ 12.0s ] thds: 16 tps: 618.97 qps: 618.97 (r/w/o: 0.00/618.97/0.00) lat (ms,95%): 56.84 err/s: 0.00 reconn/s: 0.00
[ 13.0s ] thds: 16 tps: 561.65 qps: 561.65 (r/w/o: 0.00/561.65/0.00) lat (ms,95%): 55.82 err/s: 0.00 reconn/s: 0.00
[ 14.0s ] thds: 16 tps: 604.62 qps: 604.62 (r/w/o: 0.00/604.62/0.00) lat (ms,95%): 57.87 err/s: 0.00 reconn/s: 0.00
[ 15.0s ] thds: 16 tps: 655.32 qps: 655.32 (r/w/o: 0.00/655.32/0.00) lat (ms,95%): 52.89 err/s: 0.00 reconn/s: 0.00
[ 16.0s ] thds: 16 tps: 560.47 qps: 560.47 (r/w/o: 0.00/560.47/0.00) lat (ms,95%): 56.84 err/s: 0.00 reconn/s: 0.00
[ 17.0s ] thds: 16 tps: 701.40 qps: 701.40 (r/w/o: 0.00/701.40/0.00) lat (ms,95%): 44.98 err/s: 0.00 reconn/s: 0.00
[ 18.0s ] thds: 16 tps: 655.72 qps: 655.72 (r/w/o: 0.00/655.72/0.00) lat (ms,95%): 46.63 err/s: 0.00 reconn/s: 0.00
[ 19.0s ] thds: 16 tps: 474.47 qps: 474.47 (r/w/o: 0.00/474.47/0.00) lat (ms,95%): 69.29 err/s: 0.00 reconn/s: 0.00
[ 20.0s ] thds: 16 tps: 650.89 qps: 650.89 (r/w/o: 0.00/650.89/0.00) lat (ms,95%): 43.39 err/s: 0.00 reconn/s: 0.00
[ 21.0s ] thds: 16 tps: 497.61 qps: 497.61 (r/w/o: 0.00/497.61/0.00) lat (ms,95%): 61.08 err/s: 0.00 reconn/s: 0.00
[ 22.0s ] thds: 16 tps: 551.51 qps: 551.51 (r/w/o: 0.00/551.51/0.00) lat (ms,95%): 59.99 err/s: 0.00 reconn/s: 0.00
[ 23.0s ] thds: 16 tps: 365.14 qps: 365.14 (r/w/o: 0.00/365.14/0.00) lat (ms,95%): 87.56 err/s: 0.00 reconn/s: 0.00
[ 24.0s ] thds: 16 tps: 497.94 qps: 497.94 (r/w/o: 0.00/497.94/0.00) lat (ms,95%): 69.29 err/s: 0.00 reconn/s: 0.00
[ 25.0s ] thds: 16 tps: 384.39 qps: 384.39 (r/w/o: 0.00/384.39/0.00) lat (ms,95%): 92.42 err/s: 0.00 reconn/s: 0.00
[ 26.0s ] thds: 16 tps: 314.07 qps: 314.07 (r/w/o: 0.00/314.07/0.00) lat (ms,95%): 106.75 err/s: 0.00 reconn/s: 0.00
[ 27.0s ] thds: 16 tps: 391.36 qps: 391.36 (r/w/o: 0.00/391.36/0.00) lat (ms,95%): 94.10 err/s: 0.00 reconn/s: 0.00
[ 28.0s ] thds: 16 tps: 270.63 qps: 270.63 (r/w/o: 0.00/270.63/0.00) lat (ms,95%): 127.81 err/s: 0.00 reconn/s: 0.00
[ 29.0s ] thds: 16 tps: 332.90 qps: 332.90 (r/w/o: 0.00/332.90/0.00) lat (ms,95%): 108.68 err/s: 0.00 reconn/s: 0.00
[ 30.0s ] thds: 16 tps: 244.31 qps: 244.31 (r/w/o: 0.00/244.31/0.00) lat (ms,95%): 147.61 err/s: 0.00 reconn/s: 0.00
[ 31.0s ] thds: 16 tps: 250.12 qps: 250.12 (r/w/o: 0.00/250.12/0.00) lat (ms,95%): 158.63 err/s: 0.00 reconn/s: 0.00
[ 32.0s ] thds: 16 tps: 322.30 qps: 322.30 (r/w/o: 0.00/322.30/0.00) lat (ms,95%): 132.49 err/s: 0.00 reconn/s: 0.00
[ 33.0s ] thds: 16 tps: 235.66 qps: 235.66 (r/w/o: 0.00/235.66/0.00) lat (ms,95%): 147.61 err/s: 0.00 reconn/s: 0.00
[ 34.0s ] thds: 16 tps: 232.26 qps: 232.26 (r/w/o: 0.00/232.26/0.00) lat (ms,95%): 142.39 err/s: 0.00 reconn/s: 0.00
[ 35.0s ] thds: 16 tps: 217.75 qps: 217.75 (r/w/o: 0.00/217.75/0.00) lat (ms,95%): 158.63 err/s: 0.00 reconn/s: 0.00
[ 36.0s ] thds: 16 tps: 273.05 qps: 273.05 (r/w/o: 0.00/273.05/0.00) lat (ms,95%): 137.35 err/s: 0.00 reconn/s: 0.00
[ 37.0s ] thds: 16 tps: 656.23 qps: 656.23 (r/w/o: 0.00/656.23/0.00) lat (ms,95%): 80.03 err/s: 0.00 reconn/s: 0.00
[ 38.0s ] thds: 16 tps: 793.09 qps: 793.09 (r/w/o: 0.00/793.09/0.00) lat (ms,95%): 52.89 err/s: 0.00 reconn/s: 0.00
[ 39.0s ] thds: 16 tps: 1058.55 qps: 1058.55 (r/w/o: 0.00/1058.55/0.00) lat (ms,95%): 29.19 err/s: 0.00 reconn/s: 0.00
[ 40.0s ] thds: 16 tps: 1045.36 qps: 1045.36 (r/w/o: 0.00/1045.36/0.00) lat (ms,95%): 28.67 err/s: 0.00 reconn/s: 0.00
[ 41.0s ] thds: 16 tps: 513.34 qps: 513.34 (r/w/o: 0.00/513.34/0.00) lat (ms,95%): 61.08 err/s: 0.00 reconn/s: 0.00
[ 42.0s ] thds: 16 tps: 423.97 qps: 423.97 (r/w/o: 0.00/423.97/0.00) lat (ms,95%): 80.03 err/s: 0.00 reconn/s: 0.00
[ 43.0s ] thds: 16 tps: 449.77 qps: 449.77 (r/w/o: 0.00/449.77/0.00) lat (ms,95%): 74.46 err/s: 0.00 reconn/s: 0.00
[ 44.0s ] thds: 16 tps: 456.37 qps: 456.37 (r/w/o: 0.00/456.37/0.00) lat (ms,95%): 73.13 err/s: 0.00 reconn/s: 0.00
[ 45.0s ] thds: 16 tps: 416.46 qps: 416.46 (r/w/o: 0.00/416.46/0.00) lat (ms,95%): 80.03 err/s: 0.00 reconn/s: 0.00
[ 46.0s ] thds: 16 tps: 355.41 qps: 355.41 (r/w/o: 0.00/355.41/0.00) lat (ms,95%): 97.55 err/s: 0.00 reconn/s: 0.00
[ 47.0s ] thds: 16 tps: 369.74 qps: 369.74 (r/w/o: 0.00/369.74/0.00) lat (ms,95%): 92.42 err/s: 0.00 reconn/s: 0.00
[ 48.0s ] thds: 16 tps: 285.77 qps: 285.77 (r/w/o: 0.00/285.77/0.00) lat (ms,95%): 123.28 err/s: 0.00 reconn/s: 0.00
[ 49.0s ] thds: 16 tps: 256.64 qps: 256.64 (r/w/o: 0.00/256.64/0.00) lat (ms,95%): 134.90 err/s: 0.00 reconn/s: 0.00
[ 50.0s ] thds: 16 tps: 322.67 qps: 322.67 (r/w/o: 0.00/322.67/0.00) lat (ms,95%): 139.85 err/s: 0.00 reconn/s: 0.00
[ 51.0s ] thds: 16 tps: 252.02 qps: 252.02 (r/w/o: 0.00/252.02/0.00) lat (ms,95%): 125.52 err/s: 0.00 reconn/s: 0.00
[ 52.0s ] thds: 16 tps: 276.15 qps: 276.15 (r/w/o: 0.00/276.15/0.00) lat (ms,95%): 127.81 err/s: 0.00 reconn/s: 0.00
[ 53.0s ] thds: 16 tps: 274.39 qps: 274.39 (r/w/o: 0.00/274.39/0.00) lat (ms,95%): 130.13 err/s: 0.00 reconn/s: 0.00
[ 54.0s ] thds: 16 tps: 297.42 qps: 297.42 (r/w/o: 0.00/297.42/0.00) lat (ms,95%): 130.13 err/s: 0.00 reconn/s: 0.00
[ 55.0s ] thds: 16 tps: 243.99 qps: 243.99 (r/w/o: 0.00/243.99/0.00) lat (ms,95%): 150.29 err/s: 0.00 reconn/s: 0.00
[ 56.0s ] thds: 16 tps: 215.42 qps: 215.42 (r/w/o: 0.00/215.42/0.00) lat (ms,95%): 158.63 err/s: 0.00 reconn/s: 0.00
[ 57.0s ] thds: 16 tps: 211.12 qps: 211.12 (r/w/o: 0.00/211.12/0.00) lat (ms,95%): 176.73 err/s: 0.00 reconn/s: 0.00
[ 58.0s ] thds: 16 tps: 260.23 qps: 260.23 (r/w/o: 0.00/260.23/0.00) lat (ms,95%): 132.49 err/s: 0.00 reconn/s: 0.00
[ 59.0s ] thds: 16 tps: 220.53 qps: 220.53 (r/w/o: 0.00/220.53/0.00) lat (ms,95%): 173.58 err/s: 0.00 reconn/s: 0.00
[ 60.0s ] thds: 16 tps: 240.28 qps: 240.28 (r/w/o: 0.00/240.28/0.00) lat (ms,95%): 134.90 err/s: 0.00 reconn/s: 0.00
[ 61.0s ] thds: 16 tps: 192.74 qps: 192.74 (r/w/o: 0.00/192.74/0.00) lat (ms,95%): 189.93 err/s: 0.00 reconn/s: 0.00
[ 62.0s ] thds: 16 tps: 127.01 qps: 127.01 (r/w/o: 0.00/127.01/0.00) lat (ms,95%): 458.96 err/s: 0.00 reconn/s: 0.00
[ 63.0s ] thds: 16 tps: 209.60 qps: 209.60 (r/w/o: 0.00/209.60/0.00) lat (ms,95%): 219.36 err/s: 0.00 reconn/s: 0.00
[ 64.0s ] thds: 16 tps: 232.61 qps: 232.61 (r/w/o: 0.00/232.61/0.00) lat (ms,95%): 161.51 err/s: 0.00 reconn/s: 0.00
[ 65.0s ] thds: 16 tps: 185.12 qps: 185.12 (r/w/o: 0.00/185.12/0.00) lat (ms,95%): 193.38 err/s: 0.00 reconn/s: 0.00
[ 66.0s ] thds: 16 tps: 157.73 qps: 157.73 (r/w/o: 0.00/157.73/0.00) lat (ms,95%): 189.93 err/s: 0.00 reconn/s: 0.00
[ 67.0s ] thds: 16 tps: 175.11 qps: 175.11 (r/w/o: 0.00/175.11/0.00) lat (ms,95%): 204.11 err/s: 0.00 reconn/s: 0.00
[ 68.0s ] thds: 16 tps: 214.04 qps: 214.04 (r/w/o: 0.00/214.04/0.00) lat (ms,95%): 215.44 err/s: 0.00 reconn/s: 0.00
[ 69.0s ] thds: 16 tps: 145.08 qps: 145.08 (r/w/o: 0.00/145.08/0.00) lat (ms,95%): 267.41 err/s: 0.00 reconn/s: 0.00
[ 70.0s ] thds: 16 tps: 176.89 qps: 176.89 (r/w/o: 0.00/176.89/0.00) lat (ms,95%): 200.47 err/s: 0.00 reconn/s: 0.00
[ 71.0s ] thds: 16 tps: 182.82 qps: 182.82 (r/w/o: 0.00/182.82/0.00) lat (ms,95%): 196.89 err/s: 0.00 reconn/s: 0.00
[ 72.0s ] thds: 16 tps: 123.12 qps: 123.12 (r/w/o: 0.00/123.12/0.00) lat (ms,95%): 277.21 err/s: 0.00 reconn/s: 0.00
[ 73.0s ] thds: 16 tps: 206.62 qps: 206.62 (r/w/o: 0.00/206.62/0.00) lat (ms,95%): 183.21 err/s: 0.00 reconn/s: 0.00
[ 74.0s ] thds: 16 tps: 146.44 qps: 146.44 (r/w/o: 0.00/146.44/0.00) lat (ms,95%): 282.25 err/s: 0.00 reconn/s: 0.00
[ 75.0s ] thds: 16 tps: 127.99 qps: 127.99 (r/w/o: 0.00/127.99/0.00) lat (ms,95%): 337.94 err/s: 0.00 reconn/s: 0.00
[ 76.0s ] thds: 16 tps: 142.03 qps: 142.03 (r/w/o: 0.00/142.03/0.00) lat (ms,95%): 262.64 err/s: 0.00 reconn/s: 0.00
[ 77.0s ] thds: 16 tps: 124.35 qps: 124.35 (r/w/o: 0.00/124.35/0.00) lat (ms,95%): 292.60 err/s: 0.00 reconn/s: 0.00
[ 78.0s ] thds: 16 tps: 169.55 qps: 169.55 (r/w/o: 0.00/169.55/0.00) lat (ms,95%): 272.27 err/s: 0.00 reconn/s: 0.00
[ 79.0s ] thds: 16 tps: 168.09 qps: 168.09 (r/w/o: 0.00/168.09/0.00) lat (ms,95%): 287.38 err/s: 0.00 reconn/s: 0.00
[ 80.0s ] thds: 16 tps: 133.95 qps: 133.95 (r/w/o: 0.00/133.95/0.00) lat (ms,95%): 253.35 err/s: 0.00 reconn/s: 0.00
[ 81.0s ] thds: 16 tps: 125.94 qps: 125.94 (r/w/o: 0.00/125.94/0.00) lat (ms,95%): 262.64 err/s: 0.00 reconn/s: 0.00
[ 82.0s ] thds: 16 tps: 154.28 qps: 154.28 (r/w/o: 0.00/154.28/0.00) lat (ms,95%): 248.83 err/s: 0.00 reconn/s: 0.00
[ 83.0s ] thds: 16 tps: 123.77 qps: 123.77 (r/w/o: 0.00/123.77/0.00) lat (ms,95%): 282.25 err/s: 0.00 reconn/s: 0.00
[ 84.0s ] thds: 16 tps: 201.68 qps: 201.68 (r/w/o: 0.00/201.68/0.00) lat (ms,95%): 267.41 err/s: 0.00 reconn/s: 0.00
[ 85.0s ] thds: 16 tps: 153.52 qps: 153.52 (r/w/o: 0.00/153.52/0.00) lat (ms,95%): 223.34 err/s: 0.00 reconn/s: 0.00
[ 86.0s ] thds: 16 tps: 125.08 qps: 125.08 (r/w/o: 0.00/125.08/0.00) lat (ms,95%): 344.08 err/s: 0.00 reconn/s: 0.00
[ 87.0s ] thds: 16 tps: 132.90 qps: 132.90 (r/w/o: 0.00/132.90/0.00) lat (ms,95%): 297.92 err/s: 0.00 reconn/s: 0.00
[ 88.0s ] thds: 16 tps: 157.24 qps: 157.24 (r/w/o: 0.00/157.24/0.00) lat (ms,95%): 235.74 err/s: 0.00 reconn/s: 0.00
[ 89.0s ] thds: 16 tps: 151.85 qps: 151.85 (r/w/o: 0.00/151.85/0.00) lat (ms,95%): 262.64 err/s: 0.00 reconn/s: 0.00
[ 90.0s ] thds: 16 tps: 233.89 qps: 233.89 (r/w/o: 0.00/233.89/0.00) lat (ms,95%): 179.94 err/s: 0.00 reconn/s: 0.00
[ 91.0s ] thds: 16 tps: 142.99 qps: 142.99 (r/w/o: 0.00/142.99/0.00) lat (ms,95%): 231.53 err/s: 0.00 reconn/s: 0.00
[ 92.0s ] thds: 16 tps: 168.01 qps: 168.01 (r/w/o: 0.00/168.01/0.00) lat (ms,95%): 173.58 err/s: 0.00 reconn/s: 0.00
[ 93.0s ] thds: 16 tps: 123.09 qps: 123.09 (r/w/o: 0.00/123.09/0.00) lat (ms,95%): 308.84 err/s: 0.00 reconn/s: 0.00
[ 94.0s ] thds: 16 tps: 135.06 qps: 135.06 (r/w/o: 0.00/135.06/0.00) lat (ms,95%): 272.27 err/s: 0.00 reconn/s: 0.00
[ 95.0s ] thds: 16 tps: 166.79 qps: 166.79 (r/w/o: 0.00/166.79/0.00) lat (ms,95%): 211.60 err/s: 0.00 reconn/s: 0.00
[ 96.0s ] thds: 16 tps: 170.47 qps: 170.47 (r/w/o: 0.00/170.47/0.00) lat (ms,95%): 240.02 err/s: 0.00 reconn/s: 0.00
[ 97.0s ] thds: 16 tps: 146.61 qps: 146.61 (r/w/o: 0.00/146.61/0.00) lat (ms,95%): 331.91 err/s: 0.00 reconn/s: 0.00
[ 98.0s ] thds: 16 tps: 149.03 qps: 149.03 (r/w/o: 0.00/149.03/0.00) lat (ms,95%): 282.25 err/s: 0.00 reconn/s: 0.00
[ 99.0s ] thds: 16 tps: 120.31 qps: 120.31 (r/w/o: 0.00/120.31/0.00) lat (ms,95%): 308.84 err/s: 0.00 reconn/s: 0.00
[ 100.0s ] thds: 16 tps: 124.64 qps: 124.64 (r/w/o: 0.00/124.64/0.00) lat (ms,95%): 287.38 err/s: 0.00 reconn/s: 0.00
[ 101.0s ] thds: 16 tps: 89.00 qps: 89.00 (r/w/o: 0.00/89.00/0.00) lat (ms,95%): 383.33 err/s: 0.00 reconn/s: 0.00
[ 102.0s ] thds: 16 tps: 90.02 qps: 90.02 (r/w/o: 0.00/90.02/0.00) lat (ms,95%): 383.33 err/s: 0.00 reconn/s: 0.00
[ 103.0s ] thds: 16 tps: 115.99 qps: 115.99 (r/w/o: 0.00/115.99/0.00) lat (ms,95%): 292.60 err/s: 0.00 reconn/s: 0.00
[ 104.0s ] thds: 16 tps: 199.25 qps: 199.25 (r/w/o: 0.00/199.25/0.00) lat (ms,95%): 244.38 err/s: 0.00 reconn/s: 0.00
[ 105.0s ] thds: 16 tps: 114.83 qps: 114.83 (r/w/o: 0.00/114.83/0.00) lat (ms,95%): 207.82 err/s: 0.00 reconn/s: 0.00
[ 106.0s ] thds: 16 tps: 89.13 qps: 89.13 (r/w/o: 0.00/89.13/0.00) lat (ms,95%): 549.52 err/s: 0.00 reconn/s: 0.00
[ 107.0s ] thds: 16 tps: 115.84 qps: 115.84 (r/w/o: 0.00/115.84/0.00) lat (ms,95%): 390.30 err/s: 0.00 reconn/s: 0.00
[ 108.0s ] thds: 16 tps: 115.02 qps: 115.02 (r/w/o: 0.00/115.02/0.00) lat (ms,95%): 303.33 err/s: 0.00 reconn/s: 0.00
[ 109.0s ] thds: 16 tps: 154.12 qps: 154.12 (r/w/o: 0.00/154.12/0.00) lat (ms,95%): 253.35 err/s: 0.00 reconn/s: 0.00
[ 110.0s ] thds: 16 tps: 111.89 qps: 111.89 (r/w/o: 0.00/111.89/0.00) lat (ms,95%): 248.83 err/s: 0.00 reconn/s: 0.00
[ 111.0s ] thds: 16 tps: 135.02 qps: 135.02 (r/w/o: 0.00/135.02/0.00) lat (ms,95%): 442.73 err/s: 0.00 reconn/s: 0.00
[ 112.0s ] thds: 16 tps: 84.00 qps: 84.00 (r/w/o: 0.00/84.00/0.00) lat (ms,95%): 344.08 err/s: 0.00 reconn/s: 0.00
[ 113.0s ] thds: 16 tps: 121.11 qps: 121.11 (r/w/o: 0.00/121.11/0.00) lat (ms,95%): 303.33 err/s: 0.00 reconn/s: 0.00
[ 114.0s ] thds: 16 tps: 71.93 qps: 71.93 (r/w/o: 0.00/71.93/0.00) lat (ms,95%): 493.24 err/s: 0.00 reconn/s: 0.00
[ 115.0s ] thds: 16 tps: 120.47 qps: 120.47 (r/w/o: 0.00/120.47/0.00) lat (ms,95%): 397.39 err/s: 0.00 reconn/s: 0.00
[ 116.0s ] thds: 16 tps: 77.69 qps: 77.69 (r/w/o: 0.00/77.69/0.00) lat (ms,95%): 467.30 err/s: 0.00 reconn/s: 0.00
[ 117.0s ] thds: 16 tps: 112.00 qps: 112.00 (r/w/o: 0.00/112.00/0.00) lat (ms,95%): 344.08 err/s: 0.00 reconn/s: 0.00
[ 118.0s ] thds: 16 tps: 74.02 qps: 74.02 (r/w/o: 0.00/74.02/0.00) lat (ms,95%): 450.77 err/s: 0.00 reconn/s: 0.00
[ 119.0s ] thds: 16 tps: 159.61 qps: 159.61 (r/w/o: 0.00/159.61/0.00) lat (ms,95%): 344.08 err/s: 0.00 reconn/s: 0.00
[ 120.0s ] thds: 16 tps: 110.56 qps: 110.56 (r/w/o: 0.00/110.56/0.00) lat (ms,95%): 272.27 err/s: 0.00 reconn/s: 0.00
[ 121.0s ] thds: 16 tps: 116.02 qps: 116.02 (r/w/o: 0.00/116.02/0.00) lat (ms,95%): 331.91 err/s: 0.00 reconn/s: 0.00
[ 122.0s ] thds: 16 tps: 118.96 qps: 118.96 (r/w/o: 0.00/118.96/0.00) lat (ms,95%): 344.08 err/s: 0.00 reconn/s: 0.00
[ 123.0s ] thds: 16 tps: 106.15 qps: 106.15 (r/w/o: 0.00/106.15/0.00) lat (ms,95%): 248.83 err/s: 0.00 reconn/s: 0.00
[ 124.0s ] thds: 16 tps: 99.01 qps: 99.01 (r/w/o: 0.00/99.01/0.00) lat (ms,95%): 314.45 err/s: 0.00 reconn/s: 0.00
[ 125.0s ] thds: 16 tps: 119.87 qps: 119.87 (r/w/o: 0.00/119.87/0.00) lat (ms,95%): 458.96 err/s: 0.00 reconn/s: 0.00
[ 126.0s ] thds: 16 tps: 104.00 qps: 104.00 (r/w/o: 0.00/104.00/0.00) lat (ms,95%): 411.96 err/s: 0.00 reconn/s: 0.00
[ 127.0s ] thds: 16 tps: 132.13 qps: 132.13 (r/w/o: 0.00/132.13/0.00) lat (ms,95%): 297.92 err/s: 0.00 reconn/s: 0.00
[ 128.0s ] thds: 16 tps: 105.88 qps: 105.88 (r/w/o: 0.00/105.88/0.00) lat (ms,95%): 383.33 err/s: 0.00 reconn/s: 0.00
[ 129.0s ] thds: 16 tps: 91.00 qps: 91.00 (r/w/o: 0.00/91.00/0.00) lat (ms,95%): 350.33 err/s: 0.00 reconn/s: 0.00
[ 130.0s ] thds: 16 tps: 72.00 qps: 72.00 (r/w/o: 0.00/72.00/0.00) lat (ms,95%): 450.77 err/s: 0.00 reconn/s: 0.00
[ 131.0s ] thds: 16 tps: 93.04 qps: 93.04 (r/w/o: 0.00/93.04/0.00) lat (ms,95%): 350.33 err/s: 0.00 reconn/s: 0.00
[ 132.0s ] thds: 16 tps: 109.94 qps: 109.94 (r/w/o: 0.00/109.94/0.00) lat (ms,95%): 458.96 err/s: 0.00 reconn/s: 0.00
[ 133.0s ] thds: 16 tps: 64.00 qps: 64.00 (r/w/o: 0.00/64.00/0.00) lat (ms,95%): 434.83 err/s: 0.00 reconn/s: 0.00
[ 134.0s ] thds: 16 tps: 104.20 qps: 104.20 (r/w/o: 0.00/104.20/0.00) lat (ms,95%): 369.77 err/s: 0.00 reconn/s: 0.00
[ 135.0s ] thds: 16 tps: 124.75 qps: 124.75 (r/w/o: 0.00/124.75/0.00) lat (ms,95%): 292.60 err/s: 0.00 reconn/s: 0.00
[ 136.0s ] thds: 16 tps: 169.00 qps: 169.00 (r/w/o: 0.00/169.00/0.00) lat (ms,95%): 272.27 err/s: 0.00 reconn/s: 0.00
[ 137.0s ] thds: 16 tps: 102.01 qps: 102.01 (r/w/o: 0.00/102.01/0.00) lat (ms,95%): 475.79 err/s: 0.00 reconn/s: 0.00
[ 138.0s ] thds: 16 tps: 89.99 qps: 89.99 (r/w/o: 0.00/89.99/0.00) lat (ms,95%): 369.77 err/s: 0.00 reconn/s: 0.00
[ 139.0s ] thds: 16 tps: 86.18 qps: 86.18 (r/w/o: 0.00/86.18/0.00) lat (ms,95%): 390.30 err/s: 0.00 reconn/s: 0.00
[ 140.0s ] thds: 16 tps: 99.98 qps: 99.98 (r/w/o: 0.00/99.98/0.00) lat (ms,95%): 356.70 err/s: 0.00 reconn/s: 0.00
[ 141.0s ] thds: 16 tps: 117.07 qps: 117.07 (r/w/o: 0.00/117.07/0.00) lat (ms,95%): 363.18 err/s: 0.00 reconn/s: 0.00
[ 142.0s ] thds: 16 tps: 76.81 qps: 76.81 (r/w/o: 0.00/76.81/0.00) lat (ms,95%): 434.83 err/s: 0.00 reconn/s: 0.00
[ 143.0s ] thds: 16 tps: 76.99 qps: 76.99 (r/w/o: 0.00/76.99/0.00) lat (ms,95%): 475.79 err/s: 0.00 reconn/s: 0.00
[ 144.0s ] thds: 16 tps: 107.43 qps: 107.43 (r/w/o: 0.00/107.43/0.00) lat (ms,95%): 411.96 err/s: 0.00 reconn/s: 0.00
[ 145.0s ] thds: 16 tps: 146.54 qps: 146.54 (r/w/o: 0.00/146.54/0.00) lat (ms,95%): 262.64 err/s: 0.00 reconn/s: 0.00
[ 146.0s ] thds: 16 tps: 111.91 qps: 111.91 (r/w/o: 0.00/111.91/0.00) lat (ms,95%): 314.45 err/s: 0.00 reconn/s: 0.00
[ 147.0s ] thds: 16 tps: 85.00 qps: 85.00 (r/w/o: 0.00/85.00/0.00) lat (ms,95%): 363.18 err/s: 0.00 reconn/s: 0.00
[ 148.0s ] thds: 16 tps: 52.00 qps: 52.00 (r/w/o: 0.00/52.00/0.00) lat (ms,95%): 559.50 err/s: 0.00 reconn/s: 0.00
[ 149.0s ] thds: 16 tps: 126.34 qps: 126.34 (r/w/o: 0.00/126.34/0.00) lat (ms,95%): 590.56 err/s: 0.00 reconn/s: 0.00
[ 150.0s ] thds: 16 tps: 107.72 qps: 107.72 (r/w/o: 0.00/107.72/0.00) lat (ms,95%): 369.77 err/s: 0.00 reconn/s: 0.00
SQL statistics:
    queries performed:
        read:                            0
        write:                           39574
        other:                           0
        total:                           39574
    transactions:                        39574  (263.60 per sec.)
    queries:                             39574  (263.60 per sec.)
    ignored errors:                      0      (0.00 per sec.)
    reconnects:                          0      (0.00 per sec.)

Throughput:
    events/s (eps):                      263.6022
    time elapsed:                        150.1277s
    total number of events:              39574

Latency (ms):
         min:                                    6.51
         avg:                                   60.66
         max:                                  971.86
         95th percentile:                      207.82
         sum:                              2400718.25

Threads fairness:
    events (avg/stddev):           2473.3750/67.33
    execution time (avg/stddev):   150.0449/0.03

