This is ApacheBench, Version 2.3 <$Revision: 1843412 $>
Copyright 1996 Adam Twiss, Zeus Technology Ltd, http://www.zeustech.net/
Licensed to The Apache Software Foundation, http://www.apache.org/

Benchmarking 127.0.0.1 (be patient)
Finished 33791 requests


Server Software:        Apache/2.4.38
Server Hostname:        127.0.0.1
Server Port:            8080

Document Path:          /index.html
Document Length:        72615 bytes

Concurrency Level:      1
Time taken for tests:   90.001 seconds
Complete requests:      33791
Failed requests:        3425
   (Connect: 0, Receive: 0, Length: 3425, Exceptions: 0)
Keep-Alive requests:    0
Total transferred:      2459879647 bytes
HTML transferred:       2453729685 bytes
Requests per second:    375.45 [#/sec] (mean)
Time per request:       2.663 [ms] (mean)
Time per request:       2.663 [ms] (mean, across all concurrent requests)
Transfer rate:          26691.11 [Kbytes/sec] received

Connection Times (ms)
              min  mean[+/-sd] median   max
Connect:        0    0   0.0      0       0
Processing:     1    3 163.2      2   30001
Waiting:        1    2 163.2      1   30001
Total:          1    3 163.2      2   30001

Percentage of the requests served within a certain time (ms)
  50%   1.687
  66%   1.866
  75%   1.935
  80%   2.004
  90%   2.124
  95%   2.256
  98%   2.351
  99%   2.386
 100%  30000.773 (longest request)
