This is ApacheBench, Version 2.3 <$Revision: 1843412 $>
Copyright 1996 Adam Twiss, Zeus Technology Ltd, http://www.zeustech.net/
Licensed to The Apache Software Foundation, http://www.apache.org/

Benchmarking 127.0.0.1 (be patient)
Finished 51125 requests


Server Software:        Apache/2.4.38
Server Hostname:        127.0.0.1
Server Port:            8080

Document Path:          /index.html
Document Length:        72661 bytes

Concurrency Level:      1
Time taken for tests:   90.000 seconds
Complete requests:      51125
Failed requests:        5162
   (Connect: 0, Receive: 0, Length: 5162, Exceptions: 0)
Keep-Alive requests:    0
Total transferred:      3724092627 bytes
HTML transferred:       3714787877 bytes
Requests per second:    568.06 [#/sec] (mean)
Time per request:       1.760 [ms] (mean)
Time per request:       1.760 [ms] (mean, across all concurrent requests)
Transfer rate:          40408.95 [Kbytes/sec] received

Connection Times (ms)
              min  mean[+/-sd] median   max
Connect:        0    0   0.0      0       1
Processing:     1    2   0.4      2       4
Waiting:        1    1   0.4      1       4
Total:          1    2   0.4      2       5

Percentage of the requests served within a certain time (ms)
  50%   1.667
  66%   1.836
  75%   2.078
  80%   2.130
  90%   2.305
  95%   2.347
  98%   2.383
  99%   2.428
 100%  4.505 (longest request)
