This is ApacheBench, Version 2.3 <$Revision: 1843412 $>
Copyright 1996 Adam Twiss, Zeus Technology Ltd, http://www.zeustech.net/
Licensed to The Apache Software Foundation, http://www.apache.org/

Benchmarking 127.0.0.1 (be patient)
Finished 52415 requests


Server Software:        Apache/2.4.38
Server Hostname:        127.0.0.1
Server Port:            8080

Document Path:          /index.html
Document Length:        72660 bytes

Concurrency Level:      1
Time taken for tests:   90.000 seconds
Complete requests:      52415
Failed requests:        47691
   (Connect: 0, Receive: 0, Length: 47691, Exceptions: 0)
Keep-Alive requests:    0
Total transferred:      3818059983 bytes
HTML transferred:       3808520453 bytes
Requests per second:    582.39 [#/sec] (mean)
Time per request:       1.717 [ms] (mean)
Time per request:       1.717 [ms] (mean, across all concurrent requests)
Transfer rate:          41428.50 [Kbytes/sec] received

Connection Times (ms)
              min  mean[+/-sd] median   max
Connect:        0    0   0.0      0       0
Processing:     1    2   0.4      2       4
Waiting:        1    1   0.3      1       4
Total:          1    2   0.4      2       5

Percentage of the requests served within a certain time (ms)
  50%   1.575
  66%   1.691
  75%   1.858
  80%   1.996
  90%   2.279
  95%   2.346
  98%   2.379
  99%   2.422
 100%  4.560 (longest request)
