sysbench 1.1.0-f698960 (using bundled LuaJIT 2.1.0-beta3)

Running the test with following options:
Number of threads: 16
Report intermediate results every 1.000000 second(s)
Initializing random number generator from current time


Initializing worker threads...

Threads started!

[ 1.0s ] thds: 16 tps: 12.92 qps: 519.72 (r/w/o: 396.50/81.49/41.74) lat (ms,95%): 846.57 err/s: 0.00 reconn/s: 0.00
[ 2.0s ] thds: 16 tps: 39.05 qps: 779.00 (r/w/o: 553.71/147.19/78.10) lat (ms,95%): 1533.66 err/s: 0.00 reconn/s: 0.00
[ 3.0s ] thds: 16 tps: 30.98 qps: 620.53 (r/w/o: 433.67/124.90/61.95) lat (ms,95%): 909.80 err/s: 0.00 reconn/s: 0.00
[ 4.0s ] thds: 16 tps: 43.99 qps: 862.89 (r/w/o: 615.92/158.98/87.99) lat (ms,95%): 580.02 err/s: 0.00 reconn/s: 0.00
[ 5.0s ] thds: 16 tps: 37.07 qps: 761.50 (r/w/o: 519.02/168.33/74.15) lat (ms,95%): 846.57 err/s: 0.00 reconn/s: 0.00
[ 6.0s ] thds: 16 tps: 40.89 qps: 807.81 (r/w/o: 572.45/153.58/81.78) lat (ms,95%): 846.57 err/s: 0.00 reconn/s: 0.00
[ 7.0s ] thds: 16 tps: 80.01 qps: 1596.20 (r/w/o: 1116.14/320.04/160.02) lat (ms,95%): 759.88 err/s: 0.00 reconn/s: 0.00
[ 8.0s ] thds: 16 tps: 65.25 qps: 1263.78 (r/w/o: 872.30/260.99/130.49) lat (ms,95%): 831.46 err/s: 0.00 reconn/s: 0.00
[ 9.0s ] thds: 16 tps: 56.00 qps: 1155.98 (r/w/o: 817.98/226.00/112.00) lat (ms,95%): 530.08 err/s: 0.00 reconn/s: 0.00
[ 10.0s ] thds: 16 tps: 49.88 qps: 961.64 (r/w/o: 656.39/205.49/99.75) lat (ms,95%): 943.16 err/s: 0.00 reconn/s: 0.00
[ 11.0s ] thds: 16 tps: 59.07 qps: 1203.47 (r/w/o: 858.04/227.28/118.14) lat (ms,95%): 846.57 err/s: 0.00 reconn/s: 0.00
[ 12.0s ] thds: 16 tps: 51.06 qps: 1035.21 (r/w/o: 724.85/208.24/102.12) lat (ms,95%): 539.71 err/s: 0.00 reconn/s: 0.00
[ 13.0s ] thds: 16 tps: 68.01 qps: 1364.12 (r/w/o: 953.08/275.02/136.01) lat (ms,95%): 484.44 err/s: 0.00 reconn/s: 0.00
[ 14.0s ] thds: 16 tps: 65.01 qps: 1288.14 (r/w/o: 907.10/251.03/130.01) lat (ms,95%): 383.33 err/s: 0.00 reconn/s: 0.00
[ 15.0s ] thds: 16 tps: 88.71 qps: 1701.39 (r/w/o: 1179.11/344.86/177.42) lat (ms,95%): 325.98 err/s: 0.00 reconn/s: 0.00
[ 16.0s ] thds: 16 tps: 59.19 qps: 1171.67 (r/w/o: 812.55/240.75/118.37) lat (ms,95%): 559.50 err/s: 0.00 reconn/s: 0.00
[ 17.0s ] thds: 16 tps: 79.00 qps: 1620.09 (r/w/o: 1148.07/314.02/158.01) lat (ms,95%): 331.91 err/s: 0.00 reconn/s: 0.00
[ 18.0s ] thds: 16 tps: 63.94 qps: 1278.79 (r/w/o: 882.16/268.75/127.88) lat (ms,95%): 390.30 err/s: 0.00 reconn/s: 0.00
[ 19.0s ] thds: 16 tps: 84.88 qps: 1753.48 (r/w/o: 1245.21/338.51/169.76) lat (ms,95%): 383.33 err/s: 0.00 reconn/s: 0.00
[ 20.0s ] thds: 16 tps: 72.17 qps: 1428.36 (r/w/o: 1003.36/280.66/144.34) lat (ms,95%): 356.70 err/s: 0.00 reconn/s: 0.00
[ 21.0s ] thds: 16 tps: 87.01 qps: 1740.13 (r/w/o: 1207.09/359.03/174.01) lat (ms,95%): 253.35 err/s: 0.00 reconn/s: 0.00
[ 22.0s ] thds: 16 tps: 76.91 qps: 1459.31 (r/w/o: 1015.82/289.66/153.82) lat (ms,95%): 376.49 err/s: 0.00 reconn/s: 0.00
[ 23.0s ] thds: 16 tps: 81.09 qps: 1657.83 (r/w/o: 1166.29/329.36/162.18) lat (ms,95%): 297.92 err/s: 0.00 reconn/s: 0.00
[ 24.0s ] thds: 16 tps: 95.82 qps: 1862.51 (r/w/o: 1293.58/377.29/191.64) lat (ms,95%): 337.94 err/s: 0.00 reconn/s: 0.00
[ 25.0s ] thds: 16 tps: 36.07 qps: 800.51 (r/w/o: 570.07/158.30/72.14) lat (ms,95%): 707.07 err/s: 0.00 reconn/s: 0.00
[ 26.0s ] thds: 16 tps: 87.00 qps: 1702.02 (r/w/o: 1190.01/338.00/174.00) lat (ms,95%): 442.73 err/s: 0.00 reconn/s: 0.00
[ 27.0s ] thds: 16 tps: 55.00 qps: 1136.10 (r/w/o: 805.07/221.02/110.01) lat (ms,95%): 746.32 err/s: 0.00 reconn/s: 0.00
[ 28.0s ] thds: 16 tps: 1.00 qps: 50.93 (r/w/o: 44.94/3.99/2.00) lat (ms,95%): 227.40 err/s: 0.00 reconn/s: 0.00
[ 29.0s ] thds: 16 tps: 0.00 qps: 0.00 (r/w/o: 0.00/0.00/0.00) lat (ms,95%): 0.00 err/s: 0.00 reconn/s: 0.00
[ 30.0s ] thds: 16 tps: 0.00 qps: 0.00 (r/w/o: 0.00/0.00/0.00) lat (ms,95%): 0.00 err/s: 0.00 reconn/s: 0.00
[ 31.0s ] thds: 16 tps: 0.00 qps: 0.00 (r/w/o: 0.00/0.00/0.00) lat (ms,95%): 0.00 err/s: 0.00 reconn/s: 0.00
[ 32.0s ] thds: 16 tps: 0.00 qps: 0.00 (r/w/o: 0.00/0.00/0.00) lat (ms,95%): 0.00 err/s: 0.00 reconn/s: 0.00
[ 33.0s ] thds: 16 tps: 0.00 qps: 0.00 (r/w/o: 0.00/0.00/0.00) lat (ms,95%): 0.00 err/s: 0.00 reconn/s: 0.00
[ 34.0s ] thds: 16 tps: 0.00 qps: 0.00 (r/w/o: 0.00/0.00/0.00) lat (ms,95%): 0.00 err/s: 0.00 reconn/s: 0.00
[ 35.0s ] thds: 16 tps: 0.00 qps: 0.00 (r/w/o: 0.00/0.00/0.00) lat (ms,95%): 0.00 err/s: 0.00 reconn/s: 0.00
[ 36.0s ] thds: 16 tps: 0.00 qps: 0.00 (r/w/o: 0.00/0.00/0.00) lat (ms,95%): 0.00 err/s: 0.00 reconn/s: 0.00
[ 37.0s ] thds: 16 tps: 0.00 qps: 0.00 (r/w/o: 0.00/0.00/0.00) lat (ms,95%): 0.00 err/s: 0.00 reconn/s: 0.00
[ 38.0s ] thds: 16 tps: 0.00 qps: 0.00 (r/w/o: 0.00/0.00/0.00) lat (ms,95%): 0.00 err/s: 0.00 reconn/s: 0.00
[ 39.0s ] thds: 16 tps: 0.00 qps: 0.00 (r/w/o: 0.00/0.00/0.00) lat (ms,95%): 0.00 err/s: 0.00 reconn/s: 0.00
[ 40.0s ] thds: 16 tps: 0.00 qps: 0.00 (r/w/o: 0.00/0.00/0.00) lat (ms,95%): 0.00 err/s: 0.00 reconn/s: 0.00
[ 41.0s ] thds: 16 tps: 0.00 qps: 0.00 (r/w/o: 0.00/0.00/0.00) lat (ms,95%): 0.00 err/s: 0.00 reconn/s: 0.00
[ 42.0s ] thds: 16 tps: 0.00 qps: 0.00 (r/w/o: 0.00/0.00/0.00) lat (ms,95%): 0.00 err/s: 0.00 reconn/s: 0.00
[ 43.0s ] thds: 16 tps: 0.00 qps: 0.00 (r/w/o: 0.00/0.00/0.00) lat (ms,95%): 0.00 err/s: 0.00 reconn/s: 0.00
[ 44.0s ] thds: 16 tps: 0.00 qps: 0.00 (r/w/o: 0.00/0.00/0.00) lat (ms,95%): 0.00 err/s: 0.00 reconn/s: 0.00
[ 45.0s ] thds: 16 tps: 0.00 qps: 0.00 (r/w/o: 0.00/0.00/0.00) lat (ms,95%): 0.00 err/s: 0.00 reconn/s: 0.00
[ 46.0s ] thds: 16 tps: 0.00 qps: 0.00 (r/w/o: 0.00/0.00/0.00) lat (ms,95%): 0.00 err/s: 0.00 reconn/s: 0.00
[ 47.0s ] thds: 16 tps: 0.00 qps: 0.00 (r/w/o: 0.00/0.00/0.00) lat (ms,95%): 0.00 err/s: 0.00 reconn/s: 0.00
[ 48.0s ] thds: 16 tps: 0.00 qps: 0.00 (r/w/o: 0.00/0.00/0.00) lat (ms,95%): 0.00 err/s: 0.00 reconn/s: 0.00
[ 49.0s ] thds: 16 tps: 0.00 qps: 0.00 (r/w/o: 0.00/0.00/0.00) lat (ms,95%): 0.00 err/s: 0.00 reconn/s: 0.00
[ 50.0s ] thds: 16 tps: 0.00 qps: 0.00 (r/w/o: 0.00/0.00/0.00) lat (ms,95%): 0.00 err/s: 0.00 reconn/s: 0.00
[ 51.0s ] thds: 16 tps: 0.00 qps: 0.00 (r/w/o: 0.00/0.00/0.00) lat (ms,95%): 0.00 err/s: 0.00 reconn/s: 0.00
[ 52.0s ] thds: 16 tps: 0.00 qps: 0.00 (r/w/o: 0.00/0.00/0.00) lat (ms,95%): 0.00 err/s: 0.00 reconn/s: 0.00
[ 53.0s ] thds: 16 tps: 0.00 qps: 0.00 (r/w/o: 0.00/0.00/0.00) lat (ms,95%): 0.00 err/s: 0.00 reconn/s: 0.00
[ 54.0s ] thds: 16 tps: 0.00 qps: 0.00 (r/w/o: 0.00/0.00/0.00) lat (ms,95%): 0.00 err/s: 0.00 reconn/s: 0.00
[ 55.0s ] thds: 16 tps: 0.00 qps: 0.00 (r/w/o: 0.00/0.00/0.00) lat (ms,95%): 0.00 err/s: 0.00 reconn/s: 0.00
[ 56.0s ] thds: 16 tps: 0.00 qps: 0.00 (r/w/o: 0.00/0.00/0.00) lat (ms,95%): 0.00 err/s: 0.00 reconn/s: 0.00
[ 57.0s ] thds: 16 tps: 0.00 qps: 0.00 (r/w/o: 0.00/0.00/0.00) lat (ms,95%): 0.00 err/s: 0.00 reconn/s: 0.00
[ 58.0s ] thds: 16 tps: 0.00 qps: 0.00 (r/w/o: 0.00/0.00/0.00) lat (ms,95%): 0.00 err/s: 0.00 reconn/s: 0.00
[ 59.0s ] thds: 16 tps: 0.00 qps: 0.00 (r/w/o: 0.00/0.00/0.00) lat (ms,95%): 0.00 err/s: 0.00 reconn/s: 0.00
[ 60.0s ] thds: 16 tps: 0.00 qps: 0.00 (r/w/o: 0.00/0.00/0.00) lat (ms,95%): 0.00 err/s: 0.00 reconn/s: 0.00
[ 61.0s ] thds: 16 tps: 0.00 qps: 0.00 (r/w/o: 0.00/0.00/0.00) lat (ms,95%): 0.00 err/s: 0.00 reconn/s: 0.00
[ 62.0s ] thds: 16 tps: 0.00 qps: 0.00 (r/w/o: 0.00/0.00/0.00) lat (ms,95%): 0.00 err/s: 0.00 reconn/s: 0.00
[ 63.0s ] thds: 16 tps: 0.00 qps: 0.00 (r/w/o: 0.00/0.00/0.00) lat (ms,95%): 0.00 err/s: 0.00 reconn/s: 0.00
[ 64.0s ] thds: 16 tps: 0.00 qps: 0.00 (r/w/o: 0.00/0.00/0.00) lat (ms,95%): 0.00 err/s: 0.00 reconn/s: 0.00
[ 65.0s ] thds: 16 tps: 0.00 qps: 0.00 (r/w/o: 0.00/0.00/0.00) lat (ms,95%): 0.00 err/s: 0.00 reconn/s: 0.00
[ 66.0s ] thds: 16 tps: 0.00 qps: 0.00 (r/w/o: 0.00/0.00/0.00) lat (ms,95%): 0.00 err/s: 0.00 reconn/s: 0.00
[ 67.0s ] thds: 16 tps: 0.00 qps: 0.00 (r/w/o: 0.00/0.00/0.00) lat (ms,95%): 0.00 err/s: 0.00 reconn/s: 0.00
[ 68.0s ] thds: 16 tps: 0.00 qps: 0.00 (r/w/o: 0.00/0.00/0.00) lat (ms,95%): 0.00 err/s: 0.00 reconn/s: 0.00
[ 69.0s ] thds: 16 tps: 0.00 qps: 0.00 (r/w/o: 0.00/0.00/0.00) lat (ms,95%): 0.00 err/s: 0.00 reconn/s: 0.00
[ 70.0s ] thds: 16 tps: 0.00 qps: 0.00 (r/w/o: 0.00/0.00/0.00) lat (ms,95%): 0.00 err/s: 0.00 reconn/s: 0.00
[ 71.0s ] thds: 16 tps: 0.00 qps: 0.00 (r/w/o: 0.00/0.00/0.00) lat (ms,95%): 0.00 err/s: 0.00 reconn/s: 0.00
[ 72.0s ] thds: 16 tps: 0.00 qps: 0.00 (r/w/o: 0.00/0.00/0.00) lat (ms,95%): 0.00 err/s: 0.00 reconn/s: 0.00
[ 73.0s ] thds: 16 tps: 0.00 qps: 0.00 (r/w/o: 0.00/0.00/0.00) lat (ms,95%): 0.00 err/s: 0.00 reconn/s: 0.00
[ 74.0s ] thds: 16 tps: 0.00 qps: 0.00 (r/w/o: 0.00/0.00/0.00) lat (ms,95%): 0.00 err/s: 0.00 reconn/s: 0.00
[ 75.0s ] thds: 16 tps: 0.00 qps: 0.00 (r/w/o: 0.00/0.00/0.00) lat (ms,95%): 0.00 err/s: 0.00 reconn/s: 0.00
[ 76.0s ] thds: 16 tps: 0.00 qps: 0.00 (r/w/o: 0.00/0.00/0.00) lat (ms,95%): 0.00 err/s: 0.00 reconn/s: 0.00
[ 77.0s ] thds: 16 tps: 0.00 qps: 0.00 (r/w/o: 0.00/0.00/0.00) lat (ms,95%): 0.00 err/s: 0.00 reconn/s: 0.00
[ 78.0s ] thds: 16 tps: 0.00 qps: 0.00 (r/w/o: 0.00/0.00/0.00) lat (ms,95%): 0.00 err/s: 0.00 reconn/s: 0.00
[ 79.0s ] thds: 16 tps: 0.00 qps: 0.00 (r/w/o: 0.00/0.00/0.00) lat (ms,95%): 0.00 err/s: 0.00 reconn/s: 0.00
[ 80.0s ] thds: 16 tps: 0.00 qps: 0.00 (r/w/o: 0.00/0.00/0.00) lat (ms,95%): 0.00 err/s: 0.00 reconn/s: 0.00
[ 81.0s ] thds: 16 tps: 0.00 qps: 0.00 (r/w/o: 0.00/0.00/0.00) lat (ms,95%): 0.00 err/s: 0.00 reconn/s: 0.00
[ 82.0s ] thds: 16 tps: 0.00 qps: 0.00 (r/w/o: 0.00/0.00/0.00) lat (ms,95%): 0.00 err/s: 0.00 reconn/s: 0.00
[ 83.0s ] thds: 16 tps: 0.00 qps: 0.00 (r/w/o: 0.00/0.00/0.00) lat (ms,95%): 0.00 err/s: 0.00 reconn/s: 0.00
[ 84.0s ] thds: 16 tps: 0.00 qps: 0.00 (r/w/o: 0.00/0.00/0.00) lat (ms,95%): 0.00 err/s: 0.00 reconn/s: 0.00
[ 85.0s ] thds: 16 tps: 0.00 qps: 0.00 (r/w/o: 0.00/0.00/0.00) lat (ms,95%): 0.00 err/s: 0.00 reconn/s: 0.00
[ 86.0s ] thds: 16 tps: 0.00 qps: 0.00 (r/w/o: 0.00/0.00/0.00) lat (ms,95%): 0.00 err/s: 0.00 reconn/s: 0.00
[ 87.0s ] thds: 16 tps: 0.00 qps: 0.00 (r/w/o: 0.00/0.00/0.00) lat (ms,95%): 0.00 err/s: 0.00 reconn/s: 0.00
[ 88.0s ] thds: 16 tps: 0.00 qps: 0.00 (r/w/o: 0.00/0.00/0.00) lat (ms,95%): 0.00 err/s: 0.00 reconn/s: 0.00
[ 89.0s ] thds: 16 tps: 0.00 qps: 0.00 (r/w/o: 0.00/0.00/0.00) lat (ms,95%): 0.00 err/s: 0.00 reconn/s: 0.00
[ 90.0s ] thds: 16 tps: 0.00 qps: 0.00 (r/w/o: 0.00/0.00/0.00) lat (ms,95%): 0.00 err/s: 0.00 reconn/s: 0.00
[ 91.0s ] thds: 16 tps: 0.00 qps: 0.00 (r/w/o: 0.00/0.00/0.00) lat (ms,95%): 0.00 err/s: 0.00 reconn/s: 0.00
[ 92.0s ] thds: 16 tps: 0.00 qps: 0.00 (r/w/o: 0.00/0.00/0.00) lat (ms,95%): 0.00 err/s: 0.00 reconn/s: 0.00
[ 93.0s ] thds: 16 tps: 0.00 qps: 0.00 (r/w/o: 0.00/0.00/0.00) lat (ms,95%): 0.00 err/s: 0.00 reconn/s: 0.00
[ 94.0s ] thds: 16 tps: 0.00 qps: 0.00 (r/w/o: 0.00/0.00/0.00) lat (ms,95%): 0.00 err/s: 0.00 reconn/s: 0.00
[ 95.0s ] thds: 16 tps: 0.00 qps: 0.00 (r/w/o: 0.00/0.00/0.00) lat (ms,95%): 0.00 err/s: 0.00 reconn/s: 0.00
[ 96.0s ] thds: 16 tps: 0.00 qps: 0.00 (r/w/o: 0.00/0.00/0.00) lat (ms,95%): 0.00 err/s: 0.00 reconn/s: 0.00
[ 97.0s ] thds: 16 tps: 0.00 qps: 0.00 (r/w/o: 0.00/0.00/0.00) lat (ms,95%): 0.00 err/s: 0.00 reconn/s: 0.00
[ 98.0s ] thds: 16 tps: 0.00 qps: 0.00 (r/w/o: 0.00/0.00/0.00) lat (ms,95%): 0.00 err/s: 0.00 reconn/s: 0.00
[ 99.0s ] thds: 16 tps: 0.00 qps: 0.00 (r/w/o: 0.00/0.00/0.00) lat (ms,95%): 0.00 err/s: 0.00 reconn/s: 0.00
[ 100.0s ] thds: 16 tps: 0.00 qps: 0.00 (r/w/o: 0.00/0.00/0.00) lat (ms,95%): 0.00 err/s: 0.00 reconn/s: 0.00
[ 101.0s ] thds: 16 tps: 0.00 qps: 0.00 (r/w/o: 0.00/0.00/0.00) lat (ms,95%): 0.00 err/s: 0.00 reconn/s: 0.00
[ 102.0s ] thds: 16 tps: 0.00 qps: 0.00 (r/w/o: 0.00/0.00/0.00) lat (ms,95%): 0.00 err/s: 0.00 reconn/s: 0.00
[ 103.0s ] thds: 16 tps: 0.00 qps: 0.00 (r/w/o: 0.00/0.00/0.00) lat (ms,95%): 0.00 err/s: 0.00 reconn/s: 0.00
[ 104.0s ] thds: 16 tps: 0.00 qps: 0.00 (r/w/o: 0.00/0.00/0.00) lat (ms,95%): 0.00 err/s: 0.00 reconn/s: 0.00
[ 105.0s ] thds: 16 tps: 0.00 qps: 0.00 (r/w/o: 0.00/0.00/0.00) lat (ms,95%): 0.00 err/s: 0.00 reconn/s: 0.00
[ 106.0s ] thds: 16 tps: 0.00 qps: 0.00 (r/w/o: 0.00/0.00/0.00) lat (ms,95%): 0.00 err/s: 0.00 reconn/s: 0.00
[ 107.0s ] thds: 16 tps: 0.00 qps: 0.00 (r/w/o: 0.00/0.00/0.00) lat (ms,95%): 0.00 err/s: 0.00 reconn/s: 0.00
[ 108.0s ] thds: 16 tps: 0.00 qps: 0.00 (r/w/o: 0.00/0.00/0.00) lat (ms,95%): 0.00 err/s: 0.00 reconn/s: 0.00
[ 109.0s ] thds: 16 tps: 0.00 qps: 0.00 (r/w/o: 0.00/0.00/0.00) lat (ms,95%): 0.00 err/s: 0.00 reconn/s: 0.00
[ 110.0s ] thds: 16 tps: 0.00 qps: 0.00 (r/w/o: 0.00/0.00/0.00) lat (ms,95%): 0.00 err/s: 0.00 reconn/s: 0.00
[ 111.0s ] thds: 16 tps: 0.00 qps: 0.00 (r/w/o: 0.00/0.00/0.00) lat (ms,95%): 0.00 err/s: 0.00 reconn/s: 0.00
[ 112.0s ] thds: 16 tps: 0.00 qps: 0.00 (r/w/o: 0.00/0.00/0.00) lat (ms,95%): 0.00 err/s: 0.00 reconn/s: 0.00
[ 113.0s ] thds: 16 tps: 0.00 qps: 0.00 (r/w/o: 0.00/0.00/0.00) lat (ms,95%): 0.00 err/s: 0.00 reconn/s: 0.00
[ 114.0s ] thds: 16 tps: 23.09 qps: 454.69 (r/w/o: 304.13/104.39/46.17) lat (ms,95%): 86584.25 err/s: 0.00 reconn/s: 0.00
[ 115.0s ] thds: 16 tps: 53.98 qps: 1073.69 (r/w/o: 752.78/212.94/107.97) lat (ms,95%): 694.45 err/s: 0.00 reconn/s: 0.00
[ 116.0s ] thds: 16 tps: 65.01 qps: 1215.21 (r/w/o: 839.14/246.04/130.02) lat (ms,95%): 694.45 err/s: 0.00 reconn/s: 0.00
[ 117.0s ] thds: 16 tps: 36.97 qps: 836.37 (r/w/o: 584.56/177.87/73.94) lat (ms,95%): 612.21 err/s: 0.00 reconn/s: 0.00
[ 118.0s ] thds: 16 tps: 58.99 qps: 1196.84 (r/w/o: 851.89/226.97/117.98) lat (ms,95%): 623.33 err/s: 0.00 reconn/s: 0.00
[ 119.0s ] thds: 16 tps: 62.84 qps: 1243.74 (r/w/o: 873.71/244.36/125.67) lat (ms,95%): 520.62 err/s: 0.00 reconn/s: 0.00
[ 120.0s ] thds: 16 tps: 45.03 qps: 885.56 (r/w/o: 617.39/178.11/90.06) lat (ms,95%): 831.46 err/s: 0.00 reconn/s: 0.00
SQL statistics:
    queries performed:
        read:                            28406
        write:                           8116
        other:                           4058
        total:                           40580
    transactions:                        2029   (16.87 per sec.)
    queries:                             40580  (337.46 per sec.)
    ignored errors:                      0      (0.00 per sec.)
    reconnects:                          0      (0.00 per sec.)

Throughput:
    events/s (eps):                      16.8730
    time elapsed:                        120.2514s
    total number of events:              2029

Latency (ms):
         min:                                   24.63
         avg:                                  947.36
         max:                                87083.86
         95th percentile:                      682.06
         sum:                              1922189.63

Threads fairness:
    events (avg/stddev):           126.8125/5.13
    execution time (avg/stddev):   120.1369/0.06

