sysbench 1.1.0-f698960 (using bundled LuaJIT 2.1.0-beta3)

Running the test with following options:
Number of threads: 16
Report intermediate results every 1.000000 second(s)
Initializing random number generator from current time


Initializing worker threads...

Threads started!

[ 1.0s ] thds: 16 tps: 22.89 qps: 718.49 (r/w/o: 542.35/114.44/61.70) lat (ms,95%): 893.56 err/s: 0.00 reconn/s: 0.00
[ 2.0s ] thds: 16 tps: 38.93 qps: 766.65 (r/w/o: 545.04/143.75/77.86) lat (ms,95%): 831.46 err/s: 0.00 reconn/s: 0.00
[ 3.0s ] thds: 16 tps: 39.00 qps: 781.95 (r/w/o: 540.96/162.99/77.99) lat (ms,95%): 893.56 err/s: 0.00 reconn/s: 0.00
[ 4.0s ] thds: 16 tps: 36.03 qps: 715.54 (r/w/o: 496.38/147.11/72.05) lat (ms,95%): 877.61 err/s: 0.00 reconn/s: 0.00
[ 5.0s ] thds: 16 tps: 32.01 qps: 649.30 (r/w/o: 462.21/123.06/64.03) lat (ms,95%): 1129.24 err/s: 0.00 reconn/s: 0.00
[ 6.0s ] thds: 16 tps: 42.95 qps: 869.00 (r/w/o: 600.31/182.79/85.90) lat (ms,95%): 646.19 err/s: 0.00 reconn/s: 0.00
[ 7.0s ] thds: 16 tps: 43.11 qps: 846.24 (r/w/o: 593.57/166.44/86.23) lat (ms,95%): 669.89 err/s: 0.00 reconn/s: 0.00
[ 8.0s ] thds: 16 tps: 35.02 qps: 698.43 (r/w/o: 493.30/135.08/70.04) lat (ms,95%): 694.45 err/s: 0.00 reconn/s: 0.00
[ 9.0s ] thds: 16 tps: 42.02 qps: 854.45 (r/w/o: 595.31/175.09/84.04) lat (ms,95%): 733.00 err/s: 0.00 reconn/s: 0.00
[ 10.0s ] thds: 16 tps: 44.97 qps: 889.40 (r/w/o: 630.58/168.89/89.94) lat (ms,95%): 846.57 err/s: 0.00 reconn/s: 0.00
[ 11.0s ] thds: 16 tps: 46.85 qps: 945.01 (r/w/o: 655.92/195.38/93.70) lat (ms,95%): 893.56 err/s: 0.00 reconn/s: 0.00
[ 12.0s ] thds: 16 tps: 34.13 qps: 680.69 (r/w/o: 475.88/136.54/68.27) lat (ms,95%): 861.95 err/s: 0.00 reconn/s: 0.00
[ 13.0s ] thds: 16 tps: 55.77 qps: 1113.48 (r/w/o: 779.83/222.10/111.55) lat (ms,95%): 612.21 err/s: 0.00 reconn/s: 0.00
[ 14.0s ] thds: 16 tps: 55.17 qps: 1091.35 (r/w/o: 753.31/227.70/110.34) lat (ms,95%): 759.88 err/s: 0.00 reconn/s: 0.00
[ 15.0s ] thds: 16 tps: 57.86 qps: 1158.27 (r/w/o: 819.07/223.47/115.73) lat (ms,95%): 694.45 err/s: 0.00 reconn/s: 0.00
[ 16.0s ] thds: 16 tps: 76.26 qps: 1473.93 (r/w/o: 1027.44/293.98/152.51) lat (ms,95%): 634.66 err/s: 0.00 reconn/s: 0.00
[ 17.0s ] thds: 16 tps: 59.87 qps: 1258.37 (r/w/o: 875.17/263.45/119.75) lat (ms,95%): 427.07 err/s: 0.00 reconn/s: 0.00
[ 18.0s ] thds: 16 tps: 68.13 qps: 1370.66 (r/w/o: 969.88/264.51/136.26) lat (ms,95%): 397.39 err/s: 0.00 reconn/s: 0.00
[ 19.0s ] thds: 16 tps: 53.92 qps: 1057.46 (r/w/o: 739.92/209.70/107.84) lat (ms,95%): 549.52 err/s: 0.00 reconn/s: 0.00
[ 20.0s ] thds: 16 tps: 46.07 qps: 932.47 (r/w/o: 656.03/184.29/92.15) lat (ms,95%): 733.00 err/s: 0.00 reconn/s: 0.00
[ 21.0s ] thds: 16 tps: 40.91 qps: 789.26 (r/w/o: 548.79/158.65/81.82) lat (ms,95%): 569.67 err/s: 0.00 reconn/s: 0.00
[ 22.0s ] thds: 16 tps: 80.98 qps: 1584.61 (r/w/o: 1097.73/324.92/161.96) lat (ms,95%): 520.62 err/s: 0.00 reconn/s: 0.00
[ 23.0s ] thds: 16 tps: 71.98 qps: 1434.57 (r/w/o: 999.70/290.91/143.96) lat (ms,95%): 390.30 err/s: 0.00 reconn/s: 0.00
[ 24.0s ] thds: 16 tps: 88.23 qps: 1776.69 (r/w/o: 1246.29/353.93/176.47) lat (ms,95%): 282.25 err/s: 0.00 reconn/s: 0.00
[ 25.0s ] thds: 16 tps: 72.00 qps: 1437.96 (r/w/o: 1020.97/272.99/144.00) lat (ms,95%): 539.71 err/s: 0.00 reconn/s: 0.00
[ 26.0s ] thds: 16 tps: 75.99 qps: 1544.80 (r/w/o: 1077.86/314.96/151.98) lat (ms,95%): 344.08 err/s: 0.00 reconn/s: 0.00
[ 27.0s ] thds: 16 tps: 64.86 qps: 1320.06 (r/w/o: 938.91/251.44/129.71) lat (ms,95%): 350.33 err/s: 0.00 reconn/s: 0.00
[ 28.0s ] thds: 16 tps: 0.00 qps: 14.98 (r/w/o: 3.00/11.98/0.00) lat (ms,95%): 0.00 err/s: 0.00 reconn/s: 0.00
[ 29.0s ] thds: 16 tps: 0.00 qps: 0.00 (r/w/o: 0.00/0.00/0.00) lat (ms,95%): 0.00 err/s: 0.00 reconn/s: 0.00
[ 30.0s ] thds: 16 tps: 0.00 qps: 0.00 (r/w/o: 0.00/0.00/0.00) lat (ms,95%): 0.00 err/s: 0.00 reconn/s: 0.00
[ 31.0s ] thds: 16 tps: 0.00 qps: 0.00 (r/w/o: 0.00/0.00/0.00) lat (ms,95%): 0.00 err/s: 0.00 reconn/s: 0.00
[ 32.0s ] thds: 16 tps: 0.00 qps: 0.00 (r/w/o: 0.00/0.00/0.00) lat (ms,95%): 0.00 err/s: 0.00 reconn/s: 0.00
[ 33.0s ] thds: 16 tps: 0.00 qps: 0.00 (r/w/o: 0.00/0.00/0.00) lat (ms,95%): 0.00 err/s: 0.00 reconn/s: 0.00
[ 34.0s ] thds: 16 tps: 0.00 qps: 0.00 (r/w/o: 0.00/0.00/0.00) lat (ms,95%): 0.00 err/s: 0.00 reconn/s: 0.00
[ 35.0s ] thds: 16 tps: 0.00 qps: 0.00 (r/w/o: 0.00/0.00/0.00) lat (ms,95%): 0.00 err/s: 0.00 reconn/s: 0.00
[ 36.0s ] thds: 16 tps: 0.00 qps: 0.00 (r/w/o: 0.00/0.00/0.00) lat (ms,95%): 0.00 err/s: 0.00 reconn/s: 0.00
[ 37.0s ] thds: 16 tps: 0.00 qps: 0.00 (r/w/o: 0.00/0.00/0.00) lat (ms,95%): 0.00 err/s: 0.00 reconn/s: 0.00
[ 38.0s ] thds: 16 tps: 0.00 qps: 0.00 (r/w/o: 0.00/0.00/0.00) lat (ms,95%): 0.00 err/s: 0.00 reconn/s: 0.00
[ 39.0s ] thds: 16 tps: 0.00 qps: 0.00 (r/w/o: 0.00/0.00/0.00) lat (ms,95%): 0.00 err/s: 0.00 reconn/s: 0.00
[ 40.0s ] thds: 16 tps: 0.00 qps: 0.00 (r/w/o: 0.00/0.00/0.00) lat (ms,95%): 0.00 err/s: 0.00 reconn/s: 0.00
[ 41.0s ] thds: 16 tps: 0.00 qps: 0.00 (r/w/o: 0.00/0.00/0.00) lat (ms,95%): 0.00 err/s: 0.00 reconn/s: 0.00
[ 42.0s ] thds: 16 tps: 0.00 qps: 0.00 (r/w/o: 0.00/0.00/0.00) lat (ms,95%): 0.00 err/s: 0.00 reconn/s: 0.00
[ 43.0s ] thds: 16 tps: 0.00 qps: 0.00 (r/w/o: 0.00/0.00/0.00) lat (ms,95%): 0.00 err/s: 0.00 reconn/s: 0.00
[ 44.0s ] thds: 16 tps: 0.00 qps: 0.00 (r/w/o: 0.00/0.00/0.00) lat (ms,95%): 0.00 err/s: 0.00 reconn/s: 0.00
[ 45.0s ] thds: 16 tps: 0.00 qps: 0.00 (r/w/o: 0.00/0.00/0.00) lat (ms,95%): 0.00 err/s: 0.00 reconn/s: 0.00
[ 46.0s ] thds: 16 tps: 0.00 qps: 0.00 (r/w/o: 0.00/0.00/0.00) lat (ms,95%): 0.00 err/s: 0.00 reconn/s: 0.00
[ 47.0s ] thds: 16 tps: 0.00 qps: 0.00 (r/w/o: 0.00/0.00/0.00) lat (ms,95%): 0.00 err/s: 0.00 reconn/s: 0.00
[ 48.0s ] thds: 16 tps: 0.00 qps: 0.00 (r/w/o: 0.00/0.00/0.00) lat (ms,95%): 0.00 err/s: 0.00 reconn/s: 0.00
[ 49.0s ] thds: 16 tps: 0.00 qps: 0.00 (r/w/o: 0.00/0.00/0.00) lat (ms,95%): 0.00 err/s: 0.00 reconn/s: 0.00
[ 50.0s ] thds: 16 tps: 0.00 qps: 0.00 (r/w/o: 0.00/0.00/0.00) lat (ms,95%): 0.00 err/s: 0.00 reconn/s: 0.00
[ 51.0s ] thds: 16 tps: 0.00 qps: 0.00 (r/w/o: 0.00/0.00/0.00) lat (ms,95%): 0.00 err/s: 0.00 reconn/s: 0.00
[ 52.0s ] thds: 16 tps: 0.00 qps: 0.00 (r/w/o: 0.00/0.00/0.00) lat (ms,95%): 0.00 err/s: 0.00 reconn/s: 0.00
[ 53.0s ] thds: 16 tps: 0.00 qps: 0.00 (r/w/o: 0.00/0.00/0.00) lat (ms,95%): 0.00 err/s: 0.00 reconn/s: 0.00
[ 54.0s ] thds: 16 tps: 0.00 qps: 0.00 (r/w/o: 0.00/0.00/0.00) lat (ms,95%): 0.00 err/s: 0.00 reconn/s: 0.00
[ 55.0s ] thds: 16 tps: 0.00 qps: 0.00 (r/w/o: 0.00/0.00/0.00) lat (ms,95%): 0.00 err/s: 0.00 reconn/s: 0.00
[ 56.0s ] thds: 16 tps: 0.00 qps: 0.00 (r/w/o: 0.00/0.00/0.00) lat (ms,95%): 0.00 err/s: 0.00 reconn/s: 0.00
[ 57.0s ] thds: 16 tps: 0.00 qps: 0.00 (r/w/o: 0.00/0.00/0.00) lat (ms,95%): 0.00 err/s: 0.00 reconn/s: 0.00
[ 58.0s ] thds: 16 tps: 0.00 qps: 0.00 (r/w/o: 0.00/0.00/0.00) lat (ms,95%): 0.00 err/s: 0.00 reconn/s: 0.00
[ 59.0s ] thds: 16 tps: 0.00 qps: 0.00 (r/w/o: 0.00/0.00/0.00) lat (ms,95%): 0.00 err/s: 0.00 reconn/s: 0.00
[ 60.0s ] thds: 16 tps: 0.00 qps: 0.00 (r/w/o: 0.00/0.00/0.00) lat (ms,95%): 0.00 err/s: 0.00 reconn/s: 0.00
[ 61.0s ] thds: 16 tps: 0.00 qps: 0.00 (r/w/o: 0.00/0.00/0.00) lat (ms,95%): 0.00 err/s: 0.00 reconn/s: 0.00
[ 62.0s ] thds: 16 tps: 0.00 qps: 0.00 (r/w/o: 0.00/0.00/0.00) lat (ms,95%): 0.00 err/s: 0.00 reconn/s: 0.00
[ 63.0s ] thds: 16 tps: 0.00 qps: 0.00 (r/w/o: 0.00/0.00/0.00) lat (ms,95%): 0.00 err/s: 0.00 reconn/s: 0.00
[ 64.0s ] thds: 16 tps: 0.00 qps: 0.00 (r/w/o: 0.00/0.00/0.00) lat (ms,95%): 0.00 err/s: 0.00 reconn/s: 0.00
[ 65.0s ] thds: 16 tps: 0.00 qps: 0.00 (r/w/o: 0.00/0.00/0.00) lat (ms,95%): 0.00 err/s: 0.00 reconn/s: 0.00
[ 66.0s ] thds: 16 tps: 0.00 qps: 0.00 (r/w/o: 0.00/0.00/0.00) lat (ms,95%): 0.00 err/s: 0.00 reconn/s: 0.00
[ 67.0s ] thds: 16 tps: 0.00 qps: 0.00 (r/w/o: 0.00/0.00/0.00) lat (ms,95%): 0.00 err/s: 0.00 reconn/s: 0.00
[ 68.0s ] thds: 16 tps: 0.00 qps: 0.00 (r/w/o: 0.00/0.00/0.00) lat (ms,95%): 0.00 err/s: 0.00 reconn/s: 0.00
[ 69.0s ] thds: 16 tps: 0.00 qps: 0.00 (r/w/o: 0.00/0.00/0.00) lat (ms,95%): 0.00 err/s: 0.00 reconn/s: 0.00
[ 70.0s ] thds: 16 tps: 0.00 qps: 0.00 (r/w/o: 0.00/0.00/0.00) lat (ms,95%): 0.00 err/s: 0.00 reconn/s: 0.00
[ 71.0s ] thds: 16 tps: 0.00 qps: 0.00 (r/w/o: 0.00/0.00/0.00) lat (ms,95%): 0.00 err/s: 0.00 reconn/s: 0.00
[ 72.0s ] thds: 16 tps: 0.00 qps: 0.00 (r/w/o: 0.00/0.00/0.00) lat (ms,95%): 0.00 err/s: 0.00 reconn/s: 0.00
[ 73.0s ] thds: 16 tps: 0.00 qps: 0.00 (r/w/o: 0.00/0.00/0.00) lat (ms,95%): 0.00 err/s: 0.00 reconn/s: 0.00
[ 74.0s ] thds: 16 tps: 0.00 qps: 0.00 (r/w/o: 0.00/0.00/0.00) lat (ms,95%): 0.00 err/s: 0.00 reconn/s: 0.00
[ 75.0s ] thds: 16 tps: 0.00 qps: 0.00 (r/w/o: 0.00/0.00/0.00) lat (ms,95%): 0.00 err/s: 0.00 reconn/s: 0.00
[ 76.0s ] thds: 16 tps: 0.00 qps: 0.00 (r/w/o: 0.00/0.00/0.00) lat (ms,95%): 0.00 err/s: 0.00 reconn/s: 0.00
[ 77.0s ] thds: 16 tps: 0.00 qps: 0.00 (r/w/o: 0.00/0.00/0.00) lat (ms,95%): 0.00 err/s: 0.00 reconn/s: 0.00
[ 78.0s ] thds: 16 tps: 0.00 qps: 0.00 (r/w/o: 0.00/0.00/0.00) lat (ms,95%): 0.00 err/s: 0.00 reconn/s: 0.00
[ 79.0s ] thds: 16 tps: 0.00 qps: 0.00 (r/w/o: 0.00/0.00/0.00) lat (ms,95%): 0.00 err/s: 0.00 reconn/s: 0.00
[ 80.0s ] thds: 16 tps: 0.00 qps: 0.00 (r/w/o: 0.00/0.00/0.00) lat (ms,95%): 0.00 err/s: 0.00 reconn/s: 0.00
[ 81.0s ] thds: 16 tps: 0.00 qps: 0.00 (r/w/o: 0.00/0.00/0.00) lat (ms,95%): 0.00 err/s: 0.00 reconn/s: 0.00
[ 82.0s ] thds: 16 tps: 0.00 qps: 0.00 (r/w/o: 0.00/0.00/0.00) lat (ms,95%): 0.00 err/s: 0.00 reconn/s: 0.00
[ 83.0s ] thds: 16 tps: 0.00 qps: 0.00 (r/w/o: 0.00/0.00/0.00) lat (ms,95%): 0.00 err/s: 0.00 reconn/s: 0.00
[ 84.0s ] thds: 16 tps: 0.00 qps: 0.00 (r/w/o: 0.00/0.00/0.00) lat (ms,95%): 0.00 err/s: 0.00 reconn/s: 0.00
[ 85.0s ] thds: 16 tps: 0.00 qps: 0.00 (r/w/o: 0.00/0.00/0.00) lat (ms,95%): 0.00 err/s: 0.00 reconn/s: 0.00
[ 86.0s ] thds: 16 tps: 0.00 qps: 0.00 (r/w/o: 0.00/0.00/0.00) lat (ms,95%): 0.00 err/s: 0.00 reconn/s: 0.00
[ 87.0s ] thds: 16 tps: 0.00 qps: 0.00 (r/w/o: 0.00/0.00/0.00) lat (ms,95%): 0.00 err/s: 0.00 reconn/s: 0.00
[ 88.0s ] thds: 16 tps: 0.00 qps: 0.00 (r/w/o: 0.00/0.00/0.00) lat (ms,95%): 0.00 err/s: 0.00 reconn/s: 0.00
[ 89.0s ] thds: 16 tps: 0.00 qps: 0.00 (r/w/o: 0.00/0.00/0.00) lat (ms,95%): 0.00 err/s: 0.00 reconn/s: 0.00
[ 90.0s ] thds: 16 tps: 0.00 qps: 0.00 (r/w/o: 0.00/0.00/0.00) lat (ms,95%): 0.00 err/s: 0.00 reconn/s: 0.00
[ 91.0s ] thds: 16 tps: 0.00 qps: 0.00 (r/w/o: 0.00/0.00/0.00) lat (ms,95%): 0.00 err/s: 0.00 reconn/s: 0.00
[ 92.0s ] thds: 16 tps: 0.00 qps: 0.00 (r/w/o: 0.00/0.00/0.00) lat (ms,95%): 0.00 err/s: 0.00 reconn/s: 0.00
[ 93.0s ] thds: 16 tps: 0.00 qps: 0.00 (r/w/o: 0.00/0.00/0.00) lat (ms,95%): 0.00 err/s: 0.00 reconn/s: 0.00
[ 94.0s ] thds: 16 tps: 0.00 qps: 0.00 (r/w/o: 0.00/0.00/0.00) lat (ms,95%): 0.00 err/s: 0.00 reconn/s: 0.00
[ 95.0s ] thds: 16 tps: 0.00 qps: 0.00 (r/w/o: 0.00/0.00/0.00) lat (ms,95%): 0.00 err/s: 0.00 reconn/s: 0.00
[ 96.0s ] thds: 16 tps: 0.00 qps: 0.00 (r/w/o: 0.00/0.00/0.00) lat (ms,95%): 0.00 err/s: 0.00 reconn/s: 0.00
[ 97.0s ] thds: 16 tps: 0.00 qps: 0.00 (r/w/o: 0.00/0.00/0.00) lat (ms,95%): 0.00 err/s: 0.00 reconn/s: 0.00
[ 98.0s ] thds: 16 tps: 0.00 qps: 0.00 (r/w/o: 0.00/0.00/0.00) lat (ms,95%): 0.00 err/s: 0.00 reconn/s: 0.00
[ 99.0s ] thds: 16 tps: 0.00 qps: 0.00 (r/w/o: 0.00/0.00/0.00) lat (ms,95%): 0.00 err/s: 0.00 reconn/s: 0.00
[ 100.0s ] thds: 16 tps: 0.00 qps: 0.00 (r/w/o: 0.00/0.00/0.00) lat (ms,95%): 0.00 err/s: 0.00 reconn/s: 0.00
[ 101.0s ] thds: 16 tps: 0.00 qps: 0.00 (r/w/o: 0.00/0.00/0.00) lat (ms,95%): 0.00 err/s: 0.00 reconn/s: 0.00
[ 102.0s ] thds: 16 tps: 0.00 qps: 0.00 (r/w/o: 0.00/0.00/0.00) lat (ms,95%): 0.00 err/s: 0.00 reconn/s: 0.00
[ 103.0s ] thds: 16 tps: 20.05 qps: 366.90 (r/w/o: 256.63/70.17/40.10) lat (ms,95%): 76330.47 err/s: 0.00 reconn/s: 0.00
[ 104.0s ] thds: 16 tps: 55.87 qps: 1154.30 (r/w/o: 805.12/237.45/111.74) lat (ms,95%): 634.66 err/s: 0.00 reconn/s: 0.00
[ 105.0s ] thds: 16 tps: 53.20 qps: 957.64 (r/w/o: 652.48/198.76/106.40) lat (ms,95%): 559.50 err/s: 0.00 reconn/s: 0.00
[ 106.0s ] thds: 16 tps: 44.00 qps: 916.09 (r/w/o: 653.06/175.02/88.01) lat (ms,95%): 682.06 err/s: 0.00 reconn/s: 0.00
[ 107.0s ] thds: 16 tps: 52.84 qps: 1119.64 (r/w/o: 795.61/218.34/105.68) lat (ms,95%): 580.02 err/s: 0.00 reconn/s: 0.00
[ 108.0s ] thds: 16 tps: 72.13 qps: 1377.45 (r/w/o: 949.69/283.50/144.26) lat (ms,95%): 434.83 err/s: 0.00 reconn/s: 0.00
[ 109.0s ] thds: 16 tps: 78.05 qps: 1578.06 (r/w/o: 1105.74/316.21/156.10) lat (ms,95%): 450.77 err/s: 0.00 reconn/s: 0.00
[ 110.0s ] thds: 16 tps: 84.02 qps: 1650.33 (r/w/o: 1154.23/328.06/168.03) lat (ms,95%): 320.17 err/s: 0.00 reconn/s: 0.00
[ 111.0s ] thds: 16 tps: 57.79 qps: 998.34 (r/w/o: 655.60/227.17/115.58) lat (ms,95%): 612.21 err/s: 0.00 reconn/s: 0.00
[ 112.0s ] thds: 16 tps: 50.20 qps: 1241.86 (r/w/o: 918.60/222.87/100.39) lat (ms,95%): 733.00 err/s: 0.00 reconn/s: 0.00
[ 113.0s ] thds: 16 tps: 81.71 qps: 1613.25 (r/w/o: 1125.98/323.84/163.42) lat (ms,95%): 369.77 err/s: 0.00 reconn/s: 0.00
[ 114.0s ] thds: 16 tps: 78.28 qps: 1492.28 (r/w/o: 1032.65/303.07/156.55) lat (ms,95%): 331.91 err/s: 0.00 reconn/s: 0.00
[ 115.0s ] thds: 16 tps: 64.00 qps: 1327.09 (r/w/o: 934.07/265.02/128.01) lat (ms,95%): 404.61 err/s: 0.00 reconn/s: 0.00
[ 116.0s ] thds: 16 tps: 75.84 qps: 1562.64 (r/w/o: 1110.61/300.35/151.67) lat (ms,95%): 303.33 err/s: 0.00 reconn/s: 0.00
[ 117.0s ] thds: 16 tps: 86.18 qps: 1674.46 (r/w/o: 1160.40/341.71/172.36) lat (ms,95%): 390.30 err/s: 0.00 reconn/s: 0.00
[ 118.0s ] thds: 16 tps: 72.01 qps: 1467.16 (r/w/o: 1036.11/287.03/144.02) lat (ms,95%): 539.71 err/s: 0.00 reconn/s: 0.00
[ 119.0s ] thds: 16 tps: 75.99 qps: 1537.82 (r/w/o: 1077.88/307.96/151.98) lat (ms,95%): 292.60 err/s: 0.00 reconn/s: 0.00
[ 120.0s ] thds: 16 tps: 65.00 qps: 1275.90 (r/w/o: 895.93/249.98/129.99) lat (ms,95%): 434.83 err/s: 0.00 reconn/s: 0.00
SQL statistics:
    queries performed:
        read:                            36526
        write:                           10436
        other:                           5218
        total:                           52180
    transactions:                        2609   (21.70 per sec.)
    queries:                             52180  (434.06 per sec.)
    ignored errors:                      0      (0.00 per sec.)
    reconnects:                          0      (0.00 per sec.)

Throughput:
    events/s (eps):                      21.7032
    time elapsed:                        120.2124s
    total number of events:              2609

Latency (ms):
         min:                                   23.77
         avg:                                  736.54
         max:                                76392.27
         95th percentile:                      669.89
         sum:                              1921645.10

Threads fairness:
    events (avg/stddev):           163.0625/4.49
    execution time (avg/stddev):   120.1028/0.05

