sysbench 1.1.0-f698960 (using bundled LuaJIT 2.1.0-beta3)

Running the test with following options:
Number of threads: 16
Report intermediate results every 1.000000 second(s)
Initializing random number generator from current time


Initializing worker threads...

Threads started!

[ 1.0s ] thds: 16 tps: 31.76 qps: 881.25 (r/w/o: 666.89/134.97/79.39) lat (ms,95%): 634.66 err/s: 0.00 reconn/s: 0.00
[ 2.0s ] thds: 16 tps: 40.05 qps: 806.94 (r/w/o: 559.65/167.19/80.09) lat (ms,95%): 802.05 err/s: 0.00 reconn/s: 0.00
[ 3.0s ] thds: 16 tps: 43.00 qps: 851.93 (r/w/o: 596.95/168.99/85.99) lat (ms,95%): 682.06 err/s: 0.00 reconn/s: 0.00
[ 4.0s ] thds: 16 tps: 36.00 qps: 729.95 (r/w/o: 509.96/147.99/71.99) lat (ms,95%): 893.56 err/s: 0.00 reconn/s: 0.00
[ 5.0s ] thds: 16 tps: 47.00 qps: 927.04 (r/w/o: 643.03/190.01/94.00) lat (ms,95%): 1235.62 err/s: 0.00 reconn/s: 0.00
[ 6.0s ] thds: 16 tps: 47.00 qps: 961.95 (r/w/o: 672.97/194.99/94.00) lat (ms,95%): 657.93 err/s: 0.00 reconn/s: 0.00
[ 7.0s ] thds: 16 tps: 57.03 qps: 1132.54 (r/w/o: 798.38/220.11/114.05) lat (ms,95%): 861.95 err/s: 0.00 reconn/s: 0.00
[ 8.0s ] thds: 16 tps: 53.19 qps: 1041.67 (r/w/o: 721.54/213.75/106.37) lat (ms,95%): 669.89 err/s: 0.00 reconn/s: 0.00
[ 9.0s ] thds: 16 tps: 59.93 qps: 1221.60 (r/w/o: 862.02/239.73/119.86) lat (ms,95%): 694.45 err/s: 0.00 reconn/s: 0.00
[ 10.0s ] thds: 16 tps: 52.93 qps: 1055.52 (r/w/o: 740.96/208.71/105.85) lat (ms,95%): 657.93 err/s: 0.00 reconn/s: 0.00
[ 11.0s ] thds: 16 tps: 71.90 qps: 1409.03 (r/w/o: 974.63/290.59/143.80) lat (ms,95%): 590.56 err/s: 0.00 reconn/s: 0.00
[ 12.0s ] thds: 16 tps: 59.14 qps: 1214.91 (r/w/o: 860.06/236.57/118.28) lat (ms,95%): 520.62 err/s: 0.00 reconn/s: 0.00
[ 13.0s ] thds: 16 tps: 76.88 qps: 1526.58 (r/w/o: 1064.31/308.51/153.76) lat (ms,95%): 493.24 err/s: 0.00 reconn/s: 0.00
[ 14.0s ] thds: 16 tps: 51.96 qps: 1051.10 (r/w/o: 739.37/207.82/103.91) lat (ms,95%): 411.96 err/s: 0.00 reconn/s: 0.00
[ 15.0s ] thds: 16 tps: 69.00 qps: 1377.09 (r/w/o: 966.06/273.02/138.01) lat (ms,95%): 719.92 err/s: 0.00 reconn/s: 0.00
[ 16.0s ] thds: 16 tps: 67.09 qps: 1352.87 (r/w/o: 939.30/279.39/134.19) lat (ms,95%): 559.50 err/s: 0.00 reconn/s: 0.00
[ 17.0s ] thds: 16 tps: 74.88 qps: 1484.72 (r/w/o: 1043.40/291.55/149.77) lat (ms,95%): 434.83 err/s: 0.00 reconn/s: 0.00
[ 18.0s ] thds: 16 tps: 66.25 qps: 1276.83 (r/w/o: 881.34/263.00/132.50) lat (ms,95%): 383.33 err/s: 0.00 reconn/s: 0.00
[ 19.0s ] thds: 16 tps: 72.88 qps: 1490.60 (r/w/o: 1056.30/288.54/145.77) lat (ms,95%): 427.07 err/s: 0.00 reconn/s: 0.00
[ 20.0s ] thds: 16 tps: 73.97 qps: 1386.49 (r/w/o: 955.65/282.90/147.95) lat (ms,95%): 467.30 err/s: 0.00 reconn/s: 0.00
[ 21.0s ] thds: 16 tps: 62.11 qps: 1324.34 (r/w/o: 942.67/257.46/124.22) lat (ms,95%): 442.73 err/s: 0.00 reconn/s: 0.00
[ 22.0s ] thds: 16 tps: 41.98 qps: 802.66 (r/w/o: 554.76/163.93/83.96) lat (ms,95%): 682.06 err/s: 0.00 reconn/s: 0.00
[ 23.0s ] thds: 16 tps: 86.06 qps: 1731.14 (r/w/o: 1203.79/355.23/172.11) lat (ms,95%): 337.94 err/s: 0.00 reconn/s: 0.00
[ 24.0s ] thds: 16 tps: 38.94 qps: 812.79 (r/w/o: 579.14/155.77/77.88) lat (ms,95%): 707.07 err/s: 0.00 reconn/s: 0.00
[ 25.0s ] thds: 16 tps: 79.14 qps: 1591.80 (r/w/o: 1127.99/305.54/158.28) lat (ms,95%): 337.94 err/s: 0.00 reconn/s: 0.00
[ 26.0s ] thds: 16 tps: 81.99 qps: 1615.80 (r/w/o: 1120.86/330.96/163.98) lat (ms,95%): 344.08 err/s: 0.00 reconn/s: 0.00
[ 27.0s ] thds: 16 tps: 33.94 qps: 711.65 (r/w/o: 501.05/142.73/67.87) lat (ms,95%): 450.77 err/s: 0.00 reconn/s: 0.00
[ 28.0s ] thds: 16 tps: 2.00 qps: 46.91 (r/w/o: 30.94/11.98/3.99) lat (ms,95%): 580.02 err/s: 0.00 reconn/s: 0.00
[ 29.0s ] thds: 16 tps: 0.00 qps: 0.00 (r/w/o: 0.00/0.00/0.00) lat (ms,95%): 0.00 err/s: 0.00 reconn/s: 0.00
[ 30.0s ] thds: 16 tps: 0.00 qps: 0.00 (r/w/o: 0.00/0.00/0.00) lat (ms,95%): 0.00 err/s: 0.00 reconn/s: 0.00
[ 31.0s ] thds: 16 tps: 0.00 qps: 0.00 (r/w/o: 0.00/0.00/0.00) lat (ms,95%): 0.00 err/s: 0.00 reconn/s: 0.00
[ 32.0s ] thds: 16 tps: 0.00 qps: 0.00 (r/w/o: 0.00/0.00/0.00) lat (ms,95%): 0.00 err/s: 0.00 reconn/s: 0.00
[ 33.0s ] thds: 16 tps: 0.00 qps: 0.00 (r/w/o: 0.00/0.00/0.00) lat (ms,95%): 0.00 err/s: 0.00 reconn/s: 0.00
[ 34.0s ] thds: 16 tps: 0.00 qps: 0.00 (r/w/o: 0.00/0.00/0.00) lat (ms,95%): 0.00 err/s: 0.00 reconn/s: 0.00
[ 35.0s ] thds: 16 tps: 0.00 qps: 0.00 (r/w/o: 0.00/0.00/0.00) lat (ms,95%): 0.00 err/s: 0.00 reconn/s: 0.00
[ 36.0s ] thds: 16 tps: 0.00 qps: 0.00 (r/w/o: 0.00/0.00/0.00) lat (ms,95%): 0.00 err/s: 0.00 reconn/s: 0.00
[ 37.0s ] thds: 16 tps: 0.00 qps: 0.00 (r/w/o: 0.00/0.00/0.00) lat (ms,95%): 0.00 err/s: 0.00 reconn/s: 0.00
[ 38.0s ] thds: 16 tps: 0.00 qps: 0.00 (r/w/o: 0.00/0.00/0.00) lat (ms,95%): 0.00 err/s: 0.00 reconn/s: 0.00
[ 39.0s ] thds: 16 tps: 0.00 qps: 0.00 (r/w/o: 0.00/0.00/0.00) lat (ms,95%): 0.00 err/s: 0.00 reconn/s: 0.00
[ 40.0s ] thds: 16 tps: 0.00 qps: 0.00 (r/w/o: 0.00/0.00/0.00) lat (ms,95%): 0.00 err/s: 0.00 reconn/s: 0.00
[ 41.0s ] thds: 16 tps: 0.00 qps: 0.00 (r/w/o: 0.00/0.00/0.00) lat (ms,95%): 0.00 err/s: 0.00 reconn/s: 0.00
[ 42.0s ] thds: 16 tps: 0.00 qps: 0.00 (r/w/o: 0.00/0.00/0.00) lat (ms,95%): 0.00 err/s: 0.00 reconn/s: 0.00
[ 43.0s ] thds: 16 tps: 0.00 qps: 0.00 (r/w/o: 0.00/0.00/0.00) lat (ms,95%): 0.00 err/s: 0.00 reconn/s: 0.00
[ 44.0s ] thds: 16 tps: 0.00 qps: 0.00 (r/w/o: 0.00/0.00/0.00) lat (ms,95%): 0.00 err/s: 0.00 reconn/s: 0.00
[ 45.0s ] thds: 16 tps: 0.00 qps: 0.00 (r/w/o: 0.00/0.00/0.00) lat (ms,95%): 0.00 err/s: 0.00 reconn/s: 0.00
[ 46.0s ] thds: 16 tps: 0.00 qps: 0.00 (r/w/o: 0.00/0.00/0.00) lat (ms,95%): 0.00 err/s: 0.00 reconn/s: 0.00
[ 47.0s ] thds: 16 tps: 0.00 qps: 0.00 (r/w/o: 0.00/0.00/0.00) lat (ms,95%): 0.00 err/s: 0.00 reconn/s: 0.00
[ 48.0s ] thds: 16 tps: 0.00 qps: 0.00 (r/w/o: 0.00/0.00/0.00) lat (ms,95%): 0.00 err/s: 0.00 reconn/s: 0.00
[ 49.0s ] thds: 16 tps: 0.00 qps: 0.00 (r/w/o: 0.00/0.00/0.00) lat (ms,95%): 0.00 err/s: 0.00 reconn/s: 0.00
[ 50.0s ] thds: 16 tps: 0.00 qps: 0.00 (r/w/o: 0.00/0.00/0.00) lat (ms,95%): 0.00 err/s: 0.00 reconn/s: 0.00
[ 51.0s ] thds: 16 tps: 0.00 qps: 0.00 (r/w/o: 0.00/0.00/0.00) lat (ms,95%): 0.00 err/s: 0.00 reconn/s: 0.00
[ 52.0s ] thds: 16 tps: 0.00 qps: 0.00 (r/w/o: 0.00/0.00/0.00) lat (ms,95%): 0.00 err/s: 0.00 reconn/s: 0.00
[ 53.0s ] thds: 16 tps: 0.00 qps: 0.00 (r/w/o: 0.00/0.00/0.00) lat (ms,95%): 0.00 err/s: 0.00 reconn/s: 0.00
[ 54.0s ] thds: 16 tps: 0.00 qps: 0.00 (r/w/o: 0.00/0.00/0.00) lat (ms,95%): 0.00 err/s: 0.00 reconn/s: 0.00
[ 55.0s ] thds: 16 tps: 0.00 qps: 0.00 (r/w/o: 0.00/0.00/0.00) lat (ms,95%): 0.00 err/s: 0.00 reconn/s: 0.00
[ 56.0s ] thds: 16 tps: 0.00 qps: 0.00 (r/w/o: 0.00/0.00/0.00) lat (ms,95%): 0.00 err/s: 0.00 reconn/s: 0.00
[ 57.0s ] thds: 16 tps: 0.00 qps: 0.00 (r/w/o: 0.00/0.00/0.00) lat (ms,95%): 0.00 err/s: 0.00 reconn/s: 0.00
[ 58.0s ] thds: 16 tps: 0.00 qps: 0.00 (r/w/o: 0.00/0.00/0.00) lat (ms,95%): 0.00 err/s: 0.00 reconn/s: 0.00
[ 59.0s ] thds: 16 tps: 0.00 qps: 0.00 (r/w/o: 0.00/0.00/0.00) lat (ms,95%): 0.00 err/s: 0.00 reconn/s: 0.00
[ 60.0s ] thds: 16 tps: 0.00 qps: 0.00 (r/w/o: 0.00/0.00/0.00) lat (ms,95%): 0.00 err/s: 0.00 reconn/s: 0.00
[ 61.0s ] thds: 16 tps: 0.00 qps: 0.00 (r/w/o: 0.00/0.00/0.00) lat (ms,95%): 0.00 err/s: 0.00 reconn/s: 0.00
[ 62.0s ] thds: 16 tps: 0.00 qps: 0.00 (r/w/o: 0.00/0.00/0.00) lat (ms,95%): 0.00 err/s: 0.00 reconn/s: 0.00
[ 63.0s ] thds: 16 tps: 0.00 qps: 0.00 (r/w/o: 0.00/0.00/0.00) lat (ms,95%): 0.00 err/s: 0.00 reconn/s: 0.00
[ 64.0s ] thds: 16 tps: 0.00 qps: 0.00 (r/w/o: 0.00/0.00/0.00) lat (ms,95%): 0.00 err/s: 0.00 reconn/s: 0.00
[ 65.0s ] thds: 16 tps: 0.00 qps: 0.00 (r/w/o: 0.00/0.00/0.00) lat (ms,95%): 0.00 err/s: 0.00 reconn/s: 0.00
[ 66.0s ] thds: 16 tps: 0.00 qps: 0.00 (r/w/o: 0.00/0.00/0.00) lat (ms,95%): 0.00 err/s: 0.00 reconn/s: 0.00
[ 67.0s ] thds: 16 tps: 0.00 qps: 0.00 (r/w/o: 0.00/0.00/0.00) lat (ms,95%): 0.00 err/s: 0.00 reconn/s: 0.00
[ 68.0s ] thds: 16 tps: 0.00 qps: 0.00 (r/w/o: 0.00/0.00/0.00) lat (ms,95%): 0.00 err/s: 0.00 reconn/s: 0.00
[ 69.0s ] thds: 16 tps: 0.00 qps: 0.00 (r/w/o: 0.00/0.00/0.00) lat (ms,95%): 0.00 err/s: 0.00 reconn/s: 0.00
[ 70.0s ] thds: 16 tps: 0.00 qps: 0.00 (r/w/o: 0.00/0.00/0.00) lat (ms,95%): 0.00 err/s: 0.00 reconn/s: 0.00
[ 71.0s ] thds: 16 tps: 0.00 qps: 0.00 (r/w/o: 0.00/0.00/0.00) lat (ms,95%): 0.00 err/s: 0.00 reconn/s: 0.00
[ 72.0s ] thds: 16 tps: 0.00 qps: 0.00 (r/w/o: 0.00/0.00/0.00) lat (ms,95%): 0.00 err/s: 0.00 reconn/s: 0.00
[ 73.0s ] thds: 16 tps: 0.00 qps: 0.00 (r/w/o: 0.00/0.00/0.00) lat (ms,95%): 0.00 err/s: 0.00 reconn/s: 0.00
[ 74.0s ] thds: 16 tps: 0.00 qps: 0.00 (r/w/o: 0.00/0.00/0.00) lat (ms,95%): 0.00 err/s: 0.00 reconn/s: 0.00
[ 75.0s ] thds: 16 tps: 0.00 qps: 0.00 (r/w/o: 0.00/0.00/0.00) lat (ms,95%): 0.00 err/s: 0.00 reconn/s: 0.00
[ 76.0s ] thds: 16 tps: 0.00 qps: 0.00 (r/w/o: 0.00/0.00/0.00) lat (ms,95%): 0.00 err/s: 0.00 reconn/s: 0.00
[ 77.0s ] thds: 16 tps: 0.00 qps: 0.00 (r/w/o: 0.00/0.00/0.00) lat (ms,95%): 0.00 err/s: 0.00 reconn/s: 0.00
[ 78.0s ] thds: 16 tps: 0.00 qps: 0.00 (r/w/o: 0.00/0.00/0.00) lat (ms,95%): 0.00 err/s: 0.00 reconn/s: 0.00
[ 79.0s ] thds: 16 tps: 0.00 qps: 0.00 (r/w/o: 0.00/0.00/0.00) lat (ms,95%): 0.00 err/s: 0.00 reconn/s: 0.00
[ 80.0s ] thds: 16 tps: 0.00 qps: 0.00 (r/w/o: 0.00/0.00/0.00) lat (ms,95%): 0.00 err/s: 0.00 reconn/s: 0.00
[ 81.0s ] thds: 16 tps: 0.00 qps: 0.00 (r/w/o: 0.00/0.00/0.00) lat (ms,95%): 0.00 err/s: 0.00 reconn/s: 0.00
[ 82.0s ] thds: 16 tps: 0.00 qps: 0.00 (r/w/o: 0.00/0.00/0.00) lat (ms,95%): 0.00 err/s: 0.00 reconn/s: 0.00
[ 83.0s ] thds: 16 tps: 0.00 qps: 0.00 (r/w/o: 0.00/0.00/0.00) lat (ms,95%): 0.00 err/s: 0.00 reconn/s: 0.00
[ 84.0s ] thds: 16 tps: 0.00 qps: 0.00 (r/w/o: 0.00/0.00/0.00) lat (ms,95%): 0.00 err/s: 0.00 reconn/s: 0.00
[ 85.0s ] thds: 16 tps: 0.00 qps: 0.00 (r/w/o: 0.00/0.00/0.00) lat (ms,95%): 0.00 err/s: 0.00 reconn/s: 0.00
[ 86.0s ] thds: 16 tps: 0.00 qps: 0.00 (r/w/o: 0.00/0.00/0.00) lat (ms,95%): 0.00 err/s: 0.00 reconn/s: 0.00
[ 87.0s ] thds: 16 tps: 0.00 qps: 0.00 (r/w/o: 0.00/0.00/0.00) lat (ms,95%): 0.00 err/s: 0.00 reconn/s: 0.00
[ 88.0s ] thds: 16 tps: 0.00 qps: 0.00 (r/w/o: 0.00/0.00/0.00) lat (ms,95%): 0.00 err/s: 0.00 reconn/s: 0.00
[ 89.0s ] thds: 16 tps: 0.00 qps: 0.00 (r/w/o: 0.00/0.00/0.00) lat (ms,95%): 0.00 err/s: 0.00 reconn/s: 0.00
[ 90.0s ] thds: 16 tps: 0.00 qps: 0.00 (r/w/o: 0.00/0.00/0.00) lat (ms,95%): 0.00 err/s: 0.00 reconn/s: 0.00
[ 91.0s ] thds: 16 tps: 0.00 qps: 0.00 (r/w/o: 0.00/0.00/0.00) lat (ms,95%): 0.00 err/s: 0.00 reconn/s: 0.00
[ 92.0s ] thds: 16 tps: 0.00 qps: 0.00 (r/w/o: 0.00/0.00/0.00) lat (ms,95%): 0.00 err/s: 0.00 reconn/s: 0.00
[ 93.0s ] thds: 16 tps: 0.00 qps: 0.00 (r/w/o: 0.00/0.00/0.00) lat (ms,95%): 0.00 err/s: 0.00 reconn/s: 0.00
[ 94.0s ] thds: 16 tps: 0.00 qps: 0.00 (r/w/o: 0.00/0.00/0.00) lat (ms,95%): 0.00 err/s: 0.00 reconn/s: 0.00
[ 95.0s ] thds: 16 tps: 0.00 qps: 0.00 (r/w/o: 0.00/0.00/0.00) lat (ms,95%): 0.00 err/s: 0.00 reconn/s: 0.00
[ 96.0s ] thds: 16 tps: 0.00 qps: 0.00 (r/w/o: 0.00/0.00/0.00) lat (ms,95%): 0.00 err/s: 0.00 reconn/s: 0.00
[ 97.0s ] thds: 16 tps: 0.00 qps: 0.00 (r/w/o: 0.00/0.00/0.00) lat (ms,95%): 0.00 err/s: 0.00 reconn/s: 0.00
[ 98.0s ] thds: 16 tps: 0.00 qps: 0.00 (r/w/o: 0.00/0.00/0.00) lat (ms,95%): 0.00 err/s: 0.00 reconn/s: 0.00
[ 99.0s ] thds: 16 tps: 0.00 qps: 0.00 (r/w/o: 0.00/0.00/0.00) lat (ms,95%): 0.00 err/s: 0.00 reconn/s: 0.00
[ 100.0s ] thds: 16 tps: 0.00 qps: 0.00 (r/w/o: 0.00/0.00/0.00) lat (ms,95%): 0.00 err/s: 0.00 reconn/s: 0.00
[ 101.0s ] thds: 16 tps: 0.00 qps: 0.00 (r/w/o: 0.00/0.00/0.00) lat (ms,95%): 0.00 err/s: 0.00 reconn/s: 0.00
[ 102.0s ] thds: 16 tps: 0.00 qps: 0.00 (r/w/o: 0.00/0.00/0.00) lat (ms,95%): 0.00 err/s: 0.00 reconn/s: 0.00
[ 103.0s ] thds: 16 tps: 0.00 qps: 0.00 (r/w/o: 0.00/0.00/0.00) lat (ms,95%): 0.00 err/s: 0.00 reconn/s: 0.00
[ 104.0s ] thds: 16 tps: 0.00 qps: 0.00 (r/w/o: 0.00/0.00/0.00) lat (ms,95%): 0.00 err/s: 0.00 reconn/s: 0.00
[ 105.0s ] thds: 16 tps: 0.00 qps: 0.00 (r/w/o: 0.00/0.00/0.00) lat (ms,95%): 0.00 err/s: 0.00 reconn/s: 0.00
[ 106.0s ] thds: 16 tps: 0.00 qps: 0.00 (r/w/o: 0.00/0.00/0.00) lat (ms,95%): 0.00 err/s: 0.00 reconn/s: 0.00
[ 107.0s ] thds: 16 tps: 0.00 qps: 0.00 (r/w/o: 0.00/0.00/0.00) lat (ms,95%): 0.00 err/s: 0.00 reconn/s: 0.00
[ 108.0s ] thds: 16 tps: 0.00 qps: 0.00 (r/w/o: 0.00/0.00/0.00) lat (ms,95%): 0.00 err/s: 0.00 reconn/s: 0.00
[ 109.0s ] thds: 16 tps: 0.00 qps: 0.00 (r/w/o: 0.00/0.00/0.00) lat (ms,95%): 0.00 err/s: 0.00 reconn/s: 0.00
[ 110.0s ] thds: 16 tps: 0.00 qps: 0.00 (r/w/o: 0.00/0.00/0.00) lat (ms,95%): 0.00 err/s: 0.00 reconn/s: 0.00
[ 111.0s ] thds: 16 tps: 0.00 qps: 0.00 (r/w/o: 0.00/0.00/0.00) lat (ms,95%): 0.00 err/s: 0.00 reconn/s: 0.00
[ 112.0s ] thds: 16 tps: 21.00 qps: 375.94 (r/w/o: 254.96/78.99/41.99) lat (ms,95%): 85039.12 err/s: 0.00 reconn/s: 0.00
[ 113.0s ] thds: 16 tps: 90.17 qps: 1822.53 (r/w/o: 1278.48/363.71/180.35) lat (ms,95%): 350.33 err/s: 0.00 reconn/s: 0.00
[ 114.0s ] thds: 16 tps: 54.00 qps: 992.92 (r/w/o: 683.95/200.98/107.99) lat (ms,95%): 434.83 err/s: 0.00 reconn/s: 0.00
[ 115.0s ] thds: 16 tps: 49.81 qps: 1053.89 (r/w/o: 725.17/229.11/99.61) lat (ms,95%): 539.71 err/s: 0.00 reconn/s: 0.00
[ 116.0s ] thds: 16 tps: 85.30 qps: 1688.02 (r/w/o: 1203.29/314.12/170.61) lat (ms,95%): 484.44 err/s: 0.00 reconn/s: 0.00
[ 117.0s ] thds: 16 tps: 60.92 qps: 1281.40 (r/w/o: 899.88/259.68/121.85) lat (ms,95%): 580.02 err/s: 0.00 reconn/s: 0.00
[ 118.0s ] thds: 16 tps: 73.12 qps: 1435.32 (r/w/o: 1007.63/281.46/146.24) lat (ms,95%): 397.39 err/s: 0.00 reconn/s: 0.00
[ 119.0s ] thds: 16 tps: 92.98 qps: 1833.54 (r/w/o: 1277.68/369.91/185.95) lat (ms,95%): 404.61 err/s: 0.00 reconn/s: 0.00
[ 120.0s ] thds: 16 tps: 67.90 qps: 1406.92 (r/w/o: 992.53/278.59/135.80) lat (ms,95%): 344.08 err/s: 0.00 reconn/s: 0.00
SQL statistics:
    queries performed:
        read:                            30646
        write:                           8756
        other:                           4378
        total:                           43780
    transactions:                        2189   (18.22 per sec.)
    queries:                             43780  (364.30 per sec.)
    ignored errors:                      0      (0.00 per sec.)
    reconnects:                          0      (0.00 per sec.)

Throughput:
    events/s (eps):                      18.2151
    time elapsed:                        120.1752s
    total number of events:              2189

Latency (ms):
         min:                                   26.72
         avg:                                  877.68
         max:                                85426.32
         95th percentile:                      646.19
         sum:                              1921240.23

Threads fairness:
    events (avg/stddev):           136.8125/6.07
    execution time (avg/stddev):   120.0775/0.04

