sysbench 1.1.0-f698960 (using bundled LuaJIT 2.1.0-beta3)

Running the test with following options:
Number of threads: 16
Report intermediate results every 1.000000 second(s)
Initializing random number generator from current time


Initializing worker threads...

Threads started!

[ 1.0s ] thds: 16 tps: 26.79 qps: 786.97 (r/w/o: 597.42/120.08/69.47) lat (ms,95%): 877.61 err/s: 0.00 reconn/s: 0.00
[ 2.0s ] thds: 16 tps: 34.08 qps: 686.59 (r/w/o: 477.11/141.33/68.16) lat (ms,95%): 877.61 err/s: 0.00 reconn/s: 0.00
[ 3.0s ] thds: 16 tps: 37.95 qps: 768.99 (r/w/o: 527.31/165.78/75.90) lat (ms,95%): 977.74 err/s: 0.00 reconn/s: 0.00
[ 4.0s ] thds: 16 tps: 40.00 qps: 783.99 (r/w/o: 562.00/142.00/80.00) lat (ms,95%): 1258.08 err/s: 0.00 reconn/s: 0.00
[ 5.0s ] thds: 16 tps: 44.03 qps: 867.51 (r/w/o: 603.35/176.10/88.05) lat (ms,95%): 1191.92 err/s: 0.00 reconn/s: 0.00
[ 6.0s ] thds: 16 tps: 49.14 qps: 994.74 (r/w/o: 687.90/208.57/98.27) lat (ms,95%): 831.46 err/s: 0.00 reconn/s: 0.00
[ 7.0s ] thds: 16 tps: 72.97 qps: 1471.38 (r/w/o: 1036.56/288.88/145.94) lat (ms,95%): 759.88 err/s: 0.00 reconn/s: 0.00
[ 8.0s ] thds: 16 tps: 60.05 qps: 1158.92 (r/w/o: 809.65/229.18/120.10) lat (ms,95%): 995.51 err/s: 0.00 reconn/s: 0.00
[ 9.0s ] thds: 16 tps: 58.86 qps: 1212.09 (r/w/o: 854.95/239.43/117.72) lat (ms,95%): 442.73 err/s: 0.00 reconn/s: 0.00
[ 10.0s ] thds: 16 tps: 48.01 qps: 966.13 (r/w/o: 672.09/198.03/96.01) lat (ms,95%): 719.92 err/s: 0.00 reconn/s: 0.00
[ 11.0s ] thds: 16 tps: 41.99 qps: 829.90 (r/w/o: 575.93/169.98/83.99) lat (ms,95%): 623.33 err/s: 0.00 reconn/s: 0.00
[ 12.0s ] thds: 16 tps: 48.02 qps: 975.47 (r/w/o: 684.33/195.09/96.05) lat (ms,95%): 707.07 err/s: 0.00 reconn/s: 0.00
[ 13.0s ] thds: 16 tps: 54.11 qps: 1044.18 (r/w/o: 741.55/194.41/108.23) lat (ms,95%): 623.33 err/s: 0.00 reconn/s: 0.00
[ 14.0s ] thds: 16 tps: 77.01 qps: 1520.16 (r/w/o: 1058.11/308.03/154.02) lat (ms,95%): 484.44 err/s: 0.00 reconn/s: 0.00
[ 15.0s ] thds: 16 tps: 85.99 qps: 1715.89 (r/w/o: 1195.92/347.98/171.99) lat (ms,95%): 427.07 err/s: 0.00 reconn/s: 0.00
[ 16.0s ] thds: 16 tps: 66.80 qps: 1375.80 (r/w/o: 974.03/268.18/133.59) lat (ms,95%): 458.96 err/s: 0.00 reconn/s: 0.00
[ 17.0s ] thds: 16 tps: 60.16 qps: 1133.03 (r/w/o: 778.08/234.63/120.32) lat (ms,95%): 397.39 err/s: 0.00 reconn/s: 0.00
[ 18.0s ] thds: 16 tps: 56.01 qps: 1187.30 (r/w/o: 835.21/240.06/112.03) lat (ms,95%): 520.62 err/s: 0.00 reconn/s: 0.00
[ 19.0s ] thds: 16 tps: 71.72 qps: 1360.73 (r/w/o: 930.40/286.89/143.44) lat (ms,95%): 450.77 err/s: 0.00 reconn/s: 0.00
[ 20.0s ] thds: 16 tps: 81.32 qps: 1626.30 (r/w/o: 1151.46/312.21/162.63) lat (ms,95%): 404.61 err/s: 0.00 reconn/s: 0.00
[ 21.0s ] thds: 16 tps: 51.00 qps: 1041.06 (r/w/o: 728.04/211.01/102.01) lat (ms,95%): 601.29 err/s: 0.00 reconn/s: 0.00
[ 22.0s ] thds: 16 tps: 79.96 qps: 1689.13 (r/w/o: 1184.39/344.82/159.92) lat (ms,95%): 277.21 err/s: 0.00 reconn/s: 0.00
[ 23.0s ] thds: 16 tps: 81.02 qps: 1527.36 (r/w/o: 1072.25/293.07/162.04) lat (ms,95%): 356.70 err/s: 0.00 reconn/s: 0.00
[ 24.0s ] thds: 16 tps: 85.03 qps: 1717.54 (r/w/o: 1201.38/346.11/170.05) lat (ms,95%): 397.39 err/s: 0.00 reconn/s: 0.00
[ 25.0s ] thds: 16 tps: 80.01 qps: 1591.12 (r/w/o: 1111.08/320.02/160.01) lat (ms,95%): 325.98 err/s: 0.00 reconn/s: 0.00
[ 26.0s ] thds: 16 tps: 86.87 qps: 1706.38 (r/w/o: 1194.17/338.48/173.73) lat (ms,95%): 314.45 err/s: 0.00 reconn/s: 0.00
[ 27.0s ] thds: 16 tps: 61.08 qps: 1206.49 (r/w/o: 841.04/243.30/122.15) lat (ms,95%): 601.29 err/s: 0.00 reconn/s: 0.00
[ 28.0s ] thds: 16 tps: 1.00 qps: 111.59 (r/w/o: 109.60/0.00/1.99) lat (ms,95%): 110.66 err/s: 0.00 reconn/s: 0.00
[ 29.0s ] thds: 16 tps: 0.00 qps: 0.00 (r/w/o: 0.00/0.00/0.00) lat (ms,95%): 0.00 err/s: 0.00 reconn/s: 0.00
[ 30.0s ] thds: 16 tps: 0.00 qps: 0.00 (r/w/o: 0.00/0.00/0.00) lat (ms,95%): 0.00 err/s: 0.00 reconn/s: 0.00
[ 31.0s ] thds: 16 tps: 0.00 qps: 0.00 (r/w/o: 0.00/0.00/0.00) lat (ms,95%): 0.00 err/s: 0.00 reconn/s: 0.00
[ 32.0s ] thds: 16 tps: 0.00 qps: 0.00 (r/w/o: 0.00/0.00/0.00) lat (ms,95%): 0.00 err/s: 0.00 reconn/s: 0.00
[ 33.0s ] thds: 16 tps: 0.00 qps: 0.00 (r/w/o: 0.00/0.00/0.00) lat (ms,95%): 0.00 err/s: 0.00 reconn/s: 0.00
[ 34.0s ] thds: 16 tps: 0.00 qps: 0.00 (r/w/o: 0.00/0.00/0.00) lat (ms,95%): 0.00 err/s: 0.00 reconn/s: 0.00
[ 35.0s ] thds: 16 tps: 0.00 qps: 0.00 (r/w/o: 0.00/0.00/0.00) lat (ms,95%): 0.00 err/s: 0.00 reconn/s: 0.00
[ 36.0s ] thds: 16 tps: 0.00 qps: 0.00 (r/w/o: 0.00/0.00/0.00) lat (ms,95%): 0.00 err/s: 0.00 reconn/s: 0.00
[ 37.0s ] thds: 16 tps: 0.00 qps: 0.00 (r/w/o: 0.00/0.00/0.00) lat (ms,95%): 0.00 err/s: 0.00 reconn/s: 0.00
[ 38.0s ] thds: 16 tps: 0.00 qps: 0.00 (r/w/o: 0.00/0.00/0.00) lat (ms,95%): 0.00 err/s: 0.00 reconn/s: 0.00
[ 39.0s ] thds: 16 tps: 0.00 qps: 0.00 (r/w/o: 0.00/0.00/0.00) lat (ms,95%): 0.00 err/s: 0.00 reconn/s: 0.00
[ 40.0s ] thds: 16 tps: 0.00 qps: 0.00 (r/w/o: 0.00/0.00/0.00) lat (ms,95%): 0.00 err/s: 0.00 reconn/s: 0.00
[ 41.0s ] thds: 16 tps: 0.00 qps: 0.00 (r/w/o: 0.00/0.00/0.00) lat (ms,95%): 0.00 err/s: 0.00 reconn/s: 0.00
[ 42.0s ] thds: 16 tps: 0.00 qps: 0.00 (r/w/o: 0.00/0.00/0.00) lat (ms,95%): 0.00 err/s: 0.00 reconn/s: 0.00
[ 43.0s ] thds: 16 tps: 0.00 qps: 0.00 (r/w/o: 0.00/0.00/0.00) lat (ms,95%): 0.00 err/s: 0.00 reconn/s: 0.00
[ 44.0s ] thds: 16 tps: 0.00 qps: 0.00 (r/w/o: 0.00/0.00/0.00) lat (ms,95%): 0.00 err/s: 0.00 reconn/s: 0.00
[ 45.0s ] thds: 16 tps: 0.00 qps: 0.00 (r/w/o: 0.00/0.00/0.00) lat (ms,95%): 0.00 err/s: 0.00 reconn/s: 0.00
[ 46.0s ] thds: 16 tps: 0.00 qps: 0.00 (r/w/o: 0.00/0.00/0.00) lat (ms,95%): 0.00 err/s: 0.00 reconn/s: 0.00
[ 47.0s ] thds: 16 tps: 0.00 qps: 0.00 (r/w/o: 0.00/0.00/0.00) lat (ms,95%): 0.00 err/s: 0.00 reconn/s: 0.00
[ 48.0s ] thds: 16 tps: 0.00 qps: 0.00 (r/w/o: 0.00/0.00/0.00) lat (ms,95%): 0.00 err/s: 0.00 reconn/s: 0.00
[ 49.0s ] thds: 16 tps: 0.00 qps: 0.00 (r/w/o: 0.00/0.00/0.00) lat (ms,95%): 0.00 err/s: 0.00 reconn/s: 0.00
[ 50.0s ] thds: 16 tps: 0.00 qps: 0.00 (r/w/o: 0.00/0.00/0.00) lat (ms,95%): 0.00 err/s: 0.00 reconn/s: 0.00
[ 51.0s ] thds: 16 tps: 0.00 qps: 0.00 (r/w/o: 0.00/0.00/0.00) lat (ms,95%): 0.00 err/s: 0.00 reconn/s: 0.00
[ 52.0s ] thds: 16 tps: 0.00 qps: 0.00 (r/w/o: 0.00/0.00/0.00) lat (ms,95%): 0.00 err/s: 0.00 reconn/s: 0.00
[ 53.0s ] thds: 16 tps: 0.00 qps: 0.00 (r/w/o: 0.00/0.00/0.00) lat (ms,95%): 0.00 err/s: 0.00 reconn/s: 0.00
[ 54.0s ] thds: 16 tps: 0.00 qps: 0.00 (r/w/o: 0.00/0.00/0.00) lat (ms,95%): 0.00 err/s: 0.00 reconn/s: 0.00
[ 55.0s ] thds: 16 tps: 0.00 qps: 0.00 (r/w/o: 0.00/0.00/0.00) lat (ms,95%): 0.00 err/s: 0.00 reconn/s: 0.00
[ 56.0s ] thds: 16 tps: 0.00 qps: 0.00 (r/w/o: 0.00/0.00/0.00) lat (ms,95%): 0.00 err/s: 0.00 reconn/s: 0.00
[ 57.0s ] thds: 16 tps: 0.00 qps: 0.00 (r/w/o: 0.00/0.00/0.00) lat (ms,95%): 0.00 err/s: 0.00 reconn/s: 0.00
[ 58.0s ] thds: 16 tps: 0.00 qps: 0.00 (r/w/o: 0.00/0.00/0.00) lat (ms,95%): 0.00 err/s: 0.00 reconn/s: 0.00
[ 59.0s ] thds: 16 tps: 0.00 qps: 0.00 (r/w/o: 0.00/0.00/0.00) lat (ms,95%): 0.00 err/s: 0.00 reconn/s: 0.00
[ 60.0s ] thds: 16 tps: 0.00 qps: 0.00 (r/w/o: 0.00/0.00/0.00) lat (ms,95%): 0.00 err/s: 0.00 reconn/s: 0.00
[ 61.0s ] thds: 16 tps: 0.00 qps: 0.00 (r/w/o: 0.00/0.00/0.00) lat (ms,95%): 0.00 err/s: 0.00 reconn/s: 0.00
[ 62.0s ] thds: 16 tps: 0.00 qps: 0.00 (r/w/o: 0.00/0.00/0.00) lat (ms,95%): 0.00 err/s: 0.00 reconn/s: 0.00
[ 63.0s ] thds: 16 tps: 0.00 qps: 0.00 (r/w/o: 0.00/0.00/0.00) lat (ms,95%): 0.00 err/s: 0.00 reconn/s: 0.00
[ 64.0s ] thds: 16 tps: 0.00 qps: 0.00 (r/w/o: 0.00/0.00/0.00) lat (ms,95%): 0.00 err/s: 0.00 reconn/s: 0.00
[ 65.0s ] thds: 16 tps: 0.00 qps: 0.00 (r/w/o: 0.00/0.00/0.00) lat (ms,95%): 0.00 err/s: 0.00 reconn/s: 0.00
[ 66.0s ] thds: 16 tps: 0.00 qps: 0.00 (r/w/o: 0.00/0.00/0.00) lat (ms,95%): 0.00 err/s: 0.00 reconn/s: 0.00
[ 67.0s ] thds: 16 tps: 0.00 qps: 0.00 (r/w/o: 0.00/0.00/0.00) lat (ms,95%): 0.00 err/s: 0.00 reconn/s: 0.00
[ 68.0s ] thds: 16 tps: 0.00 qps: 0.00 (r/w/o: 0.00/0.00/0.00) lat (ms,95%): 0.00 err/s: 0.00 reconn/s: 0.00
[ 69.0s ] thds: 16 tps: 0.00 qps: 0.00 (r/w/o: 0.00/0.00/0.00) lat (ms,95%): 0.00 err/s: 0.00 reconn/s: 0.00
[ 70.0s ] thds: 16 tps: 0.00 qps: 0.00 (r/w/o: 0.00/0.00/0.00) lat (ms,95%): 0.00 err/s: 0.00 reconn/s: 0.00
[ 71.0s ] thds: 16 tps: 0.00 qps: 0.00 (r/w/o: 0.00/0.00/0.00) lat (ms,95%): 0.00 err/s: 0.00 reconn/s: 0.00
[ 72.0s ] thds: 16 tps: 0.00 qps: 0.00 (r/w/o: 0.00/0.00/0.00) lat (ms,95%): 0.00 err/s: 0.00 reconn/s: 0.00
[ 73.0s ] thds: 16 tps: 0.00 qps: 0.00 (r/w/o: 0.00/0.00/0.00) lat (ms,95%): 0.00 err/s: 0.00 reconn/s: 0.00
[ 74.0s ] thds: 16 tps: 0.00 qps: 0.00 (r/w/o: 0.00/0.00/0.00) lat (ms,95%): 0.00 err/s: 0.00 reconn/s: 0.00
[ 75.0s ] thds: 16 tps: 0.00 qps: 0.00 (r/w/o: 0.00/0.00/0.00) lat (ms,95%): 0.00 err/s: 0.00 reconn/s: 0.00
[ 76.0s ] thds: 16 tps: 0.00 qps: 0.00 (r/w/o: 0.00/0.00/0.00) lat (ms,95%): 0.00 err/s: 0.00 reconn/s: 0.00
[ 77.0s ] thds: 16 tps: 0.00 qps: 0.00 (r/w/o: 0.00/0.00/0.00) lat (ms,95%): 0.00 err/s: 0.00 reconn/s: 0.00
[ 78.0s ] thds: 16 tps: 0.00 qps: 0.00 (r/w/o: 0.00/0.00/0.00) lat (ms,95%): 0.00 err/s: 0.00 reconn/s: 0.00
[ 79.0s ] thds: 16 tps: 0.00 qps: 0.00 (r/w/o: 0.00/0.00/0.00) lat (ms,95%): 0.00 err/s: 0.00 reconn/s: 0.00
[ 80.0s ] thds: 16 tps: 0.00 qps: 0.00 (r/w/o: 0.00/0.00/0.00) lat (ms,95%): 0.00 err/s: 0.00 reconn/s: 0.00
[ 81.0s ] thds: 16 tps: 0.00 qps: 0.00 (r/w/o: 0.00/0.00/0.00) lat (ms,95%): 0.00 err/s: 0.00 reconn/s: 0.00
[ 82.0s ] thds: 16 tps: 0.00 qps: 0.00 (r/w/o: 0.00/0.00/0.00) lat (ms,95%): 0.00 err/s: 0.00 reconn/s: 0.00
[ 83.0s ] thds: 16 tps: 0.00 qps: 0.00 (r/w/o: 0.00/0.00/0.00) lat (ms,95%): 0.00 err/s: 0.00 reconn/s: 0.00
[ 84.0s ] thds: 16 tps: 0.00 qps: 0.00 (r/w/o: 0.00/0.00/0.00) lat (ms,95%): 0.00 err/s: 0.00 reconn/s: 0.00
[ 85.0s ] thds: 16 tps: 0.00 qps: 0.00 (r/w/o: 0.00/0.00/0.00) lat (ms,95%): 0.00 err/s: 0.00 reconn/s: 0.00
[ 86.0s ] thds: 16 tps: 0.00 qps: 0.00 (r/w/o: 0.00/0.00/0.00) lat (ms,95%): 0.00 err/s: 0.00 reconn/s: 0.00
[ 87.0s ] thds: 16 tps: 0.00 qps: 0.00 (r/w/o: 0.00/0.00/0.00) lat (ms,95%): 0.00 err/s: 0.00 reconn/s: 0.00
[ 88.0s ] thds: 16 tps: 0.00 qps: 0.00 (r/w/o: 0.00/0.00/0.00) lat (ms,95%): 0.00 err/s: 0.00 reconn/s: 0.00
[ 89.0s ] thds: 16 tps: 0.00 qps: 0.00 (r/w/o: 0.00/0.00/0.00) lat (ms,95%): 0.00 err/s: 0.00 reconn/s: 0.00
[ 90.0s ] thds: 16 tps: 0.00 qps: 0.00 (r/w/o: 0.00/0.00/0.00) lat (ms,95%): 0.00 err/s: 0.00 reconn/s: 0.00
[ 91.0s ] thds: 16 tps: 0.00 qps: 0.00 (r/w/o: 0.00/0.00/0.00) lat (ms,95%): 0.00 err/s: 0.00 reconn/s: 0.00
[ 92.0s ] thds: 16 tps: 0.00 qps: 0.00 (r/w/o: 0.00/0.00/0.00) lat (ms,95%): 0.00 err/s: 0.00 reconn/s: 0.00
[ 93.0s ] thds: 16 tps: 0.00 qps: 0.00 (r/w/o: 0.00/0.00/0.00) lat (ms,95%): 0.00 err/s: 0.00 reconn/s: 0.00
[ 94.0s ] thds: 16 tps: 0.00 qps: 0.00 (r/w/o: 0.00/0.00/0.00) lat (ms,95%): 0.00 err/s: 0.00 reconn/s: 0.00
[ 95.0s ] thds: 16 tps: 0.00 qps: 0.00 (r/w/o: 0.00/0.00/0.00) lat (ms,95%): 0.00 err/s: 0.00 reconn/s: 0.00
[ 96.0s ] thds: 16 tps: 0.00 qps: 0.00 (r/w/o: 0.00/0.00/0.00) lat (ms,95%): 0.00 err/s: 0.00 reconn/s: 0.00
[ 97.0s ] thds: 16 tps: 0.00 qps: 0.00 (r/w/o: 0.00/0.00/0.00) lat (ms,95%): 0.00 err/s: 0.00 reconn/s: 0.00
[ 98.0s ] thds: 16 tps: 0.00 qps: 0.00 (r/w/o: 0.00/0.00/0.00) lat (ms,95%): 0.00 err/s: 0.00 reconn/s: 0.00
[ 99.0s ] thds: 16 tps: 0.00 qps: 0.00 (r/w/o: 0.00/0.00/0.00) lat (ms,95%): 0.00 err/s: 0.00 reconn/s: 0.00
[ 100.0s ] thds: 16 tps: 0.00 qps: 0.00 (r/w/o: 0.00/0.00/0.00) lat (ms,95%): 0.00 err/s: 0.00 reconn/s: 0.00
[ 101.0s ] thds: 16 tps: 0.00 qps: 0.00 (r/w/o: 0.00/0.00/0.00) lat (ms,95%): 0.00 err/s: 0.00 reconn/s: 0.00
[ 102.0s ] thds: 16 tps: 0.00 qps: 0.00 (r/w/o: 0.00/0.00/0.00) lat (ms,95%): 0.00 err/s: 0.00 reconn/s: 0.00
[ 103.0s ] thds: 16 tps: 0.00 qps: 0.00 (r/w/o: 0.00/0.00/0.00) lat (ms,95%): 0.00 err/s: 0.00 reconn/s: 0.00
[ 104.0s ] thds: 16 tps: 0.00 qps: 0.00 (r/w/o: 0.00/0.00/0.00) lat (ms,95%): 0.00 err/s: 0.00 reconn/s: 0.00
[ 105.0s ] thds: 16 tps: 0.00 qps: 0.00 (r/w/o: 0.00/0.00/0.00) lat (ms,95%): 0.00 err/s: 0.00 reconn/s: 0.00
[ 106.0s ] thds: 16 tps: 0.00 qps: 0.00 (r/w/o: 0.00/0.00/0.00) lat (ms,95%): 0.00 err/s: 0.00 reconn/s: 0.00
[ 107.0s ] thds: 16 tps: 0.00 qps: 0.00 (r/w/o: 0.00/0.00/0.00) lat (ms,95%): 0.00 err/s: 0.00 reconn/s: 0.00
[ 108.0s ] thds: 16 tps: 9.00 qps: 186.02 (r/w/o: 123.01/45.00/18.00) lat (ms,95%): 82031.09 err/s: 0.00 reconn/s: 0.00
[ 109.0s ] thds: 16 tps: 68.26 qps: 1361.19 (r/w/o: 943.60/281.07/136.52) lat (ms,95%): 82031.09 err/s: 0.00 reconn/s: 0.00
[ 110.0s ] thds: 16 tps: 34.00 qps: 662.06 (r/w/o: 457.04/137.01/68.01) lat (ms,95%): 1069.86 err/s: 0.00 reconn/s: 0.00
[ 111.0s ] thds: 16 tps: 68.93 qps: 1347.70 (r/w/o: 944.09/265.74/137.87) lat (ms,95%): 601.29 err/s: 0.00 reconn/s: 0.00
[ 112.0s ] thds: 16 tps: 85.07 qps: 1733.44 (r/w/o: 1219.01/344.29/170.14) lat (ms,95%): 272.27 err/s: 0.00 reconn/s: 0.00
[ 113.0s ] thds: 16 tps: 91.84 qps: 1768.87 (r/w/o: 1222.84/362.36/183.68) lat (ms,95%): 267.41 err/s: 0.00 reconn/s: 0.00
[ 114.0s ] thds: 16 tps: 64.11 qps: 1313.35 (r/w/o: 931.67/253.45/128.23) lat (ms,95%): 590.56 err/s: 0.00 reconn/s: 0.00
[ 115.0s ] thds: 16 tps: 74.00 qps: 1509.98 (r/w/o: 1047.99/314.00/148.00) lat (ms,95%): 331.91 err/s: 0.00 reconn/s: 0.00
[ 116.0s ] thds: 16 tps: 84.00 qps: 1628.00 (r/w/o: 1146.00/314.00/168.00) lat (ms,95%): 337.94 err/s: 0.00 reconn/s: 0.00
[ 117.0s ] thds: 16 tps: 86.01 qps: 1759.27 (r/w/o: 1236.19/351.05/172.03) lat (ms,95%): 308.84 err/s: 0.00 reconn/s: 0.00
[ 118.0s ] thds: 16 tps: 74.99 qps: 1489.71 (r/w/o: 1037.80/301.94/149.97) lat (ms,95%): 530.08 err/s: 0.00 reconn/s: 0.00
[ 119.0s ] thds: 16 tps: 76.01 qps: 1566.11 (r/w/o: 1103.08/311.02/152.01) lat (ms,95%): 539.71 err/s: 0.00 reconn/s: 0.00
[ 120.0s ] thds: 16 tps: 80.00 qps: 1544.91 (r/w/o: 1074.93/309.98/159.99) lat (ms,95%): 390.30 err/s: 0.00 reconn/s: 0.00
SQL statistics:
    queries performed:
        read:                            35742
        write:                           10212
        other:                           5106
        total:                           51060
    transactions:                        2553   (21.23 per sec.)
    queries:                             51060  (424.53 per sec.)
    ignored errors:                      0      (0.00 per sec.)
    reconnects:                          0      (0.00 per sec.)

Throughput:
    events/s (eps):                      21.2267
    time elapsed:                        120.2729s
    total number of events:              2553

Latency (ms):
         min:                                   26.08
         avg:                                  752.74
         max:                                81606.91
         95th percentile:                      590.56
         sum:                              1921755.31

Threads fairness:
    events (avg/stddev):           159.5625/10.79
    execution time (avg/stddev):   120.1097/0.09

