sysbench 1.1.0-f698960 (using bundled LuaJIT 2.1.0-beta3)

Running the test with following options:
Number of threads: 16
Report intermediate results every 1.000000 second(s)
Initializing random number generator from current time


Initializing worker threads...

Threads started!

[ 1.0s ] thds: 16 tps: 43.70 qps: 1123.34 (r/w/o: 828.35/191.69/103.30) lat (ms,95%): 580.02 err/s: 0.00 reconn/s: 0.00
[ 2.0s ] thds: 16 tps: 48.01 qps: 959.19 (r/w/o: 671.14/192.04/96.02) lat (ms,95%): 559.50 err/s: 0.00 reconn/s: 0.00
[ 3.0s ] thds: 16 tps: 38.05 qps: 769.10 (r/w/o: 534.76/158.23/76.11) lat (ms,95%): 1032.01 err/s: 0.00 reconn/s: 0.00
[ 4.0s ] thds: 16 tps: 51.93 qps: 1035.61 (r/w/o: 731.02/200.73/103.86) lat (ms,95%): 773.68 err/s: 0.00 reconn/s: 0.00
[ 5.0s ] thds: 16 tps: 45.01 qps: 891.23 (r/w/o: 624.16/177.05/90.02) lat (ms,95%): 846.57 err/s: 0.00 reconn/s: 0.00
[ 6.0s ] thds: 16 tps: 36.04 qps: 725.71 (r/w/o: 507.50/146.14/72.07) lat (ms,95%): 926.33 err/s: 0.00 reconn/s: 0.00
[ 7.0s ] thds: 16 tps: 61.13 qps: 1220.54 (r/w/o: 851.77/246.51/122.25) lat (ms,95%): 559.50 err/s: 0.00 reconn/s: 0.00
[ 8.0s ] thds: 16 tps: 55.97 qps: 1107.37 (r/w/o: 774.56/220.88/111.94) lat (ms,95%): 530.08 err/s: 0.00 reconn/s: 0.00
[ 9.0s ] thds: 16 tps: 54.01 qps: 1101.20 (r/w/o: 773.14/220.04/108.02) lat (ms,95%): 511.33 err/s: 0.00 reconn/s: 0.00
[ 10.0s ] thds: 16 tps: 28.98 qps: 575.70 (r/w/o: 400.79/116.94/57.97) lat (ms,95%): 995.51 err/s: 0.00 reconn/s: 0.00
[ 11.0s ] thds: 16 tps: 37.02 qps: 746.31 (r/w/o: 521.21/151.06/74.03) lat (ms,95%): 719.92 err/s: 0.00 reconn/s: 0.00
[ 12.0s ] thds: 16 tps: 45.93 qps: 909.66 (r/w/o: 640.06/177.74/91.86) lat (ms,95%): 719.92 err/s: 0.00 reconn/s: 0.00
[ 13.0s ] thds: 16 tps: 79.12 qps: 1524.40 (r/w/o: 1060.67/305.48/158.25) lat (ms,95%): 539.71 err/s: 0.00 reconn/s: 0.00
[ 14.0s ] thds: 16 tps: 78.77 qps: 1638.17 (r/w/o: 1148.61/332.02/157.54) lat (ms,95%): 442.73 err/s: 0.00 reconn/s: 0.00
[ 15.0s ] thds: 16 tps: 58.23 qps: 1161.50 (r/w/o: 812.15/232.90/116.45) lat (ms,95%): 484.44 err/s: 0.00 reconn/s: 0.00
[ 16.0s ] thds: 16 tps: 77.98 qps: 1558.64 (r/w/o: 1098.75/303.93/155.96) lat (ms,95%): 434.83 err/s: 0.00 reconn/s: 0.00
[ 17.0s ] thds: 16 tps: 70.99 qps: 1380.80 (r/w/o: 954.86/283.96/141.98) lat (ms,95%): 442.73 err/s: 0.00 reconn/s: 0.00
[ 18.0s ] thds: 16 tps: 53.97 qps: 1118.29 (r/w/o: 787.50/222.86/107.93) lat (ms,95%): 549.52 err/s: 0.00 reconn/s: 0.00
[ 19.0s ] thds: 16 tps: 55.84 qps: 887.44 (r/w/o: 573.35/202.42/111.68) lat (ms,95%): 458.96 err/s: 0.00 reconn/s: 0.00
[ 20.0s ] thds: 16 tps: 53.04 qps: 1258.90 (r/w/o: 918.66/234.17/106.08) lat (ms,95%): 404.61 err/s: 0.00 reconn/s: 0.00
[ 21.0s ] thds: 16 tps: 59.99 qps: 1213.71 (r/w/o: 864.79/228.95/119.97) lat (ms,95%): 419.45 err/s: 0.00 reconn/s: 0.00
[ 22.0s ] thds: 16 tps: 70.06 qps: 1360.11 (r/w/o: 937.76/282.23/140.11) lat (ms,95%): 475.79 err/s: 0.00 reconn/s: 0.00
[ 23.0s ] thds: 16 tps: 66.16 qps: 1329.22 (r/w/o: 925.24/271.66/132.32) lat (ms,95%): 383.33 err/s: 0.00 reconn/s: 0.00
[ 24.0s ] thds: 16 tps: 92.97 qps: 1840.33 (r/w/o: 1292.53/361.87/185.93) lat (ms,95%): 277.21 err/s: 0.00 reconn/s: 0.00
[ 25.0s ] thds: 16 tps: 52.02 qps: 1095.41 (r/w/o: 776.29/215.08/104.04) lat (ms,95%): 694.45 err/s: 0.00 reconn/s: 0.00
[ 26.0s ] thds: 16 tps: 73.99 qps: 1505.76 (r/w/o: 1048.83/308.95/147.98) lat (ms,95%): 369.77 err/s: 0.00 reconn/s: 0.00
[ 27.0s ] thds: 16 tps: 57.97 qps: 1094.36 (r/w/o: 762.56/215.87/115.93) lat (ms,95%): 580.02 err/s: 0.00 reconn/s: 0.00
[ 28.0s ] thds: 16 tps: 0.00 qps: 57.83 (r/w/o: 57.83/0.00/0.00) lat (ms,95%): 0.00 err/s: 0.00 reconn/s: 0.00
[ 29.0s ] thds: 16 tps: 0.00 qps: 0.00 (r/w/o: 0.00/0.00/0.00) lat (ms,95%): 0.00 err/s: 0.00 reconn/s: 0.00
[ 30.0s ] thds: 16 tps: 0.00 qps: 0.00 (r/w/o: 0.00/0.00/0.00) lat (ms,95%): 0.00 err/s: 0.00 reconn/s: 0.00
[ 31.0s ] thds: 16 tps: 0.00 qps: 0.00 (r/w/o: 0.00/0.00/0.00) lat (ms,95%): 0.00 err/s: 0.00 reconn/s: 0.00
[ 32.0s ] thds: 16 tps: 0.00 qps: 0.00 (r/w/o: 0.00/0.00/0.00) lat (ms,95%): 0.00 err/s: 0.00 reconn/s: 0.00
[ 33.0s ] thds: 16 tps: 0.00 qps: 0.00 (r/w/o: 0.00/0.00/0.00) lat (ms,95%): 0.00 err/s: 0.00 reconn/s: 0.00
[ 34.0s ] thds: 16 tps: 0.00 qps: 0.00 (r/w/o: 0.00/0.00/0.00) lat (ms,95%): 0.00 err/s: 0.00 reconn/s: 0.00
[ 35.0s ] thds: 16 tps: 0.00 qps: 0.00 (r/w/o: 0.00/0.00/0.00) lat (ms,95%): 0.00 err/s: 0.00 reconn/s: 0.00
[ 36.0s ] thds: 16 tps: 0.00 qps: 0.00 (r/w/o: 0.00/0.00/0.00) lat (ms,95%): 0.00 err/s: 0.00 reconn/s: 0.00
[ 37.0s ] thds: 16 tps: 0.00 qps: 0.00 (r/w/o: 0.00/0.00/0.00) lat (ms,95%): 0.00 err/s: 0.00 reconn/s: 0.00
[ 38.0s ] thds: 16 tps: 0.00 qps: 0.00 (r/w/o: 0.00/0.00/0.00) lat (ms,95%): 0.00 err/s: 0.00 reconn/s: 0.00
[ 39.0s ] thds: 16 tps: 0.00 qps: 0.00 (r/w/o: 0.00/0.00/0.00) lat (ms,95%): 0.00 err/s: 0.00 reconn/s: 0.00
[ 40.0s ] thds: 16 tps: 0.00 qps: 0.00 (r/w/o: 0.00/0.00/0.00) lat (ms,95%): 0.00 err/s: 0.00 reconn/s: 0.00
[ 41.0s ] thds: 16 tps: 0.00 qps: 0.00 (r/w/o: 0.00/0.00/0.00) lat (ms,95%): 0.00 err/s: 0.00 reconn/s: 0.00
[ 42.0s ] thds: 16 tps: 0.00 qps: 0.00 (r/w/o: 0.00/0.00/0.00) lat (ms,95%): 0.00 err/s: 0.00 reconn/s: 0.00
[ 43.0s ] thds: 16 tps: 0.00 qps: 0.00 (r/w/o: 0.00/0.00/0.00) lat (ms,95%): 0.00 err/s: 0.00 reconn/s: 0.00
[ 44.0s ] thds: 16 tps: 0.00 qps: 0.00 (r/w/o: 0.00/0.00/0.00) lat (ms,95%): 0.00 err/s: 0.00 reconn/s: 0.00
[ 45.0s ] thds: 16 tps: 0.00 qps: 0.00 (r/w/o: 0.00/0.00/0.00) lat (ms,95%): 0.00 err/s: 0.00 reconn/s: 0.00
[ 46.0s ] thds: 16 tps: 0.00 qps: 0.00 (r/w/o: 0.00/0.00/0.00) lat (ms,95%): 0.00 err/s: 0.00 reconn/s: 0.00
[ 47.0s ] thds: 16 tps: 0.00 qps: 0.00 (r/w/o: 0.00/0.00/0.00) lat (ms,95%): 0.00 err/s: 0.00 reconn/s: 0.00
[ 48.0s ] thds: 16 tps: 0.00 qps: 0.00 (r/w/o: 0.00/0.00/0.00) lat (ms,95%): 0.00 err/s: 0.00 reconn/s: 0.00
[ 49.0s ] thds: 16 tps: 0.00 qps: 0.00 (r/w/o: 0.00/0.00/0.00) lat (ms,95%): 0.00 err/s: 0.00 reconn/s: 0.00
[ 50.0s ] thds: 16 tps: 0.00 qps: 0.00 (r/w/o: 0.00/0.00/0.00) lat (ms,95%): 0.00 err/s: 0.00 reconn/s: 0.00
[ 51.0s ] thds: 16 tps: 0.00 qps: 0.00 (r/w/o: 0.00/0.00/0.00) lat (ms,95%): 0.00 err/s: 0.00 reconn/s: 0.00
[ 52.0s ] thds: 16 tps: 0.00 qps: 0.00 (r/w/o: 0.00/0.00/0.00) lat (ms,95%): 0.00 err/s: 0.00 reconn/s: 0.00
[ 53.0s ] thds: 16 tps: 0.00 qps: 0.00 (r/w/o: 0.00/0.00/0.00) lat (ms,95%): 0.00 err/s: 0.00 reconn/s: 0.00
[ 54.0s ] thds: 16 tps: 0.00 qps: 0.00 (r/w/o: 0.00/0.00/0.00) lat (ms,95%): 0.00 err/s: 0.00 reconn/s: 0.00
[ 55.0s ] thds: 16 tps: 0.00 qps: 0.00 (r/w/o: 0.00/0.00/0.00) lat (ms,95%): 0.00 err/s: 0.00 reconn/s: 0.00
[ 56.0s ] thds: 16 tps: 0.00 qps: 0.00 (r/w/o: 0.00/0.00/0.00) lat (ms,95%): 0.00 err/s: 0.00 reconn/s: 0.00
[ 57.0s ] thds: 16 tps: 0.00 qps: 0.00 (r/w/o: 0.00/0.00/0.00) lat (ms,95%): 0.00 err/s: 0.00 reconn/s: 0.00
[ 58.0s ] thds: 16 tps: 0.00 qps: 0.00 (r/w/o: 0.00/0.00/0.00) lat (ms,95%): 0.00 err/s: 0.00 reconn/s: 0.00
[ 59.0s ] thds: 16 tps: 0.00 qps: 0.00 (r/w/o: 0.00/0.00/0.00) lat (ms,95%): 0.00 err/s: 0.00 reconn/s: 0.00
[ 60.0s ] thds: 16 tps: 0.00 qps: 0.00 (r/w/o: 0.00/0.00/0.00) lat (ms,95%): 0.00 err/s: 0.00 reconn/s: 0.00
[ 61.0s ] thds: 16 tps: 0.00 qps: 0.00 (r/w/o: 0.00/0.00/0.00) lat (ms,95%): 0.00 err/s: 0.00 reconn/s: 0.00
[ 62.0s ] thds: 16 tps: 0.00 qps: 0.00 (r/w/o: 0.00/0.00/0.00) lat (ms,95%): 0.00 err/s: 0.00 reconn/s: 0.00
[ 63.0s ] thds: 16 tps: 0.00 qps: 0.00 (r/w/o: 0.00/0.00/0.00) lat (ms,95%): 0.00 err/s: 0.00 reconn/s: 0.00
[ 64.0s ] thds: 16 tps: 0.00 qps: 0.00 (r/w/o: 0.00/0.00/0.00) lat (ms,95%): 0.00 err/s: 0.00 reconn/s: 0.00
[ 65.0s ] thds: 16 tps: 0.00 qps: 0.00 (r/w/o: 0.00/0.00/0.00) lat (ms,95%): 0.00 err/s: 0.00 reconn/s: 0.00
[ 66.0s ] thds: 16 tps: 0.00 qps: 0.00 (r/w/o: 0.00/0.00/0.00) lat (ms,95%): 0.00 err/s: 0.00 reconn/s: 0.00
[ 67.0s ] thds: 16 tps: 0.00 qps: 0.00 (r/w/o: 0.00/0.00/0.00) lat (ms,95%): 0.00 err/s: 0.00 reconn/s: 0.00
[ 68.0s ] thds: 16 tps: 0.00 qps: 0.00 (r/w/o: 0.00/0.00/0.00) lat (ms,95%): 0.00 err/s: 0.00 reconn/s: 0.00
[ 69.0s ] thds: 16 tps: 0.00 qps: 0.00 (r/w/o: 0.00/0.00/0.00) lat (ms,95%): 0.00 err/s: 0.00 reconn/s: 0.00
[ 70.0s ] thds: 16 tps: 0.00 qps: 0.00 (r/w/o: 0.00/0.00/0.00) lat (ms,95%): 0.00 err/s: 0.00 reconn/s: 0.00
[ 71.0s ] thds: 16 tps: 0.00 qps: 0.00 (r/w/o: 0.00/0.00/0.00) lat (ms,95%): 0.00 err/s: 0.00 reconn/s: 0.00
[ 72.0s ] thds: 16 tps: 0.00 qps: 0.00 (r/w/o: 0.00/0.00/0.00) lat (ms,95%): 0.00 err/s: 0.00 reconn/s: 0.00
[ 73.0s ] thds: 16 tps: 0.00 qps: 0.00 (r/w/o: 0.00/0.00/0.00) lat (ms,95%): 0.00 err/s: 0.00 reconn/s: 0.00
[ 74.0s ] thds: 16 tps: 0.00 qps: 0.00 (r/w/o: 0.00/0.00/0.00) lat (ms,95%): 0.00 err/s: 0.00 reconn/s: 0.00
[ 75.0s ] thds: 16 tps: 0.00 qps: 0.00 (r/w/o: 0.00/0.00/0.00) lat (ms,95%): 0.00 err/s: 0.00 reconn/s: 0.00
[ 76.0s ] thds: 16 tps: 0.00 qps: 0.00 (r/w/o: 0.00/0.00/0.00) lat (ms,95%): 0.00 err/s: 0.00 reconn/s: 0.00
[ 77.0s ] thds: 16 tps: 0.00 qps: 0.00 (r/w/o: 0.00/0.00/0.00) lat (ms,95%): 0.00 err/s: 0.00 reconn/s: 0.00
[ 78.0s ] thds: 16 tps: 0.00 qps: 0.00 (r/w/o: 0.00/0.00/0.00) lat (ms,95%): 0.00 err/s: 0.00 reconn/s: 0.00
[ 79.0s ] thds: 16 tps: 0.00 qps: 0.00 (r/w/o: 0.00/0.00/0.00) lat (ms,95%): 0.00 err/s: 0.00 reconn/s: 0.00
[ 80.0s ] thds: 16 tps: 0.00 qps: 0.00 (r/w/o: 0.00/0.00/0.00) lat (ms,95%): 0.00 err/s: 0.00 reconn/s: 0.00
[ 81.0s ] thds: 16 tps: 0.00 qps: 0.00 (r/w/o: 0.00/0.00/0.00) lat (ms,95%): 0.00 err/s: 0.00 reconn/s: 0.00
[ 82.0s ] thds: 16 tps: 0.00 qps: 0.00 (r/w/o: 0.00/0.00/0.00) lat (ms,95%): 0.00 err/s: 0.00 reconn/s: 0.00
[ 83.0s ] thds: 16 tps: 0.00 qps: 0.00 (r/w/o: 0.00/0.00/0.00) lat (ms,95%): 0.00 err/s: 0.00 reconn/s: 0.00
[ 84.0s ] thds: 16 tps: 0.00 qps: 0.00 (r/w/o: 0.00/0.00/0.00) lat (ms,95%): 0.00 err/s: 0.00 reconn/s: 0.00
[ 85.0s ] thds: 16 tps: 0.00 qps: 0.00 (r/w/o: 0.00/0.00/0.00) lat (ms,95%): 0.00 err/s: 0.00 reconn/s: 0.00
[ 86.0s ] thds: 16 tps: 0.00 qps: 0.00 (r/w/o: 0.00/0.00/0.00) lat (ms,95%): 0.00 err/s: 0.00 reconn/s: 0.00
[ 87.0s ] thds: 16 tps: 0.00 qps: 0.00 (r/w/o: 0.00/0.00/0.00) lat (ms,95%): 0.00 err/s: 0.00 reconn/s: 0.00
[ 88.0s ] thds: 16 tps: 0.00 qps: 0.00 (r/w/o: 0.00/0.00/0.00) lat (ms,95%): 0.00 err/s: 0.00 reconn/s: 0.00
[ 89.0s ] thds: 16 tps: 0.00 qps: 0.00 (r/w/o: 0.00/0.00/0.00) lat (ms,95%): 0.00 err/s: 0.00 reconn/s: 0.00
[ 90.0s ] thds: 16 tps: 0.00 qps: 0.00 (r/w/o: 0.00/0.00/0.00) lat (ms,95%): 0.00 err/s: 0.00 reconn/s: 0.00
[ 91.0s ] thds: 16 tps: 0.00 qps: 0.00 (r/w/o: 0.00/0.00/0.00) lat (ms,95%): 0.00 err/s: 0.00 reconn/s: 0.00
[ 92.0s ] thds: 16 tps: 0.00 qps: 0.00 (r/w/o: 0.00/0.00/0.00) lat (ms,95%): 0.00 err/s: 0.00 reconn/s: 0.00
[ 93.0s ] thds: 16 tps: 0.00 qps: 0.00 (r/w/o: 0.00/0.00/0.00) lat (ms,95%): 0.00 err/s: 0.00 reconn/s: 0.00
[ 94.0s ] thds: 16 tps: 0.00 qps: 0.00 (r/w/o: 0.00/0.00/0.00) lat (ms,95%): 0.00 err/s: 0.00 reconn/s: 0.00
[ 95.0s ] thds: 16 tps: 0.00 qps: 0.00 (r/w/o: 0.00/0.00/0.00) lat (ms,95%): 0.00 err/s: 0.00 reconn/s: 0.00
[ 96.0s ] thds: 16 tps: 0.00 qps: 0.00 (r/w/o: 0.00/0.00/0.00) lat (ms,95%): 0.00 err/s: 0.00 reconn/s: 0.00
[ 97.0s ] thds: 16 tps: 0.00 qps: 0.00 (r/w/o: 0.00/0.00/0.00) lat (ms,95%): 0.00 err/s: 0.00 reconn/s: 0.00
[ 98.0s ] thds: 16 tps: 0.00 qps: 0.00 (r/w/o: 0.00/0.00/0.00) lat (ms,95%): 0.00 err/s: 0.00 reconn/s: 0.00
[ 99.0s ] thds: 16 tps: 0.00 qps: 0.00 (r/w/o: 0.00/0.00/0.00) lat (ms,95%): 0.00 err/s: 0.00 reconn/s: 0.00
[ 100.0s ] thds: 16 tps: 0.00 qps: 0.00 (r/w/o: 0.00/0.00/0.00) lat (ms,95%): 0.00 err/s: 0.00 reconn/s: 0.00
[ 101.0s ] thds: 16 tps: 0.00 qps: 0.00 (r/w/o: 0.00/0.00/0.00) lat (ms,95%): 0.00 err/s: 0.00 reconn/s: 0.00
[ 102.0s ] thds: 16 tps: 0.00 qps: 0.00 (r/w/o: 0.00/0.00/0.00) lat (ms,95%): 0.00 err/s: 0.00 reconn/s: 0.00
[ 103.0s ] thds: 16 tps: 0.00 qps: 0.00 (r/w/o: 0.00/0.00/0.00) lat (ms,95%): 0.00 err/s: 0.00 reconn/s: 0.00
[ 104.0s ] thds: 16 tps: 0.00 qps: 0.00 (r/w/o: 0.00/0.00/0.00) lat (ms,95%): 0.00 err/s: 0.00 reconn/s: 0.00
[ 105.0s ] thds: 16 tps: 0.00 qps: 0.00 (r/w/o: 0.00/0.00/0.00) lat (ms,95%): 0.00 err/s: 0.00 reconn/s: 0.00
[ 106.0s ] thds: 16 tps: 78.20 qps: 1502.89 (r/w/o: 1039.69/306.79/156.40) lat (ms,95%): 79129.46 err/s: 0.00 reconn/s: 0.00
[ 107.0s ] thds: 16 tps: 55.03 qps: 1155.69 (r/w/o: 820.49/225.13/110.07) lat (ms,95%): 484.44 err/s: 0.00 reconn/s: 0.00
[ 108.0s ] thds: 16 tps: 42.99 qps: 819.89 (r/w/o: 569.93/163.98/85.99) lat (ms,95%): 530.08 err/s: 0.00 reconn/s: 0.00
[ 109.0s ] thds: 16 tps: 80.02 qps: 1605.50 (r/w/o: 1120.35/325.10/160.05) lat (ms,95%): 520.62 err/s: 0.00 reconn/s: 0.00
[ 110.0s ] thds: 16 tps: 68.86 qps: 1403.14 (r/w/o: 980.00/285.42/137.72) lat (ms,95%): 411.96 err/s: 0.00 reconn/s: 0.00
[ 111.0s ] thds: 16 tps: 59.93 qps: 1088.73 (r/w/o: 748.13/220.74/119.86) lat (ms,95%): 493.24 err/s: 0.00 reconn/s: 0.00
[ 112.0s ] thds: 16 tps: 57.16 qps: 1221.50 (r/w/o: 876.51/230.66/114.33) lat (ms,95%): 1050.76 err/s: 0.00 reconn/s: 0.00
[ 113.0s ] thds: 16 tps: 89.03 qps: 1757.52 (r/w/o: 1219.36/360.11/178.05) lat (ms,95%): 277.21 err/s: 0.00 reconn/s: 0.00
[ 114.0s ] thds: 16 tps: 74.84 qps: 1552.66 (r/w/o: 1082.67/320.31/149.68) lat (ms,95%): 369.77 err/s: 0.00 reconn/s: 0.00
[ 115.0s ] thds: 16 tps: 57.07 qps: 1145.39 (r/w/o: 813.99/217.26/114.14) lat (ms,95%): 530.08 err/s: 0.00 reconn/s: 0.00
[ 116.0s ] thds: 16 tps: 80.07 qps: 1536.34 (r/w/o: 1062.92/313.27/160.14) lat (ms,95%): 427.07 err/s: 0.00 reconn/s: 0.00
[ 117.0s ] thds: 16 tps: 62.00 qps: 1250.99 (r/w/o: 875.99/251.00/124.00) lat (ms,95%): 539.71 err/s: 0.00 reconn/s: 0.00
[ 118.0s ] thds: 16 tps: 90.01 qps: 1827.13 (r/w/o: 1286.09/361.03/180.01) lat (ms,95%): 292.60 err/s: 0.00 reconn/s: 0.00
[ 119.0s ] thds: 16 tps: 48.00 qps: 982.98 (r/w/o: 687.99/199.00/96.00) lat (ms,95%): 458.96 err/s: 0.00 reconn/s: 0.00
[ 120.0s ] thds: 16 tps: 80.97 qps: 1589.50 (r/w/o: 1117.65/309.90/161.95) lat (ms,95%): 337.94 err/s: 0.00 reconn/s: 0.00
SQL statistics:
    queries performed:
        read:                            36218
        write:                           10348
        other:                           5174
        total:                           51740
    transactions:                        2587   (21.52 per sec.)
    queries:                             51740  (430.36 per sec.)
    ignored errors:                      0      (0.00 per sec.)
    reconnects:                          0      (0.00 per sec.)

Throughput:
    events/s (eps):                      21.5178
    time elapsed:                        120.2260s
    total number of events:              2587

Latency (ms):
         min:                                   25.13
         avg:                                  742.92
         max:                                78588.92
         95th percentile:                      580.02
         sum:                              1921922.79

Threads fairness:
    events (avg/stddev):           161.6875/5.81
    execution time (avg/stddev):   120.1202/0.07

