sysbench 1.1.0-f698960 (using bundled LuaJIT 2.1.0-beta3)

Running the test with following options:
Number of threads: 16
Report intermediate results every 1.000000 second(s)
Initializing random number generator from current time


Initializing worker threads...

Threads started!

[ 1.0s ] thds: 16 tps: 1599.65 qps: 32195.49 (r/w/o: 22551.70/6428.53/3215.26) lat (ms,95%): 13.46 err/s: 0.00 reconn/s: 0.00
[ 2.0s ] thds: 16 tps: 1691.03 qps: 33921.58 (r/w/o: 23741.41/6798.11/3382.06) lat (ms,95%): 20.74 err/s: 0.00 reconn/s: 0.00
[ 3.0s ] thds: 16 tps: 1691.00 qps: 33805.91 (r/w/o: 23670.94/6752.98/3381.99) lat (ms,95%): 24.38 err/s: 0.00 reconn/s: 0.00
[ 4.0s ] thds: 16 tps: 1691.49 qps: 33810.87 (r/w/o: 23674.90/6752.98/3382.99) lat (ms,95%): 24.83 err/s: 0.00 reconn/s: 0.00
[ 5.0s ] thds: 16 tps: 1154.89 qps: 23063.73 (r/w/o: 16145.41/4608.54/2309.78) lat (ms,95%): 90.78 err/s: 0.00 reconn/s: 0.00
[ 6.0s ] thds: 16 tps: 1774.24 qps: 35524.82 (r/w/o: 24864.37/7111.96/3548.48) lat (ms,95%): 22.28 err/s: 0.00 reconn/s: 0.00
[ 7.0s ] thds: 16 tps: 1886.98 qps: 37719.58 (r/w/o: 26401.71/7542.92/3774.96) lat (ms,95%): 21.11 err/s: 0.00 reconn/s: 0.00
[ 8.0s ] thds: 16 tps: 2168.86 qps: 43372.21 (r/w/o: 30363.05/8671.44/4337.72) lat (ms,95%): 9.22 err/s: 0.00 reconn/s: 0.00
[ 9.0s ] thds: 16 tps: 1679.10 qps: 33578.01 (r/w/o: 23503.40/6716.40/3358.20) lat (ms,95%): 25.28 err/s: 0.00 reconn/s: 0.00
[ 10.0s ] thds: 16 tps: 1463.19 qps: 29251.77 (r/w/o: 20480.64/5844.76/2926.38) lat (ms,95%): 25.28 err/s: 0.00 reconn/s: 0.00
[ 11.0s ] thds: 16 tps: 2191.13 qps: 43752.50 (r/w/o: 30613.74/8756.50/4382.25) lat (ms,95%): 9.22 err/s: 0.00 reconn/s: 0.00
[ 12.0s ] thds: 16 tps: 1864.84 qps: 37434.19 (r/w/o: 26201.34/7503.17/3729.67) lat (ms,95%): 9.22 err/s: 0.00 reconn/s: 0.00
[ 13.0s ] thds: 16 tps: 959.39 qps: 19047.30 (r/w/o: 13347.16/3781.36/1918.78) lat (ms,95%): 36.89 err/s: 0.00 reconn/s: 0.00
[ 14.0s ] thds: 16 tps: 1562.50 qps: 31285.92 (r/w/o: 21902.95/6257.99/3124.99) lat (ms,95%): 28.67 err/s: 0.00 reconn/s: 0.00
[ 15.0s ] thds: 16 tps: 2216.42 qps: 44406.46 (r/w/o: 31075.93/8897.69/4432.85) lat (ms,95%): 8.90 err/s: 0.00 reconn/s: 0.00
[ 16.0s ] thds: 16 tps: 2003.46 qps: 40030.17 (r/w/o: 28028.42/7994.83/4006.92) lat (ms,95%): 11.45 err/s: 0.00 reconn/s: 0.00
[ 17.0s ] thds: 16 tps: 1416.09 qps: 28379.77 (r/w/o: 19853.24/5694.35/2832.18) lat (ms,95%): 30.81 err/s: 0.00 reconn/s: 0.00
[ 18.0s ] thds: 16 tps: 2152.07 qps: 43036.43 (r/w/o: 30128.00/8604.29/4304.14) lat (ms,95%): 9.06 err/s: 0.00 reconn/s: 0.00
[ 19.0s ] thds: 16 tps: 2206.89 qps: 44091.85 (r/w/o: 30874.50/8802.56/4414.79) lat (ms,95%): 9.06 err/s: 0.00 reconn/s: 0.00
[ 20.0s ] thds: 16 tps: 1531.92 qps: 30604.59 (r/w/o: 21404.07/6136.67/3063.85) lat (ms,95%): 9.39 err/s: 0.00 reconn/s: 0.00
[ 21.0s ] thds: 16 tps: 1042.76 qps: 20860.27 (r/w/o: 14631.77/4142.98/2085.53) lat (ms,95%): 28.67 err/s: 0.00 reconn/s: 0.00
[ 22.0s ] thds: 16 tps: 1703.92 qps: 34099.45 (r/w/o: 23851.90/6839.70/3407.84) lat (ms,95%): 27.66 err/s: 0.00 reconn/s: 0.00
[ 23.0s ] thds: 16 tps: 2152.24 qps: 43052.75 (r/w/o: 30141.32/8606.95/4304.47) lat (ms,95%): 9.22 err/s: 0.00 reconn/s: 0.00
[ 24.0s ] thds: 16 tps: 1831.38 qps: 36590.66 (r/w/o: 25632.33/7295.56/3662.76) lat (ms,95%): 20.00 err/s: 0.00 reconn/s: 0.00
[ 25.0s ] thds: 16 tps: 1922.35 qps: 38359.00 (r/w/o: 26807.87/7709.43/3841.70) lat (ms,95%): 20.37 err/s: 0.00 reconn/s: 0.00
[ 26.0s ] thds: 16 tps: 1655.01 qps: 33207.29 (r/w/o: 23276.22/6618.04/3313.02) lat (ms,95%): 26.68 err/s: 0.00 reconn/s: 0.00
[ 27.0s ] thds: 16 tps: 2198.18 qps: 44016.61 (r/w/o: 30801.53/8818.72/4396.36) lat (ms,95%): 8.74 err/s: 0.00 reconn/s: 0.00
[ 28.0s ] thds: 16 tps: 1499.97 qps: 29990.44 (r/w/o: 20990.61/5999.89/2999.94) lat (ms,95%): 27.66 err/s: 0.00 reconn/s: 0.00
[ 29.0s ] thds: 16 tps: 2210.80 qps: 44130.94 (r/w/o: 30894.16/8815.19/4421.59) lat (ms,95%): 9.06 err/s: 0.00 reconn/s: 0.00
[ 30.0s ] thds: 16 tps: 1736.01 qps: 34758.16 (r/w/o: 24346.09/6938.05/3474.02) lat (ms,95%): 17.32 err/s: 1.00 reconn/s: 0.00
[ 31.0s ] thds: 16 tps: 1688.64 qps: 33887.59 (r/w/o: 23699.84/6808.47/3379.27) lat (ms,95%): 20.74 err/s: 1.00 reconn/s: 0.00
[ 32.0s ] thds: 16 tps: 1823.90 qps: 36398.74 (r/w/o: 25494.46/7256.49/3647.80) lat (ms,95%): 14.21 err/s: 0.00 reconn/s: 0.00
[ 33.0s ] thds: 16 tps: 2223.01 qps: 44429.30 (r/w/o: 31111.21/8872.06/4446.03) lat (ms,95%): 9.06 err/s: 0.00 reconn/s: 0.00
[ 34.0s ] thds: 16 tps: 1735.06 qps: 34712.14 (r/w/o: 24284.80/6957.23/3470.11) lat (ms,95%): 22.28 err/s: 0.00 reconn/s: 0.00
[ 35.0s ] thds: 16 tps: 1594.62 qps: 31904.33 (r/w/o: 22335.63/6379.47/3189.23) lat (ms,95%): 27.66 err/s: 0.00 reconn/s: 0.00
[ 36.0s ] thds: 16 tps: 2241.53 qps: 44877.55 (r/w/o: 31415.38/8979.11/4483.05) lat (ms,95%): 8.90 err/s: 0.00 reconn/s: 0.00
[ 37.0s ] thds: 16 tps: 1156.94 qps: 23074.80 (r/w/o: 16146.16/4614.76/2313.88) lat (ms,95%): 68.05 err/s: 0.00 reconn/s: 0.00
[ 38.0s ] thds: 16 tps: 1688.65 qps: 33844.80 (r/w/o: 23695.95/6771.55/3377.30) lat (ms,95%): 25.74 err/s: 0.00 reconn/s: 0.00
[ 39.0s ] thds: 16 tps: 1650.16 qps: 32922.03 (r/w/o: 23041.11/6580.60/3300.32) lat (ms,95%): 28.16 err/s: 0.00 reconn/s: 0.00
[ 40.0s ] thds: 16 tps: 2241.02 qps: 44858.44 (r/w/o: 31410.31/8966.09/4482.04) lat (ms,95%): 8.90 err/s: 0.00 reconn/s: 0.00
[ 41.0s ] thds: 16 tps: 1904.86 qps: 38035.18 (r/w/o: 26608.03/7617.44/3809.72) lat (ms,95%): 11.04 err/s: 0.00 reconn/s: 0.00
[ 42.0s ] thds: 16 tps: 909.20 qps: 18272.96 (r/w/o: 12797.78/3656.79/1818.39) lat (ms,95%): 53.85 err/s: 0.00 reconn/s: 0.00
[ 43.0s ] thds: 16 tps: 1747.07 qps: 34989.42 (r/w/o: 24483.01/7012.27/3494.15) lat (ms,95%): 11.65 err/s: 0.00 reconn/s: 0.00
[ 44.0s ] thds: 16 tps: 1865.88 qps: 37259.49 (r/w/o: 26096.26/7431.48/3731.76) lat (ms,95%): 11.04 err/s: 0.00 reconn/s: 0.00
[ 45.0s ] thds: 16 tps: 1880.98 qps: 37651.58 (r/w/o: 26353.71/7535.92/3761.96) lat (ms,95%): 10.65 err/s: 0.00 reconn/s: 0.00
[ 46.0s ] thds: 16 tps: 1224.74 qps: 24431.80 (r/w/o: 17092.36/4889.96/2449.48) lat (ms,95%): 49.21 err/s: 0.00 reconn/s: 0.00
[ 47.0s ] thds: 16 tps: 999.34 qps: 20075.42 (r/w/o: 14050.50/4026.24/1998.67) lat (ms,95%): 51.94 err/s: 0.00 reconn/s: 0.00
[ 48.0s ] thds: 16 tps: 1340.93 qps: 26727.28 (r/w/o: 18717.83/5327.59/2681.86) lat (ms,95%): 12.30 err/s: 0.00 reconn/s: 0.00
[ 49.0s ] thds: 16 tps: 1557.95 qps: 31231.01 (r/w/o: 21859.31/6255.80/3115.90) lat (ms,95%): 15.55 err/s: 0.00 reconn/s: 0.00
[ 50.0s ] thds: 16 tps: 994.66 qps: 19912.15 (r/w/o: 13932.22/3990.61/1989.32) lat (ms,95%): 51.02 err/s: 0.00 reconn/s: 0.00
[ 51.0s ] thds: 16 tps: 991.83 qps: 19836.60 (r/w/o: 13885.62/3967.32/1983.66) lat (ms,95%): 21.50 err/s: 0.00 reconn/s: 0.00
[ 52.0s ] thds: 16 tps: 1389.08 qps: 27781.62 (r/w/o: 19447.13/5556.32/2778.16) lat (ms,95%): 26.68 err/s: 0.00 reconn/s: 0.00
[ 53.0s ] thds: 16 tps: 1610.26 qps: 32053.92 (r/w/o: 22437.45/6395.96/3220.51) lat (ms,95%): 15.83 err/s: 0.00 reconn/s: 0.00
[ 54.0s ] thds: 16 tps: 1320.21 qps: 26465.14 (r/w/o: 18550.91/5273.83/2640.41) lat (ms,95%): 11.65 err/s: 0.00 reconn/s: 0.00
[ 55.0s ] thds: 16 tps: 862.87 qps: 17265.44 (r/w/o: 12068.19/3473.51/1723.74) lat (ms,95%): 66.84 err/s: 0.00 reconn/s: 0.00
[ 56.0s ] thds: 16 tps: 1800.68 qps: 36006.66 (r/w/o: 25214.56/7188.73/3603.37) lat (ms,95%): 11.04 err/s: 0.00 reconn/s: 0.00
[ 57.0s ] thds: 16 tps: 1372.16 qps: 27404.29 (r/w/o: 19175.31/5484.66/2744.33) lat (ms,95%): 41.10 err/s: 0.00 reconn/s: 0.00
[ 58.0s ] thds: 16 tps: 780.63 qps: 15740.67 (r/w/o: 11008.86/3170.55/1561.26) lat (ms,95%): 20.74 err/s: 0.00 reconn/s: 0.00
[ 59.0s ] thds: 16 tps: 333.95 qps: 6671.01 (r/w/o: 4673.30/1329.80/667.90) lat (ms,95%): 38.94 err/s: 0.00 reconn/s: 0.00
[ 60.0s ] thds: 16 tps: 426.58 qps: 8539.50 (r/w/o: 5974.06/1712.28/853.15) lat (ms,95%): 97.55 err/s: 0.00 reconn/s: 0.00
[ 61.0s ] thds: 16 tps: 10.00 qps: 195.91 (r/w/o: 139.94/35.98/19.99) lat (ms,95%): 231.53 err/s: 0.00 reconn/s: 0.00
[ 62.0s ] thds: 16 tps: 874.69 qps: 17497.73 (r/w/o: 12245.61/3502.75/1749.37) lat (ms,95%): 27.17 err/s: 0.00 reconn/s: 0.00
[ 63.0s ] thds: 16 tps: 921.85 qps: 18384.84 (r/w/o: 12883.84/3657.31/1843.70) lat (ms,95%): 134.90 err/s: 0.00 reconn/s: 0.00
[ 64.0s ] thds: 16 tps: 1490.31 qps: 29848.01 (r/w/o: 20884.23/5983.17/2980.61) lat (ms,95%): 11.45 err/s: 0.00 reconn/s: 0.00
[ 65.0s ] thds: 16 tps: 760.88 qps: 15215.54 (r/w/o: 10653.29/3040.50/1521.75) lat (ms,95%): 137.35 err/s: 0.00 reconn/s: 0.00
[ 66.0s ] thds: 16 tps: 722.24 qps: 14169.88 (r/w/o: 9889.23/2836.17/1444.48) lat (ms,95%): 12.08 err/s: 0.00 reconn/s: 0.00
[ 67.0s ] thds: 16 tps: 0.00 qps: 0.00 (r/w/o: 0.00/0.00/0.00) lat (ms,95%): 0.00 err/s: 0.00 reconn/s: 0.00
[ 68.0s ] thds: 16 tps: 0.00 qps: 0.00 (r/w/o: 0.00/0.00/0.00) lat (ms,95%): 0.00 err/s: 0.00 reconn/s: 0.00
[ 69.0s ] thds: 16 tps: 0.00 qps: 0.00 (r/w/o: 0.00/0.00/0.00) lat (ms,95%): 0.00 err/s: 0.00 reconn/s: 0.00
[ 70.0s ] thds: 16 tps: 0.00 qps: 0.00 (r/w/o: 0.00/0.00/0.00) lat (ms,95%): 0.00 err/s: 0.00 reconn/s: 0.00
[ 71.0s ] thds: 16 tps: 0.00 qps: 0.00 (r/w/o: 0.00/0.00/0.00) lat (ms,95%): 0.00 err/s: 0.00 reconn/s: 0.00
[ 72.0s ] thds: 16 tps: 0.00 qps: 0.00 (r/w/o: 0.00/0.00/0.00) lat (ms,95%): 0.00 err/s: 0.00 reconn/s: 0.00
[ 73.0s ] thds: 16 tps: 0.00 qps: 0.00 (r/w/o: 0.00/0.00/0.00) lat (ms,95%): 0.00 err/s: 0.00 reconn/s: 0.00
[ 74.0s ] thds: 16 tps: 0.00 qps: 0.00 (r/w/o: 0.00/0.00/0.00) lat (ms,95%): 0.00 err/s: 0.00 reconn/s: 0.00
[ 75.0s ] thds: 16 tps: 0.00 qps: 0.00 (r/w/o: 0.00/0.00/0.00) lat (ms,95%): 0.00 err/s: 0.00 reconn/s: 0.00
[ 76.0s ] thds: 16 tps: 0.00 qps: 0.00 (r/w/o: 0.00/0.00/0.00) lat (ms,95%): 0.00 err/s: 0.00 reconn/s: 0.00
[ 77.0s ] thds: 16 tps: 0.00 qps: 0.00 (r/w/o: 0.00/0.00/0.00) lat (ms,95%): 0.00 err/s: 0.00 reconn/s: 0.00
[ 78.0s ] thds: 16 tps: 0.00 qps: 0.00 (r/w/o: 0.00/0.00/0.00) lat (ms,95%): 0.00 err/s: 0.00 reconn/s: 0.00
[ 79.0s ] thds: 16 tps: 0.00 qps: 0.00 (r/w/o: 0.00/0.00/0.00) lat (ms,95%): 0.00 err/s: 0.00 reconn/s: 0.00
[ 80.0s ] thds: 16 tps: 0.00 qps: 0.00 (r/w/o: 0.00/0.00/0.00) lat (ms,95%): 0.00 err/s: 0.00 reconn/s: 0.00
[ 81.0s ] thds: 16 tps: 0.00 qps: 0.00 (r/w/o: 0.00/0.00/0.00) lat (ms,95%): 0.00 err/s: 0.00 reconn/s: 0.00
[ 82.0s ] thds: 16 tps: 0.00 qps: 0.00 (r/w/o: 0.00/0.00/0.00) lat (ms,95%): 0.00 err/s: 0.00 reconn/s: 0.00
[ 83.0s ] thds: 16 tps: 0.00 qps: 0.00 (r/w/o: 0.00/0.00/0.00) lat (ms,95%): 0.00 err/s: 0.00 reconn/s: 0.00
[ 84.0s ] thds: 16 tps: 0.00 qps: 0.00 (r/w/o: 0.00/0.00/0.00) lat (ms,95%): 0.00 err/s: 0.00 reconn/s: 0.00
[ 85.0s ] thds: 16 tps: 0.00 qps: 0.00 (r/w/o: 0.00/0.00/0.00) lat (ms,95%): 0.00 err/s: 0.00 reconn/s: 0.00
[ 86.0s ] thds: 16 tps: 0.00 qps: 0.00 (r/w/o: 0.00/0.00/0.00) lat (ms,95%): 0.00 err/s: 0.00 reconn/s: 0.00
[ 87.0s ] thds: 16 tps: 0.00 qps: 0.00 (r/w/o: 0.00/0.00/0.00) lat (ms,95%): 0.00 err/s: 0.00 reconn/s: 0.00
[ 88.0s ] thds: 16 tps: 0.00 qps: 0.00 (r/w/o: 0.00/0.00/0.00) lat (ms,95%): 0.00 err/s: 0.00 reconn/s: 0.00
[ 89.0s ] thds: 16 tps: 0.00 qps: 0.00 (r/w/o: 0.00/0.00/0.00) lat (ms,95%): 0.00 err/s: 0.00 reconn/s: 0.00
[ 90.0s ] thds: 16 tps: 0.00 qps: 0.00 (r/w/o: 0.00/0.00/0.00) lat (ms,95%): 0.00 err/s: 0.00 reconn/s: 0.00
[ 91.0s ] thds: 16 tps: 0.00 qps: 0.00 (r/w/o: 0.00/0.00/0.00) lat (ms,95%): 0.00 err/s: 0.00 reconn/s: 0.00
[ 92.0s ] thds: 16 tps: 0.00 qps: 0.00 (r/w/o: 0.00/0.00/0.00) lat (ms,95%): 0.00 err/s: 0.00 reconn/s: 0.00
[ 93.0s ] thds: 16 tps: 0.00 qps: 0.00 (r/w/o: 0.00/0.00/0.00) lat (ms,95%): 0.00 err/s: 0.00 reconn/s: 0.00
[ 94.0s ] thds: 16 tps: 0.00 qps: 0.00 (r/w/o: 0.00/0.00/0.00) lat (ms,95%): 0.00 err/s: 0.00 reconn/s: 0.00
[ 95.0s ] thds: 16 tps: 0.00 qps: 0.00 (r/w/o: 0.00/0.00/0.00) lat (ms,95%): 0.00 err/s: 0.00 reconn/s: 0.00
[ 96.0s ] thds: 16 tps: 0.00 qps: 0.00 (r/w/o: 0.00/0.00/0.00) lat (ms,95%): 0.00 err/s: 0.00 reconn/s: 0.00
[ 97.0s ] thds: 16 tps: 16.00 qps: 320.03 (r/w/o: 224.02/64.01/32.00) lat (ms,95%): 31023.52 err/s: 0.00 reconn/s: 0.00
[ 98.0s ] thds: 16 tps: 16.00 qps: 319.97 (r/w/o: 223.98/63.99/32.00) lat (ms,95%): 1032.01 err/s: 0.00 reconn/s: 0.00
[ 99.0s ] thds: 16 tps: 16.00 qps: 320.06 (r/w/o: 224.04/64.01/32.01) lat (ms,95%): 1032.01 err/s: 0.00 reconn/s: 0.00
[ 100.0s ] thds: 16 tps: 16.00 qps: 319.99 (r/w/o: 223.99/64.00/32.00) lat (ms,95%): 1032.01 err/s: 0.00 reconn/s: 0.00
[ 101.0s ] thds: 16 tps: 16.00 qps: 319.97 (r/w/o: 223.98/63.99/32.00) lat (ms,95%): 1013.60 err/s: 0.00 reconn/s: 0.00
[ 102.0s ] thds: 16 tps: 16.00 qps: 320.04 (r/w/o: 224.03/64.01/32.00) lat (ms,95%): 1235.62 err/s: 0.00 reconn/s: 0.00
[ 103.0s ] thds: 16 tps: 16.00 qps: 319.96 (r/w/o: 223.97/63.99/32.00) lat (ms,95%): 1032.01 err/s: 0.00 reconn/s: 0.00
[ 104.0s ] thds: 16 tps: 16.01 qps: 320.26 (r/w/o: 224.18/64.05/32.03) lat (ms,95%): 1013.60 err/s: 0.00 reconn/s: 0.00
[ 105.0s ] thds: 16 tps: 16.01 qps: 320.14 (r/w/o: 224.10/64.03/32.01) lat (ms,95%): 1013.60 err/s: 0.00 reconn/s: 0.00
[ 106.0s ] thds: 16 tps: 15.98 qps: 319.63 (r/w/o: 223.74/63.93/31.96) lat (ms,95%): 1013.60 err/s: 0.00 reconn/s: 0.00
[ 107.0s ] thds: 16 tps: 15.99 qps: 319.85 (r/w/o: 223.90/63.97/31.99) lat (ms,95%): 1032.01 err/s: 0.00 reconn/s: 0.00
[ 108.0s ] thds: 16 tps: 16.01 qps: 320.13 (r/w/o: 224.09/64.03/32.01) lat (ms,95%): 1013.60 err/s: 0.00 reconn/s: 0.00
[ 109.0s ] thds: 16 tps: 16.01 qps: 320.18 (r/w/o: 224.12/64.04/32.02) lat (ms,95%): 1013.60 err/s: 0.00 reconn/s: 0.00
[ 110.0s ] thds: 16 tps: 15.99 qps: 319.85 (r/w/o: 223.90/63.97/31.99) lat (ms,95%): 1013.60 err/s: 0.00 reconn/s: 0.00
[ 111.0s ] thds: 16 tps: 16.02 qps: 320.33 (r/w/o: 224.23/64.07/32.03) lat (ms,95%): 1013.60 err/s: 0.00 reconn/s: 0.00
[ 112.0s ] thds: 16 tps: 15.98 qps: 319.66 (r/w/o: 223.76/63.93/31.97) lat (ms,95%): 1013.60 err/s: 0.00 reconn/s: 0.00
[ 113.0s ] thds: 16 tps: 16.02 qps: 320.38 (r/w/o: 224.26/64.08/32.04) lat (ms,95%): 1013.60 err/s: 0.00 reconn/s: 0.00
[ 114.0s ] thds: 16 tps: 8.02 qps: 300.70 (r/w/o: 224.52/60.14/16.04) lat (ms,95%): 1013.60 err/s: 0.00 reconn/s: 0.00
[ 115.0s ] thds: 16 tps: 10.96 qps: 151.50 (r/w/o: 97.68/31.90/21.93) lat (ms,95%): 1032.01 err/s: 0.00 reconn/s: 0.00
[ 116.0s ] thds: 16 tps: 16.00 qps: 247.93 (r/w/o: 167.96/47.99/31.99) lat (ms,95%): 1032.01 err/s: 0.00 reconn/s: 0.00
[ 117.0s ] thds: 16 tps: 16.00 qps: 320.03 (r/w/o: 224.02/64.01/32.00) lat (ms,95%): 1013.60 err/s: 0.00 reconn/s: 0.00
[ 118.0s ] thds: 16 tps: 16.00 qps: 319.95 (r/w/o: 223.96/63.99/31.99) lat (ms,95%): 1013.60 err/s: 0.00 reconn/s: 0.00
[ 119.0s ] thds: 16 tps: 16.02 qps: 320.36 (r/w/o: 224.25/64.07/32.04) lat (ms,95%): 1013.60 err/s: 0.00 reconn/s: 0.00
[ 120.0s ] thds: 16 tps: 15.98 qps: 319.68 (r/w/o: 223.78/63.94/31.97) lat (ms,95%): 1013.60 err/s: 0.00 reconn/s: 0.00
SQL statistics:
    queries performed:
        read:                            1419530
        write:                           405574
        other:                           202792
        total:                           2027896
    transactions:                        101393 (838.94 per sec.)
    queries:                             2027896 (16779.17 per sec.)
    ignored errors:                      2      (0.02 per sec.)
    reconnects:                          0      (0.00 per sec.)

Throughput:
    events/s (eps):                      838.9438
    time elapsed:                        120.8579s
    total number of events:              101393

Latency (ms):
         min:                                    4.88
         avg:                                   18.97
         max:                                31045.83
         95th percentile:                       23.10
         sum:                              1923330.79

Threads fairness:
    events (avg/stddev):           6337.0625/16.35
    execution time (avg/stddev):   120.2082/0.30

