sysbench 1.1.0-f698960 (using bundled LuaJIT 2.1.0-beta3)

Running the test with following options:
Number of threads: 16
Report intermediate results every 1.000000 second(s)
Initializing random number generator from current time


Initializing worker threads...

Threads started!

[ 1.0s ] thds: 16 tps: 1692.29 qps: 34078.17 (r/w/o: 23879.55/6798.08/3400.54) lat (ms,95%): 13.46 err/s: 0.00 reconn/s: 0.00
[ 2.0s ] thds: 16 tps: 1484.38 qps: 29752.47 (r/w/o: 20816.25/5967.46/2968.76) lat (ms,95%): 27.66 err/s: 0.00 reconn/s: 0.00
[ 3.0s ] thds: 16 tps: 1058.04 qps: 21166.75 (r/w/o: 14813.53/4237.15/2116.07) lat (ms,95%): 99.33 err/s: 0.00 reconn/s: 0.00
[ 4.0s ] thds: 16 tps: 1443.18 qps: 28788.57 (r/w/o: 20172.52/5729.69/2886.36) lat (ms,95%): 29.19 err/s: 0.00 reconn/s: 0.00
[ 5.0s ] thds: 16 tps: 2150.75 qps: 43027.98 (r/w/o: 30116.48/8609.99/4301.50) lat (ms,95%): 8.74 err/s: 0.00 reconn/s: 0.00
[ 6.0s ] thds: 16 tps: 2067.41 qps: 41377.19 (r/w/o: 28951.74/8290.63/4134.82) lat (ms,95%): 9.73 err/s: 0.00 reconn/s: 0.00
[ 7.0s ] thds: 16 tps: 1201.56 qps: 24064.14 (r/w/o: 16839.79/4821.23/2403.11) lat (ms,95%): 31.37 err/s: 0.00 reconn/s: 0.00
[ 8.0s ] thds: 16 tps: 2315.11 qps: 46268.10 (r/w/o: 32400.48/9237.41/4630.21) lat (ms,95%): 8.74 err/s: 0.00 reconn/s: 0.00
[ 9.0s ] thds: 16 tps: 2355.89 qps: 47115.86 (r/w/o: 32977.50/9426.57/4711.79) lat (ms,95%): 8.58 err/s: 0.00 reconn/s: 0.00
[ 10.0s ] thds: 16 tps: 1775.12 qps: 35457.45 (r/w/o: 24842.68/7064.53/3550.24) lat (ms,95%): 24.38 err/s: 0.00 reconn/s: 0.00
[ 11.0s ] thds: 16 tps: 1613.41 qps: 32290.24 (r/w/o: 22587.74/6474.67/3227.82) lat (ms,95%): 26.68 err/s: 0.00 reconn/s: 0.00
[ 12.0s ] thds: 16 tps: 2322.35 qps: 46428.10 (r/w/o: 32495.97/9287.42/4644.71) lat (ms,95%): 8.58 err/s: 0.00 reconn/s: 0.00
[ 13.0s ] thds: 16 tps: 2388.63 qps: 47850.62 (r/w/o: 33482.85/9590.50/4777.27) lat (ms,95%): 8.43 err/s: 0.00 reconn/s: 0.00
[ 14.0s ] thds: 16 tps: 1489.01 qps: 29697.23 (r/w/o: 20795.17/5924.04/2978.03) lat (ms,95%): 32.53 err/s: 0.00 reconn/s: 0.00
[ 15.0s ] thds: 16 tps: 1821.55 qps: 36482.95 (r/w/o: 25537.67/7302.19/3643.09) lat (ms,95%): 27.66 err/s: 0.00 reconn/s: 0.00
[ 16.0s ] thds: 16 tps: 2222.08 qps: 44436.67 (r/w/o: 31112.17/8880.33/4444.17) lat (ms,95%): 8.13 err/s: 0.00 reconn/s: 0.00
[ 17.0s ] thds: 16 tps: 1540.96 qps: 30822.11 (r/w/o: 21574.38/6165.82/3081.91) lat (ms,95%): 24.83 err/s: 0.00 reconn/s: 0.00
[ 18.0s ] thds: 16 tps: 2219.16 qps: 44354.21 (r/w/o: 31053.24/8862.66/4438.32) lat (ms,95%): 8.43 err/s: 0.00 reconn/s: 0.00
[ 19.0s ] thds: 16 tps: 968.91 qps: 19440.14 (r/w/o: 13590.73/3911.58/1937.83) lat (ms,95%): 31.94 err/s: 0.00 reconn/s: 0.00
[ 20.0s ] thds: 16 tps: 2111.18 qps: 42100.11 (r/w/o: 29477.20/8400.55/4222.36) lat (ms,95%): 8.74 err/s: 0.00 reconn/s: 0.00
[ 21.0s ] thds: 16 tps: 1587.91 qps: 31815.17 (r/w/o: 22275.72/6362.63/3176.82) lat (ms,95%): 26.20 err/s: 0.00 reconn/s: 0.00
[ 22.0s ] thds: 16 tps: 2277.18 qps: 45512.53 (r/w/o: 31865.47/9092.71/4554.35) lat (ms,95%): 8.28 err/s: 0.00 reconn/s: 0.00
[ 23.0s ] thds: 16 tps: 1886.72 qps: 37744.32 (r/w/o: 26409.03/7561.86/3773.43) lat (ms,95%): 24.83 err/s: 0.00 reconn/s: 0.00
[ 24.0s ] thds: 16 tps: 1828.26 qps: 36400.49 (r/w/o: 25454.89/7290.08/3655.52) lat (ms,95%): 25.28 err/s: 0.00 reconn/s: 0.00
[ 25.0s ] thds: 16 tps: 2022.37 qps: 40659.86 (r/w/o: 28496.58/8115.54/4047.75) lat (ms,95%): 16.41 err/s: 1.00 reconn/s: 0.00
[ 26.0s ] thds: 16 tps: 2286.09 qps: 45713.83 (r/w/o: 32002.28/9139.37/4572.18) lat (ms,95%): 8.43 err/s: 0.00 reconn/s: 0.00
[ 27.0s ] thds: 16 tps: 1744.96 qps: 34878.15 (r/w/o: 24410.40/6977.83/3489.91) lat (ms,95%): 26.20 err/s: 0.00 reconn/s: 0.00
[ 28.0s ] thds: 16 tps: 1603.34 qps: 32018.79 (r/w/o: 22414.76/6397.36/3206.68) lat (ms,95%): 29.19 err/s: 0.00 reconn/s: 0.00
[ 29.0s ] thds: 16 tps: 2276.61 qps: 45602.26 (r/w/o: 31922.58/9126.45/4553.23) lat (ms,95%): 8.74 err/s: 0.00 reconn/s: 0.00
[ 30.0s ] thds: 16 tps: 2315.35 qps: 46284.04 (r/w/o: 32401.93/9250.41/4631.70) lat (ms,95%): 8.58 err/s: 0.00 reconn/s: 0.00
[ 31.0s ] thds: 16 tps: 1025.97 qps: 20607.32 (r/w/o: 14406.53/4148.86/2051.93) lat (ms,95%): 34.33 err/s: 0.00 reconn/s: 0.00
[ 32.0s ] thds: 16 tps: 930.10 qps: 18539.04 (r/w/o: 12993.43/3684.41/1861.20) lat (ms,95%): 106.75 err/s: 0.00 reconn/s: 0.00
[ 33.0s ] thds: 16 tps: 2366.14 qps: 47342.71 (r/w/o: 33134.90/9476.54/4731.27) lat (ms,95%): 8.58 err/s: 0.00 reconn/s: 0.00
[ 34.0s ] thds: 16 tps: 2421.62 qps: 48438.43 (r/w/o: 33910.70/9682.49/4845.24) lat (ms,95%): 8.28 err/s: 1.00 reconn/s: 0.00
[ 35.0s ] thds: 16 tps: 1351.61 qps: 27020.27 (r/w/o: 18932.57/5384.47/2703.23) lat (ms,95%): 29.72 err/s: 0.00 reconn/s: 0.00
[ 36.0s ] thds: 16 tps: 1898.25 qps: 37990.01 (r/w/o: 26580.49/7613.02/3796.50) lat (ms,95%): 16.12 err/s: 0.00 reconn/s: 0.00
[ 37.0s ] thds: 16 tps: 2249.55 qps: 45007.92 (r/w/o: 31494.65/9014.18/4499.09) lat (ms,95%): 8.43 err/s: 0.00 reconn/s: 0.00
[ 38.0s ] thds: 16 tps: 1771.77 qps: 35460.31 (r/w/o: 24813.73/7103.04/3543.54) lat (ms,95%): 24.83 err/s: 0.00 reconn/s: 0.00
[ 39.0s ] thds: 16 tps: 1863.75 qps: 37233.01 (r/w/o: 26074.53/7428.97/3729.51) lat (ms,95%): 20.74 err/s: 1.00 reconn/s: 0.00
[ 40.0s ] thds: 16 tps: 2002.40 qps: 39972.89 (r/w/o: 27982.52/7985.57/4004.79) lat (ms,95%): 23.52 err/s: 0.00 reconn/s: 0.00
[ 41.0s ] thds: 16 tps: 1762.01 qps: 35329.15 (r/w/o: 24733.11/7072.03/3524.02) lat (ms,95%): 12.30 err/s: 0.00 reconn/s: 0.00
[ 42.0s ] thds: 16 tps: 1290.80 qps: 25679.09 (r/w/o: 17961.27/5138.22/2579.61) lat (ms,95%): 48.34 err/s: 0.00 reconn/s: 0.00
[ 43.0s ] thds: 16 tps: 1973.06 qps: 39619.21 (r/w/o: 27745.84/7925.24/3948.12) lat (ms,95%): 10.09 err/s: 0.00 reconn/s: 0.00
[ 44.0s ] thds: 16 tps: 1541.48 qps: 30809.61 (r/w/o: 21564.73/6160.92/3083.96) lat (ms,95%): 39.65 err/s: 0.00 reconn/s: 0.00
[ 45.0s ] thds: 16 tps: 1789.89 qps: 35842.59 (r/w/o: 25079.35/7183.47/3579.77) lat (ms,95%): 9.91 err/s: 0.00 reconn/s: 0.00
[ 46.0s ] thds: 16 tps: 529.54 qps: 10551.66 (r/w/o: 7394.49/2098.10/1059.08) lat (ms,95%): 95.81 err/s: 0.00 reconn/s: 0.00
[ 47.0s ] thds: 16 tps: 1939.44 qps: 38741.80 (r/w/o: 27127.16/7736.76/3877.88) lat (ms,95%): 10.46 err/s: 0.00 reconn/s: 0.00
[ 48.0s ] thds: 16 tps: 1793.14 qps: 35966.62 (r/w/o: 25161.86/7215.49/3589.27) lat (ms,95%): 10.27 err/s: 1.00 reconn/s: 0.00
[ 49.0s ] thds: 16 tps: 901.34 qps: 18026.78 (r/w/o: 12618.75/3605.36/1802.68) lat (ms,95%): 64.47 err/s: 0.00 reconn/s: 0.00
[ 50.0s ] thds: 16 tps: 636.77 qps: 12678.40 (r/w/o: 8890.80/2514.05/1273.55) lat (ms,95%): 74.46 err/s: 0.00 reconn/s: 0.00
[ 51.0s ] thds: 16 tps: 858.62 qps: 17167.31 (r/w/o: 12018.62/3431.46/1717.23) lat (ms,95%): 58.92 err/s: 0.00 reconn/s: 0.00
[ 52.0s ] thds: 16 tps: 825.20 qps: 16565.81 (r/w/o: 11578.73/3336.68/1650.40) lat (ms,95%): 26.20 err/s: 0.00 reconn/s: 0.00
[ 53.0s ] thds: 16 tps: 1336.96 qps: 26739.15 (r/w/o: 18717.40/5347.83/2673.91) lat (ms,95%): 25.74 err/s: 0.00 reconn/s: 0.00
[ 54.0s ] thds: 16 tps: 1595.89 qps: 31880.79 (r/w/o: 22329.49/6359.52/3191.79) lat (ms,95%): 12.30 err/s: 0.00 reconn/s: 0.00
[ 55.0s ] thds: 16 tps: 403.74 qps: 8111.61 (r/w/o: 5665.27/1638.87/807.47) lat (ms,95%): 147.61 err/s: 0.00 reconn/s: 0.00
[ 56.0s ] thds: 16 tps: 998.27 qps: 19965.39 (r/w/o: 13975.77/3993.08/1996.54) lat (ms,95%): 52.89 err/s: 0.00 reconn/s: 0.00
[ 57.0s ] thds: 16 tps: 1444.43 qps: 28847.46 (r/w/o: 20206.97/5750.62/2889.87) lat (ms,95%): 23.10 err/s: 0.00 reconn/s: 0.00
[ 58.0s ] thds: 16 tps: 1710.83 qps: 34178.68 (r/w/o: 23921.68/6835.34/3421.67) lat (ms,95%): 10.65 err/s: 0.00 reconn/s: 0.00
[ 59.0s ] thds: 16 tps: 735.57 qps: 14656.41 (r/w/o: 10249.98/2936.29/1470.14) lat (ms,95%): 132.49 err/s: 0.00 reconn/s: 0.00
[ 60.0s ] thds: 16 tps: 839.93 qps: 16902.61 (r/w/o: 11845.02/3376.72/1680.86) lat (ms,95%): 64.47 err/s: 0.00 reconn/s: 0.00
[ 61.0s ] thds: 16 tps: 198.21 qps: 3994.02 (r/w/o: 2781.87/815.74/396.41) lat (ms,95%): 397.39 err/s: 0.00 reconn/s: 0.00
[ 62.0s ] thds: 16 tps: 311.16 qps: 6223.18 (r/w/o: 4356.22/1244.64/622.32) lat (ms,95%): 325.98 err/s: 0.00 reconn/s: 0.00
[ 63.0s ] thds: 16 tps: 704.49 qps: 14088.75 (r/w/o: 9862.82/2816.95/1408.97) lat (ms,95%): 40.37 err/s: 0.00 reconn/s: 0.00
[ 64.0s ] thds: 16 tps: 1366.96 qps: 27305.34 (r/w/o: 19126.52/5444.89/2733.93) lat (ms,95%): 15.27 err/s: 0.00 reconn/s: 0.00
[ 65.0s ] thds: 16 tps: 1854.08 qps: 37054.49 (r/w/o: 25941.06/7405.27/3708.16) lat (ms,95%): 10.84 err/s: 0.00 reconn/s: 0.00
[ 66.0s ] thds: 16 tps: 196.77 qps: 3709.72 (r/w/o: 2558.05/758.13/393.55) lat (ms,95%): 272.27 err/s: 0.00 reconn/s: 0.00
[ 67.0s ] thds: 16 tps: 0.00 qps: 0.00 (r/w/o: 0.00/0.00/0.00) lat (ms,95%): 0.00 err/s: 0.00 reconn/s: 0.00
[ 68.0s ] thds: 16 tps: 0.00 qps: 0.00 (r/w/o: 0.00/0.00/0.00) lat (ms,95%): 0.00 err/s: 0.00 reconn/s: 0.00
[ 69.0s ] thds: 16 tps: 0.00 qps: 0.00 (r/w/o: 0.00/0.00/0.00) lat (ms,95%): 0.00 err/s: 0.00 reconn/s: 0.00
[ 70.0s ] thds: 16 tps: 0.00 qps: 0.00 (r/w/o: 0.00/0.00/0.00) lat (ms,95%): 0.00 err/s: 0.00 reconn/s: 0.00
[ 71.0s ] thds: 16 tps: 0.00 qps: 0.00 (r/w/o: 0.00/0.00/0.00) lat (ms,95%): 0.00 err/s: 0.00 reconn/s: 0.00
[ 72.0s ] thds: 16 tps: 0.00 qps: 0.00 (r/w/o: 0.00/0.00/0.00) lat (ms,95%): 0.00 err/s: 0.00 reconn/s: 0.00
[ 73.0s ] thds: 16 tps: 0.00 qps: 0.00 (r/w/o: 0.00/0.00/0.00) lat (ms,95%): 0.00 err/s: 0.00 reconn/s: 0.00
[ 74.0s ] thds: 16 tps: 0.00 qps: 0.00 (r/w/o: 0.00/0.00/0.00) lat (ms,95%): 0.00 err/s: 0.00 reconn/s: 0.00
[ 75.0s ] thds: 16 tps: 0.00 qps: 0.00 (r/w/o: 0.00/0.00/0.00) lat (ms,95%): 0.00 err/s: 0.00 reconn/s: 0.00
[ 76.0s ] thds: 16 tps: 0.00 qps: 0.00 (r/w/o: 0.00/0.00/0.00) lat (ms,95%): 0.00 err/s: 0.00 reconn/s: 0.00
[ 77.0s ] thds: 16 tps: 0.00 qps: 0.00 (r/w/o: 0.00/0.00/0.00) lat (ms,95%): 0.00 err/s: 0.00 reconn/s: 0.00
[ 78.0s ] thds: 16 tps: 0.00 qps: 0.00 (r/w/o: 0.00/0.00/0.00) lat (ms,95%): 0.00 err/s: 0.00 reconn/s: 0.00
[ 79.0s ] thds: 16 tps: 0.00 qps: 0.00 (r/w/o: 0.00/0.00/0.00) lat (ms,95%): 0.00 err/s: 0.00 reconn/s: 0.00
[ 80.0s ] thds: 16 tps: 0.00 qps: 0.00 (r/w/o: 0.00/0.00/0.00) lat (ms,95%): 0.00 err/s: 0.00 reconn/s: 0.00
[ 81.0s ] thds: 16 tps: 0.00 qps: 0.00 (r/w/o: 0.00/0.00/0.00) lat (ms,95%): 0.00 err/s: 0.00 reconn/s: 0.00
[ 82.0s ] thds: 16 tps: 0.00 qps: 0.00 (r/w/o: 0.00/0.00/0.00) lat (ms,95%): 0.00 err/s: 0.00 reconn/s: 0.00
[ 83.0s ] thds: 16 tps: 0.00 qps: 0.00 (r/w/o: 0.00/0.00/0.00) lat (ms,95%): 0.00 err/s: 0.00 reconn/s: 0.00
[ 84.0s ] thds: 16 tps: 0.00 qps: 0.00 (r/w/o: 0.00/0.00/0.00) lat (ms,95%): 0.00 err/s: 0.00 reconn/s: 0.00
[ 85.0s ] thds: 16 tps: 0.00 qps: 0.00 (r/w/o: 0.00/0.00/0.00) lat (ms,95%): 0.00 err/s: 0.00 reconn/s: 0.00
[ 86.0s ] thds: 16 tps: 0.00 qps: 0.00 (r/w/o: 0.00/0.00/0.00) lat (ms,95%): 0.00 err/s: 0.00 reconn/s: 0.00
[ 87.0s ] thds: 16 tps: 0.00 qps: 0.00 (r/w/o: 0.00/0.00/0.00) lat (ms,95%): 0.00 err/s: 0.00 reconn/s: 0.00
[ 88.0s ] thds: 16 tps: 0.00 qps: 0.00 (r/w/o: 0.00/0.00/0.00) lat (ms,95%): 0.00 err/s: 0.00 reconn/s: 0.00
[ 89.0s ] thds: 16 tps: 0.00 qps: 0.00 (r/w/o: 0.00/0.00/0.00) lat (ms,95%): 0.00 err/s: 0.00 reconn/s: 0.00
[ 90.0s ] thds: 16 tps: 0.00 qps: 0.00 (r/w/o: 0.00/0.00/0.00) lat (ms,95%): 0.00 err/s: 0.00 reconn/s: 0.00
[ 91.0s ] thds: 16 tps: 0.00 qps: 0.00 (r/w/o: 0.00/0.00/0.00) lat (ms,95%): 0.00 err/s: 0.00 reconn/s: 0.00
[ 92.0s ] thds: 16 tps: 0.00 qps: 0.00 (r/w/o: 0.00/0.00/0.00) lat (ms,95%): 0.00 err/s: 0.00 reconn/s: 0.00
[ 93.0s ] thds: 16 tps: 0.00 qps: 0.00 (r/w/o: 0.00/0.00/0.00) lat (ms,95%): 0.00 err/s: 0.00 reconn/s: 0.00
[ 94.0s ] thds: 16 tps: 0.00 qps: 0.00 (r/w/o: 0.00/0.00/0.00) lat (ms,95%): 0.00 err/s: 0.00 reconn/s: 0.00
[ 95.0s ] thds: 16 tps: 0.00 qps: 0.00 (r/w/o: 0.00/0.00/0.00) lat (ms,95%): 0.00 err/s: 0.00 reconn/s: 0.00
[ 96.0s ] thds: 16 tps: 0.00 qps: 0.00 (r/w/o: 0.00/0.00/0.00) lat (ms,95%): 0.00 err/s: 0.00 reconn/s: 0.00
[ 97.0s ] thds: 16 tps: 16.00 qps: 320.00 (r/w/o: 224.00/64.00/32.00) lat (ms,95%): 31023.52 err/s: 0.00 reconn/s: 0.00
[ 98.0s ] thds: 16 tps: 16.00 qps: 320.00 (r/w/o: 224.00/64.00/32.00) lat (ms,95%): 1069.86 err/s: 0.00 reconn/s: 0.00
[ 99.0s ] thds: 16 tps: 16.00 qps: 320.00 (r/w/o: 224.00/64.00/32.00) lat (ms,95%): 1032.01 err/s: 0.00 reconn/s: 0.00
[ 100.0s ] thds: 16 tps: 16.00 qps: 320.00 (r/w/o: 224.00/64.00/32.00) lat (ms,95%): 1032.01 err/s: 0.00 reconn/s: 0.00
[ 101.0s ] thds: 16 tps: 16.00 qps: 319.99 (r/w/o: 223.99/64.00/32.00) lat (ms,95%): 1013.60 err/s: 0.00 reconn/s: 0.00
[ 102.0s ] thds: 16 tps: 16.00 qps: 320.04 (r/w/o: 224.03/64.01/32.00) lat (ms,95%): 1013.60 err/s: 0.00 reconn/s: 0.00
[ 103.0s ] thds: 16 tps: 16.00 qps: 320.09 (r/w/o: 224.06/64.02/32.01) lat (ms,95%): 1013.60 err/s: 0.00 reconn/s: 0.00
[ 104.0s ] thds: 16 tps: 14.00 qps: 315.95 (r/w/o: 223.96/63.99/28.00) lat (ms,95%): 1013.60 err/s: 0.00 reconn/s: 0.00
[ 105.0s ] thds: 16 tps: 15.00 qps: 263.94 (r/w/o: 181.96/51.99/29.99) lat (ms,95%): 1013.60 err/s: 0.00 reconn/s: 0.00
[ 106.0s ] thds: 16 tps: 16.00 qps: 319.99 (r/w/o: 224.00/64.00/32.00) lat (ms,95%): 1013.60 err/s: 0.00 reconn/s: 0.00
[ 107.0s ] thds: 16 tps: 16.00 qps: 320.09 (r/w/o: 224.06/64.02/32.01) lat (ms,95%): 1013.60 err/s: 0.00 reconn/s: 0.00
[ 108.0s ] thds: 16 tps: 16.00 qps: 319.93 (r/w/o: 223.95/63.99/31.99) lat (ms,95%): 1013.60 err/s: 0.00 reconn/s: 0.00
[ 109.0s ] thds: 16 tps: 16.00 qps: 320.02 (r/w/o: 224.01/64.00/32.00) lat (ms,95%): 1013.60 err/s: 0.00 reconn/s: 0.00
[ 110.0s ] thds: 16 tps: 16.00 qps: 319.98 (r/w/o: 223.99/64.00/32.00) lat (ms,95%): 1013.60 err/s: 0.00 reconn/s: 0.00
[ 111.0s ] thds: 16 tps: 16.00 qps: 319.99 (r/w/o: 223.99/64.00/32.00) lat (ms,95%): 1013.60 err/s: 0.00 reconn/s: 0.00
[ 112.0s ] thds: 16 tps: 16.00 qps: 320.01 (r/w/o: 224.01/64.00/32.00) lat (ms,95%): 1013.60 err/s: 0.00 reconn/s: 0.00
[ 113.0s ] thds: 16 tps: 16.00 qps: 320.00 (r/w/o: 224.00/64.00/32.00) lat (ms,95%): 1013.60 err/s: 0.00 reconn/s: 0.00
[ 114.0s ] thds: 16 tps: 16.04 qps: 320.80 (r/w/o: 224.56/64.16/32.08) lat (ms,95%): 1032.01 err/s: 0.00 reconn/s: 0.00
[ 115.0s ] thds: 16 tps: 15.96 qps: 319.23 (r/w/o: 223.46/63.85/31.92) lat (ms,95%): 1032.01 err/s: 0.00 reconn/s: 0.00
[ 116.0s ] thds: 16 tps: 5.00 qps: 298.16 (r/w/o: 224.12/64.04/10.01) lat (ms,95%): 1089.30 err/s: 0.00 reconn/s: 0.00
[ 117.0s ] thds: 16 tps: 15.99 qps: 121.92 (r/w/o: 69.96/19.99/31.98) lat (ms,95%): 1129.24 err/s: 0.00 reconn/s: 0.00
[ 118.0s ] thds: 16 tps: 14.01 qps: 306.14 (r/w/o: 222.10/56.02/28.01) lat (ms,95%): 1013.60 err/s: 0.00 reconn/s: 0.00
[ 119.0s ] thds: 16 tps: 15.99 qps: 293.90 (r/w/o: 197.93/63.98/31.99) lat (ms,95%): 1013.60 err/s: 0.00 reconn/s: 0.00
[ 120.0s ] thds: 16 tps: 16.00 qps: 319.96 (r/w/o: 223.97/63.99/32.00) lat (ms,95%): 1013.60 err/s: 0.00 reconn/s: 0.00
SQL statistics:
    queries performed:
        read:                            1454250
        write:                           415487
        other:                           207755
        total:                           2077492
    transactions:                        103871 (863.90 per sec.)
    queries:                             2077492 (17278.62 per sec.)
    ignored errors:                      4      (0.03 per sec.)
    reconnects:                          0      (0.00 per sec.)

Throughput:
    events/s (eps):                      863.9008
    time elapsed:                        120.2349s
    total number of events:              103871

Latency (ms):
         min:                                    4.52
         avg:                                   18.50
         max:                                31287.27
         95th percentile:                       24.38
         sum:                              1921578.12

Threads fairness:
    events (avg/stddev):           6491.9375/12.15
    execution time (avg/stddev):   120.0986/0.06

